24/04/26 15:12:22 WARN Utils: Your hostname, vcloud-10-13 resolves to a loopback address: 127.0.0.1; using 21.21.36.153 instead (on interface eno1)
24/04/26 15:12:22 WARN Utils: Set SPARK_LOCAL_IP if you need to bind to another address
24/04/26 15:12:23 WARN NativeCodeLoader: Unable to load native-hadoop library for your platform... using builtin-java classes where applicable
Setting default log level to "WARN".
To adjust logging level use sc.setLogLevel(newLevel). For SparkR, use setLogLevel(newLevel).
24/04/26 15:12:25 WARN Client: Neither spark.yarn.jars nor spark.yarn.archive is set, falling back to uploading libraries under SPARK_HOME.
Spark master: yarn, Application Id: application_1714105099579_0122
24/04/26 15:12:43 WARN SessionState: METASTORE_FILTER_HOOK will be ignored, since hive.security.authorization.manager is set to instance of HiveAuthorizerFactory.
24/04/26 15:12:50 WARN package: Truncated the string representation of a plan since it was too large. This behavior can be adjusted by setting 'spark.sql.debug.maxToStringFields'.
24/04/26 15:12:50 WARN InsertAdaptiveSparkPlan: spark.sql.adaptive.enabled is enabled but is not supported for query: TakeOrderedAndProject(limit=100, orderBy=[i_item_id#203 ASC NULLS FIRST,i_item_desc#206 ASC NULLS FIRST,s_state#197 ASC NULLS FIRST], output=[i_item_id#203,i_item_desc#206,s_state#197,store_sales_quantitycount#0L,store_sales_quantityave#1,store_sales_quantitystdev#2,store_sales_quantitycov#3,as_store_returns_quantitycount#4L,as_store_returns_quantityave#5,as_store_returns_quantitystdev#6,store_returns_quantitycov#7,catalog_sales_quantitycount#8L,catalog_sales_quantityave#9,catalog_sales_quantitystdev#10,catalog_sales_quantitycov#11])
+- HashAggregate(keys=[i_item_id#203, i_item_desc#206, s_state#197], functions=[count(ss_quantity#21), avg(cast(ss_quantity#21 as bigint)), stddev_samp(cast(ss_quantity#21 as double)), count(sr_return_quantity#44), avg(cast(sr_return_quantity#44 as bigint)), stddev_samp(cast(sr_return_quantity#44 as double)), count(cs_quantity#72), avg(cast(cs_quantity#72 as bigint)), stddev_samp(cast(cs_quantity#72 as double))], output=[i_item_id#203, i_item_desc#206, s_state#197, store_sales_quantitycount#0L, store_sales_quantityave#1, store_sales_quantitystdev#2, store_sales_quantitycov#3, as_store_returns_quantitycount#4L, as_store_returns_quantityave#5, as_store_returns_quantitystdev#6, store_returns_quantitycov#7, catalog_sales_quantitycount#8L, catalog_sales_quantityave#9, catalog_sales_quantitystdev#10, catalog_sales_quantitycov#11])
   +- HashAggregate(keys=[i_item_id#203, i_item_desc#206, s_state#197], functions=[partial_count(ss_quantity#21), partial_avg(cast(ss_quantity#21 as bigint)), partial_stddev_samp(cast(ss_quantity#21 as double)), partial_count(sr_return_quantity#44), partial_avg(cast(sr_return_quantity#44 as bigint)), partial_stddev_samp(cast(sr_return_quantity#44 as double)), partial_count(cs_quantity#72), partial_avg(cast(cs_quantity#72 as bigint)), partial_stddev_samp(cast(cs_quantity#72 as double))], output=[i_item_id#203, i_item_desc#206, s_state#197, count#663L, sum#664, count#665L, n#545, avg#546, m2#547, count#666L, sum#667, count#668L, n#561, avg#562, m2#563, count#669L, sum#670, count#671L, n#577, avg#578, m2#579])
      +- Project [ss_quantity#21, sr_return_quantity#44, cs_quantity#72, s_state#197, i_item_id#203, i_item_desc#206]
         +- BroadcastHashJoin [ss_item_sk#13L], [i_item_sk#202L], Inner, BuildRight, false
            :- Project [ss_item_sk#13L, ss_quantity#21, sr_return_quantity#44, cs_quantity#72, s_state#197]
            :  +- BroadcastHashJoin [ss_store_sk#18L], [s_store_sk#173L], Inner, BuildRight, false
            :     :- Project [ss_item_sk#13L, ss_store_sk#18L, ss_quantity#21, sr_return_quantity#44, cs_quantity#72]
            :     :  +- BroadcastHashJoin [cs_sold_date_sk#88L], [d_date_sk#145L], Inner, BuildRight, false
            :     :     :- Project [ss_item_sk#13L, ss_store_sk#18L, ss_quantity#21, sr_return_quantity#44, cs_quantity#72, cs_sold_date_sk#88L]
            :     :     :  +- BroadcastHashJoin [sr_returned_date_sk#54L], [d_date_sk#117L], Inner, BuildRight, false
            :     :     :     :- Project [ss_item_sk#13L, ss_store_sk#18L, ss_quantity#21, sr_return_quantity#44, sr_returned_date_sk#54L, cs_quantity#72, cs_sold_date_sk#88L]
            :     :     :     :  +- BroadcastHashJoin [ss_sold_date_sk#34L], [d_date_sk#89L], Inner, BuildRight, false
            :     :     :     :     :- Project [ss_item_sk#13L, ss_store_sk#18L, ss_quantity#21, ss_sold_date_sk#34L, sr_return_quantity#44, sr_returned_date_sk#54L, cs_quantity#72, cs_sold_date_sk#88L]
            :     :     :     :     :  +- SortMergeJoin [sr_customer_sk#37L, sr_item_sk#36L], [cs_bill_customer_sk#57L, cs_item_sk#69L], Inner
            :     :     :     :     :     :- Project [ss_item_sk#13L, ss_store_sk#18L, ss_quantity#21, ss_sold_date_sk#34L, sr_item_sk#36L, sr_customer_sk#37L, sr_return_quantity#44, sr_returned_date_sk#54L]
            :     :     :     :     :     :  +- SortMergeJoin [ss_customer_sk#14L, ss_item_sk#13L, ss_ticket_number#20L], [sr_customer_sk#37L, sr_item_sk#36L, sr_ticket_number#43L], Inner
            :     :     :     :     :     :     :- Project [ss_item_sk#13L, ss_customer_sk#14L, ss_store_sk#18L, ss_ticket_number#20L, ss_quantity#21, ss_sold_date_sk#34L]
            :     :     :     :     :     :     :  +- Filter (((isnotnull(ss_customer_sk#14L) AND isnotnull(ss_item_sk#13L)) AND isnotnull(ss_ticket_number#20L)) AND isnotnull(ss_store_sk#18L))
            :     :     :     :     :     :     :     +- FileScan orc tpcds_bin_partitioned_varchar_orc_1000.store_sales[ss_item_sk#13L,ss_customer_sk#14L,ss_store_sk#18L,ss_ticket_number#20L,ss_quantity#21,ss_sold_date_sk#34L] Batched: true, DataFilters: [isnotnull(ss_customer_sk#14L), isnotnull(ss_item_sk#13L), isnotnull(ss_ticket_number#20L), isnot..., Format: ORC, Location: InMemoryFileIndex[hdfs://vcloud-10-13:9000/user/hive/warehouse/tpcds_bin_partitioned_varchar_orc_..., PartitionFilters: [isnotnull(ss_sold_date_sk#34L), dynamicpruning#603 [ss_sold_date_sk#34L]], PushedFilters: [IsNotNull(ss_customer_sk), IsNotNull(ss_item_sk), IsNotNull(ss_ticket_number), IsNotNull(ss_stor..., ReadSchema: struct<ss_item_sk:bigint,ss_customer_sk:bigint,ss_store_sk:bigint,ss_ticket_number:bigint,ss_quan...
            :     :     :     :     :     :     :           +- Project [d_date_sk#89L]
            :     :     :     :     :     :     :              +- Filter ((isnotnull(d_quarter_name#104) AND (d_quarter_name#104 = 2001Q1)) AND isnotnull(d_date_sk#89L))
            :     :     :     :     :     :     :                 +- Relation[d_date_sk#89L,d_date_id#90,d_date#91,d_month_seq#92,d_week_seq#93,d_quarter_seq#94,d_year#95,d_dow#96,d_moy#97,d_dom#98,d_qoy#99,d_fy_year#100,d_fy_quarter_seq#101,d_fy_week_seq#102,d_day_name#103,d_quarter_name#104,d_holiday#105,d_weekend#106,d_following_holiday#107,d_first_dom#108,d_last_dom#109,d_same_day_ly#110,d_same_day_lq#111,d_current_day#112,... 4 more fields] orc
            :     :     :     :     :     :     +- Project [sr_item_sk#36L, sr_customer_sk#37L, sr_ticket_number#43L, sr_return_quantity#44, sr_returned_date_sk#54L]
            :     :     :     :     :     :        +- Filter ((isnotnull(sr_customer_sk#37L) AND isnotnull(sr_item_sk#36L)) AND isnotnull(sr_ticket_number#43L))
            :     :     :     :     :     :           +- FileScan orc tpcds_bin_partitioned_varchar_orc_1000.store_returns[sr_item_sk#36L,sr_customer_sk#37L,sr_ticket_number#43L,sr_return_quantity#44,sr_returned_date_sk#54L] Batched: true, DataFilters: [isnotnull(sr_customer_sk#37L), isnotnull(sr_item_sk#36L), isnotnull(sr_ticket_number#43L)], Format: ORC, Location: InMemoryFileIndex[hdfs://vcloud-10-13:9000/user/hive/warehouse/tpcds_bin_partitioned_varchar_orc_..., PartitionFilters: [isnotnull(sr_returned_date_sk#54L), dynamicpruning#604 [sr_returned_date_sk#54L]], PushedFilters: [IsNotNull(sr_customer_sk), IsNotNull(sr_item_sk), IsNotNull(sr_ticket_number)], ReadSchema: struct<sr_item_sk:bigint,sr_customer_sk:bigint,sr_ticket_number:bigint,sr_return_quantity:int>
            :     :     :     :     :     :                 +- Project [d_date_sk#117L]
            :     :     :     :     :     :                    +- Filter (d_quarter_name#132 IN (2001Q1,2001Q2,2001Q3) AND isnotnull(d_date_sk#117L))
            :     :     :     :     :     :                       +- Relation[d_date_sk#117L,d_date_id#118,d_date#119,d_month_seq#120,d_week_seq#121,d_quarter_seq#122,d_year#123,d_dow#124,d_moy#125,d_dom#126,d_qoy#127,d_fy_year#128,d_fy_quarter_seq#129,d_fy_week_seq#130,d_day_name#131,d_quarter_name#132,d_holiday#133,d_weekend#134,d_following_holiday#135,d_first_dom#136,d_last_dom#137,d_same_day_ly#138,d_same_day_lq#139,d_current_day#140,... 4 more fields] orc
            :     :     :     :     :     +- Project [cs_bill_customer_sk#57L, cs_item_sk#69L, cs_quantity#72, cs_sold_date_sk#88L]
            :     :     :     :     :        +- Filter (isnotnull(cs_bill_customer_sk#57L) AND isnotnull(cs_item_sk#69L))
            :     :     :     :     :           +- FileScan orc tpcds_bin_partitioned_varchar_orc_1000.catalog_sales[cs_bill_customer_sk#57L,cs_item_sk#69L,cs_quantity#72,cs_sold_date_sk#88L] Batched: true, DataFilters: [isnotnull(cs_bill_customer_sk#57L), isnotnull(cs_item_sk#69L)], Format: ORC, Location: InMemoryFileIndex[hdfs://vcloud-10-13:9000/user/hive/warehouse/tpcds_bin_partitioned_varchar_orc_..., PartitionFilters: [isnotnull(cs_sold_date_sk#88L), dynamicpruning#605 [cs_sold_date_sk#88L]], PushedFilters: [IsNotNull(cs_bill_customer_sk), IsNotNull(cs_item_sk)], ReadSchema: struct<cs_bill_customer_sk:bigint,cs_item_sk:bigint,cs_quantity:int>
            :     :     :     :     :                 +- Project [d_date_sk#145L]
            :     :     :     :     :                    +- Filter (d_quarter_name#160 IN (2001Q1,2001Q2,2001Q3) AND isnotnull(d_date_sk#145L))
            :     :     :     :     :                       +- Relation[d_date_sk#145L,d_date_id#146,d_date#147,d_month_seq#148,d_week_seq#149,d_quarter_seq#150,d_year#151,d_dow#152,d_moy#153,d_dom#154,d_qoy#155,d_fy_year#156,d_fy_quarter_seq#157,d_fy_week_seq#158,d_day_name#159,d_quarter_name#160,d_holiday#161,d_weekend#162,d_following_holiday#163,d_first_dom#164,d_last_dom#165,d_same_day_ly#166,d_same_day_lq#167,d_current_day#168,... 4 more fields] orc
            :     :     :     :     +- Project [d_date_sk#89L]
            :     :     :     :        +- Filter ((isnotnull(d_quarter_name#104) AND (d_quarter_name#104 = 2001Q1)) AND isnotnull(d_date_sk#89L))
            :     :     :     :           +- FileScan orc tpcds_bin_partitioned_varchar_orc_1000.date_dim[d_date_sk#89L,d_quarter_name#104] Batched: true, DataFilters: [isnotnull(d_quarter_name#104), (d_quarter_name#104 = 2001Q1), isnotnull(d_date_sk#89L)], Format: ORC, Location: InMemoryFileIndex[hdfs://vcloud-10-13:9000/user/hive/warehouse/tpcds_bin_partitioned_varchar_orc_..., PartitionFilters: [], PushedFilters: [IsNotNull(d_quarter_name), EqualTo(d_quarter_name,2001Q1), IsNotNull(d_date_sk)], ReadSchema: struct<d_date_sk:bigint,d_quarter_name:string>
            :     :     :     +- Project [d_date_sk#117L]
            :     :     :        +- Filter (d_quarter_name#132 IN (2001Q1,2001Q2,2001Q3) AND isnotnull(d_date_sk#117L))
            :     :     :           +- FileScan orc tpcds_bin_partitioned_varchar_orc_1000.date_dim[d_date_sk#117L,d_quarter_name#132] Batched: true, DataFilters: [d_quarter_name#132 IN (2001Q1,2001Q2,2001Q3), isnotnull(d_date_sk#117L)], Format: ORC, Location: InMemoryFileIndex[hdfs://vcloud-10-13:9000/user/hive/warehouse/tpcds_bin_partitioned_varchar_orc_..., PartitionFilters: [], PushedFilters: [In(d_quarter_name, [2001Q1,2001Q2,2001Q3]), IsNotNull(d_date_sk)], ReadSchema: struct<d_date_sk:bigint,d_quarter_name:string>
            :     :     +- Project [d_date_sk#145L]
            :     :        +- Filter (d_quarter_name#160 IN (2001Q1,2001Q2,2001Q3) AND isnotnull(d_date_sk#145L))
            :     :           +- FileScan orc tpcds_bin_partitioned_varchar_orc_1000.date_dim[d_date_sk#145L,d_quarter_name#160] Batched: true, DataFilters: [d_quarter_name#160 IN (2001Q1,2001Q2,2001Q3), isnotnull(d_date_sk#145L)], Format: ORC, Location: InMemoryFileIndex[hdfs://vcloud-10-13:9000/user/hive/warehouse/tpcds_bin_partitioned_varchar_orc_..., PartitionFilters: [], PushedFilters: [In(d_quarter_name, [2001Q1,2001Q2,2001Q3]), IsNotNull(d_date_sk)], ReadSchema: struct<d_date_sk:bigint,d_quarter_name:string>
            :     +- Project [s_store_sk#173L, s_state#197]
            :        +- Filter isnotnull(s_store_sk#173L)
            :           +- FileScan orc tpcds_bin_partitioned_varchar_orc_1000.store[s_store_sk#173L,s_state#197] Batched: true, DataFilters: [isnotnull(s_store_sk#173L)], Format: ORC, Location: InMemoryFileIndex[hdfs://vcloud-10-13:9000/user/hive/warehouse/tpcds_bin_partitioned_varchar_orc_..., PartitionFilters: [], PushedFilters: [IsNotNull(s_store_sk)], ReadSchema: struct<s_store_sk:bigint,s_state:string>
            +- Project [i_item_sk#202L, i_item_id#203, i_item_desc#206]
               +- Filter isnotnull(i_item_sk#202L)
                  +- FileScan orc tpcds_bin_partitioned_varchar_orc_1000.item[i_item_sk#202L,i_item_id#203,i_item_desc#206] Batched: true, DataFilters: [isnotnull(i_item_sk#202L)], Format: ORC, Location: InMemoryFileIndex[hdfs://vcloud-10-13:9000/user/hive/warehouse/tpcds_bin_partitioned_varchar_orc_..., PartitionFilters: [], PushedFilters: [IsNotNull(i_item_sk)], ReadSchema: struct<i_item_sk:bigint,i_item_id:string,i_item_desc:string>
.
Time taken: 28.907 seconds, Fetched 100 row(s)
