24/04/26 14:54:48 WARN Utils: Your hostname, vcloud-10-13 resolves to a loopback address: 127.0.0.1; using 21.21.36.153 instead (on interface eno1)
24/04/26 14:54:48 WARN Utils: Set SPARK_LOCAL_IP if you need to bind to another address
24/04/26 14:54:49 WARN NativeCodeLoader: Unable to load native-hadoop library for your platform... using builtin-java classes where applicable
Setting default log level to "WARN".
To adjust logging level use sc.setLogLevel(newLevel). For SparkR, use setLogLevel(newLevel).
24/04/26 14:54:51 WARN Client: Neither spark.yarn.jars nor spark.yarn.archive is set, falling back to uploading libraries under SPARK_HOME.
Spark master: yarn, Application Id: application_1714105099579_0110
24/04/26 14:55:08 WARN SessionState: METASTORE_FILTER_HOOK will be ignored, since hive.security.authorization.manager is set to instance of HiveAuthorizerFactory.
24/04/26 14:55:13 WARN package: Truncated the string representation of a plan since it was too large. This behavior can be adjusted by setting 'spark.sql.debug.maxToStringFields'.
24/04/26 14:55:13 WARN InsertAdaptiveSparkPlan: spark.sql.adaptive.enabled is enabled but is not supported for query: TakeOrderedAndProject(limit=100, orderBy=[cnt#3L ASC NULLS FIRST], output=[state#2,cnt#3L])
+- Project [state#2, cnt#3L]
   +- Filter (count(1)#267L >= 10)
      +- HashAggregate(keys=[ca_state#14], functions=[count(1)], output=[state#2, cnt#3L, count(1)#267L])
         +- HashAggregate(keys=[ca_state#14], functions=[partial_count(1)], output=[ca_state#14, count#274L])
            +- Project [ca_state#14]
               +- SortMergeJoin [ss_item_sk#38L], [i_item_sk#88L], Inner
                  :- Project [ca_state#14, ss_item_sk#38L]
                  :  +- BroadcastHashJoin [ss_sold_date_sk#59L], [d_date_sk#60L], Inner, BuildRight, false
                  :     :- Project [ca_state#14, ss_item_sk#38L, ss_sold_date_sk#59L]
                  :     :  +- SortMergeJoin [c_customer_sk#19L], [ss_customer_sk#39L], Inner
                  :     :     :- Project [ca_state#14, c_customer_sk#19L]
                  :     :     :  +- BroadcastHashJoin [ca_address_sk#6L], [c_current_addr_sk#23L], Inner, BuildLeft, false
                  :     :     :     :- Project [ca_address_sk#6L, ca_state#14]
                  :     :     :     :  +- Filter isnotnull(ca_address_sk#6L)
                  :     :     :     :     +- FileScan orc tpcds_bin_partitioned_varchar_orc_1000.customer_address[ca_address_sk#6L,ca_state#14] Batched: true, DataFilters: [isnotnull(ca_address_sk#6L)], Format: ORC, Location: InMemoryFileIndex[hdfs://vcloud-10-13:9000/user/hive/warehouse/tpcds_bin_partitioned_varchar_orc_..., PartitionFilters: [], PushedFilters: [IsNotNull(ca_address_sk)], ReadSchema: struct<ca_address_sk:bigint,ca_state:string>
                  :     :     :     +- Project [c_customer_sk#19L, c_current_addr_sk#23L]
                  :     :     :        +- Filter (isnotnull(c_current_addr_sk#23L) AND isnotnull(c_customer_sk#19L))
                  :     :     :           +- FileScan orc tpcds_bin_partitioned_varchar_orc_1000.customer[c_customer_sk#19L,c_current_addr_sk#23L] Batched: true, DataFilters: [isnotnull(c_current_addr_sk#23L), isnotnull(c_customer_sk#19L)], Format: ORC, Location: InMemoryFileIndex[hdfs://vcloud-10-13:9000/user/hive/warehouse/tpcds_bin_partitioned_varchar_orc_..., PartitionFilters: [], PushedFilters: [IsNotNull(c_current_addr_sk), IsNotNull(c_customer_sk)], ReadSchema: struct<c_customer_sk:bigint,c_current_addr_sk:bigint>
                  :     :     +- Project [ss_item_sk#38L, ss_customer_sk#39L, ss_sold_date_sk#59L]
                  :     :        +- Filter (isnotnull(ss_customer_sk#39L) AND isnotnull(ss_item_sk#38L))
                  :     :           +- FileScan orc tpcds_bin_partitioned_varchar_orc_1000.store_sales[ss_item_sk#38L,ss_customer_sk#39L,ss_sold_date_sk#59L] Batched: true, DataFilters: [isnotnull(ss_customer_sk#39L), isnotnull(ss_item_sk#38L)], Format: ORC, Location: InMemoryFileIndex[hdfs://vcloud-10-13:9000/user/hive/warehouse/tpcds_bin_partitioned_varchar_orc_..., PartitionFilters: [isnotnull(ss_sold_date_sk#59L), dynamicpruning#272 [ss_sold_date_sk#59L]], PushedFilters: [IsNotNull(ss_customer_sk), IsNotNull(ss_item_sk)], ReadSchema: struct<ss_item_sk:bigint,ss_customer_sk:bigint>
                  :     :                 +- Project [d_date_sk#60L]
                  :     :                    +- Filter ((isnotnull(d_month_seq#63) AND (d_month_seq#63 = scalar-subquery#0 [])) AND isnotnull(d_date_sk#60L))
                  :     :                       :  +- Aggregate [d_month_seq#113], [d_month_seq#113]
                  :     :                       :     +- Project [d_month_seq#113]
                  :     :                       :        +- Filter (((isnotnull(d_year#116) AND isnotnull(d_moy#118)) AND (d_year#116 = 2000)) AND (d_moy#118 = 1))
                  :     :                       :           +- Relation[d_date_sk#110L,d_date_id#111,d_date#112,d_month_seq#113,d_week_seq#114,d_quarter_seq#115,d_year#116,d_dow#117,d_moy#118,d_dom#119,d_qoy#120,d_fy_year#121,d_fy_quarter_seq#122,d_fy_week_seq#123,d_day_name#124,d_quarter_name#125,d_holiday#126,d_weekend#127,d_following_holiday#128,d_first_dom#129,d_last_dom#130,d_same_day_ly#131,d_same_day_lq#132,d_current_day#133,... 4 more fields] orc
                  :     :                       +- Relation[d_date_sk#60L,d_date_id#61,d_date#62,d_month_seq#63,d_week_seq#64,d_quarter_seq#65,d_year#66,d_dow#67,d_moy#68,d_dom#69,d_qoy#70,d_fy_year#71,d_fy_quarter_seq#72,d_fy_week_seq#73,d_day_name#74,d_quarter_name#75,d_holiday#76,d_weekend#77,d_following_holiday#78,d_first_dom#79,d_last_dom#80,d_same_day_ly#81,d_same_day_lq#82,d_current_day#83,... 4 more fields] orc
                  :     +- Project [d_date_sk#60L]
                  :        +- Filter ((isnotnull(d_month_seq#63) AND (d_month_seq#63 = scalar-subquery#0 [])) AND isnotnull(d_date_sk#60L))
                  :           :  +- Aggregate [d_month_seq#113], [d_month_seq#113]
                  :           :     +- Project [d_month_seq#113]
                  :           :        +- Filter (((isnotnull(d_year#116) AND isnotnull(d_moy#118)) AND (d_year#116 = 2000)) AND (d_moy#118 = 1))
                  :           :           +- Relation[d_date_sk#110L,d_date_id#111,d_date#112,d_month_seq#113,d_week_seq#114,d_quarter_seq#115,d_year#116,d_dow#117,d_moy#118,d_dom#119,d_qoy#120,d_fy_year#121,d_fy_quarter_seq#122,d_fy_week_seq#123,d_day_name#124,d_quarter_name#125,d_holiday#126,d_weekend#127,d_following_holiday#128,d_first_dom#129,d_last_dom#130,d_same_day_ly#131,d_same_day_lq#132,d_current_day#133,... 4 more fields] orc
                  :           +- FileScan orc tpcds_bin_partitioned_varchar_orc_1000.date_dim[d_date_sk#60L,d_month_seq#63] Batched: true, DataFilters: [isnotnull(d_month_seq#63), isnotnull(d_date_sk#60L)], Format: ORC, Location: InMemoryFileIndex[hdfs://vcloud-10-13:9000/user/hive/warehouse/tpcds_bin_partitioned_varchar_orc_..., PartitionFilters: [], PushedFilters: [IsNotNull(d_month_seq), IsNotNull(d_date_sk)], ReadSchema: struct<d_date_sk:bigint,d_month_seq:int>
                  +- Project [i_item_sk#88L]
                     +- Filter (cast(i_current_price#93 as decimal(14,7)) > CheckOverflow((1.200000 * promote_precision(avg(i_current_price)#211)), DecimalType(14,7), true))
                        +- BroadcastHashJoin [i_category#100], [i_category#178], LeftOuter, BuildRight, false
                           :- Project [i_item_sk#88L, i_current_price#93, i_category#100]
                           :  +- Filter (isnotnull(i_current_price#93) AND isnotnull(i_item_sk#88L))
                           :     +- FileScan orc tpcds_bin_partitioned_varchar_orc_1000.item[i_item_sk#88L,i_current_price#93,i_category#100] Batched: true, DataFilters: [isnotnull(i_current_price#93), isnotnull(i_item_sk#88L)], Format: ORC, Location: InMemoryFileIndex[hdfs://vcloud-10-13:9000/user/hive/warehouse/tpcds_bin_partitioned_varchar_orc_..., PartitionFilters: [], PushedFilters: [IsNotNull(i_current_price), IsNotNull(i_item_sk)], ReadSchema: struct<i_item_sk:bigint,i_current_price:decimal(7,2),i_category:string>
                           +- HashAggregate(keys=[i_category#178], functions=[avg(UnscaledValue(i_current_price#171))], output=[avg(i_current_price)#211, i_category#178])
                              +- HashAggregate(keys=[i_category#178], functions=[partial_avg(UnscaledValue(i_current_price#171))], output=[i_category#178, sum#277, count#278L])
                                 +- Project [i_current_price#171, i_category#178]
                                    +- Filter isnotnull(i_category#178)
                                       +- FileScan orc tpcds_bin_partitioned_varchar_orc_1000.item[i_current_price#171,i_category#178] Batched: true, DataFilters: [isnotnull(i_category#178)], Format: ORC, Location: InMemoryFileIndex[hdfs://vcloud-10-13:9000/user/hive/warehouse/tpcds_bin_partitioned_varchar_orc_..., PartitionFilters: [], PushedFilters: [IsNotNull(i_category)], ReadSchema: struct<i_current_price:decimal(7,2),i_category:string>
.
Time taken: 19.574 seconds, Fetched 52 row(s)
