24/04/26 15:13:12 WARN Utils: Your hostname, vcloud-10-13 resolves to a loopback address: 127.0.0.1; using 21.21.36.153 instead (on interface eno1)
24/04/26 15:13:12 WARN Utils: Set SPARK_LOCAL_IP if you need to bind to another address
24/04/26 15:13:13 WARN NativeCodeLoader: Unable to load native-hadoop library for your platform... using builtin-java classes where applicable
Setting default log level to "WARN".
To adjust logging level use sc.setLogLevel(newLevel). For SparkR, use setLogLevel(newLevel).
24/04/26 15:13:15 WARN Client: Neither spark.yarn.jars nor spark.yarn.archive is set, falling back to uploading libraries under SPARK_HOME.
Spark master: yarn, Application Id: application_1714105099579_0123
24/04/26 15:13:32 WARN SessionState: METASTORE_FILTER_HOOK will be ignored, since hive.security.authorization.manager is set to instance of HiveAuthorizerFactory.
24/04/26 15:13:37 WARN package: Truncated the string representation of a plan since it was too large. This behavior can be adjusted by setting 'spark.sql.debug.maxToStringFields'.
24/04/26 15:13:37 WARN InsertAdaptiveSparkPlan: spark.sql.adaptive.enabled is enabled but is not supported for query: TakeOrderedAndProject(limit=100, orderBy=[ca_country#153 ASC NULLS FIRST,ca_state#154 ASC NULLS FIRST,ca_county#155 ASC NULLS FIRST,i_item_id#152 ASC NULLS FIRST], output=[i_item_id#152,ca_country#153,ca_state#154,ca_county#155,agg1#0,agg2#1,agg3#2,agg4#3,agg5#4,agg6#5,agg7#6])
+- HashAggregate(keys=[i_item_id#152, ca_country#153, ca_state#154, ca_county#155, spark_grouping_id#151L], functions=[avg(cast(cs_quantity#24 as decimal(12,2))), avg(cast(cs_list_price#26 as decimal(12,2))), avg(cast(cs_coupon_amt#33 as decimal(12,2))), avg(cast(cs_sales_price#27 as decimal(12,2))), avg(cast(cs_net_profit#39 as decimal(12,2))), avg(cast(c_birth_year#72 as decimal(12,2))), avg(cast(cd_dep_count#47 as decimal(12,2)))], output=[i_item_id#152, ca_country#153, ca_state#154, ca_county#155, agg1#0, agg2#1, agg3#2, agg4#3, agg5#4, agg6#5, agg7#6])
   +- HashAggregate(keys=[i_item_id#152, ca_country#153, ca_state#154, ca_county#155, spark_grouping_id#151L], functions=[partial_avg(cast(cs_quantity#24 as decimal(12,2))), partial_avg(cast(cs_list_price#26 as decimal(12,2))), partial_avg(cast(cs_coupon_amt#33 as decimal(12,2))), partial_avg(cast(cs_sales_price#27 as decimal(12,2))), partial_avg(cast(cs_net_profit#39 as decimal(12,2))), partial_avg(cast(c_birth_year#72 as decimal(12,2))), partial_avg(cast(cd_dep_count#47 as decimal(12,2)))], output=[i_item_id#152, ca_country#153, ca_state#154, ca_county#155, spark_grouping_id#151L, sum#310, count#311L, sum#312, count#313L, sum#314, count#315L, sum#316, count#317L, sum#318, count#319L, sum#320, count#321L, sum#322, count#323L])
      +- Expand [List(cs_quantity#24, cs_list_price#26, cs_sales_price#27, cs_coupon_amt#33, cs_net_profit#39, cd_dep_count#47, c_birth_year#72, i_item_id#119, ca_country#87, ca_state#85, ca_county#84, 0), List(cs_quantity#24, cs_list_price#26, cs_sales_price#27, cs_coupon_amt#33, cs_net_profit#39, cd_dep_count#47, c_birth_year#72, i_item_id#119, ca_country#87, ca_state#85, null, 1), List(cs_quantity#24, cs_list_price#26, cs_sales_price#27, cs_coupon_amt#33, cs_net_profit#39, cd_dep_count#47, c_birth_year#72, i_item_id#119, ca_country#87, null, null, 3), List(cs_quantity#24, cs_list_price#26, cs_sales_price#27, cs_coupon_amt#33, cs_net_profit#39, cd_dep_count#47, c_birth_year#72, i_item_id#119, null, null, null, 7), List(cs_quantity#24, cs_list_price#26, cs_sales_price#27, cs_coupon_amt#33, cs_net_profit#39, cd_dep_count#47, c_birth_year#72, null, null, null, null, 15)], [cs_quantity#24, cs_list_price#26, cs_sales_price#27, cs_coupon_amt#33, cs_net_profit#39, cd_dep_count#47, c_birth_year#72, i_item_id#152, ca_country#153, ca_state#154, ca_county#155, spark_grouping_id#151L]
         +- Project [cs_quantity#24, cs_list_price#26, cs_sales_price#27, cs_coupon_amt#33, cs_net_profit#39, cd_dep_count#47, c_birth_year#72, i_item_id#119, ca_country#87, ca_state#85, ca_county#84]
            +- BroadcastHashJoin [cs_item_sk#21L], [i_item_sk#118L], Inner, BuildRight, false
               :- Project [cs_item_sk#21L, cs_quantity#24, cs_list_price#26, cs_sales_price#27, cs_coupon_amt#33, cs_net_profit#39, cd_dep_count#47, c_birth_year#72, ca_county#84, ca_state#85, ca_country#87]
               :  +- BroadcastHashJoin [cs_sold_date_sk#40L], [d_date_sk#90L], Inner, BuildRight, false
               :     :- Project [cs_item_sk#21L, cs_quantity#24, cs_list_price#26, cs_sales_price#27, cs_coupon_amt#33, cs_net_profit#39, cs_sold_date_sk#40L, cd_dep_count#47, c_birth_year#72, ca_county#84, ca_state#85, ca_country#87]
               :     :  +- BroadcastHashJoin [c_current_addr_sk#63L], [ca_address_sk#77L], Inner, BuildRight, false
               :     :     :- Project [cs_item_sk#21L, cs_quantity#24, cs_list_price#26, cs_sales_price#27, cs_coupon_amt#33, cs_net_profit#39, cs_sold_date_sk#40L, cd_dep_count#47, c_current_addr_sk#63L, c_birth_year#72]
               :     :     :  +- BroadcastHashJoin [c_current_cdemo_sk#61L], [cd_demo_sk#50L], Inner, BuildRight, false
               :     :     :     :- Project [cs_item_sk#21L, cs_quantity#24, cs_list_price#26, cs_sales_price#27, cs_coupon_amt#33, cs_net_profit#39, cs_sold_date_sk#40L, cd_dep_count#47, c_current_cdemo_sk#61L, c_current_addr_sk#63L, c_birth_year#72]
               :     :     :     :  +- BroadcastHashJoin [cs_bill_customer_sk#9L], [c_customer_sk#59L], Inner, BuildRight, false
               :     :     :     :     :- Project [cs_bill_customer_sk#9L, cs_item_sk#21L, cs_quantity#24, cs_list_price#26, cs_sales_price#27, cs_coupon_amt#33, cs_net_profit#39, cs_sold_date_sk#40L, cd_dep_count#47]
               :     :     :     :     :  +- BroadcastHashJoin [cs_bill_cdemo_sk#10L], [cd_demo_sk#41L], Inner, BuildRight, false
               :     :     :     :     :     :- Project [cs_bill_customer_sk#9L, cs_bill_cdemo_sk#10L, cs_item_sk#21L, cs_quantity#24, cs_list_price#26, cs_sales_price#27, cs_coupon_amt#33, cs_net_profit#39, cs_sold_date_sk#40L]
               :     :     :     :     :     :  +- Filter ((isnotnull(cs_bill_cdemo_sk#10L) AND isnotnull(cs_bill_customer_sk#9L)) AND isnotnull(cs_item_sk#21L))
               :     :     :     :     :     :     +- FileScan orc tpcds_bin_partitioned_varchar_orc_1000.catalog_sales[cs_bill_customer_sk#9L,cs_bill_cdemo_sk#10L,cs_item_sk#21L,cs_quantity#24,cs_list_price#26,cs_sales_price#27,cs_coupon_amt#33,cs_net_profit#39,cs_sold_date_sk#40L] Batched: true, DataFilters: [isnotnull(cs_bill_cdemo_sk#10L), isnotnull(cs_bill_customer_sk#9L), isnotnull(cs_item_sk#21L)], Format: ORC, Location: InMemoryFileIndex[hdfs://vcloud-10-13:9000/user/hive/warehouse/tpcds_bin_partitioned_varchar_orc_..., PartitionFilters: [isnotnull(cs_sold_date_sk#40L), dynamicpruning#295 [cs_sold_date_sk#40L]], PushedFilters: [IsNotNull(cs_bill_cdemo_sk), IsNotNull(cs_bill_customer_sk), IsNotNull(cs_item_sk)], ReadSchema: struct<cs_bill_customer_sk:bigint,cs_bill_cdemo_sk:bigint,cs_item_sk:bigint,cs_quantity:int,cs_li...
               :     :     :     :     :     :           +- Project [d_date_sk#90L]
               :     :     :     :     :     :              +- Filter ((isnotnull(d_year#96) AND (d_year#96 = 1998)) AND isnotnull(d_date_sk#90L))
               :     :     :     :     :     :                 +- Relation[d_date_sk#90L,d_date_id#91,d_date#92,d_month_seq#93,d_week_seq#94,d_quarter_seq#95,d_year#96,d_dow#97,d_moy#98,d_dom#99,d_qoy#100,d_fy_year#101,d_fy_quarter_seq#102,d_fy_week_seq#103,d_day_name#104,d_quarter_name#105,d_holiday#106,d_weekend#107,d_following_holiday#108,d_first_dom#109,d_last_dom#110,d_same_day_ly#111,d_same_day_lq#112,d_current_day#113,... 4 more fields] orc
               :     :     :     :     :     +- Project [cd_demo_sk#41L, cd_dep_count#47]
               :     :     :     :     :        +- Filter ((((isnotnull(cd_gender#42) AND isnotnull(cd_education_status#44)) AND (cd_gender#42 = F)) AND (cd_education_status#44 = Unknown)) AND isnotnull(cd_demo_sk#41L))
               :     :     :     :     :           +- FileScan orc tpcds_bin_partitioned_varchar_orc_1000.customer_demographics[cd_demo_sk#41L,cd_gender#42,cd_education_status#44,cd_dep_count#47] Batched: true, DataFilters: [isnotnull(cd_gender#42), isnotnull(cd_education_status#44), (cd_gender#42 = F), (cd_education_st..., Format: ORC, Location: InMemoryFileIndex[hdfs://vcloud-10-13:9000/user/hive/warehouse/tpcds_bin_partitioned_varchar_orc_..., PartitionFilters: [], PushedFilters: [IsNotNull(cd_gender), IsNotNull(cd_education_status), EqualTo(cd_gender,F), EqualTo(cd_education..., ReadSchema: struct<cd_demo_sk:bigint,cd_gender:string,cd_education_status:string,cd_dep_count:int>
               :     :     :     :     +- Project [c_customer_sk#59L, c_current_cdemo_sk#61L, c_current_addr_sk#63L, c_birth_year#72]
               :     :     :     :        +- Filter (((c_birth_month#71 IN (1,6,8,9,12,2) AND isnotnull(c_customer_sk#59L)) AND isnotnull(c_current_cdemo_sk#61L)) AND isnotnull(c_current_addr_sk#63L))
               :     :     :     :           +- FileScan orc tpcds_bin_partitioned_varchar_orc_1000.customer[c_customer_sk#59L,c_current_cdemo_sk#61L,c_current_addr_sk#63L,c_birth_month#71,c_birth_year#72] Batched: true, DataFilters: [c_birth_month#71 IN (1,6,8,9,12,2), isnotnull(c_customer_sk#59L), isnotnull(c_current_cdemo_sk#6..., Format: ORC, Location: InMemoryFileIndex[hdfs://vcloud-10-13:9000/user/hive/warehouse/tpcds_bin_partitioned_varchar_orc_..., PartitionFilters: [], PushedFilters: [In(c_birth_month, [1,6,8,9,12,2]), IsNotNull(c_customer_sk), IsNotNull(c_current_cdemo_sk), IsNo..., ReadSchema: struct<c_customer_sk:bigint,c_current_cdemo_sk:bigint,c_current_addr_sk:bigint,c_birth_month:int,...
               :     :     :     +- Project [cd_demo_sk#50L]
               :     :     :        +- Filter isnotnull(cd_demo_sk#50L)
               :     :     :           +- FileScan orc tpcds_bin_partitioned_varchar_orc_1000.customer_demographics[cd_demo_sk#50L] Batched: true, DataFilters: [isnotnull(cd_demo_sk#50L)], Format: ORC, Location: InMemoryFileIndex[hdfs://vcloud-10-13:9000/user/hive/warehouse/tpcds_bin_partitioned_varchar_orc_..., PartitionFilters: [], PushedFilters: [IsNotNull(cd_demo_sk)], ReadSchema: struct<cd_demo_sk:bigint>
               :     :     +- Project [ca_address_sk#77L, ca_county#84, ca_state#85, ca_country#87]
               :     :        +- Filter (ca_state#85 IN (MS,IN,ND,OK,NM,VA) AND isnotnull(ca_address_sk#77L))
               :     :           +- FileScan orc tpcds_bin_partitioned_varchar_orc_1000.customer_address[ca_address_sk#77L,ca_county#84,ca_state#85,ca_country#87] Batched: true, DataFilters: [ca_state#85 IN (MS,IN,ND,OK,NM,VA), isnotnull(ca_address_sk#77L)], Format: ORC, Location: InMemoryFileIndex[hdfs://vcloud-10-13:9000/user/hive/warehouse/tpcds_bin_partitioned_varchar_orc_..., PartitionFilters: [], PushedFilters: [In(ca_state, [MS,IN,ND,OK,NM,VA]), IsNotNull(ca_address_sk)], ReadSchema: struct<ca_address_sk:bigint,ca_county:string,ca_state:string,ca_country:string>
               :     +- Project [d_date_sk#90L]
               :        +- Filter ((isnotnull(d_year#96) AND (d_year#96 = 1998)) AND isnotnull(d_date_sk#90L))
               :           +- FileScan orc tpcds_bin_partitioned_varchar_orc_1000.date_dim[d_date_sk#90L,d_year#96] Batched: true, DataFilters: [isnotnull(d_year#96), (d_year#96 = 1998), isnotnull(d_date_sk#90L)], Format: ORC, Location: InMemoryFileIndex[hdfs://vcloud-10-13:9000/user/hive/warehouse/tpcds_bin_partitioned_varchar_orc_..., PartitionFilters: [], PushedFilters: [IsNotNull(d_year), EqualTo(d_year,1998), IsNotNull(d_date_sk)], ReadSchema: struct<d_date_sk:bigint,d_year:int>
               +- Project [i_item_sk#118L, i_item_id#119]
                  +- Filter isnotnull(i_item_sk#118L)
                     +- FileScan orc tpcds_bin_partitioned_varchar_orc_1000.item[i_item_sk#118L,i_item_id#119] Batched: true, DataFilters: [isnotnull(i_item_sk#118L)], Format: ORC, Location: InMemoryFileIndex[hdfs://vcloud-10-13:9000/user/hive/warehouse/tpcds_bin_partitioned_varchar_orc_..., PartitionFilters: [], PushedFilters: [IsNotNull(i_item_sk)], ReadSchema: struct<i_item_sk:bigint,i_item_id:string>
.
Time taken: 25.441 seconds, Fetched 100 row(s)
