24/04/26 16:38:01 WARN Utils: Your hostname, vcloud-10-13 resolves to a loopback address: 127.0.0.1; using 21.21.36.153 instead (on interface eno1)
24/04/26 16:38:01 WARN Utils: Set SPARK_LOCAL_IP if you need to bind to another address
24/04/26 16:38:02 WARN NativeCodeLoader: Unable to load native-hadoop library for your platform... using builtin-java classes where applicable
Setting default log level to "WARN".
To adjust logging level use sc.setLogLevel(newLevel). For SparkR, use setLogLevel(newLevel).
24/04/26 16:38:04 WARN Client: Neither spark.yarn.jars nor spark.yarn.archive is set, falling back to uploading libraries under SPARK_HOME.
Spark master: yarn, Application Id: application_1714105099579_0186
24/04/26 16:38:21 WARN SessionState: METASTORE_FILTER_HOOK will be ignored, since hive.security.authorization.manager is set to instance of HiveAuthorizerFactory.
24/04/26 16:38:28 WARN package: Truncated the string representation of a plan since it was too large. This behavior can be adjusted by setting 'spark.sql.debug.maxToStringFields'.
24/04/26 16:38:28 WARN InsertAdaptiveSparkPlan: spark.sql.adaptive.enabled is enabled but is not supported for query: TakeOrderedAndProject(limit=100, orderBy=[ratio#0 ASC NULLS FIRST,ss_qty#18L DESC NULLS LAST,ss_wc#19 DESC NULLS LAST,ss_sp#20 DESC NULLS LAST,other_chan_qty#4L ASC NULLS FIRST,other_chan_wholesale_cost#5 ASC NULLS FIRST,other_chan_sales_price#6 ASC NULLS FIRST,round((cast(ss_qty#18L as double) / cast(coalesce((ws_qty#9L + cs_qty#14L), 1) as double)), 2) ASC NULLS FIRST], output=[ratio#0,store_qty#1L,store_wholesale_cost#2,store_sales_price#3,other_chan_qty#4L,other_chan_wholesale_cost#5,other_chan_sales_price#6])
+- Project [round((cast(ss_qty#18L as double) / cast(coalesce((ws_qty#9L + cs_qty#14L), 1) as double)), 2) AS ratio#0, ss_qty#18L AS store_qty#1L, ss_wc#19 AS store_wholesale_cost#2, ss_sp#20 AS store_sales_price#3, (coalesce(ws_qty#9L, 0) + coalesce(cs_qty#14L, 0)) AS other_chan_qty#4L, CheckOverflow((promote_precision(cast(coalesce(ws_wc#10, 0.00) as decimal(18,2))) + promote_precision(cast(coalesce(cs_wc#15, 0.00) as decimal(18,2)))), DecimalType(18,2), true) AS other_chan_wholesale_cost#5, CheckOverflow((promote_precision(cast(coalesce(ws_sp#11, 0.00) as decimal(18,2))) + promote_precision(cast(coalesce(cs_sp#16, 0.00) as decimal(18,2)))), DecimalType(18,2), true) AS other_chan_sales_price#6, ss_qty#18L, ss_wc#19, ss_sp#20, ws_qty#9L, cs_qty#14L]
   +- SortMergeJoin [ss_sold_year#17, ss_item_sk#22L, ss_customer_sk#23L], [cs_sold_year#12, cs_item_sk#192L, cs_customer_sk#13L], Inner
      :- Project [ss_sold_year#17, ss_item_sk#22L, ss_customer_sk#23L, ss_qty#18L, ss_wc#19, ss_sp#20, ws_qty#9L, ws_wc#10, ws_sp#11]
      :  +- SortMergeJoin [ss_sold_year#17, ss_item_sk#22L, ss_customer_sk#23L], [ws_sold_year#7, ws_item_sk#94L, ws_customer_sk#8L], Inner
      :     :- HashAggregate(keys=[d_year#70, ss_item_sk#22L, ss_customer_sk#23L], functions=[sum(cast(ss_quantity#30 as bigint)), sum(UnscaledValue(ss_wholesale_cost#31)), sum(UnscaledValue(ss_sales_price#33))], output=[ss_sold_year#17, ss_item_sk#22L, ss_customer_sk#23L, ss_qty#18L, ss_wc#19, ss_sp#20])
      :     :  +- HashAggregate(keys=[d_year#70, ss_item_sk#22L, ss_customer_sk#23L], functions=[partial_sum(cast(ss_quantity#30 as bigint)), partial_sum(UnscaledValue(ss_wholesale_cost#31)), partial_sum(UnscaledValue(ss_sales_price#33))], output=[d_year#70, ss_item_sk#22L, ss_customer_sk#23L, sum#479L, sum#480L, sum#481L])
      :     :     +- Project [ss_item_sk#22L, ss_customer_sk#23L, ss_quantity#30, ss_wholesale_cost#31, ss_sales_price#33, d_year#70]
      :     :        +- BroadcastHashJoin [ss_sold_date_sk#43L], [d_date_sk#64L], Inner, BuildRight, false
      :     :           :- Project [ss_item_sk#22L, ss_customer_sk#23L, ss_quantity#30, ss_wholesale_cost#31, ss_sales_price#33, ss_sold_date_sk#43L]
      :     :           :  +- Filter isnull(sr_ticket_number#52L)
      :     :           :     +- SortMergeJoin [ss_ticket_number#29L, ss_item_sk#22L], [sr_ticket_number#52L, sr_item_sk#45L], LeftOuter
      :     :           :        :- Project [ss_item_sk#22L, ss_customer_sk#23L, ss_ticket_number#29L, ss_quantity#30, ss_wholesale_cost#31, ss_sales_price#33, ss_sold_date_sk#43L]
      :     :           :        :  +- Filter (isnotnull(ss_item_sk#22L) AND isnotnull(ss_customer_sk#23L))
      :     :           :        :     +- FileScan orc tpcds_bin_partitioned_varchar_orc_1000.store_sales[ss_item_sk#22L,ss_customer_sk#23L,ss_ticket_number#29L,ss_quantity#30,ss_wholesale_cost#31,ss_sales_price#33,ss_sold_date_sk#43L] Batched: true, DataFilters: [isnotnull(ss_item_sk#22L), isnotnull(ss_customer_sk#23L)], Format: ORC, Location: InMemoryFileIndex[hdfs://vcloud-10-13:9000/user/hive/warehouse/tpcds_bin_partitioned_varchar_orc_..., PartitionFilters: [isnotnull(ss_sold_date_sk#43L), dynamicpruning#473 [ss_sold_date_sk#43L]], PushedFilters: [IsNotNull(ss_item_sk), IsNotNull(ss_customer_sk)], ReadSchema: struct<ss_item_sk:bigint,ss_customer_sk:bigint,ss_ticket_number:bigint,ss_quantity:int,ss_wholesa...
      :     :           :        :           +- Project [d_date_sk#64L, d_year#70]
      :     :           :        :              +- Filter ((isnotnull(d_year#70) AND (d_year#70 = 2000)) AND isnotnull(d_date_sk#64L))
      :     :           :        :                 +- Relation[d_date_sk#64L,d_date_id#65,d_date#66,d_month_seq#67,d_week_seq#68,d_quarter_seq#69,d_year#70,d_dow#71,d_moy#72,d_dom#73,d_qoy#74,d_fy_year#75,d_fy_quarter_seq#76,d_fy_week_seq#77,d_day_name#78,d_quarter_name#79,d_holiday#80,d_weekend#81,d_following_holiday#82,d_first_dom#83,d_last_dom#84,d_same_day_ly#85,d_same_day_lq#86,d_current_day#87,... 4 more fields] orc
      :     :           :        +- Project [sr_item_sk#45L, sr_ticket_number#52L]
      :     :           :           +- Filter (isnotnull(sr_ticket_number#52L) AND isnotnull(sr_item_sk#45L))
      :     :           :              +- FileScan orc tpcds_bin_partitioned_varchar_orc_1000.store_returns[sr_item_sk#45L,sr_ticket_number#52L,sr_returned_date_sk#63L] Batched: true, DataFilters: [isnotnull(sr_ticket_number#52L), isnotnull(sr_item_sk#45L)], Format: ORC, Location: CatalogFileIndex[hdfs://vcloud-10-13:9000/user/hive/warehouse/tpcds_bin_partitioned_varchar_orc_1..., PartitionFilters: [], PushedFilters: [IsNotNull(sr_ticket_number), IsNotNull(sr_item_sk)], ReadSchema: struct<sr_item_sk:bigint,sr_ticket_number:bigint>
      :     :           +- Project [d_date_sk#64L, d_year#70]
      :     :              +- Filter ((isnotnull(d_year#70) AND (d_year#70 = 2000)) AND isnotnull(d_date_sk#64L))
      :     :                 +- FileScan orc tpcds_bin_partitioned_varchar_orc_1000.date_dim[d_date_sk#64L,d_year#70] Batched: true, DataFilters: [isnotnull(d_year#70), (d_year#70 = 2000), isnotnull(d_date_sk#64L)], Format: ORC, Location: InMemoryFileIndex[hdfs://vcloud-10-13:9000/user/hive/warehouse/tpcds_bin_partitioned_varchar_orc_..., PartitionFilters: [], PushedFilters: [IsNotNull(d_year), EqualTo(d_year,2000), IsNotNull(d_date_sk)], ReadSchema: struct<d_date_sk:bigint,d_year:int>
      :     +- Filter (coalesce(ws_qty#9L, 0) > 0)
      :        +- HashAggregate(keys=[d_year#156, ws_item_sk#94L, ws_bill_customer_sk#95L], functions=[sum(cast(ws_quantity#109 as bigint)), sum(UnscaledValue(ws_wholesale_cost#110)), sum(UnscaledValue(ws_sales_price#112))], output=[ws_sold_year#7, ws_item_sk#94L, ws_customer_sk#8L, ws_qty#9L, ws_wc#10, ws_sp#11])
      :           +- HashAggregate(keys=[d_year#156, ws_item_sk#94L, ws_bill_customer_sk#95L], functions=[partial_sum(cast(ws_quantity#109 as bigint)), partial_sum(UnscaledValue(ws_wholesale_cost#110)), partial_sum(UnscaledValue(ws_sales_price#112))], output=[d_year#156, ws_item_sk#94L, ws_bill_customer_sk#95L, sum#485L, sum#486L, sum#487L])
      :              +- Project [ws_item_sk#94L, ws_bill_customer_sk#95L, ws_quantity#109, ws_wholesale_cost#110, ws_sales_price#112, d_year#156]
      :                 +- BroadcastHashJoin [ws_sold_date_sk#125L], [d_date_sk#150L], Inner, BuildRight, false
      :                    :- Project [ws_item_sk#94L, ws_bill_customer_sk#95L, ws_quantity#109, ws_wholesale_cost#110, ws_sales_price#112, ws_sold_date_sk#125L]
      :                    :  +- Filter isnull(wr_order_number#138L)
      :                    :     +- SortMergeJoin [ws_order_number#108L, ws_item_sk#94L], [wr_order_number#138L, wr_item_sk#127L], LeftOuter
      :                    :        :- Project [ws_item_sk#94L, ws_bill_customer_sk#95L, ws_order_number#108L, ws_quantity#109, ws_wholesale_cost#110, ws_sales_price#112, ws_sold_date_sk#125L]
      :                    :        :  +- Filter (isnotnull(ws_item_sk#94L) AND isnotnull(ws_bill_customer_sk#95L))
      :                    :        :     +- FileScan orc tpcds_bin_partitioned_varchar_orc_1000.web_sales[ws_item_sk#94L,ws_bill_customer_sk#95L,ws_order_number#108L,ws_quantity#109,ws_wholesale_cost#110,ws_sales_price#112,ws_sold_date_sk#125L] Batched: true, DataFilters: [isnotnull(ws_item_sk#94L), isnotnull(ws_bill_customer_sk#95L)], Format: ORC, Location: InMemoryFileIndex[hdfs://vcloud-10-13:9000/user/hive/warehouse/tpcds_bin_partitioned_varchar_orc_..., PartitionFilters: [isnotnull(ws_sold_date_sk#125L), dynamicpruning#474 [ws_sold_date_sk#125L]], PushedFilters: [IsNotNull(ws_item_sk), IsNotNull(ws_bill_customer_sk)], ReadSchema: struct<ws_item_sk:bigint,ws_bill_customer_sk:bigint,ws_order_number:bigint,ws_quantity:int,ws_who...
      :                    :        :           +- Project [d_date_sk#150L, d_year#156]
      :                    :        :              +- Filter ((isnotnull(d_date_sk#150L) AND (d_year#156 = 2000)) AND isnotnull(d_year#156))
      :                    :        :                 +- Relation[d_date_sk#150L,d_date_id#151,d_date#152,d_month_seq#153,d_week_seq#154,d_quarter_seq#155,d_year#156,d_dow#157,d_moy#158,d_dom#159,d_qoy#160,d_fy_year#161,d_fy_quarter_seq#162,d_fy_week_seq#163,d_day_name#164,d_quarter_name#165,d_holiday#166,d_weekend#167,d_following_holiday#168,d_first_dom#169,d_last_dom#170,d_same_day_ly#171,d_same_day_lq#172,d_current_day#173,... 4 more fields] orc
      :                    :        +- Project [wr_item_sk#127L, wr_order_number#138L]
      :                    :           +- Filter (isnotnull(wr_order_number#138L) AND isnotnull(wr_item_sk#127L))
      :                    :              +- FileScan orc tpcds_bin_partitioned_varchar_orc_1000.web_returns[wr_item_sk#127L,wr_order_number#138L,wr_returned_date_sk#149L] Batched: true, DataFilters: [isnotnull(wr_order_number#138L), isnotnull(wr_item_sk#127L)], Format: ORC, Location: CatalogFileIndex[hdfs://vcloud-10-13:9000/user/hive/warehouse/tpcds_bin_partitioned_varchar_orc_1..., PartitionFilters: [], PushedFilters: [IsNotNull(wr_order_number), IsNotNull(wr_item_sk)], ReadSchema: struct<wr_item_sk:bigint,wr_order_number:bigint>
      :                    +- Project [d_date_sk#150L, d_year#156]
      :                       +- Filter ((isnotnull(d_date_sk#150L) AND (d_year#156 = 2000)) AND isnotnull(d_year#156))
      :                          +- FileScan orc tpcds_bin_partitioned_varchar_orc_1000.date_dim[d_date_sk#150L,d_year#156] Batched: true, DataFilters: [isnotnull(d_date_sk#150L), (d_year#156 = 2000), isnotnull(d_year#156)], Format: ORC, Location: InMemoryFileIndex[hdfs://vcloud-10-13:9000/user/hive/warehouse/tpcds_bin_partitioned_varchar_orc_..., PartitionFilters: [], PushedFilters: [IsNotNull(d_date_sk), EqualTo(d_year,2000), IsNotNull(d_year)], ReadSchema: struct<d_date_sk:bigint,d_year:int>
      +- Filter (coalesce(cs_qty#14L, 0) > 0)
         +- HashAggregate(keys=[d_year#245, cs_item_sk#192L, cs_bill_customer_sk#180L], functions=[sum(cast(cs_quantity#195 as bigint)), sum(UnscaledValue(cs_wholesale_cost#196)), sum(UnscaledValue(cs_sales_price#198))], output=[cs_sold_year#12, cs_item_sk#192L, cs_customer_sk#13L, cs_qty#14L, cs_wc#15, cs_sp#16])
            +- HashAggregate(keys=[d_year#245, cs_item_sk#192L, cs_bill_customer_sk#180L], functions=[partial_sum(cast(cs_quantity#195 as bigint)), partial_sum(UnscaledValue(cs_wholesale_cost#196)), partial_sum(UnscaledValue(cs_sales_price#198))], output=[d_year#245, cs_item_sk#192L, cs_bill_customer_sk#180L, sum#491L, sum#492L, sum#493L])
               +- Project [cs_bill_customer_sk#180L, cs_item_sk#192L, cs_quantity#195, cs_wholesale_cost#196, cs_sales_price#198, d_year#245]
                  +- BroadcastHashJoin [cs_sold_date_sk#211L], [d_date_sk#239L], Inner, BuildRight, false
                     :- Project [cs_bill_customer_sk#180L, cs_item_sk#192L, cs_quantity#195, cs_wholesale_cost#196, cs_sales_price#198, cs_sold_date_sk#211L]
                     :  +- Filter isnull(cr_order_number#227L)
                     :     +- SortMergeJoin [cs_order_number#194L, cs_item_sk#192L], [cr_order_number#227L, cr_item_sk#213L], LeftOuter
                     :        :- Project [cs_bill_customer_sk#180L, cs_item_sk#192L, cs_order_number#194L, cs_quantity#195, cs_wholesale_cost#196, cs_sales_price#198, cs_sold_date_sk#211L]
                     :        :  +- Filter (isnotnull(cs_item_sk#192L) AND isnotnull(cs_bill_customer_sk#180L))
                     :        :     +- FileScan orc tpcds_bin_partitioned_varchar_orc_1000.catalog_sales[cs_bill_customer_sk#180L,cs_item_sk#192L,cs_order_number#194L,cs_quantity#195,cs_wholesale_cost#196,cs_sales_price#198,cs_sold_date_sk#211L] Batched: true, DataFilters: [isnotnull(cs_item_sk#192L), isnotnull(cs_bill_customer_sk#180L)], Format: ORC, Location: InMemoryFileIndex[hdfs://vcloud-10-13:9000/user/hive/warehouse/tpcds_bin_partitioned_varchar_orc_..., PartitionFilters: [isnotnull(cs_sold_date_sk#211L), dynamicpruning#475 [cs_sold_date_sk#211L]], PushedFilters: [IsNotNull(cs_item_sk), IsNotNull(cs_bill_customer_sk)], ReadSchema: struct<cs_bill_customer_sk:bigint,cs_item_sk:bigint,cs_order_number:bigint,cs_quantity:int,cs_who...
                     :        :           +- Project [d_date_sk#239L, d_year#245]
                     :        :              +- Filter ((isnotnull(d_date_sk#239L) AND (d_year#245 = 2000)) AND isnotnull(d_year#245))
                     :        :                 +- Relation[d_date_sk#239L,d_date_id#240,d_date#241,d_month_seq#242,d_week_seq#243,d_quarter_seq#244,d_year#245,d_dow#246,d_moy#247,d_dom#248,d_qoy#249,d_fy_year#250,d_fy_quarter_seq#251,d_fy_week_seq#252,d_day_name#253,d_quarter_name#254,d_holiday#255,d_weekend#256,d_following_holiday#257,d_first_dom#258,d_last_dom#259,d_same_day_ly#260,d_same_day_lq#261,d_current_day#262,... 4 more fields] orc
                     :        +- Project [cr_item_sk#213L, cr_order_number#227L]
                     :           +- Filter (isnotnull(cr_order_number#227L) AND isnotnull(cr_item_sk#213L))
                     :              +- FileScan orc tpcds_bin_partitioned_varchar_orc_1000.catalog_returns[cr_item_sk#213L,cr_order_number#227L,cr_returned_date_sk#238L] Batched: true, DataFilters: [isnotnull(cr_order_number#227L), isnotnull(cr_item_sk#213L)], Format: ORC, Location: CatalogFileIndex[hdfs://vcloud-10-13:9000/user/hive/warehouse/tpcds_bin_partitioned_varchar_orc_1..., PartitionFilters: [], PushedFilters: [IsNotNull(cr_order_number), IsNotNull(cr_item_sk)], ReadSchema: struct<cr_item_sk:bigint,cr_order_number:bigint>
                     +- Project [d_date_sk#239L, d_year#245]
                        +- Filter ((isnotnull(d_date_sk#239L) AND (d_year#245 = 2000)) AND isnotnull(d_year#245))
                           +- FileScan orc tpcds_bin_partitioned_varchar_orc_1000.date_dim[d_date_sk#239L,d_year#245] Batched: true, DataFilters: [isnotnull(d_date_sk#239L), (d_year#245 = 2000), isnotnull(d_year#245)], Format: ORC, Location: InMemoryFileIndex[hdfs://vcloud-10-13:9000/user/hive/warehouse/tpcds_bin_partitioned_varchar_orc_..., PartitionFilters: [], PushedFilters: [IsNotNull(d_date_sk), EqualTo(d_year,2000), IsNotNull(d_year)], ReadSchema: struct<d_date_sk:bigint,d_year:int>
.
Time taken: 173.975 seconds, Fetched 3 row(s)
