24/04/26 14:59:51 WARN Utils: Your hostname, vcloud-10-13 resolves to a loopback address: 127.0.0.1; using 21.21.36.153 instead (on interface eno1)
24/04/26 14:59:51 WARN Utils: Set SPARK_LOCAL_IP if you need to bind to another address
24/04/26 14:59:51 WARN NativeCodeLoader: Unable to load native-hadoop library for your platform... using builtin-java classes where applicable
Setting default log level to "WARN".
To adjust logging level use sc.setLogLevel(newLevel). For SparkR, use setLogLevel(newLevel).
24/04/26 14:59:53 WARN Client: Neither spark.yarn.jars nor spark.yarn.archive is set, falling back to uploading libraries under SPARK_HOME.
Spark master: yarn, Application Id: application_1714105099579_0115
24/04/26 15:00:11 WARN SessionState: METASTORE_FILTER_HOOK will be ignored, since hive.security.authorization.manager is set to instance of HiveAuthorizerFactory.
24/04/26 15:00:19 WARN package: Truncated the string representation of a plan since it was too large. This behavior can be adjusted by setting 'spark.sql.debug.maxToStringFields'.
24/04/26 15:00:19 WARN InsertAdaptiveSparkPlan: spark.sql.adaptive.enabled is enabled but is not supported for query: TakeOrderedAndProject(limit=100, orderBy=[customer_preferred_cust_flag#627 ASC NULLS FIRST], output=[customer_preferred_cust_flag#627])
+- Project [customer_preferred_cust_flag#627]
   +- SortMergeJoin [customer_id#0], [customer_id#644], Inner, (CASE WHEN (year_total#642 > 0.00) THEN CheckOverflow((promote_precision(year_total#652) / promote_precision(year_total#642)), DecimalType(38,20), true) ELSE null END > CASE WHEN (year_total#8 > 0.00) THEN CheckOverflow((promote_precision(year_total#632) / promote_precision(year_total#8)), DecimalType(38,20), true) ELSE null END)
      :- Project [customer_id#0, year_total#8, customer_preferred_cust_flag#627, year_total#632, year_total#642]
      :  +- SortMergeJoin [customer_id#0], [customer_id#634], Inner
      :     :- Project [customer_id#0, year_total#8, customer_preferred_cust_flag#627, year_total#632]
      :     :  +- SortMergeJoin [customer_id#0], [customer_id#624], Inner
      :     :     :- Filter (isnotnull(year_total#8) AND (year_total#8 > 0.00))
      :     :     :  +- HashAggregate(keys=[c_customer_id#21, c_first_name#28, c_last_name#29, d_year#67, c_preferred_cust_flag#30, c_birth_country#34, c_login#35, c_email_address#36], functions=[sum(UnscaledValue(CheckOverflow((promote_precision(cast(ss_ext_list_price#54 as decimal(8,2))) - promote_precision(cast(ss_ext_discount_amt#51 as decimal(8,2)))), DecimalType(8,2), true)))], output=[customer_id#0, year_total#8])
      :     :     :     +- HashAggregate(keys=[c_customer_id#21, c_first_name#28, c_last_name#29, d_year#67, c_preferred_cust_flag#30, c_birth_country#34, c_login#35, c_email_address#36], functions=[partial_sum(UnscaledValue(CheckOverflow((promote_precision(cast(ss_ext_list_price#54 as decimal(8,2))) - promote_precision(cast(ss_ext_discount_amt#51 as decimal(8,2)))), DecimalType(8,2), true)))], output=[c_customer_id#21, c_first_name#28, c_last_name#29, d_year#67, c_preferred_cust_flag#30, c_birth_country#34, c_login#35, c_email_address#36, sum#763L])
      :     :     :        +- Project [c_customer_id#21, c_first_name#28, c_last_name#29, c_preferred_cust_flag#30, c_birth_country#34, c_login#35, c_email_address#36, ss_ext_discount_amt#51, ss_ext_list_price#54, d_year#67]
      :     :     :           +- BroadcastHashJoin [ss_sold_date_sk#60L], [d_date_sk#61L], Inner, BuildRight, false
      :     :     :              :- Project [c_customer_id#21, c_first_name#28, c_last_name#29, c_preferred_cust_flag#30, c_birth_country#34, c_login#35, c_email_address#36, ss_ext_discount_amt#51, ss_ext_list_price#54, ss_sold_date_sk#60L]
      :     :     :              :  +- SortMergeJoin [c_customer_sk#20L], [ss_customer_sk#40L], Inner
      :     :     :              :     :- Project [c_customer_sk#20L, c_customer_id#21, c_first_name#28, c_last_name#29, c_preferred_cust_flag#30, c_birth_country#34, c_login#35, c_email_address#36]
      :     :     :              :     :  +- Filter (isnotnull(c_customer_sk#20L) AND isnotnull(c_customer_id#21))
      :     :     :              :     :     +- FileScan orc tpcds_bin_partitioned_varchar_orc_1000.customer[c_customer_sk#20L,c_customer_id#21,c_first_name#28,c_last_name#29,c_preferred_cust_flag#30,c_birth_country#34,c_login#35,c_email_address#36] Batched: true, DataFilters: [isnotnull(c_customer_sk#20L), isnotnull(c_customer_id#21)], Format: ORC, Location: InMemoryFileIndex[hdfs://vcloud-10-13:9000/user/hive/warehouse/tpcds_bin_partitioned_varchar_orc_..., PartitionFilters: [], PushedFilters: [IsNotNull(c_customer_sk), IsNotNull(c_customer_id)], ReadSchema: struct<c_customer_sk:bigint,c_customer_id:string,c_first_name:string,c_last_name:string,c_preferr...
      :     :     :              :     +- Project [ss_customer_sk#40L, ss_ext_discount_amt#51, ss_ext_list_price#54, ss_sold_date_sk#60L]
      :     :     :              :        +- Filter isnotnull(ss_customer_sk#40L)
      :     :     :              :           +- FileScan orc tpcds_bin_partitioned_varchar_orc_1000.store_sales[ss_customer_sk#40L,ss_ext_discount_amt#51,ss_ext_list_price#54,ss_sold_date_sk#60L] Batched: true, DataFilters: [isnotnull(ss_customer_sk#40L)], Format: ORC, Location: InMemoryFileIndex[hdfs://vcloud-10-13:9000/user/hive/warehouse/tpcds_bin_partitioned_varchar_orc_..., PartitionFilters: [isnotnull(ss_sold_date_sk#60L), dynamicpruning#758 [ss_sold_date_sk#60L]], PushedFilters: [IsNotNull(ss_customer_sk)], ReadSchema: struct<ss_customer_sk:bigint,ss_ext_discount_amt:decimal(7,2),ss_ext_list_price:decimal(7,2)>
      :     :     :              :                 +- Project [d_date_sk#61L, d_year#67]
      :     :     :              :                    +- Filter ((isnotnull(d_year#67) AND (d_year#67 = 2001)) AND isnotnull(d_date_sk#61L))
      :     :     :              :                       +- Relation[d_date_sk#61L,d_date_id#62,d_date#63,d_month_seq#64,d_week_seq#65,d_quarter_seq#66,d_year#67,d_dow#68,d_moy#69,d_dom#70,d_qoy#71,d_fy_year#72,d_fy_quarter_seq#73,d_fy_week_seq#74,d_day_name#75,d_quarter_name#76,d_holiday#77,d_weekend#78,d_following_holiday#79,d_first_dom#80,d_last_dom#81,d_same_day_ly#82,d_same_day_lq#83,d_current_day#84,... 4 more fields] orc
      :     :     :              +- Project [d_date_sk#61L, d_year#67]
      :     :     :                 +- Filter ((isnotnull(d_year#67) AND (d_year#67 = 2001)) AND isnotnull(d_date_sk#61L))
      :     :     :                    +- FileScan orc tpcds_bin_partitioned_varchar_orc_1000.date_dim[d_date_sk#61L,d_year#67] Batched: true, DataFilters: [isnotnull(d_year#67), (d_year#67 = 2001), isnotnull(d_date_sk#61L)], Format: ORC, Location: InMemoryFileIndex[hdfs://vcloud-10-13:9000/user/hive/warehouse/tpcds_bin_partitioned_varchar_orc_..., PartitionFilters: [], PushedFilters: [IsNotNull(d_year), EqualTo(d_year,2001), IsNotNull(d_date_sk)], ReadSchema: struct<d_date_sk:bigint,d_year:int>
      :     :     +- HashAggregate(keys=[c_customer_id#170, c_first_name#177, c_last_name#178, d_year#216, c_preferred_cust_flag#179, c_birth_country#183, c_login#184, c_email_address#185], functions=[sum(UnscaledValue(CheckOverflow((promote_precision(cast(ss_ext_list_price#203 as decimal(8,2))) - promote_precision(cast(ss_ext_discount_amt#200 as decimal(8,2)))), DecimalType(8,2), true)))], output=[customer_id#624, customer_preferred_cust_flag#627, year_total#632])
      :     :        +- HashAggregate(keys=[c_customer_id#170, c_first_name#177, c_last_name#178, d_year#216, c_preferred_cust_flag#179, c_birth_country#183, c_login#184, c_email_address#185], functions=[partial_sum(UnscaledValue(CheckOverflow((promote_precision(cast(ss_ext_list_price#203 as decimal(8,2))) - promote_precision(cast(ss_ext_discount_amt#200 as decimal(8,2)))), DecimalType(8,2), true)))], output=[c_customer_id#170, c_first_name#177, c_last_name#178, d_year#216, c_preferred_cust_flag#179, c_birth_country#183, c_login#184, c_email_address#185, sum#765L])
      :     :           +- Project [c_customer_id#170, c_first_name#177, c_last_name#178, c_preferred_cust_flag#179, c_birth_country#183, c_login#184, c_email_address#185, ss_ext_discount_amt#200, ss_ext_list_price#203, d_year#216]
      :     :              +- BroadcastHashJoin [ss_sold_date_sk#209L], [d_date_sk#210L], Inner, BuildRight, false
      :     :                 :- Project [c_customer_id#170, c_first_name#177, c_last_name#178, c_preferred_cust_flag#179, c_birth_country#183, c_login#184, c_email_address#185, ss_ext_discount_amt#200, ss_ext_list_price#203, ss_sold_date_sk#209L]
      :     :                 :  +- SortMergeJoin [c_customer_sk#169L], [ss_customer_sk#189L], Inner
      :     :                 :     :- Project [c_customer_sk#169L, c_customer_id#170, c_first_name#177, c_last_name#178, c_preferred_cust_flag#179, c_birth_country#183, c_login#184, c_email_address#185]
      :     :                 :     :  +- Filter (isnotnull(c_customer_sk#169L) AND isnotnull(c_customer_id#170))
      :     :                 :     :     +- FileScan orc tpcds_bin_partitioned_varchar_orc_1000.customer[c_customer_sk#169L,c_customer_id#170,c_first_name#177,c_last_name#178,c_preferred_cust_flag#179,c_birth_country#183,c_login#184,c_email_address#185] Batched: true, DataFilters: [isnotnull(c_customer_sk#169L), isnotnull(c_customer_id#170)], Format: ORC, Location: InMemoryFileIndex[hdfs://vcloud-10-13:9000/user/hive/warehouse/tpcds_bin_partitioned_varchar_orc_..., PartitionFilters: [], PushedFilters: [IsNotNull(c_customer_sk), IsNotNull(c_customer_id)], ReadSchema: struct<c_customer_sk:bigint,c_customer_id:string,c_first_name:string,c_last_name:string,c_preferr...
      :     :                 :     +- Project [ss_customer_sk#189L, ss_ext_discount_amt#200, ss_ext_list_price#203, ss_sold_date_sk#209L]
      :     :                 :        +- Filter isnotnull(ss_customer_sk#189L)
      :     :                 :           +- FileScan orc tpcds_bin_partitioned_varchar_orc_1000.store_sales[ss_customer_sk#189L,ss_ext_discount_amt#200,ss_ext_list_price#203,ss_sold_date_sk#209L] Batched: true, DataFilters: [isnotnull(ss_customer_sk#189L)], Format: ORC, Location: InMemoryFileIndex[hdfs://vcloud-10-13:9000/user/hive/warehouse/tpcds_bin_partitioned_varchar_orc_..., PartitionFilters: [isnotnull(ss_sold_date_sk#209L), dynamicpruning#759 [ss_sold_date_sk#209L]], PushedFilters: [IsNotNull(ss_customer_sk)], ReadSchema: struct<ss_customer_sk:bigint,ss_ext_discount_amt:decimal(7,2),ss_ext_list_price:decimal(7,2)>
      :     :                 :                 +- Project [d_date_sk#210L, d_year#216]
      :     :                 :                    +- Filter ((isnotnull(d_year#216) AND (d_year#216 = 2002)) AND isnotnull(d_date_sk#210L))
      :     :                 :                       +- Relation[d_date_sk#210L,d_date_id#211,d_date#212,d_month_seq#213,d_week_seq#214,d_quarter_seq#215,d_year#216,d_dow#217,d_moy#218,d_dom#219,d_qoy#220,d_fy_year#221,d_fy_quarter_seq#222,d_fy_week_seq#223,d_day_name#224,d_quarter_name#225,d_holiday#226,d_weekend#227,d_following_holiday#228,d_first_dom#229,d_last_dom#230,d_same_day_ly#231,d_same_day_lq#232,d_current_day#233,... 4 more fields] orc
      :     :                 +- Project [d_date_sk#210L, d_year#216]
      :     :                    +- Filter ((isnotnull(d_year#216) AND (d_year#216 = 2002)) AND isnotnull(d_date_sk#210L))
      :     :                       +- FileScan orc tpcds_bin_partitioned_varchar_orc_1000.date_dim[d_date_sk#210L,d_year#216] Batched: true, DataFilters: [isnotnull(d_year#216), (d_year#216 = 2002), isnotnull(d_date_sk#210L)], Format: ORC, Location: InMemoryFileIndex[hdfs://vcloud-10-13:9000/user/hive/warehouse/tpcds_bin_partitioned_varchar_orc_..., PartitionFilters: [], PushedFilters: [IsNotNull(d_year), EqualTo(d_year,2002), IsNotNull(d_date_sk)], ReadSchema: struct<d_date_sk:bigint,d_year:int>
      :     +- Project [customer_id#10 AS customer_id#634, year_total#18 AS year_total#642]
      :        +- Filter (isnotnull(year_total#18) AND (year_total#18 > 0.00))
      :           +- HashAggregate(keys=[c_customer_id#388, c_first_name#395, c_last_name#396, c_preferred_cust_flag#397, c_birth_country#401, c_login#402, c_email_address#403, d_year#445], functions=[sum(UnscaledValue(CheckOverflow((promote_precision(cast(ws_ext_list_price#429 as decimal(8,2))) - promote_precision(cast(ws_ext_discount_amt#426 as decimal(8,2)))), DecimalType(8,2), true)))], output=[customer_id#10, year_total#18])
      :              +- HashAggregate(keys=[c_customer_id#388, c_first_name#395, c_last_name#396, c_preferred_cust_flag#397, c_birth_country#401, c_login#402, c_email_address#403, d_year#445], functions=[partial_sum(UnscaledValue(CheckOverflow((promote_precision(cast(ws_ext_list_price#429 as decimal(8,2))) - promote_precision(cast(ws_ext_discount_amt#426 as decimal(8,2)))), DecimalType(8,2), true)))], output=[c_customer_id#388, c_first_name#395, c_last_name#396, c_preferred_cust_flag#397, c_birth_country#401, c_login#402, c_email_address#403, d_year#445, sum#767L])
      :                 +- Project [c_customer_id#388, c_first_name#395, c_last_name#396, c_preferred_cust_flag#397, c_birth_country#401, c_login#402, c_email_address#403, ws_ext_discount_amt#426, ws_ext_list_price#429, d_year#445]
      :                    +- BroadcastHashJoin [ws_sold_date_sk#438L], [d_date_sk#439L], Inner, BuildRight, false
      :                       :- Project [c_customer_id#388, c_first_name#395, c_last_name#396, c_preferred_cust_flag#397, c_birth_country#401, c_login#402, c_email_address#403, ws_ext_discount_amt#426, ws_ext_list_price#429, ws_sold_date_sk#438L]
      :                       :  +- SortMergeJoin [c_customer_sk#387L], [ws_bill_customer_sk#408L], Inner
      :                       :     :- Project [c_customer_sk#387L, c_customer_id#388, c_first_name#395, c_last_name#396, c_preferred_cust_flag#397, c_birth_country#401, c_login#402, c_email_address#403]
      :                       :     :  +- Filter (isnotnull(c_customer_sk#387L) AND isnotnull(c_customer_id#388))
      :                       :     :     +- FileScan orc tpcds_bin_partitioned_varchar_orc_1000.customer[c_customer_sk#387L,c_customer_id#388,c_first_name#395,c_last_name#396,c_preferred_cust_flag#397,c_birth_country#401,c_login#402,c_email_address#403] Batched: true, DataFilters: [isnotnull(c_customer_sk#387L), isnotnull(c_customer_id#388)], Format: ORC, Location: InMemoryFileIndex[hdfs://vcloud-10-13:9000/user/hive/warehouse/tpcds_bin_partitioned_varchar_orc_..., PartitionFilters: [], PushedFilters: [IsNotNull(c_customer_sk), IsNotNull(c_customer_id)], ReadSchema: struct<c_customer_sk:bigint,c_customer_id:string,c_first_name:string,c_last_name:string,c_preferr...
      :                       :     +- Project [ws_bill_customer_sk#408L, ws_ext_discount_amt#426, ws_ext_list_price#429, ws_sold_date_sk#438L]
      :                       :        +- Filter isnotnull(ws_bill_customer_sk#408L)
      :                       :           +- FileScan orc tpcds_bin_partitioned_varchar_orc_1000.web_sales[ws_bill_customer_sk#408L,ws_ext_discount_amt#426,ws_ext_list_price#429,ws_sold_date_sk#438L] Batched: true, DataFilters: [isnotnull(ws_bill_customer_sk#408L)], Format: ORC, Location: InMemoryFileIndex[hdfs://vcloud-10-13:9000/user/hive/warehouse/tpcds_bin_partitioned_varchar_orc_..., PartitionFilters: [isnotnull(ws_sold_date_sk#438L), dynamicpruning#760 [ws_sold_date_sk#438L]], PushedFilters: [IsNotNull(ws_bill_customer_sk)], ReadSchema: struct<ws_bill_customer_sk:bigint,ws_ext_discount_amt:decimal(7,2),ws_ext_list_price:decimal(7,2)>
      :                       :                 +- Project [d_date_sk#439L, d_year#445]
      :                       :                    +- Filter ((isnotnull(d_year#445) AND (d_year#445 = 2001)) AND isnotnull(d_date_sk#439L))
      :                       :                       +- Relation[d_date_sk#439L,d_date_id#440,d_date#441,d_month_seq#442,d_week_seq#443,d_quarter_seq#444,d_year#445,d_dow#446,d_moy#447,d_dom#448,d_qoy#449,d_fy_year#450,d_fy_quarter_seq#451,d_fy_week_seq#452,d_day_name#453,d_quarter_name#454,d_holiday#455,d_weekend#456,d_following_holiday#457,d_first_dom#458,d_last_dom#459,d_same_day_ly#460,d_same_day_lq#461,d_current_day#462,... 4 more fields] orc
      :                       +- Project [d_date_sk#439L, d_year#445]
      :                          +- Filter ((isnotnull(d_year#445) AND (d_year#445 = 2001)) AND isnotnull(d_date_sk#439L))
      :                             +- FileScan orc tpcds_bin_partitioned_varchar_orc_1000.date_dim[d_date_sk#439L,d_year#445] Batched: true, DataFilters: [isnotnull(d_year#445), (d_year#445 = 2001), isnotnull(d_date_sk#439L)], Format: ORC, Location: InMemoryFileIndex[hdfs://vcloud-10-13:9000/user/hive/warehouse/tpcds_bin_partitioned_varchar_orc_..., PartitionFilters: [], PushedFilters: [IsNotNull(d_year), EqualTo(d_year,2001), IsNotNull(d_date_sk)], ReadSchema: struct<d_date_sk:bigint,d_year:int>
      +- HashAggregate(keys=[c_customer_id#537, c_first_name#544, c_last_name#545, c_preferred_cust_flag#546, c_birth_country#550, c_login#551, c_email_address#552, d_year#594], functions=[sum(UnscaledValue(CheckOverflow((promote_precision(cast(ws_ext_list_price#578 as decimal(8,2))) - promote_precision(cast(ws_ext_discount_amt#575 as decimal(8,2)))), DecimalType(8,2), true)))], output=[customer_id#644, year_total#652])
         +- HashAggregate(keys=[c_customer_id#537, c_first_name#544, c_last_name#545, c_preferred_cust_flag#546, c_birth_country#550, c_login#551, c_email_address#552, d_year#594], functions=[partial_sum(UnscaledValue(CheckOverflow((promote_precision(cast(ws_ext_list_price#578 as decimal(8,2))) - promote_precision(cast(ws_ext_discount_amt#575 as decimal(8,2)))), DecimalType(8,2), true)))], output=[c_customer_id#537, c_first_name#544, c_last_name#545, c_preferred_cust_flag#546, c_birth_country#550, c_login#551, c_email_address#552, d_year#594, sum#769L])
            +- Project [c_customer_id#537, c_first_name#544, c_last_name#545, c_preferred_cust_flag#546, c_birth_country#550, c_login#551, c_email_address#552, ws_ext_discount_amt#575, ws_ext_list_price#578, d_year#594]
               +- BroadcastHashJoin [ws_sold_date_sk#587L], [d_date_sk#588L], Inner, BuildRight, false
                  :- Project [c_customer_id#537, c_first_name#544, c_last_name#545, c_preferred_cust_flag#546, c_birth_country#550, c_login#551, c_email_address#552, ws_ext_discount_amt#575, ws_ext_list_price#578, ws_sold_date_sk#587L]
                  :  +- SortMergeJoin [c_customer_sk#536L], [ws_bill_customer_sk#557L], Inner
                  :     :- Project [c_customer_sk#536L, c_customer_id#537, c_first_name#544, c_last_name#545, c_preferred_cust_flag#546, c_birth_country#550, c_login#551, c_email_address#552]
                  :     :  +- Filter (isnotnull(c_customer_sk#536L) AND isnotnull(c_customer_id#537))
                  :     :     +- FileScan orc tpcds_bin_partitioned_varchar_orc_1000.customer[c_customer_sk#536L,c_customer_id#537,c_first_name#544,c_last_name#545,c_preferred_cust_flag#546,c_birth_country#550,c_login#551,c_email_address#552] Batched: true, DataFilters: [isnotnull(c_customer_sk#536L), isnotnull(c_customer_id#537)], Format: ORC, Location: InMemoryFileIndex[hdfs://vcloud-10-13:9000/user/hive/warehouse/tpcds_bin_partitioned_varchar_orc_..., PartitionFilters: [], PushedFilters: [IsNotNull(c_customer_sk), IsNotNull(c_customer_id)], ReadSchema: struct<c_customer_sk:bigint,c_customer_id:string,c_first_name:string,c_last_name:string,c_preferr...
                  :     +- Project [ws_bill_customer_sk#557L, ws_ext_discount_amt#575, ws_ext_list_price#578, ws_sold_date_sk#587L]
                  :        +- Filter isnotnull(ws_bill_customer_sk#557L)
                  :           +- FileScan orc tpcds_bin_partitioned_varchar_orc_1000.web_sales[ws_bill_customer_sk#557L,ws_ext_discount_amt#575,ws_ext_list_price#578,ws_sold_date_sk#587L] Batched: true, DataFilters: [isnotnull(ws_bill_customer_sk#557L)], Format: ORC, Location: InMemoryFileIndex[hdfs://vcloud-10-13:9000/user/hive/warehouse/tpcds_bin_partitioned_varchar_orc_..., PartitionFilters: [isnotnull(ws_sold_date_sk#587L), dynamicpruning#761 [ws_sold_date_sk#587L]], PushedFilters: [IsNotNull(ws_bill_customer_sk)], ReadSchema: struct<ws_bill_customer_sk:bigint,ws_ext_discount_amt:decimal(7,2),ws_ext_list_price:decimal(7,2)>
                  :                 +- Project [d_date_sk#588L, d_year#594]
                  :                    +- Filter ((isnotnull(d_year#594) AND (d_year#594 = 2002)) AND isnotnull(d_date_sk#588L))
                  :                       +- Relation[d_date_sk#588L,d_date_id#589,d_date#590,d_month_seq#591,d_week_seq#592,d_quarter_seq#593,d_year#594,d_dow#595,d_moy#596,d_dom#597,d_qoy#598,d_fy_year#599,d_fy_quarter_seq#600,d_fy_week_seq#601,d_day_name#602,d_quarter_name#603,d_holiday#604,d_weekend#605,d_following_holiday#606,d_first_dom#607,d_last_dom#608,d_same_day_ly#609,d_same_day_lq#610,d_current_day#611,... 4 more fields] orc
                  +- Project [d_date_sk#588L, d_year#594]
                     +- Filter ((isnotnull(d_year#594) AND (d_year#594 = 2002)) AND isnotnull(d_date_sk#588L))
                        +- FileScan orc tpcds_bin_partitioned_varchar_orc_1000.date_dim[d_date_sk#588L,d_year#594] Batched: true, DataFilters: [isnotnull(d_year#594), (d_year#594 = 2002), isnotnull(d_date_sk#588L)], Format: ORC, Location: InMemoryFileIndex[hdfs://vcloud-10-13:9000/user/hive/warehouse/tpcds_bin_partitioned_varchar_orc_..., PartitionFilters: [], PushedFilters: [IsNotNull(d_year), EqualTo(d_year,2002), IsNotNull(d_date_sk)], ReadSchema: struct<d_date_sk:bigint,d_year:int>
.
Time taken: 80.088 seconds, Fetched 100 row(s)
