24/04/26 15:45:12 WARN Utils: Your hostname, vcloud-10-13 resolves to a loopback address: 127.0.0.1; using 21.21.36.153 instead (on interface eno1)
24/04/26 15:45:12 WARN Utils: Set SPARK_LOCAL_IP if you need to bind to another address
24/04/26 15:45:12 WARN NativeCodeLoader: Unable to load native-hadoop library for your platform... using builtin-java classes where applicable
Setting default log level to "WARN".
To adjust logging level use sc.setLogLevel(newLevel). For SparkR, use setLogLevel(newLevel).
24/04/26 15:45:14 WARN Client: Neither spark.yarn.jars nor spark.yarn.archive is set, falling back to uploading libraries under SPARK_HOME.
Spark master: yarn, Application Id: application_1714105099579_0143
24/04/26 15:45:32 WARN SessionState: METASTORE_FILTER_HOOK will be ignored, since hive.security.authorization.manager is set to instance of HiveAuthorizerFactory.
24/04/26 15:45:36 WARN package: Truncated the string representation of a plan since it was too large. This behavior can be adjusted by setting 'spark.sql.debug.maxToStringFields'.
24/04/26 15:45:36 WARN InsertAdaptiveSparkPlan: spark.sql.adaptive.enabled is enabled but is not supported for query: TakeOrderedAndProject(limit=100, orderBy=[lochierarchy#1 DESC NULLS LAST,CASE WHEN (lochierarchy#1 = 0) THEN i_category#114 END ASC NULLS FIRST,rank_within_parent#2 ASC NULLS FIRST], output=[gross_margin#0,i_category#114,i_class#115,lochierarchy#1,rank_within_parent#2])
+- Project [gross_margin#0, i_category#114, i_class#115, lochierarchy#1, rank_within_parent#2]
   +- Window [rank(_w3#130) windowspecdefinition(_w1#128, _w2#129, _w3#130 ASC NULLS FIRST, specifiedwindowframe(RowFrame, unboundedpreceding$(), currentrow$())) AS rank_within_parent#2], [_w1#128, _w2#129], [_w3#130 ASC NULLS FIRST]
      +- HashAggregate(keys=[i_category#114, i_class#115, spark_grouping_id#113L], functions=[sum(UnscaledValue(ss_net_profit#26)), sum(UnscaledValue(ss_ext_sales_price#19))], output=[gross_margin#0, i_category#114, i_class#115, lochierarchy#1, _w1#128, _w2#129, _w3#130])
         +- HashAggregate(keys=[i_category#114, i_class#115, spark_grouping_id#113L], functions=[partial_sum(UnscaledValue(ss_net_profit#26)), partial_sum(UnscaledValue(ss_ext_sales_price#19))], output=[i_category#114, i_class#115, spark_grouping_id#113L, sum#250L, sum#251L])
            +- Expand [List(ss_ext_sales_price#19, ss_net_profit#26, i_category#68, i_class#66, 0), List(ss_ext_sales_price#19, ss_net_profit#26, i_category#68, null, 1), List(ss_ext_sales_price#19, ss_net_profit#26, null, null, 3)], [ss_ext_sales_price#19, ss_net_profit#26, i_category#114, i_class#115, spark_grouping_id#113L]
               +- Project [ss_ext_sales_price#19, ss_net_profit#26, i_category#68, i_class#66]
                  +- BroadcastHashJoin [ss_store_sk#11L], [s_store_sk#78L], Inner, BuildRight, false
                     :- Project [ss_store_sk#11L, ss_ext_sales_price#19, ss_net_profit#26, i_class#66, i_category#68]
                     :  +- BroadcastHashJoin [ss_item_sk#6L], [i_item_sk#56L], Inner, BuildRight, false
                     :     :- Project [ss_item_sk#6L, ss_store_sk#11L, ss_ext_sales_price#19, ss_net_profit#26]
                     :     :  +- BroadcastHashJoin [ss_sold_date_sk#27L], [d_date_sk#28L], Inner, BuildRight, false
                     :     :     :- Project [ss_item_sk#6L, ss_store_sk#11L, ss_ext_sales_price#19, ss_net_profit#26, ss_sold_date_sk#27L]
                     :     :     :  +- Filter (isnotnull(ss_item_sk#6L) AND isnotnull(ss_store_sk#11L))
                     :     :     :     +- FileScan orc tpcds_bin_partitioned_varchar_orc_1000.store_sales[ss_item_sk#6L,ss_store_sk#11L,ss_ext_sales_price#19,ss_net_profit#26,ss_sold_date_sk#27L] Batched: true, DataFilters: [isnotnull(ss_item_sk#6L), isnotnull(ss_store_sk#11L)], Format: ORC, Location: InMemoryFileIndex[hdfs://vcloud-10-13:9000/user/hive/warehouse/tpcds_bin_partitioned_varchar_orc_..., PartitionFilters: [isnotnull(ss_sold_date_sk#27L), dynamicpruning#247 [ss_sold_date_sk#27L]], PushedFilters: [IsNotNull(ss_item_sk), IsNotNull(ss_store_sk)], ReadSchema: struct<ss_item_sk:bigint,ss_store_sk:bigint,ss_ext_sales_price:decimal(7,2),ss_net_profit:decimal...
                     :     :     :           +- Project [d_date_sk#28L]
                     :     :     :              +- Filter ((isnotnull(d_year#34) AND (d_year#34 = 2001)) AND isnotnull(d_date_sk#28L))
                     :     :     :                 +- Relation[d_date_sk#28L,d_date_id#29,d_date#30,d_month_seq#31,d_week_seq#32,d_quarter_seq#33,d_year#34,d_dow#35,d_moy#36,d_dom#37,d_qoy#38,d_fy_year#39,d_fy_quarter_seq#40,d_fy_week_seq#41,d_day_name#42,d_quarter_name#43,d_holiday#44,d_weekend#45,d_following_holiday#46,d_first_dom#47,d_last_dom#48,d_same_day_ly#49,d_same_day_lq#50,d_current_day#51,... 4 more fields] orc
                     :     :     +- Project [d_date_sk#28L]
                     :     :        +- Filter ((isnotnull(d_year#34) AND (d_year#34 = 2001)) AND isnotnull(d_date_sk#28L))
                     :     :           +- FileScan orc tpcds_bin_partitioned_varchar_orc_1000.date_dim[d_date_sk#28L,d_year#34] Batched: true, DataFilters: [isnotnull(d_year#34), (d_year#34 = 2001), isnotnull(d_date_sk#28L)], Format: ORC, Location: InMemoryFileIndex[hdfs://vcloud-10-13:9000/user/hive/warehouse/tpcds_bin_partitioned_varchar_orc_..., PartitionFilters: [], PushedFilters: [IsNotNull(d_year), EqualTo(d_year,2001), IsNotNull(d_date_sk)], ReadSchema: struct<d_date_sk:bigint,d_year:int>
                     :     +- Project [i_item_sk#56L, i_class#66, i_category#68]
                     :        +- Filter isnotnull(i_item_sk#56L)
                     :           +- FileScan orc tpcds_bin_partitioned_varchar_orc_1000.item[i_item_sk#56L,i_class#66,i_category#68] Batched: true, DataFilters: [isnotnull(i_item_sk#56L)], Format: ORC, Location: InMemoryFileIndex[hdfs://vcloud-10-13:9000/user/hive/warehouse/tpcds_bin_partitioned_varchar_orc_..., PartitionFilters: [], PushedFilters: [IsNotNull(i_item_sk)], ReadSchema: struct<i_item_sk:bigint,i_class:string,i_category:string>
                     +- Project [s_store_sk#78L]
                        +- Filter ((isnotnull(s_state#102) AND (s_state#102 = TN)) AND isnotnull(s_store_sk#78L))
                           +- FileScan orc tpcds_bin_partitioned_varchar_orc_1000.store[s_store_sk#78L,s_state#102] Batched: true, DataFilters: [isnotnull(s_state#102), (s_state#102 = TN), isnotnull(s_store_sk#78L)], Format: ORC, Location: InMemoryFileIndex[hdfs://vcloud-10-13:9000/user/hive/warehouse/tpcds_bin_partitioned_varchar_orc_..., PartitionFilters: [], PushedFilters: [IsNotNull(s_state), EqualTo(s_state,TN), IsNotNull(s_store_sk)], ReadSchema: struct<s_store_sk:bigint,s_state:string>
.
Time taken: 19.852 seconds, Fetched 100 row(s)
