24/04/26 14:55:29 WARN Utils: Your hostname, vcloud-10-13 resolves to a loopback address: 127.0.0.1; using 21.21.36.153 instead (on interface eno1)
24/04/26 14:55:29 WARN Utils: Set SPARK_LOCAL_IP if you need to bind to another address
24/04/26 14:55:29 WARN NativeCodeLoader: Unable to load native-hadoop library for your platform... using builtin-java classes where applicable
Setting default log level to "WARN".
To adjust logging level use sc.setLogLevel(newLevel). For SparkR, use setLogLevel(newLevel).
24/04/26 14:55:31 WARN Client: Neither spark.yarn.jars nor spark.yarn.archive is set, falling back to uploading libraries under SPARK_HOME.
Spark master: yarn, Application Id: application_1714105099579_0111
24/04/26 14:55:48 WARN SessionState: METASTORE_FILTER_HOOK will be ignored, since hive.security.authorization.manager is set to instance of HiveAuthorizerFactory.
24/04/26 14:55:53 WARN package: Truncated the string representation of a plan since it was too large. This behavior can be adjusted by setting 'spark.sql.debug.maxToStringFields'.
24/04/26 14:55:53 WARN InsertAdaptiveSparkPlan: spark.sql.adaptive.enabled is enabled but is not supported for query: TakeOrderedAndProject(limit=100, orderBy=[i_item_id#65 ASC NULLS FIRST], output=[i_item_id#65,agg1#0,agg2#1,agg3#2,agg4#3])
+- HashAggregate(keys=[i_item_id#65], functions=[avg(cast(ss_quantity#13 as bigint)), avg(UnscaledValue(ss_list_price#15)), avg(UnscaledValue(ss_coupon_amt#22)), avg(UnscaledValue(ss_sales_price#16))], output=[i_item_id#65, agg1#0, agg2#1, agg3#2, agg4#3])
   +- HashAggregate(keys=[i_item_id#65], functions=[partial_avg(cast(ss_quantity#13 as bigint)), partial_avg(UnscaledValue(ss_list_price#15)), partial_avg(UnscaledValue(ss_coupon_amt#22)), partial_avg(UnscaledValue(ss_sales_price#16))], output=[i_item_id#65, sum#225, count#226L, sum#227, count#228L, sum#229, count#230L, sum#231, count#232L])
      +- Project [ss_quantity#13, ss_list_price#15, ss_sales_price#16, ss_coupon_amt#22, i_item_id#65]
         +- BroadcastHashJoin [ss_promo_sk#11L], [p_promo_sk#86L], Inner, BuildRight, false
            :- Project [ss_promo_sk#11L, ss_quantity#13, ss_list_price#15, ss_sales_price#16, ss_coupon_amt#22, i_item_id#65]
            :  +- BroadcastHashJoin [ss_item_sk#5L], [i_item_sk#64L], Inner, BuildRight, false
            :     :- Project [ss_item_sk#5L, ss_promo_sk#11L, ss_quantity#13, ss_list_price#15, ss_sales_price#16, ss_coupon_amt#22]
            :     :  +- BroadcastHashJoin [ss_sold_date_sk#26L], [d_date_sk#36L], Inner, BuildRight, false
            :     :     :- Project [ss_item_sk#5L, ss_promo_sk#11L, ss_quantity#13, ss_list_price#15, ss_sales_price#16, ss_coupon_amt#22, ss_sold_date_sk#26L]
            :     :     :  +- BroadcastHashJoin [ss_cdemo_sk#7L], [cd_demo_sk#27L], Inner, BuildRight, false
            :     :     :     :- Project [ss_item_sk#5L, ss_cdemo_sk#7L, ss_promo_sk#11L, ss_quantity#13, ss_list_price#15, ss_sales_price#16, ss_coupon_amt#22, ss_sold_date_sk#26L]
            :     :     :     :  +- Filter ((isnotnull(ss_cdemo_sk#7L) AND isnotnull(ss_item_sk#5L)) AND isnotnull(ss_promo_sk#11L))
            :     :     :     :     +- FileScan orc tpcds_bin_partitioned_varchar_orc_1000.store_sales[ss_item_sk#5L,ss_cdemo_sk#7L,ss_promo_sk#11L,ss_quantity#13,ss_list_price#15,ss_sales_price#16,ss_coupon_amt#22,ss_sold_date_sk#26L] Batched: true, DataFilters: [isnotnull(ss_cdemo_sk#7L), isnotnull(ss_item_sk#5L), isnotnull(ss_promo_sk#11L)], Format: ORC, Location: InMemoryFileIndex[hdfs://vcloud-10-13:9000/user/hive/warehouse/tpcds_bin_partitioned_varchar_orc_..., PartitionFilters: [isnotnull(ss_sold_date_sk#26L), dynamicpruning#216 [ss_sold_date_sk#26L]], PushedFilters: [IsNotNull(ss_cdemo_sk), IsNotNull(ss_item_sk), IsNotNull(ss_promo_sk)], ReadSchema: struct<ss_item_sk:bigint,ss_cdemo_sk:bigint,ss_promo_sk:bigint,ss_quantity:int,ss_list_price:deci...
            :     :     :     :           +- Project [d_date_sk#36L]
            :     :     :     :              +- Filter ((isnotnull(d_year#42) AND (d_year#42 = 2000)) AND isnotnull(d_date_sk#36L))
            :     :     :     :                 +- Relation[d_date_sk#36L,d_date_id#37,d_date#38,d_month_seq#39,d_week_seq#40,d_quarter_seq#41,d_year#42,d_dow#43,d_moy#44,d_dom#45,d_qoy#46,d_fy_year#47,d_fy_quarter_seq#48,d_fy_week_seq#49,d_day_name#50,d_quarter_name#51,d_holiday#52,d_weekend#53,d_following_holiday#54,d_first_dom#55,d_last_dom#56,d_same_day_ly#57,d_same_day_lq#58,d_current_day#59,... 4 more fields] orc
            :     :     :     +- Project [cd_demo_sk#27L]
            :     :     :        +- Filter ((((((isnotnull(cd_gender#28) AND isnotnull(cd_marital_status#29)) AND isnotnull(cd_education_status#30)) AND (cd_gender#28 = M)) AND (cd_marital_status#29 = S)) AND (cd_education_status#30 = College)) AND isnotnull(cd_demo_sk#27L))
            :     :     :           +- FileScan orc tpcds_bin_partitioned_varchar_orc_1000.customer_demographics[cd_demo_sk#27L,cd_gender#28,cd_marital_status#29,cd_education_status#30] Batched: true, DataFilters: [isnotnull(cd_gender#28), isnotnull(cd_marital_status#29), isnotnull(cd_education_status#30), (cd..., Format: ORC, Location: InMemoryFileIndex[hdfs://vcloud-10-13:9000/user/hive/warehouse/tpcds_bin_partitioned_varchar_orc_..., PartitionFilters: [], PushedFilters: [IsNotNull(cd_gender), IsNotNull(cd_marital_status), IsNotNull(cd_education_status), EqualTo(cd_g..., ReadSchema: struct<cd_demo_sk:bigint,cd_gender:string,cd_marital_status:string,cd_education_status:string>
            :     :     +- Project [d_date_sk#36L]
            :     :        +- Filter ((isnotnull(d_year#42) AND (d_year#42 = 2000)) AND isnotnull(d_date_sk#36L))
            :     :           +- FileScan orc tpcds_bin_partitioned_varchar_orc_1000.date_dim[d_date_sk#36L,d_year#42] Batched: true, DataFilters: [isnotnull(d_year#42), (d_year#42 = 2000), isnotnull(d_date_sk#36L)], Format: ORC, Location: InMemoryFileIndex[hdfs://vcloud-10-13:9000/user/hive/warehouse/tpcds_bin_partitioned_varchar_orc_..., PartitionFilters: [], PushedFilters: [IsNotNull(d_year), EqualTo(d_year,2000), IsNotNull(d_date_sk)], ReadSchema: struct<d_date_sk:bigint,d_year:int>
            :     +- Project [i_item_sk#64L, i_item_id#65]
            :        +- Filter isnotnull(i_item_sk#64L)
            :           +- FileScan orc tpcds_bin_partitioned_varchar_orc_1000.item[i_item_sk#64L,i_item_id#65] Batched: true, DataFilters: [isnotnull(i_item_sk#64L)], Format: ORC, Location: InMemoryFileIndex[hdfs://vcloud-10-13:9000/user/hive/warehouse/tpcds_bin_partitioned_varchar_orc_..., PartitionFilters: [], PushedFilters: [IsNotNull(i_item_sk)], ReadSchema: struct<i_item_sk:bigint,i_item_id:string>
            +- Project [p_promo_sk#86L]
               +- Filter (((p_channel_email#95 = N) OR (p_channel_event#100 = N)) AND isnotnull(p_promo_sk#86L))
                  +- FileScan orc tpcds_bin_partitioned_varchar_orc_1000.promotion[p_promo_sk#86L,p_channel_email#95,p_channel_event#100] Batched: true, DataFilters: [((p_channel_email#95 = N) OR (p_channel_event#100 = N)), isnotnull(p_promo_sk#86L)], Format: ORC, Location: InMemoryFileIndex[hdfs://vcloud-10-13:9000/user/hive/warehouse/tpcds_bin_partitioned_varchar_orc_..., PartitionFilters: [], PushedFilters: [Or(EqualTo(p_channel_email,N),EqualTo(p_channel_event,N)), IsNotNull(p_promo_sk)], ReadSchema: struct<p_promo_sk:bigint,p_channel_email:string,p_channel_event:string>
.
Time taken: 20.195 seconds, Fetched 100 row(s)
