24/04/26 16:06:25 WARN Utils: Your hostname, vcloud-10-13 resolves to a loopback address: 127.0.0.1; using 21.21.36.153 instead (on interface eno1)
24/04/26 16:06:25 WARN Utils: Set SPARK_LOCAL_IP if you need to bind to another address
24/04/26 16:06:25 WARN NativeCodeLoader: Unable to load native-hadoop library for your platform... using builtin-java classes where applicable
Setting default log level to "WARN".
To adjust logging level use sc.setLogLevel(newLevel). For SparkR, use setLogLevel(newLevel).
24/04/26 16:06:27 WARN Client: Neither spark.yarn.jars nor spark.yarn.archive is set, falling back to uploading libraries under SPARK_HOME.
Spark master: yarn, Application Id: application_1714105099579_0168
24/04/26 16:06:45 WARN SessionState: METASTORE_FILTER_HOOK will be ignored, since hive.security.authorization.manager is set to instance of HiveAuthorizerFactory.
24/04/26 16:06:52 WARN package: Truncated the string representation of a plan since it was too large. This behavior can be adjusted by setting 'spark.sql.debug.maxToStringFields'.
24/04/26 16:06:52 WARN InsertAdaptiveSparkPlan: spark.sql.adaptive.enabled is enabled but is not supported for query: TakeOrderedAndProject(limit=100, orderBy=[i_item_id#72 ASC NULLS FIRST,total_sales#0 ASC NULLS FIRST], output=[i_item_id#72,total_sales#0])
+- HashAggregate(keys=[i_item_id#72], functions=[sum(total_sales#2)], output=[i_item_id#72, total_sales#0])
   +- HashAggregate(keys=[i_item_id#72], functions=[partial_sum(total_sales#2)], output=[i_item_id#72, sum#520, isEmpty#521])
      +- Union
         :- HashAggregate(keys=[i_item_id#72], functions=[sum(UnscaledValue(ss_ext_sales_price#21))], output=[i_item_id#72, total_sales#2])
         :  +- HashAggregate(keys=[i_item_id#72], functions=[partial_sum(UnscaledValue(ss_ext_sales_price#21))], output=[i_item_id#72, sum#523L])
         :     +- Project [ss_ext_sales_price#21, i_item_id#72]
         :        +- BroadcastHashJoin [ss_item_sk#8L], [i_item_sk#71L], Inner, BuildRight, false
         :           :- Project [ss_item_sk#8L, ss_ext_sales_price#21]
         :           :  +- BroadcastHashJoin [ss_addr_sk#12L], [ca_address_sk#58L], Inner, BuildRight, false
         :           :     :- Project [ss_item_sk#8L, ss_addr_sk#12L, ss_ext_sales_price#21]
         :           :     :  +- BroadcastHashJoin [ss_sold_date_sk#29L], [d_date_sk#30L], Inner, BuildRight, false
         :           :     :     :- Project [ss_item_sk#8L, ss_addr_sk#12L, ss_ext_sales_price#21, ss_sold_date_sk#29L]
         :           :     :     :  +- Filter (isnotnull(ss_addr_sk#12L) AND isnotnull(ss_item_sk#8L))
         :           :     :     :     +- FileScan orc tpcds_bin_partitioned_varchar_orc_1000.store_sales[ss_item_sk#8L,ss_addr_sk#12L,ss_ext_sales_price#21,ss_sold_date_sk#29L] Batched: true, DataFilters: [isnotnull(ss_addr_sk#12L), isnotnull(ss_item_sk#8L)], Format: ORC, Location: InMemoryFileIndex[hdfs://vcloud-10-13:9000/user/hive/warehouse/tpcds_bin_partitioned_varchar_orc_..., PartitionFilters: [isnotnull(ss_sold_date_sk#29L), dynamicpruning#515 [ss_sold_date_sk#29L]], PushedFilters: [IsNotNull(ss_addr_sk), IsNotNull(ss_item_sk)], ReadSchema: struct<ss_item_sk:bigint,ss_addr_sk:bigint,ss_ext_sales_price:decimal(7,2)>
         :           :     :     :           +- Project [d_date_sk#30L]
         :           :     :     :              +- Filter ((((isnotnull(d_year#36) AND isnotnull(d_moy#38)) AND (d_year#36 = 1998)) AND (d_moy#38 = 9)) AND isnotnull(d_date_sk#30L))
         :           :     :     :                 +- Relation[d_date_sk#30L,d_date_id#31,d_date#32,d_month_seq#33,d_week_seq#34,d_quarter_seq#35,d_year#36,d_dow#37,d_moy#38,d_dom#39,d_qoy#40,d_fy_year#41,d_fy_quarter_seq#42,d_fy_week_seq#43,d_day_name#44,d_quarter_name#45,d_holiday#46,d_weekend#47,d_following_holiday#48,d_first_dom#49,d_last_dom#50,d_same_day_ly#51,d_same_day_lq#52,d_current_day#53,... 4 more fields] orc
         :           :     :     +- Project [d_date_sk#30L]
         :           :     :        +- Filter ((((isnotnull(d_year#36) AND isnotnull(d_moy#38)) AND (d_year#36 = 1998)) AND (d_moy#38 = 9)) AND isnotnull(d_date_sk#30L))
         :           :     :           +- FileScan orc tpcds_bin_partitioned_varchar_orc_1000.date_dim[d_date_sk#30L,d_year#36,d_moy#38] Batched: true, DataFilters: [isnotnull(d_year#36), isnotnull(d_moy#38), (d_year#36 = 1998), (d_moy#38 = 9), isnotnull(d_date_..., Format: ORC, Location: InMemoryFileIndex[hdfs://vcloud-10-13:9000/user/hive/warehouse/tpcds_bin_partitioned_varchar_orc_..., PartitionFilters: [], PushedFilters: [IsNotNull(d_year), IsNotNull(d_moy), EqualTo(d_year,1998), EqualTo(d_moy,9), IsNotNull(d_date_sk)], ReadSchema: struct<d_date_sk:bigint,d_year:int,d_moy:int>
         :           :     +- Project [ca_address_sk#58L]
         :           :        +- Filter ((isnotnull(ca_gmt_offset#69) AND (ca_gmt_offset#69 = -5.00)) AND isnotnull(ca_address_sk#58L))
         :           :           +- FileScan orc tpcds_bin_partitioned_varchar_orc_1000.customer_address[ca_address_sk#58L,ca_gmt_offset#69] Batched: true, DataFilters: [isnotnull(ca_gmt_offset#69), (ca_gmt_offset#69 = -5.00), isnotnull(ca_address_sk#58L)], Format: ORC, Location: InMemoryFileIndex[hdfs://vcloud-10-13:9000/user/hive/warehouse/tpcds_bin_partitioned_varchar_orc_..., PartitionFilters: [], PushedFilters: [IsNotNull(ca_gmt_offset), EqualTo(ca_gmt_offset,-5.00), IsNotNull(ca_address_sk)], ReadSchema: struct<ca_address_sk:bigint,ca_gmt_offset:decimal(5,2)>
         :           +- BroadcastHashJoin [i_item_id#72], [i_item_id#288], LeftSemi, BuildRight, false
         :              :- Project [i_item_sk#71L, i_item_id#72]
         :              :  +- Filter isnotnull(i_item_sk#71L)
         :              :     +- FileScan orc tpcds_bin_partitioned_varchar_orc_1000.item[i_item_sk#71L,i_item_id#72] Batched: true, DataFilters: [isnotnull(i_item_sk#71L)], Format: ORC, Location: InMemoryFileIndex[hdfs://vcloud-10-13:9000/user/hive/warehouse/tpcds_bin_partitioned_varchar_orc_..., PartitionFilters: [], PushedFilters: [IsNotNull(i_item_sk)], ReadSchema: struct<i_item_sk:bigint,i_item_id:string>
         :              +- Project [i_item_id#288]
         :                 +- Filter (isnotnull(i_category#299) AND (i_category#299 = Music))
         :                    +- FileScan orc tpcds_bin_partitioned_varchar_orc_1000.item[i_item_id#288,i_category#299] Batched: true, DataFilters: [isnotnull(i_category#299), (i_category#299 = Music)], Format: ORC, Location: InMemoryFileIndex[hdfs://vcloud-10-13:9000/user/hive/warehouse/tpcds_bin_partitioned_varchar_orc_..., PartitionFilters: [], PushedFilters: [IsNotNull(i_category), EqualTo(i_category,Music)], ReadSchema: struct<i_item_id:string,i_category:string>
         :- HashAggregate(keys=[i_item_id#169], functions=[sum(UnscaledValue(cs_ext_sales_price#115))], output=[i_item_id#169, total_sales#4])
         :  +- HashAggregate(keys=[i_item_id#169], functions=[partial_sum(UnscaledValue(cs_ext_sales_price#115))], output=[i_item_id#169, sum#525L])
         :     +- Project [cs_ext_sales_price#115, i_item_id#169]
         :        +- BroadcastHashJoin [cs_item_sk#107L], [i_item_sk#168L], Inner, BuildRight, false
         :           :- Project [cs_item_sk#107L, cs_ext_sales_price#115]
         :           :  +- BroadcastHashJoin [cs_bill_addr_sk#98L], [ca_address_sk#155L], Inner, BuildRight, false
         :           :     :- Project [cs_bill_addr_sk#98L, cs_item_sk#107L, cs_ext_sales_price#115]
         :           :     :  +- BroadcastHashJoin [cs_sold_date_sk#126L], [d_date_sk#127L], Inner, BuildRight, false
         :           :     :     :- Project [cs_bill_addr_sk#98L, cs_item_sk#107L, cs_ext_sales_price#115, cs_sold_date_sk#126L]
         :           :     :     :  +- Filter (isnotnull(cs_bill_addr_sk#98L) AND isnotnull(cs_item_sk#107L))
         :           :     :     :     +- FileScan orc tpcds_bin_partitioned_varchar_orc_1000.catalog_sales[cs_bill_addr_sk#98L,cs_item_sk#107L,cs_ext_sales_price#115,cs_sold_date_sk#126L] Batched: true, DataFilters: [isnotnull(cs_bill_addr_sk#98L), isnotnull(cs_item_sk#107L)], Format: ORC, Location: InMemoryFileIndex[hdfs://vcloud-10-13:9000/user/hive/warehouse/tpcds_bin_partitioned_varchar_orc_..., PartitionFilters: [isnotnull(cs_sold_date_sk#126L), dynamicpruning#516 [cs_sold_date_sk#126L]], PushedFilters: [IsNotNull(cs_bill_addr_sk), IsNotNull(cs_item_sk)], ReadSchema: struct<cs_bill_addr_sk:bigint,cs_item_sk:bigint,cs_ext_sales_price:decimal(7,2)>
         :           :     :     :           +- Project [d_date_sk#127L]
         :           :     :     :              +- Filter ((((isnotnull(d_year#133) AND isnotnull(d_moy#135)) AND (d_year#133 = 1998)) AND (d_moy#135 = 9)) AND isnotnull(d_date_sk#127L))
         :           :     :     :                 +- Relation[d_date_sk#127L,d_date_id#128,d_date#129,d_month_seq#130,d_week_seq#131,d_quarter_seq#132,d_year#133,d_dow#134,d_moy#135,d_dom#136,d_qoy#137,d_fy_year#138,d_fy_quarter_seq#139,d_fy_week_seq#140,d_day_name#141,d_quarter_name#142,d_holiday#143,d_weekend#144,d_following_holiday#145,d_first_dom#146,d_last_dom#147,d_same_day_ly#148,d_same_day_lq#149,d_current_day#150,... 4 more fields] orc
         :           :     :     +- Project [d_date_sk#127L]
         :           :     :        +- Filter ((((isnotnull(d_year#133) AND isnotnull(d_moy#135)) AND (d_year#133 = 1998)) AND (d_moy#135 = 9)) AND isnotnull(d_date_sk#127L))
         :           :     :           +- FileScan orc tpcds_bin_partitioned_varchar_orc_1000.date_dim[d_date_sk#127L,d_year#133,d_moy#135] Batched: true, DataFilters: [isnotnull(d_year#133), isnotnull(d_moy#135), (d_year#133 = 1998), (d_moy#135 = 9), isnotnull(d_d..., Format: ORC, Location: InMemoryFileIndex[hdfs://vcloud-10-13:9000/user/hive/warehouse/tpcds_bin_partitioned_varchar_orc_..., PartitionFilters: [], PushedFilters: [IsNotNull(d_year), IsNotNull(d_moy), EqualTo(d_year,1998), EqualTo(d_moy,9), IsNotNull(d_date_sk)], ReadSchema: struct<d_date_sk:bigint,d_year:int,d_moy:int>
         :           :     +- Project [ca_address_sk#155L]
         :           :        +- Filter ((isnotnull(ca_gmt_offset#166) AND (ca_gmt_offset#166 = -5.00)) AND isnotnull(ca_address_sk#155L))
         :           :           +- FileScan orc tpcds_bin_partitioned_varchar_orc_1000.customer_address[ca_address_sk#155L,ca_gmt_offset#166] Batched: true, DataFilters: [isnotnull(ca_gmt_offset#166), (ca_gmt_offset#166 = -5.00), isnotnull(ca_address_sk#155L)], Format: ORC, Location: InMemoryFileIndex[hdfs://vcloud-10-13:9000/user/hive/warehouse/tpcds_bin_partitioned_varchar_orc_..., PartitionFilters: [], PushedFilters: [IsNotNull(ca_gmt_offset), EqualTo(ca_gmt_offset,-5.00), IsNotNull(ca_address_sk)], ReadSchema: struct<ca_address_sk:bigint,ca_gmt_offset:decimal(5,2)>
         :           +- BroadcastHashJoin [i_item_id#169], [i_item_id#332], LeftSemi, BuildRight, false
         :              :- Project [i_item_sk#168L, i_item_id#169]
         :              :  +- Filter isnotnull(i_item_sk#168L)
         :              :     +- FileScan orc tpcds_bin_partitioned_varchar_orc_1000.item[i_item_sk#168L,i_item_id#169] Batched: true, DataFilters: [isnotnull(i_item_sk#168L)], Format: ORC, Location: InMemoryFileIndex[hdfs://vcloud-10-13:9000/user/hive/warehouse/tpcds_bin_partitioned_varchar_orc_..., PartitionFilters: [], PushedFilters: [IsNotNull(i_item_sk)], ReadSchema: struct<i_item_sk:bigint,i_item_id:string>
         :              +- Project [i_item_id#332]
         :                 +- Filter (isnotnull(i_category#343) AND (i_category#343 = Music))
         :                    +- FileScan orc tpcds_bin_partitioned_varchar_orc_1000.item[i_item_id#332,i_category#343] Batched: true, DataFilters: [isnotnull(i_category#343), (i_category#343 = Music)], Format: ORC, Location: InMemoryFileIndex[hdfs://vcloud-10-13:9000/user/hive/warehouse/tpcds_bin_partitioned_varchar_orc_..., PartitionFilters: [], PushedFilters: [IsNotNull(i_category), EqualTo(i_category,Music)], ReadSchema: struct<i_item_id:string,i_category:string>
         +- HashAggregate(keys=[i_item_id#266], functions=[sum(UnscaledValue(ws_ext_sales_price#212))], output=[i_item_id#266, total_sales#6])
            +- HashAggregate(keys=[i_item_id#266], functions=[partial_sum(UnscaledValue(ws_ext_sales_price#212))], output=[i_item_id#266, sum#527L])
               +- Project [ws_ext_sales_price#212, i_item_id#266]
                  +- BroadcastHashJoin [ws_item_sk#192L], [i_item_sk#265L], Inner, BuildRight, false
                     :- Project [ws_item_sk#192L, ws_ext_sales_price#212]
                     :  +- BroadcastHashJoin [ws_bill_addr_sk#196L], [ca_address_sk#252L], Inner, BuildRight, false
                     :     :- Project [ws_item_sk#192L, ws_bill_addr_sk#196L, ws_ext_sales_price#212]
                     :     :  +- BroadcastHashJoin [ws_sold_date_sk#223L], [d_date_sk#224L], Inner, BuildRight, false
                     :     :     :- Project [ws_item_sk#192L, ws_bill_addr_sk#196L, ws_ext_sales_price#212, ws_sold_date_sk#223L]
                     :     :     :  +- Filter (isnotnull(ws_bill_addr_sk#196L) AND isnotnull(ws_item_sk#192L))
                     :     :     :     +- FileScan orc tpcds_bin_partitioned_varchar_orc_1000.web_sales[ws_item_sk#192L,ws_bill_addr_sk#196L,ws_ext_sales_price#212,ws_sold_date_sk#223L] Batched: true, DataFilters: [isnotnull(ws_bill_addr_sk#196L), isnotnull(ws_item_sk#192L)], Format: ORC, Location: InMemoryFileIndex[hdfs://vcloud-10-13:9000/user/hive/warehouse/tpcds_bin_partitioned_varchar_orc_..., PartitionFilters: [isnotnull(ws_sold_date_sk#223L), dynamicpruning#517 [ws_sold_date_sk#223L]], PushedFilters: [IsNotNull(ws_bill_addr_sk), IsNotNull(ws_item_sk)], ReadSchema: struct<ws_item_sk:bigint,ws_bill_addr_sk:bigint,ws_ext_sales_price:decimal(7,2)>
                     :     :     :           +- Project [d_date_sk#224L]
                     :     :     :              +- Filter ((((isnotnull(d_year#230) AND isnotnull(d_moy#232)) AND (d_year#230 = 1998)) AND (d_moy#232 = 9)) AND isnotnull(d_date_sk#224L))
                     :     :     :                 +- Relation[d_date_sk#224L,d_date_id#225,d_date#226,d_month_seq#227,d_week_seq#228,d_quarter_seq#229,d_year#230,d_dow#231,d_moy#232,d_dom#233,d_qoy#234,d_fy_year#235,d_fy_quarter_seq#236,d_fy_week_seq#237,d_day_name#238,d_quarter_name#239,d_holiday#240,d_weekend#241,d_following_holiday#242,d_first_dom#243,d_last_dom#244,d_same_day_ly#245,d_same_day_lq#246,d_current_day#247,... 4 more fields] orc
                     :     :     +- Project [d_date_sk#224L]
                     :     :        +- Filter ((((isnotnull(d_year#230) AND isnotnull(d_moy#232)) AND (d_year#230 = 1998)) AND (d_moy#232 = 9)) AND isnotnull(d_date_sk#224L))
                     :     :           +- FileScan orc tpcds_bin_partitioned_varchar_orc_1000.date_dim[d_date_sk#224L,d_year#230,d_moy#232] Batched: true, DataFilters: [isnotnull(d_year#230), isnotnull(d_moy#232), (d_year#230 = 1998), (d_moy#232 = 9), isnotnull(d_d..., Format: ORC, Location: InMemoryFileIndex[hdfs://vcloud-10-13:9000/user/hive/warehouse/tpcds_bin_partitioned_varchar_orc_..., PartitionFilters: [], PushedFilters: [IsNotNull(d_year), IsNotNull(d_moy), EqualTo(d_year,1998), EqualTo(d_moy,9), IsNotNull(d_date_sk)], ReadSchema: struct<d_date_sk:bigint,d_year:int,d_moy:int>
                     :     +- Project [ca_address_sk#252L]
                     :        +- Filter ((isnotnull(ca_gmt_offset#263) AND (ca_gmt_offset#263 = -5.00)) AND isnotnull(ca_address_sk#252L))
                     :           +- FileScan orc tpcds_bin_partitioned_varchar_orc_1000.customer_address[ca_address_sk#252L,ca_gmt_offset#263] Batched: true, DataFilters: [isnotnull(ca_gmt_offset#263), (ca_gmt_offset#263 = -5.00), isnotnull(ca_address_sk#252L)], Format: ORC, Location: InMemoryFileIndex[hdfs://vcloud-10-13:9000/user/hive/warehouse/tpcds_bin_partitioned_varchar_orc_..., PartitionFilters: [], PushedFilters: [IsNotNull(ca_gmt_offset), EqualTo(ca_gmt_offset,-5.00), IsNotNull(ca_address_sk)], ReadSchema: struct<ca_address_sk:bigint,ca_gmt_offset:decimal(5,2)>
                     +- BroadcastHashJoin [i_item_id#266], [i_item_id#354], LeftSemi, BuildRight, false
                        :- Project [i_item_sk#265L, i_item_id#266]
                        :  +- Filter isnotnull(i_item_sk#265L)
                        :     +- FileScan orc tpcds_bin_partitioned_varchar_orc_1000.item[i_item_sk#265L,i_item_id#266] Batched: true, DataFilters: [isnotnull(i_item_sk#265L)], Format: ORC, Location: InMemoryFileIndex[hdfs://vcloud-10-13:9000/user/hive/warehouse/tpcds_bin_partitioned_varchar_orc_..., PartitionFilters: [], PushedFilters: [IsNotNull(i_item_sk)], ReadSchema: struct<i_item_sk:bigint,i_item_id:string>
                        +- Project [i_item_id#354]
                           +- Filter (isnotnull(i_category#365) AND (i_category#365 = Music))
                              +- FileScan orc tpcds_bin_partitioned_varchar_orc_1000.item[i_item_id#354,i_category#365] Batched: true, DataFilters: [isnotnull(i_category#365), (i_category#365 = Music)], Format: ORC, Location: InMemoryFileIndex[hdfs://vcloud-10-13:9000/user/hive/warehouse/tpcds_bin_partitioned_varchar_orc_..., PartitionFilters: [], PushedFilters: [IsNotNull(i_category), EqualTo(i_category,Music)], ReadSchema: struct<i_item_id:string,i_category:string>
.
Time taken: 19.434 seconds, Fetched 100 row(s)
