24/04/26 16:13:15 WARN Utils: Your hostname, vcloud-10-13 resolves to a loopback address: 127.0.0.1; using 21.21.36.153 instead (on interface eno1)
24/04/26 16:13:15 WARN Utils: Set SPARK_LOCAL_IP if you need to bind to another address
24/04/26 16:13:15 WARN NativeCodeLoader: Unable to load native-hadoop library for your platform... using builtin-java classes where applicable
Setting default log level to "WARN".
To adjust logging level use sc.setLogLevel(newLevel). For SparkR, use setLogLevel(newLevel).
24/04/26 16:13:17 WARN Client: Neither spark.yarn.jars nor spark.yarn.archive is set, falling back to uploading libraries under SPARK_HOME.
Spark master: yarn, Application Id: application_1714105099579_0173
24/04/26 16:13:35 WARN SessionState: METASTORE_FILTER_HOOK will be ignored, since hive.security.authorization.manager is set to instance of HiveAuthorizerFactory.
24/04/26 16:13:39 WARN package: Truncated the string representation of a plan since it was too large. This behavior can be adjusted by setting 'spark.sql.debug.maxToStringFields'.
24/04/26 16:13:39 WARN InsertAdaptiveSparkPlan: spark.sql.adaptive.enabled is enabled but is not supported for query: TakeOrderedAndProject(limit=100, orderBy=[s_store_name#8 ASC NULLS FIRST,i_item_desc#36 ASC NULLS FIRST], output=[s_store_name#8,i_item_desc#36,revenue#2,i_current_price#37,i_wholesale_cost#38,i_brand#40])
+- Project [s_store_name#8, i_item_desc#36, revenue#2, i_current_price#37, i_wholesale_cost#38, i_brand#40]
   +- SortMergeJoin [ss_store_sk#111L], [ss_store_sk#60L], Inner, (cast(revenue#2 as decimal(23,7)) <= CheckOverflow((0.100000 * promote_precision(ave#1)), DecimalType(23,7), true))
      :- Project [s_store_name#8, ss_store_sk#111L, revenue#2, i_item_desc#36, i_current_price#37, i_wholesale_cost#38, i_brand#40]
      :  +- BroadcastHashJoin [ss_item_sk#106L], [i_item_sk#32L], Inner, BuildRight, false
      :     :- Project [s_store_name#8, ss_store_sk#111L, ss_item_sk#106L, revenue#2]
      :     :  +- BroadcastHashJoin [s_store_sk#3L], [ss_store_sk#111L], Inner, BuildLeft, false
      :     :     :- Project [s_store_sk#3L, s_store_name#8]
      :     :     :  +- Filter isnotnull(s_store_sk#3L)
      :     :     :     +- FileScan orc tpcds_bin_partitioned_varchar_orc_1000.store[s_store_sk#3L,s_store_name#8] Batched: true, DataFilters: [isnotnull(s_store_sk#3L)], Format: ORC, Location: InMemoryFileIndex[hdfs://vcloud-10-13:9000/user/hive/warehouse/tpcds_bin_partitioned_varchar_orc_..., PartitionFilters: [], PushedFilters: [IsNotNull(s_store_sk)], ReadSchema: struct<s_store_sk:bigint,s_store_name:string>
      :     :     +- Filter isnotnull(revenue#2)
      :     :        +- HashAggregate(keys=[ss_store_sk#111L, ss_item_sk#106L], functions=[sum(UnscaledValue(ss_sales_price#117))], output=[ss_store_sk#111L, ss_item_sk#106L, revenue#2])
      :     :           +- HashAggregate(keys=[ss_store_sk#111L, ss_item_sk#106L], functions=[partial_sum(UnscaledValue(ss_sales_price#117))], output=[ss_store_sk#111L, ss_item_sk#106L, sum#270L])
      :     :              +- Project [ss_item_sk#106L, ss_store_sk#111L, ss_sales_price#117]
      :     :                 +- BroadcastHashJoin [ss_sold_date_sk#127L], [d_date_sk#128L], Inner, BuildRight, false
      :     :                    :- Project [ss_item_sk#106L, ss_store_sk#111L, ss_sales_price#117, ss_sold_date_sk#127L]
      :     :                    :  +- Filter (isnotnull(ss_store_sk#111L) AND isnotnull(ss_item_sk#106L))
      :     :                    :     +- FileScan orc tpcds_bin_partitioned_varchar_orc_1000.store_sales[ss_item_sk#106L,ss_store_sk#111L,ss_sales_price#117,ss_sold_date_sk#127L] Batched: true, DataFilters: [isnotnull(ss_store_sk#111L), isnotnull(ss_item_sk#106L)], Format: ORC, Location: InMemoryFileIndex[hdfs://vcloud-10-13:9000/user/hive/warehouse/tpcds_bin_partitioned_varchar_orc_..., PartitionFilters: [isnotnull(ss_sold_date_sk#127L), dynamicpruning#267 [ss_sold_date_sk#127L]], PushedFilters: [IsNotNull(ss_store_sk), IsNotNull(ss_item_sk)], ReadSchema: struct<ss_item_sk:bigint,ss_store_sk:bigint,ss_sales_price:decimal(7,2)>
      :     :                    :           +- Project [d_date_sk#128L]
      :     :                    :              +- Filter (((isnotnull(d_month_seq#131) AND (d_month_seq#131 >= 1176)) AND (d_month_seq#131 <= 1187)) AND isnotnull(d_date_sk#128L))
      :     :                    :                 +- Relation[d_date_sk#128L,d_date_id#129,d_date#130,d_month_seq#131,d_week_seq#132,d_quarter_seq#133,d_year#134,d_dow#135,d_moy#136,d_dom#137,d_qoy#138,d_fy_year#139,d_fy_quarter_seq#140,d_fy_week_seq#141,d_day_name#142,d_quarter_name#143,d_holiday#144,d_weekend#145,d_following_holiday#146,d_first_dom#147,d_last_dom#148,d_same_day_ly#149,d_same_day_lq#150,d_current_day#151,... 4 more fields] orc
      :     :                    +- Project [d_date_sk#128L]
      :     :                       +- Filter (((isnotnull(d_month_seq#131) AND (d_month_seq#131 >= 1176)) AND (d_month_seq#131 <= 1187)) AND isnotnull(d_date_sk#128L))
      :     :                          +- FileScan orc tpcds_bin_partitioned_varchar_orc_1000.date_dim[d_date_sk#128L,d_month_seq#131] Batched: true, DataFilters: [isnotnull(d_month_seq#131), (d_month_seq#131 >= 1176), (d_month_seq#131 <= 1187), isnotnull(d_da..., Format: ORC, Location: InMemoryFileIndex[hdfs://vcloud-10-13:9000/user/hive/warehouse/tpcds_bin_partitioned_varchar_orc_..., PartitionFilters: [], PushedFilters: [IsNotNull(d_month_seq), GreaterThanOrEqual(d_month_seq,1176), LessThanOrEqual(d_month_seq,1187),..., ReadSchema: struct<d_date_sk:bigint,d_month_seq:int>
      :     +- Project [i_item_sk#32L, i_item_desc#36, i_current_price#37, i_wholesale_cost#38, i_brand#40]
      :        +- Filter isnotnull(i_item_sk#32L)
      :           +- FileScan orc tpcds_bin_partitioned_varchar_orc_1000.item[i_item_sk#32L,i_item_desc#36,i_current_price#37,i_wholesale_cost#38,i_brand#40] Batched: true, DataFilters: [isnotnull(i_item_sk#32L)], Format: ORC, Location: InMemoryFileIndex[hdfs://vcloud-10-13:9000/user/hive/warehouse/tpcds_bin_partitioned_varchar_orc_..., PartitionFilters: [], PushedFilters: [IsNotNull(i_item_sk)], ReadSchema: struct<i_item_sk:bigint,i_item_desc:string,i_current_price:decimal(7,2),i_wholesale_cost:decimal(...
      +- HashAggregate(keys=[ss_store_sk#60L], functions=[avg(revenue#0)], output=[ss_store_sk#60L, ave#1])
         +- HashAggregate(keys=[ss_store_sk#60L], functions=[partial_avg(revenue#0)], output=[ss_store_sk#60L, sum#273, count#274L])
            +- HashAggregate(keys=[ss_store_sk#60L, ss_item_sk#55L], functions=[sum(UnscaledValue(ss_sales_price#66))], output=[ss_store_sk#60L, revenue#0])
               +- HashAggregate(keys=[ss_store_sk#60L, ss_item_sk#55L], functions=[partial_sum(UnscaledValue(ss_sales_price#66))], output=[ss_store_sk#60L, ss_item_sk#55L, sum#276L])
                  +- Project [ss_item_sk#55L, ss_store_sk#60L, ss_sales_price#66]
                     +- BroadcastHashJoin [ss_sold_date_sk#76L], [d_date_sk#77L], Inner, BuildRight, false
                        :- Project [ss_item_sk#55L, ss_store_sk#60L, ss_sales_price#66, ss_sold_date_sk#76L]
                        :  +- Filter isnotnull(ss_store_sk#60L)
                        :     +- FileScan orc tpcds_bin_partitioned_varchar_orc_1000.store_sales[ss_item_sk#55L,ss_store_sk#60L,ss_sales_price#66,ss_sold_date_sk#76L] Batched: true, DataFilters: [isnotnull(ss_store_sk#60L)], Format: ORC, Location: InMemoryFileIndex[hdfs://vcloud-10-13:9000/user/hive/warehouse/tpcds_bin_partitioned_varchar_orc_..., PartitionFilters: [isnotnull(ss_sold_date_sk#76L), dynamicpruning#268 [ss_sold_date_sk#76L]], PushedFilters: [IsNotNull(ss_store_sk)], ReadSchema: struct<ss_item_sk:bigint,ss_store_sk:bigint,ss_sales_price:decimal(7,2)>
                        :           +- Project [d_date_sk#77L]
                        :              +- Filter (((isnotnull(d_month_seq#80) AND (d_month_seq#80 >= 1176)) AND (d_month_seq#80 <= 1187)) AND isnotnull(d_date_sk#77L))
                        :                 +- Relation[d_date_sk#77L,d_date_id#78,d_date#79,d_month_seq#80,d_week_seq#81,d_quarter_seq#82,d_year#83,d_dow#84,d_moy#85,d_dom#86,d_qoy#87,d_fy_year#88,d_fy_quarter_seq#89,d_fy_week_seq#90,d_day_name#91,d_quarter_name#92,d_holiday#93,d_weekend#94,d_following_holiday#95,d_first_dom#96,d_last_dom#97,d_same_day_ly#98,d_same_day_lq#99,d_current_day#100,... 4 more fields] orc
                        +- Project [d_date_sk#77L]
                           +- Filter (((isnotnull(d_month_seq#80) AND (d_month_seq#80 >= 1176)) AND (d_month_seq#80 <= 1187)) AND isnotnull(d_date_sk#77L))
                              +- FileScan orc tpcds_bin_partitioned_varchar_orc_1000.date_dim[d_date_sk#77L,d_month_seq#80] Batched: true, DataFilters: [isnotnull(d_month_seq#80), (d_month_seq#80 >= 1176), (d_month_seq#80 <= 1187), isnotnull(d_date_..., Format: ORC, Location: InMemoryFileIndex[hdfs://vcloud-10-13:9000/user/hive/warehouse/tpcds_bin_partitioned_varchar_orc_..., PartitionFilters: [], PushedFilters: [IsNotNull(d_month_seq), GreaterThanOrEqual(d_month_seq,1176), LessThanOrEqual(d_month_seq,1187),..., ReadSchema: struct<d_date_sk:bigint,d_month_seq:int>
.
Time taken: 59.063 seconds, Fetched 100 row(s)
