24/04/26 15:43:41 WARN Utils: Your hostname, vcloud-10-13 resolves to a loopback address: 127.0.0.1; using 21.21.36.153 instead (on interface eno1)
24/04/26 15:43:41 WARN Utils: Set SPARK_LOCAL_IP if you need to bind to another address
24/04/26 15:43:42 WARN NativeCodeLoader: Unable to load native-hadoop library for your platform... using builtin-java classes where applicable
Setting default log level to "WARN".
To adjust logging level use sc.setLogLevel(newLevel). For SparkR, use setLogLevel(newLevel).
24/04/26 15:43:44 WARN Client: Neither spark.yarn.jars nor spark.yarn.archive is set, falling back to uploading libraries under SPARK_HOME.
Spark master: yarn, Application Id: application_1714105099579_0141
24/04/26 15:44:01 WARN SessionState: METASTORE_FILTER_HOOK will be ignored, since hive.security.authorization.manager is set to instance of HiveAuthorizerFactory.
24/04/26 15:44:06 WARN package: Truncated the string representation of a plan since it was too large. This behavior can be adjusted by setting 'spark.sql.debug.maxToStringFields'.
24/04/26 15:44:06 WARN InsertAdaptiveSparkPlan: spark.sql.adaptive.enabled is enabled but is not supported for query: Sort [c_last_name#96 ASC NULLS FIRST, c_first_name#95 ASC NULLS FIRST, c_salutation#94 ASC NULLS FIRST, c_preferred_cust_flag#97 DESC NULLS LAST], true, 0
+- Project [c_last_name#96, c_first_name#95, c_salutation#94, c_preferred_cust_flag#97, ss_ticket_number#10L, cnt#0L]
   +- SortMergeJoin [ss_customer_sk#4L], [c_customer_sk#87L], Inner
      :- Filter ((cnt#0L >= 15) AND (cnt#0L <= 20))
      :  +- HashAggregate(keys=[ss_ticket_number#10L, ss_customer_sk#4L], functions=[count(1)], output=[ss_ticket_number#10L, ss_customer_sk#4L, cnt#0L])
      :     +- HashAggregate(keys=[ss_ticket_number#10L, ss_customer_sk#4L], functions=[partial_count(1)], output=[ss_ticket_number#10L, ss_customer_sk#4L, count#216L])
      :        +- Project [ss_customer_sk#4L, ss_ticket_number#10L]
      :           +- BroadcastHashJoin [ss_hdemo_sk#6L], [hd_demo_sk#82L], Inner, BuildRight, false
      :              :- Project [ss_customer_sk#4L, ss_hdemo_sk#6L, ss_ticket_number#10L]
      :              :  +- BroadcastHashJoin [ss_store_sk#8L], [s_store_sk#53L], Inner, BuildRight, false
      :              :     :- Project [ss_customer_sk#4L, ss_hdemo_sk#6L, ss_store_sk#8L, ss_ticket_number#10L]
      :              :     :  +- BroadcastHashJoin [ss_sold_date_sk#24L], [d_date_sk#25L], Inner, BuildRight, false
      :              :     :     :- Project [ss_customer_sk#4L, ss_hdemo_sk#6L, ss_store_sk#8L, ss_ticket_number#10L, ss_sold_date_sk#24L]
      :              :     :     :  +- Filter ((isnotnull(ss_store_sk#8L) AND isnotnull(ss_hdemo_sk#6L)) AND isnotnull(ss_customer_sk#4L))
      :              :     :     :     +- FileScan orc tpcds_bin_partitioned_varchar_orc_1000.store_sales[ss_customer_sk#4L,ss_hdemo_sk#6L,ss_store_sk#8L,ss_ticket_number#10L,ss_sold_date_sk#24L] Batched: true, DataFilters: [isnotnull(ss_store_sk#8L), isnotnull(ss_hdemo_sk#6L), isnotnull(ss_customer_sk#4L)], Format: ORC, Location: InMemoryFileIndex[hdfs://vcloud-10-13:9000/user/hive/warehouse/tpcds_bin_partitioned_varchar_orc_..., PartitionFilters: [isnotnull(ss_sold_date_sk#24L), dynamicpruning#214 [ss_sold_date_sk#24L]], PushedFilters: [IsNotNull(ss_store_sk), IsNotNull(ss_hdemo_sk), IsNotNull(ss_customer_sk)], ReadSchema: struct<ss_customer_sk:bigint,ss_hdemo_sk:bigint,ss_store_sk:bigint,ss_ticket_number:bigint>
      :              :     :     :           +- Project [d_date_sk#25L]
      :              :     :     :              +- Filter (((((d_dom#34 >= 1) AND (d_dom#34 <= 3)) OR ((d_dom#34 >= 25) AND (d_dom#34 <= 28))) AND d_year#31 IN (1999,2000,2001)) AND isnotnull(d_date_sk#25L))
      :              :     :     :                 +- Relation[d_date_sk#25L,d_date_id#26,d_date#27,d_month_seq#28,d_week_seq#29,d_quarter_seq#30,d_year#31,d_dow#32,d_moy#33,d_dom#34,d_qoy#35,d_fy_year#36,d_fy_quarter_seq#37,d_fy_week_seq#38,d_day_name#39,d_quarter_name#40,d_holiday#41,d_weekend#42,d_following_holiday#43,d_first_dom#44,d_last_dom#45,d_same_day_ly#46,d_same_day_lq#47,d_current_day#48,... 4 more fields] orc
      :              :     :     +- Project [d_date_sk#25L]
      :              :     :        +- Filter (((((d_dom#34 >= 1) AND (d_dom#34 <= 3)) OR ((d_dom#34 >= 25) AND (d_dom#34 <= 28))) AND d_year#31 IN (1999,2000,2001)) AND isnotnull(d_date_sk#25L))
      :              :     :           +- FileScan orc tpcds_bin_partitioned_varchar_orc_1000.date_dim[d_date_sk#25L,d_year#31,d_dom#34] Batched: true, DataFilters: [(((d_dom#34 >= 1) AND (d_dom#34 <= 3)) OR ((d_dom#34 >= 25) AND (d_dom#34 <= 28))), d_year#31 IN..., Format: ORC, Location: InMemoryFileIndex[hdfs://vcloud-10-13:9000/user/hive/warehouse/tpcds_bin_partitioned_varchar_orc_..., PartitionFilters: [], PushedFilters: [Or(And(GreaterThanOrEqual(d_dom,1),LessThanOrEqual(d_dom,3)),And(GreaterThanOrEqual(d_dom,25),Le..., ReadSchema: struct<d_date_sk:bigint,d_year:int,d_dom:int>
      :              :     +- Project [s_store_sk#53L]
      :              :        +- Filter ((isnotnull(s_county#76) AND (s_county#76 = Williamson County)) AND isnotnull(s_store_sk#53L))
      :              :           +- FileScan orc tpcds_bin_partitioned_varchar_orc_1000.store[s_store_sk#53L,s_county#76] Batched: true, DataFilters: [isnotnull(s_county#76), (s_county#76 = Williamson County), isnotnull(s_store_sk#53L)], Format: ORC, Location: InMemoryFileIndex[hdfs://vcloud-10-13:9000/user/hive/warehouse/tpcds_bin_partitioned_varchar_orc_..., PartitionFilters: [], PushedFilters: [IsNotNull(s_county), EqualTo(s_county,Williamson County), IsNotNull(s_store_sk)], ReadSchema: struct<s_store_sk:bigint,s_county:string>
      :              +- Project [hd_demo_sk#82L]
      :                 +- Filter ((((isnotnull(hd_vehicle_count#86) AND ((hd_buy_potential#84 = >10000) OR (hd_buy_potential#84 = unknown))) AND (hd_vehicle_count#86 > 0)) AND (CASE WHEN (hd_vehicle_count#86 > 0) THEN (cast(hd_dep_count#85 as double) / cast(hd_vehicle_count#86 as double)) ELSE null END > 1.2)) AND isnotnull(hd_demo_sk#82L))
      :                    +- FileScan orc tpcds_bin_partitioned_varchar_orc_1000.household_demographics[hd_demo_sk#82L,hd_buy_potential#84,hd_dep_count#85,hd_vehicle_count#86] Batched: true, DataFilters: [isnotnull(hd_vehicle_count#86), ((hd_buy_potential#84 = >10000) OR (hd_buy_potential#84 = unknow..., Format: ORC, Location: InMemoryFileIndex[hdfs://vcloud-10-13:9000/user/hive/warehouse/tpcds_bin_partitioned_varchar_orc_..., PartitionFilters: [], PushedFilters: [IsNotNull(hd_vehicle_count), Or(EqualTo(hd_buy_potential,>10000),EqualTo(hd_buy_potential,unknow..., ReadSchema: struct<hd_demo_sk:bigint,hd_buy_potential:string,hd_dep_count:int,hd_vehicle_count:int>
      +- Project [c_customer_sk#87L, c_salutation#94, c_first_name#95, c_last_name#96, c_preferred_cust_flag#97]
         +- Filter isnotnull(c_customer_sk#87L)
            +- FileScan orc tpcds_bin_partitioned_varchar_orc_1000.customer[c_customer_sk#87L,c_salutation#94,c_first_name#95,c_last_name#96,c_preferred_cust_flag#97] Batched: true, DataFilters: [isnotnull(c_customer_sk#87L)], Format: ORC, Location: InMemoryFileIndex[hdfs://vcloud-10-13:9000/user/hive/warehouse/tpcds_bin_partitioned_varchar_orc_..., PartitionFilters: [], PushedFilters: [IsNotNull(c_customer_sk)], ReadSchema: struct<c_customer_sk:bigint,c_salutation:string,c_first_name:string,c_last_name:string,c_preferre...
.
Time taken: 17.735 seconds, Fetched 12144 row(s)
