24/04/26 15:01:32 WARN Utils: Your hostname, vcloud-10-13 resolves to a loopback address: 127.0.0.1; using 21.21.36.153 instead (on interface eno1)
24/04/26 15:01:32 WARN Utils: Set SPARK_LOCAL_IP if you need to bind to another address
24/04/26 15:01:32 WARN NativeCodeLoader: Unable to load native-hadoop library for your platform... using builtin-java classes where applicable
Setting default log level to "WARN".
To adjust logging level use sc.setLogLevel(newLevel). For SparkR, use setLogLevel(newLevel).
24/04/26 15:01:34 WARN Client: Neither spark.yarn.jars nor spark.yarn.archive is set, falling back to uploading libraries under SPARK_HOME.
Spark master: yarn, Application Id: application_1714105099579_0116
24/04/26 15:01:52 WARN SessionState: METASTORE_FILTER_HOOK will be ignored, since hive.security.authorization.manager is set to instance of HiveAuthorizerFactory.
24/04/26 15:01:56 WARN package: Truncated the string representation of a plan since it was too large. This behavior can be adjusted by setting 'spark.sql.debug.maxToStringFields'.
24/04/26 15:01:56 WARN InsertAdaptiveSparkPlan: spark.sql.adaptive.enabled is enabled but is not supported for query: TakeOrderedAndProject(limit=100, orderBy=[i_category#48 ASC NULLS FIRST,i_class#46 ASC NULLS FIRST,i_item_id#37 ASC NULLS FIRST,i_item_desc#40 ASC NULLS FIRST,revenueratio#1 ASC NULLS FIRST], output=[i_item_desc#40,i_category#48,i_class#46,i_current_price#41,itemrevenue#0,revenueratio#1])
+- Project [i_item_desc#40, i_category#48, i_class#46, i_current_price#41, itemrevenue#0, CheckOverflow((promote_precision(cast(CheckOverflow((promote_precision(_w0#90) * 100.00), DecimalType(21,2), true) as decimal(27,2))) / promote_precision(_we0#92)), DecimalType(38,17), true) AS revenueratio#1, i_item_id#37]
   +- Window [sum(_w1#91) windowspecdefinition(i_class#46, specifiedwindowframe(RowFrame, unboundedpreceding$(), unboundedfollowing$())) AS _we0#92], [i_class#46]
      +- HashAggregate(keys=[i_item_id#37, i_item_desc#40, i_category#48, i_class#46, i_current_price#41], functions=[sum(UnscaledValue(ws_ext_sales_price#24))], output=[i_item_desc#40, i_category#48, i_class#46, i_current_price#41, itemrevenue#0, _w0#90, _w1#91, i_item_id#37])
         +- HashAggregate(keys=[i_item_id#37, i_item_desc#40, i_category#48, i_class#46, i_current_price#41], functions=[partial_sum(UnscaledValue(ws_ext_sales_price#24))], output=[i_item_id#37, i_item_desc#40, i_category#48, i_class#46, i_current_price#41, sum#185L])
            +- Project [ws_ext_sales_price#24, i_item_id#37, i_item_desc#40, i_current_price#41, i_class#46, i_category#48]
               +- BroadcastHashJoin [ws_sold_date_sk#35L], [d_date_sk#58L], Inner, BuildRight, false
                  :- Project [ws_ext_sales_price#24, ws_sold_date_sk#35L, i_item_id#37, i_item_desc#40, i_current_price#41, i_class#46, i_category#48]
                  :  +- BroadcastHashJoin [ws_item_sk#4L], [i_item_sk#36L], Inner, BuildRight, false
                  :     :- Project [ws_item_sk#4L, ws_ext_sales_price#24, ws_sold_date_sk#35L]
                  :     :  +- Filter isnotnull(ws_item_sk#4L)
                  :     :     +- FileScan orc tpcds_bin_partitioned_varchar_orc_1000.web_sales[ws_item_sk#4L,ws_ext_sales_price#24,ws_sold_date_sk#35L] Batched: true, DataFilters: [isnotnull(ws_item_sk#4L)], Format: ORC, Location: InMemoryFileIndex[hdfs://vcloud-10-13:9000/user/hive/warehouse/tpcds_bin_partitioned_varchar_orc_..., PartitionFilters: [isnotnull(ws_sold_date_sk#35L), dynamicpruning#183 [ws_sold_date_sk#35L]], PushedFilters: [IsNotNull(ws_item_sk)], ReadSchema: struct<ws_item_sk:bigint,ws_ext_sales_price:decimal(7,2)>
                  :     :           +- Project [d_date_sk#58L]
                  :     :              +- Filter (((isnotnull(d_date#60) AND (d_date#60 >= 10644)) AND (d_date#60 <= 10674)) AND isnotnull(d_date_sk#58L))
                  :     :                 +- Relation[d_date_sk#58L,d_date_id#59,d_date#60,d_month_seq#61,d_week_seq#62,d_quarter_seq#63,d_year#64,d_dow#65,d_moy#66,d_dom#67,d_qoy#68,d_fy_year#69,d_fy_quarter_seq#70,d_fy_week_seq#71,d_day_name#72,d_quarter_name#73,d_holiday#74,d_weekend#75,d_following_holiday#76,d_first_dom#77,d_last_dom#78,d_same_day_ly#79,d_same_day_lq#80,d_current_day#81,... 4 more fields] orc
                  :     +- Project [i_item_sk#36L, i_item_id#37, i_item_desc#40, i_current_price#41, i_class#46, i_category#48]
                  :        +- Filter (i_category#48 IN (Sports,Books,Home) AND isnotnull(i_item_sk#36L))
                  :           +- FileScan orc tpcds_bin_partitioned_varchar_orc_1000.item[i_item_sk#36L,i_item_id#37,i_item_desc#40,i_current_price#41,i_class#46,i_category#48] Batched: true, DataFilters: [i_category#48 IN (Sports,Books,Home), isnotnull(i_item_sk#36L)], Format: ORC, Location: InMemoryFileIndex[hdfs://vcloud-10-13:9000/user/hive/warehouse/tpcds_bin_partitioned_varchar_orc_..., PartitionFilters: [], PushedFilters: [In(i_category, [Sports,Books,Home]), IsNotNull(i_item_sk)], ReadSchema: struct<i_item_sk:bigint,i_item_id:string,i_item_desc:string,i_current_price:decimal(7,2),i_class:...
                  +- Project [d_date_sk#58L]
                     +- Filter (((isnotnull(d_date#60) AND (d_date#60 >= 10644)) AND (d_date#60 <= 10674)) AND isnotnull(d_date_sk#58L))
                        +- FileScan orc tpcds_bin_partitioned_varchar_orc_1000.date_dim[d_date_sk#58L,d_date#60] Batched: true, DataFilters: [isnotnull(d_date#60), (d_date#60 >= 10644), (d_date#60 <= 10674), isnotnull(d_date_sk#58L)], Format: ORC, Location: InMemoryFileIndex[hdfs://vcloud-10-13:9000/user/hive/warehouse/tpcds_bin_partitioned_varchar_orc_..., PartitionFilters: [], PushedFilters: [IsNotNull(d_date), GreaterThanOrEqual(d_date,1999-02-22), LessThanOrEqual(d_date,1999-03-24), Is..., ReadSchema: struct<d_date_sk:bigint,d_date:date>
.
Time taken: 13.457 seconds, Fetched 100 row(s)
