24/04/26 15:09:22 WARN Utils: Your hostname, vcloud-10-13 resolves to a loopback address: 127.0.0.1; using 21.21.36.153 instead (on interface eno1)
24/04/26 15:09:22 WARN Utils: Set SPARK_LOCAL_IP if you need to bind to another address
24/04/26 15:09:22 WARN NativeCodeLoader: Unable to load native-hadoop library for your platform... using builtin-java classes where applicable
Setting default log level to "WARN".
To adjust logging level use sc.setLogLevel(newLevel). For SparkR, use setLogLevel(newLevel).
24/04/26 15:09:24 WARN Client: Neither spark.yarn.jars nor spark.yarn.archive is set, falling back to uploading libraries under SPARK_HOME.
Spark master: yarn, Application Id: application_1714105099579_0120
24/04/26 15:09:42 WARN SessionState: METASTORE_FILTER_HOOK will be ignored, since hive.security.authorization.manager is set to instance of HiveAuthorizerFactory.
24/04/26 15:09:46 WARN package: Truncated the string representation of a plan since it was too large. This behavior can be adjusted by setting 'spark.sql.debug.maxToStringFields'.
24/04/26 15:09:46 WARN InsertAdaptiveSparkPlan: spark.sql.adaptive.enabled is enabled but is not supported for query: TakeOrderedAndProject(limit=100, orderBy=[ca_zip#61 ASC NULLS FIRST], output=[ca_zip#61,sum(cs_sales_price)#94])
+- HashAggregate(keys=[ca_zip#61], functions=[sum(UnscaledValue(cs_sales_price#20))], output=[ca_zip#61, sum(cs_sales_price)#94])
   +- HashAggregate(keys=[ca_zip#61], functions=[partial_sum(UnscaledValue(cs_sales_price#20))], output=[ca_zip#61, sum#193L])
      +- Project [cs_sales_price#20, ca_zip#61]
         +- BroadcastHashJoin [cs_sold_date_sk#33L], [d_date_sk#65L], Inner, BuildRight, false
            :- Project [cs_sales_price#20, cs_sold_date_sk#33L, ca_zip#61]
            :  +- BroadcastHashJoin [c_current_addr_sk#38L], [ca_address_sk#52L], Inner, BuildRight, ((substr(ca_zip#61, 1, 5) IN (85669,86197,88274,83405,86475,85392,85460,80348,81792) OR ca_state#60 IN (CA,WA,GA)) OR (cs_sales_price#20 > 500.00)), false
            :     :- Project [cs_sales_price#20, cs_sold_date_sk#33L, c_current_addr_sk#38L]
            :     :  +- BroadcastHashJoin [cs_bill_customer_sk#2L], [c_customer_sk#34L], Inner, BuildRight, false
            :     :     :- Project [cs_bill_customer_sk#2L, cs_sales_price#20, cs_sold_date_sk#33L]
            :     :     :  +- Filter isnotnull(cs_bill_customer_sk#2L)
            :     :     :     +- FileScan orc tpcds_bin_partitioned_varchar_orc_1000.catalog_sales[cs_bill_customer_sk#2L,cs_sales_price#20,cs_sold_date_sk#33L] Batched: true, DataFilters: [isnotnull(cs_bill_customer_sk#2L)], Format: ORC, Location: InMemoryFileIndex[hdfs://vcloud-10-13:9000/user/hive/warehouse/tpcds_bin_partitioned_varchar_orc_..., PartitionFilters: [isnotnull(cs_sold_date_sk#33L), dynamicpruning#191 [cs_sold_date_sk#33L]], PushedFilters: [IsNotNull(cs_bill_customer_sk)], ReadSchema: struct<cs_bill_customer_sk:bigint,cs_sales_price:decimal(7,2)>
            :     :     :           +- Project [d_date_sk#65L]
            :     :     :              +- Filter ((((isnotnull(d_qoy#75) AND isnotnull(d_year#71)) AND (d_qoy#75 = 2)) AND (d_year#71 = 2001)) AND isnotnull(d_date_sk#65L))
            :     :     :                 +- Relation[d_date_sk#65L,d_date_id#66,d_date#67,d_month_seq#68,d_week_seq#69,d_quarter_seq#70,d_year#71,d_dow#72,d_moy#73,d_dom#74,d_qoy#75,d_fy_year#76,d_fy_quarter_seq#77,d_fy_week_seq#78,d_day_name#79,d_quarter_name#80,d_holiday#81,d_weekend#82,d_following_holiday#83,d_first_dom#84,d_last_dom#85,d_same_day_ly#86,d_same_day_lq#87,d_current_day#88,... 4 more fields] orc
            :     :     +- Project [c_customer_sk#34L, c_current_addr_sk#38L]
            :     :        +- Filter (isnotnull(c_customer_sk#34L) AND isnotnull(c_current_addr_sk#38L))
            :     :           +- FileScan orc tpcds_bin_partitioned_varchar_orc_1000.customer[c_customer_sk#34L,c_current_addr_sk#38L] Batched: true, DataFilters: [isnotnull(c_customer_sk#34L), isnotnull(c_current_addr_sk#38L)], Format: ORC, Location: InMemoryFileIndex[hdfs://vcloud-10-13:9000/user/hive/warehouse/tpcds_bin_partitioned_varchar_orc_..., PartitionFilters: [], PushedFilters: [IsNotNull(c_customer_sk), IsNotNull(c_current_addr_sk)], ReadSchema: struct<c_customer_sk:bigint,c_current_addr_sk:bigint>
            :     +- Project [ca_address_sk#52L, ca_state#60, ca_zip#61]
            :        +- Filter isnotnull(ca_address_sk#52L)
            :           +- FileScan orc tpcds_bin_partitioned_varchar_orc_1000.customer_address[ca_address_sk#52L,ca_state#60,ca_zip#61] Batched: true, DataFilters: [isnotnull(ca_address_sk#52L)], Format: ORC, Location: InMemoryFileIndex[hdfs://vcloud-10-13:9000/user/hive/warehouse/tpcds_bin_partitioned_varchar_orc_..., PartitionFilters: [], PushedFilters: [IsNotNull(ca_address_sk)], ReadSchema: struct<ca_address_sk:bigint,ca_state:string,ca_zip:string>
            +- Project [d_date_sk#65L]
               +- Filter ((((isnotnull(d_qoy#75) AND isnotnull(d_year#71)) AND (d_qoy#75 = 2)) AND (d_year#71 = 2001)) AND isnotnull(d_date_sk#65L))
                  +- FileScan orc tpcds_bin_partitioned_varchar_orc_1000.date_dim[d_date_sk#65L,d_year#71,d_qoy#75] Batched: true, DataFilters: [isnotnull(d_qoy#75), isnotnull(d_year#71), (d_qoy#75 = 2), (d_year#71 = 2001), isnotnull(d_date_..., Format: ORC, Location: InMemoryFileIndex[hdfs://vcloud-10-13:9000/user/hive/warehouse/tpcds_bin_partitioned_varchar_orc_..., PartitionFilters: [], PushedFilters: [IsNotNull(d_qoy), IsNotNull(d_year), EqualTo(d_qoy,2), EqualTo(d_year,2001), IsNotNull(d_date_sk)], ReadSchema: struct<d_date_sk:bigint,d_year:int,d_qoy:int>
.
Time taken: 19.501 seconds, Fetched 100 row(s)
