24/04/26 15:55:26 WARN Utils: Your hostname, vcloud-10-13 resolves to a loopback address: 127.0.0.1; using 21.21.36.153 instead (on interface eno1)
24/04/26 15:55:26 WARN Utils: Set SPARK_LOCAL_IP if you need to bind to another address
24/04/26 15:55:26 WARN NativeCodeLoader: Unable to load native-hadoop library for your platform... using builtin-java classes where applicable
Setting default log level to "WARN".
To adjust logging level use sc.setLogLevel(newLevel). For SparkR, use setLogLevel(newLevel).
24/04/26 15:55:28 WARN Client: Neither spark.yarn.jars nor spark.yarn.archive is set, falling back to uploading libraries under SPARK_HOME.
Spark master: yarn, Application Id: application_1714105099579_0156
24/04/26 15:55:45 WARN SessionState: METASTORE_FILTER_HOOK will be ignored, since hive.security.authorization.manager is set to instance of HiveAuthorizerFactory.
24/04/26 15:55:50 WARN package: Truncated the string representation of a plan since it was too large. This behavior can be adjusted by setting 'spark.sql.debug.maxToStringFields'.
24/04/26 15:55:50 WARN InsertAdaptiveSparkPlan: spark.sql.adaptive.enabled is enabled but is not supported for query: HashAggregate(keys=[], functions=[sum(cast(ss_quantity#9 as bigint))], output=[sum(ss_quantity)#103L])
+- HashAggregate(keys=[], functions=[partial_sum(cast(ss_quantity#9 as bigint))], output=[sum#209L])
   +- Project [ss_quantity#9]
      +- BroadcastHashJoin [ss_sold_date_sk#22L], [d_date_sk#74L], Inner, BuildRight, false
         :- Project [ss_quantity#9, ss_sold_date_sk#22L]
         :  +- BroadcastHashJoin [ss_addr_sk#5L], [ca_address_sk#61L], Inner, BuildRight, ((((ca_state#69 IN (CO,OH,TX) AND (ss_net_profit#21 >= 0.00)) AND (ss_net_profit#21 <= 2000.00)) OR ((ca_state#69 IN (OR,MN,KY) AND (ss_net_profit#21 >= 150.00)) AND (ss_net_profit#21 <= 3000.00))) OR ((ca_state#69 IN (VA,CA,MS) AND (ss_net_profit#21 >= 50.00)) AND (ss_net_profit#21 <= 25000.00))), false
         :     :- Project [ss_addr_sk#5L, ss_quantity#9, ss_net_profit#21, ss_sold_date_sk#22L]
         :     :  +- BroadcastHashJoin [ss_cdemo_sk#3L], [cd_demo_sk#52L], Inner, BuildRight, ((((((cd_marital_status#54 = M) AND (cd_education_status#55 = 4 yr Degree)) AND (ss_sales_price#12 >= 100.00)) AND (ss_sales_price#12 <= 150.00)) OR ((((cd_marital_status#54 = D) AND (cd_education_status#55 = 2 yr Degree)) AND (ss_sales_price#12 >= 50.00)) AND (ss_sales_price#12 <= 100.00))) OR ((((cd_marital_status#54 = S) AND (cd_education_status#55 = College)) AND (ss_sales_price#12 >= 150.00)) AND (ss_sales_price#12 <= 200.00))), false
         :     :     :- Project [ss_cdemo_sk#3L, ss_addr_sk#5L, ss_quantity#9, ss_sales_price#12, ss_net_profit#21, ss_sold_date_sk#22L]
         :     :     :  +- BroadcastHashJoin [ss_store_sk#6L], [s_store_sk#23L], Inner, BuildRight, false
         :     :     :     :- Project [ss_cdemo_sk#3L, ss_addr_sk#5L, ss_store_sk#6L, ss_quantity#9, ss_sales_price#12, ss_net_profit#21, ss_sold_date_sk#22L]
         :     :     :     :  +- Filter ((((isnotnull(ss_store_sk#6L) AND isnotnull(ss_cdemo_sk#3L)) AND isnotnull(ss_addr_sk#5L)) AND ((((ss_sales_price#12 >= 100.00) AND (ss_sales_price#12 <= 150.00)) OR ((ss_sales_price#12 >= 50.00) AND (ss_sales_price#12 <= 100.00))) OR ((ss_sales_price#12 >= 150.00) AND (ss_sales_price#12 <= 200.00)))) AND ((((ss_net_profit#21 >= 0.00) AND (ss_net_profit#21 <= 2000.00)) OR ((ss_net_profit#21 >= 150.00) AND (ss_net_profit#21 <= 3000.00))) OR ((ss_net_profit#21 >= 50.00) AND (ss_net_profit#21 <= 25000.00))))
         :     :     :     :     +- FileScan orc tpcds_bin_partitioned_varchar_orc_1000.store_sales[ss_cdemo_sk#3L,ss_addr_sk#5L,ss_store_sk#6L,ss_quantity#9,ss_sales_price#12,ss_net_profit#21,ss_sold_date_sk#22L] Batched: true, DataFilters: [isnotnull(ss_store_sk#6L), isnotnull(ss_cdemo_sk#3L), isnotnull(ss_addr_sk#5L), ((((ss_sales_pri..., Format: ORC, Location: InMemoryFileIndex[hdfs://vcloud-10-13:9000/user/hive/warehouse/tpcds_bin_partitioned_varchar_orc_..., PartitionFilters: [isnotnull(ss_sold_date_sk#22L), dynamicpruning#207 [ss_sold_date_sk#22L]], PushedFilters: [IsNotNull(ss_store_sk), IsNotNull(ss_cdemo_sk), IsNotNull(ss_addr_sk), Or(Or(And(GreaterThanOrEq..., ReadSchema: struct<ss_cdemo_sk:bigint,ss_addr_sk:bigint,ss_store_sk:bigint,ss_quantity:int,ss_sales_price:dec...
         :     :     :     :           +- Project [d_date_sk#74L]
         :     :     :     :              +- Filter ((isnotnull(d_year#80) AND (d_year#80 = 2001)) AND isnotnull(d_date_sk#74L))
         :     :     :     :                 +- Relation[d_date_sk#74L,d_date_id#75,d_date#76,d_month_seq#77,d_week_seq#78,d_quarter_seq#79,d_year#80,d_dow#81,d_moy#82,d_dom#83,d_qoy#84,d_fy_year#85,d_fy_quarter_seq#86,d_fy_week_seq#87,d_day_name#88,d_quarter_name#89,d_holiday#90,d_weekend#91,d_following_holiday#92,d_first_dom#93,d_last_dom#94,d_same_day_ly#95,d_same_day_lq#96,d_current_day#97,... 4 more fields] orc
         :     :     :     +- Project [s_store_sk#23L]
         :     :     :        +- Filter isnotnull(s_store_sk#23L)
         :     :     :           +- FileScan orc tpcds_bin_partitioned_varchar_orc_1000.store[s_store_sk#23L] Batched: true, DataFilters: [isnotnull(s_store_sk#23L)], Format: ORC, Location: InMemoryFileIndex[hdfs://vcloud-10-13:9000/user/hive/warehouse/tpcds_bin_partitioned_varchar_orc_..., PartitionFilters: [], PushedFilters: [IsNotNull(s_store_sk)], ReadSchema: struct<s_store_sk:bigint>
         :     :     +- Project [cd_demo_sk#52L, cd_marital_status#54, cd_education_status#55]
         :     :        +- Filter (isnotnull(cd_demo_sk#52L) AND ((((cd_marital_status#54 = M) AND (cd_education_status#55 = 4 yr Degree)) OR ((cd_marital_status#54 = D) AND (cd_education_status#55 = 2 yr Degree))) OR ((cd_marital_status#54 = S) AND (cd_education_status#55 = College))))
         :     :           +- FileScan orc tpcds_bin_partitioned_varchar_orc_1000.customer_demographics[cd_demo_sk#52L,cd_marital_status#54,cd_education_status#55] Batched: true, DataFilters: [isnotnull(cd_demo_sk#52L), ((((cd_marital_status#54 = M) AND (cd_education_status#55 = 4 yr Degr..., Format: ORC, Location: InMemoryFileIndex[hdfs://vcloud-10-13:9000/user/hive/warehouse/tpcds_bin_partitioned_varchar_orc_..., PartitionFilters: [], PushedFilters: [IsNotNull(cd_demo_sk), Or(Or(And(EqualTo(cd_marital_status,M),EqualTo(cd_education_status,4 yr D..., ReadSchema: struct<cd_demo_sk:bigint,cd_marital_status:string,cd_education_status:string>
         :     +- Project [ca_address_sk#61L, ca_state#69]
         :        +- Filter (((isnotnull(ca_country#71) AND (ca_country#71 = United States)) AND isnotnull(ca_address_sk#61L)) AND ((ca_state#69 IN (CO,OH,TX) OR ca_state#69 IN (OR,MN,KY)) OR ca_state#69 IN (VA,CA,MS)))
         :           +- FileScan orc tpcds_bin_partitioned_varchar_orc_1000.customer_address[ca_address_sk#61L,ca_state#69,ca_country#71] Batched: true, DataFilters: [isnotnull(ca_country#71), (ca_country#71 = United States), isnotnull(ca_address_sk#61L), ((ca_st..., Format: ORC, Location: InMemoryFileIndex[hdfs://vcloud-10-13:9000/user/hive/warehouse/tpcds_bin_partitioned_varchar_orc_..., PartitionFilters: [], PushedFilters: [IsNotNull(ca_country), EqualTo(ca_country,United States), IsNotNull(ca_address_sk), Or(Or(In(ca_..., ReadSchema: struct<ca_address_sk:bigint,ca_state:string,ca_country:string>
         +- Project [d_date_sk#74L]
            +- Filter ((isnotnull(d_year#80) AND (d_year#80 = 2001)) AND isnotnull(d_date_sk#74L))
               +- FileScan orc tpcds_bin_partitioned_varchar_orc_1000.date_dim[d_date_sk#74L,d_year#80] Batched: true, DataFilters: [isnotnull(d_year#80), (d_year#80 = 2001), isnotnull(d_date_sk#74L)], Format: ORC, Location: InMemoryFileIndex[hdfs://vcloud-10-13:9000/user/hive/warehouse/tpcds_bin_partitioned_varchar_orc_..., PartitionFilters: [], PushedFilters: [IsNotNull(d_year), EqualTo(d_year,2001), IsNotNull(d_date_sk)], ReadSchema: struct<d_date_sk:bigint,d_year:int>
.
Time taken: 20.136 seconds, Fetched 1 row(s)
