24/04/26 15:21:46 WARN Utils: Your hostname, vcloud-10-13 resolves to a loopback address: 127.0.0.1; using 21.21.36.153 instead (on interface eno1)
24/04/26 15:21:46 WARN Utils: Set SPARK_LOCAL_IP if you need to bind to another address
24/04/26 15:21:46 WARN NativeCodeLoader: Unable to load native-hadoop library for your platform... using builtin-java classes where applicable
Setting default log level to "WARN".
To adjust logging level use sc.setLogLevel(newLevel). For SparkR, use setLogLevel(newLevel).
24/04/26 15:21:49 WARN Client: Neither spark.yarn.jars nor spark.yarn.archive is set, falling back to uploading libraries under SPARK_HOME.
Spark master: yarn, Application Id: application_1714105099579_0129
24/04/26 15:22:07 WARN SessionState: METASTORE_FILTER_HOOK will be ignored, since hive.security.authorization.manager is set to instance of HiveAuthorizerFactory.
24/04/26 15:22:15 WARN package: Truncated the string representation of a plan since it was too large. This behavior can be adjusted by setting 'spark.sql.debug.maxToStringFields'.
24/04/26 15:22:15 WARN InsertAdaptiveSparkPlan: spark.sql.adaptive.enabled is enabled but is not supported for query: TakeOrderedAndProject(limit=100, orderBy=[c_last_name#57 ASC NULLS FIRST,c_first_name#56 ASC NULLS FIRST,sales#2 ASC NULLS FIRST], output=[c_last_name#57,c_first_name#56,sales#2])
+- Union
   :- HashAggregate(keys=[c_last_name#57, c_first_name#56], functions=[sum(CheckOverflow((promote_precision(cast(cast(cs_quantity#31 as decimal(10,0)) as decimal(12,2))) * promote_precision(cast(cs_list_price#33 as decimal(12,2)))), DecimalType(18,2), true))], output=[c_last_name#57, c_first_name#56, sales#2])
   :  +- HashAggregate(keys=[c_last_name#57, c_first_name#56], functions=[partial_sum(CheckOverflow((promote_precision(cast(cast(cs_quantity#31 as decimal(10,0)) as decimal(12,2))) * promote_precision(cast(cs_list_price#33 as decimal(12,2)))), DecimalType(18,2), true))], output=[c_last_name#57, c_first_name#56, sum#748, isEmpty#749])
   :     +- Project [cs_quantity#31, cs_list_price#33, c_first_name#56, c_last_name#57]
   :        +- BroadcastHashJoin [cs_sold_date_sk#47L], [d_date_sk#66L], Inner, BuildRight, false
   :           :- Project [cs_quantity#31, cs_list_price#33, cs_sold_date_sk#47L, c_first_name#56, c_last_name#57]
   :           :  +- SortMergeJoin [cs_bill_customer_sk#16L], [c_customer_sk#48L], Inner
   :           :     :- SortMergeJoin [cs_bill_customer_sk#16L], [c_customer_sk#349L], LeftSemi
   :           :     :  :- Project [cs_bill_customer_sk#16L, cs_quantity#31, cs_list_price#33, cs_sold_date_sk#47L]
   :           :     :  :  +- SortMergeJoin [cs_item_sk#28L], [item_sk#7L], LeftSemi
   :           :     :  :     :- Project [cs_bill_customer_sk#16L, cs_item_sk#28L, cs_quantity#31, cs_list_price#33, cs_sold_date_sk#47L]
   :           :     :  :     :  +- Filter isnotnull(cs_bill_customer_sk#16L)
   :           :     :  :     :     +- FileScan orc tpcds_bin_partitioned_varchar_orc_1000.catalog_sales[cs_bill_customer_sk#16L,cs_item_sk#28L,cs_quantity#31,cs_list_price#33,cs_sold_date_sk#47L] Batched: true, DataFilters: [isnotnull(cs_bill_customer_sk#16L)], Format: ORC, Location: InMemoryFileIndex[hdfs://vcloud-10-13:9000/user/hive/warehouse/tpcds_bin_partitioned_varchar_orc_..., PartitionFilters: [isnotnull(cs_sold_date_sk#47L), dynamicpruning#739 [cs_sold_date_sk#47L]], PushedFilters: [IsNotNull(cs_bill_customer_sk)], ReadSchema: struct<cs_bill_customer_sk:bigint,cs_item_sk:bigint,cs_quantity:int,cs_list_price:decimal(7,2)>
   :           :     :  :     :           +- Project [d_date_sk#66L]
   :           :     :  :     :              +- Filter ((((isnotnull(d_year#72) AND isnotnull(d_moy#74)) AND (d_year#72 = 2000)) AND (d_moy#74 = 2)) AND isnotnull(d_date_sk#66L))
   :           :     :  :     :                 +- Relation[d_date_sk#66L,d_date_id#67,d_date#68,d_month_seq#69,d_week_seq#70,d_quarter_seq#71,d_year#72,d_dow#73,d_moy#74,d_dom#75,d_qoy#76,d_fy_year#77,d_fy_quarter_seq#78,d_fy_week_seq#79,d_day_name#80,d_quarter_name#81,d_holiday#82,d_weekend#83,d_following_holiday#84,d_first_dom#85,d_last_dom#86,d_same_day_ly#87,d_same_day_lq#88,d_current_day#89,... 4 more fields] orc
   :           :     :  :     +- Project [item_sk#7L]
   :           :     :  :        +- Filter (count(1)#323L > 4)
   :           :     :  :           +- HashAggregate(keys=[substr(i_item_desc#231, 1, 30)#750, i_item_sk#227L, d_date#201], functions=[count(1)], output=[item_sk#7L, count(1)#323L])
   :           :     :  :              +- HashAggregate(keys=[substr(i_item_desc#231, 1, 30) AS substr(i_item_desc#231, 1, 30)#750, i_item_sk#227L, d_date#201], functions=[partial_count(1)], output=[substr(i_item_desc#231, 1, 30)#750, i_item_sk#227L, d_date#201, count#752L])
   :           :     :  :                 +- Project [d_date#201, i_item_sk#227L, i_item_desc#231]
   :           :     :  :                    +- BroadcastHashJoin [ss_item_sk#177L], [i_item_sk#227L], Inner, BuildRight, false
   :           :     :  :                       :- Project [ss_item_sk#177L, d_date#201]
   :           :     :  :                       :  +- BroadcastHashJoin [ss_sold_date_sk#198L], [d_date_sk#199L], Inner, BuildRight, false
   :           :     :  :                       :     :- Project [ss_item_sk#177L, ss_sold_date_sk#198L]
   :           :     :  :                       :     :  +- Filter isnotnull(ss_item_sk#177L)
   :           :     :  :                       :     :     +- FileScan orc tpcds_bin_partitioned_varchar_orc_1000.store_sales[ss_item_sk#177L,ss_sold_date_sk#198L] Batched: true, DataFilters: [isnotnull(ss_item_sk#177L)], Format: ORC, Location: InMemoryFileIndex[hdfs://vcloud-10-13:9000/user/hive/warehouse/tpcds_bin_partitioned_varchar_orc_..., PartitionFilters: [isnotnull(ss_sold_date_sk#198L), dynamicpruning#732 [ss_sold_date_sk#198L]], PushedFilters: [IsNotNull(ss_item_sk)], ReadSchema: struct<ss_item_sk:bigint>
   :           :     :  :                       :     :           +- Project [d_date_sk#199L, d_date#201]
   :           :     :  :                       :     :              +- Filter (d_year#205 IN (2000,2001,2002,2003) AND isnotnull(d_date_sk#199L))
   :           :     :  :                       :     :                 +- Relation[d_date_sk#199L,d_date_id#200,d_date#201,d_month_seq#202,d_week_seq#203,d_quarter_seq#204,d_year#205,d_dow#206,d_moy#207,d_dom#208,d_qoy#209,d_fy_year#210,d_fy_quarter_seq#211,d_fy_week_seq#212,d_day_name#213,d_quarter_name#214,d_holiday#215,d_weekend#216,d_following_holiday#217,d_first_dom#218,d_last_dom#219,d_same_day_ly#220,d_same_day_lq#221,d_current_day#222,... 4 more fields] orc
   :           :     :  :                       :     +- Project [d_date_sk#199L, d_date#201]
   :           :     :  :                       :        +- Filter (d_year#205 IN (2000,2001,2002,2003) AND isnotnull(d_date_sk#199L))
   :           :     :  :                       :           +- FileScan orc tpcds_bin_partitioned_varchar_orc_1000.date_dim[d_date_sk#199L,d_date#201,d_year#205] Batched: true, DataFilters: [d_year#205 IN (2000,2001,2002,2003), isnotnull(d_date_sk#199L)], Format: ORC, Location: InMemoryFileIndex[hdfs://vcloud-10-13:9000/user/hive/warehouse/tpcds_bin_partitioned_varchar_orc_..., PartitionFilters: [], PushedFilters: [In(d_year, [2000,2001,2002,2003]), IsNotNull(d_date_sk)], ReadSchema: struct<d_date_sk:bigint,d_date:date,d_year:int>
   :           :     :  :                       +- Project [i_item_sk#227L, i_item_desc#231]
   :           :     :  :                          +- Filter isnotnull(i_item_sk#227L)
   :           :     :  :                             +- FileScan orc tpcds_bin_partitioned_varchar_orc_1000.item[i_item_sk#227L,i_item_desc#231] Batched: true, DataFilters: [isnotnull(i_item_sk#227L)], Format: ORC, Location: InMemoryFileIndex[hdfs://vcloud-10-13:9000/user/hive/warehouse/tpcds_bin_partitioned_varchar_orc_..., PartitionFilters: [], PushedFilters: [IsNotNull(i_item_sk)], ReadSchema: struct<i_item_sk:bigint,i_item_desc:string>
   :           :     :  +- Project [c_customer_sk#349L]
   :           :     :     +- Filter (isnotnull(sum(CheckOverflow((promote_precision(cast(cast(ss_quantity#335 as decimal(10,0)) as decimal(12,2))) * promote_precision(cast(ss_sales_price#338 as decimal(12,2)))), DecimalType(18,2), true))#459) AND (cast(sum(CheckOverflow((promote_precision(cast(cast(ss_quantity#335 as decimal(10,0)) as decimal(12,2))) * promote_precision(cast(ss_sales_price#338 as decimal(12,2)))), DecimalType(18,2), true))#459 as decimal(38,8)) > CheckOverflow((0.500000 * promote_precision(cast(scalar-subquery#13 [] as decimal(32,6)))), DecimalType(38,8), true)))
   :           :     :        :  +- Aggregate [max(csales#10) AS tpcds_cmax#11]
   :           :     :        :     +- Aggregate [c_customer_sk#391L], [sum(CheckOverflow((promote_precision(cast(cast(ss_quantity#377 as decimal(10,0)) as decimal(12,2))) * promote_precision(cast(ss_sales_price#380 as decimal(12,2)))), DecimalType(18,2), true)) AS csales#10]
   :           :     :        :        +- Project [ss_quantity#377, ss_sales_price#380, c_customer_sk#391L]
   :           :     :        :           +- Join Inner, (ss_sold_date_sk#390L = d_date_sk#409L)
   :           :     :        :              :- Project [ss_quantity#377, ss_sales_price#380, ss_sold_date_sk#390L, c_customer_sk#391L]
   :           :     :        :              :  +- Join Inner, (ss_customer_sk#370L = c_customer_sk#391L)
   :           :     :        :              :     :- Project [ss_customer_sk#370L, ss_quantity#377, ss_sales_price#380, ss_sold_date_sk#390L]
   :           :     :        :              :     :  +- Filter ((isnotnull(ss_customer_sk#370L) AND isnotnull(ss_sold_date_sk#390L)) AND dynamicpruning#733 [ss_sold_date_sk#390L])
   :           :     :        :              :     :     :  +- Project [d_date_sk#409L]
   :           :     :        :              :     :     :     +- Filter (d_year#415 IN (2000,2001,2002,2003) AND isnotnull(d_date_sk#409L))
   :           :     :        :              :     :     :        +- Relation[d_date_sk#409L,d_date_id#410,d_date#411,d_month_seq#412,d_week_seq#413,d_quarter_seq#414,d_year#415,d_dow#416,d_moy#417,d_dom#418,d_qoy#419,d_fy_year#420,d_fy_quarter_seq#421,d_fy_week_seq#422,d_day_name#423,d_quarter_name#424,d_holiday#425,d_weekend#426,d_following_holiday#427,d_first_dom#428,d_last_dom#429,d_same_day_ly#430,d_same_day_lq#431,d_current_day#432,... 4 more fields] orc
   :           :     :        :              :     :     +- Relation[ss_sold_time_sk#368L,ss_item_sk#369L,ss_customer_sk#370L,ss_cdemo_sk#371L,ss_hdemo_sk#372L,ss_addr_sk#373L,ss_store_sk#374L,ss_promo_sk#375L,ss_ticket_number#376L,ss_quantity#377,ss_wholesale_cost#378,ss_list_price#379,ss_sales_price#380,ss_ext_discount_amt#381,ss_ext_sales_price#382,ss_ext_wholesale_cost#383,ss_ext_list_price#384,ss_ext_tax#385,ss_coupon_amt#386,ss_net_paid#387,ss_net_paid_inc_tax#388,ss_net_profit#389,ss_sold_date_sk#390L] orc
   :           :     :        :              :     +- Project [c_customer_sk#391L]
   :           :     :        :              :        +- Filter isnotnull(c_customer_sk#391L)
   :           :     :        :              :           +- Relation[c_customer_sk#391L,c_customer_id#392,c_current_cdemo_sk#393L,c_current_hdemo_sk#394L,c_current_addr_sk#395L,c_first_shipto_date_sk#396L,c_first_sales_date_sk#397L,c_salutation#398,c_first_name#399,c_last_name#400,c_preferred_cust_flag#401,c_birth_day#402,c_birth_month#403,c_birth_year#404,c_birth_country#405,c_login#406,c_email_address#407,c_last_review_date_sk#408L] orc
   :           :     :        :              +- Project [d_date_sk#409L]
   :           :     :        :                 +- Filter (d_year#415 IN (2000,2001,2002,2003) AND isnotnull(d_date_sk#409L))
   :           :     :        :                    +- Relation[d_date_sk#409L,d_date_id#410,d_date#411,d_month_seq#412,d_week_seq#413,d_quarter_seq#414,d_year#415,d_dow#416,d_moy#417,d_dom#418,d_qoy#419,d_fy_year#420,d_fy_quarter_seq#421,d_fy_week_seq#422,d_day_name#423,d_quarter_name#424,d_holiday#425,d_weekend#426,d_following_holiday#427,d_first_dom#428,d_last_dom#429,d_same_day_ly#430,d_same_day_lq#431,d_current_day#432,... 4 more fields] orc
   :           :     :        +- HashAggregate(keys=[c_customer_sk#349L], functions=[sum(CheckOverflow((promote_precision(cast(cast(ss_quantity#335 as decimal(10,0)) as decimal(12,2))) * promote_precision(cast(ss_sales_price#338 as decimal(12,2)))), DecimalType(18,2), true))], output=[c_customer_sk#349L, sum(CheckOverflow((promote_precision(cast(cast(ss_quantity#335 as decimal(10,0)) as decimal(12,2))) * promote_precision(cast(ss_sales_price#338 as decimal(12,2)))), DecimalType(18,2), true))#459])
   :           :     :           +- HashAggregate(keys=[c_customer_sk#349L], functions=[partial_sum(CheckOverflow((promote_precision(cast(cast(ss_quantity#335 as decimal(10,0)) as decimal(12,2))) * promote_precision(cast(ss_sales_price#338 as decimal(12,2)))), DecimalType(18,2), true))], output=[c_customer_sk#349L, sum#755, isEmpty#756])
   :           :     :              +- Project [ss_quantity#335, ss_sales_price#338, c_customer_sk#349L]
   :           :     :                 +- BroadcastHashJoin [ss_customer_sk#328L], [c_customer_sk#349L], Inner, BuildRight, false
   :           :     :                    :- Project [ss_customer_sk#328L, ss_quantity#335, ss_sales_price#338]
   :           :     :                    :  +- Filter isnotnull(ss_customer_sk#328L)
   :           :     :                    :     +- FileScan orc tpcds_bin_partitioned_varchar_orc_1000.store_sales[ss_customer_sk#328L,ss_quantity#335,ss_sales_price#338,ss_sold_date_sk#348L] Batched: true, DataFilters: [isnotnull(ss_customer_sk#328L)], Format: ORC, Location: CatalogFileIndex[hdfs://vcloud-10-13:9000/user/hive/warehouse/tpcds_bin_partitioned_varchar_orc_1..., PartitionFilters: [], PushedFilters: [IsNotNull(ss_customer_sk)], ReadSchema: struct<ss_customer_sk:bigint,ss_quantity:int,ss_sales_price:decimal(7,2)>
   :           :     :                    +- Project [c_customer_sk#349L]
   :           :     :                       +- Filter isnotnull(c_customer_sk#349L)
   :           :     :                          +- FileScan orc tpcds_bin_partitioned_varchar_orc_1000.customer[c_customer_sk#349L] Batched: true, DataFilters: [isnotnull(c_customer_sk#349L)], Format: ORC, Location: InMemoryFileIndex[hdfs://vcloud-10-13:9000/user/hive/warehouse/tpcds_bin_partitioned_varchar_orc_..., PartitionFilters: [], PushedFilters: [IsNotNull(c_customer_sk)], ReadSchema: struct<c_customer_sk:bigint>
   :           :     +- SortMergeJoin [c_customer_sk#48L], [c_customer_sk#349L], LeftSemi
   :           :        :- Project [c_customer_sk#48L, c_first_name#56, c_last_name#57]
   :           :        :  +- Filter isnotnull(c_customer_sk#48L)
   :           :        :     +- FileScan orc tpcds_bin_partitioned_varchar_orc_1000.customer[c_customer_sk#48L,c_first_name#56,c_last_name#57] Batched: true, DataFilters: [isnotnull(c_customer_sk#48L)], Format: ORC, Location: InMemoryFileIndex[hdfs://vcloud-10-13:9000/user/hive/warehouse/tpcds_bin_partitioned_varchar_orc_..., PartitionFilters: [], PushedFilters: [IsNotNull(c_customer_sk)], ReadSchema: struct<c_customer_sk:bigint,c_first_name:string,c_last_name:string>
   :           :        +- Project [c_customer_sk#349L]
   :           :           +- Filter (isnotnull(sum(CheckOverflow((promote_precision(cast(cast(ss_quantity#335 as decimal(10,0)) as decimal(12,2))) * promote_precision(cast(ss_sales_price#338 as decimal(12,2)))), DecimalType(18,2), true))#459) AND (cast(sum(CheckOverflow((promote_precision(cast(cast(ss_quantity#335 as decimal(10,0)) as decimal(12,2))) * promote_precision(cast(ss_sales_price#338 as decimal(12,2)))), DecimalType(18,2), true))#459 as decimal(38,8)) > CheckOverflow((0.500000 * promote_precision(cast(scalar-subquery#13 [] as decimal(32,6)))), DecimalType(38,8), true)))
   :           :              :  +- Aggregate [max(csales#10) AS tpcds_cmax#11]
   :           :              :     +- Aggregate [c_customer_sk#391L], [sum(CheckOverflow((promote_precision(cast(cast(ss_quantity#377 as decimal(10,0)) as decimal(12,2))) * promote_precision(cast(ss_sales_price#380 as decimal(12,2)))), DecimalType(18,2), true)) AS csales#10]
   :           :              :        +- Project [ss_quantity#377, ss_sales_price#380, c_customer_sk#391L]
   :           :              :           +- Join Inner, (ss_sold_date_sk#390L = d_date_sk#409L)
   :           :              :              :- Project [ss_quantity#377, ss_sales_price#380, ss_sold_date_sk#390L, c_customer_sk#391L]
   :           :              :              :  +- Join Inner, (ss_customer_sk#370L = c_customer_sk#391L)
   :           :              :              :     :- Project [ss_customer_sk#370L, ss_quantity#377, ss_sales_price#380, ss_sold_date_sk#390L]
   :           :              :              :     :  +- Filter ((isnotnull(ss_customer_sk#370L) AND isnotnull(ss_sold_date_sk#390L)) AND dynamicpruning#733 [ss_sold_date_sk#390L])
   :           :              :              :     :     :  +- Project [d_date_sk#409L]
   :           :              :              :     :     :     +- Filter (d_year#415 IN (2000,2001,2002,2003) AND isnotnull(d_date_sk#409L))
   :           :              :              :     :     :        +- Relation[d_date_sk#409L,d_date_id#410,d_date#411,d_month_seq#412,d_week_seq#413,d_quarter_seq#414,d_year#415,d_dow#416,d_moy#417,d_dom#418,d_qoy#419,d_fy_year#420,d_fy_quarter_seq#421,d_fy_week_seq#422,d_day_name#423,d_quarter_name#424,d_holiday#425,d_weekend#426,d_following_holiday#427,d_first_dom#428,d_last_dom#429,d_same_day_ly#430,d_same_day_lq#431,d_current_day#432,... 4 more fields] orc
   :           :              :              :     :     +- Relation[ss_sold_time_sk#368L,ss_item_sk#369L,ss_customer_sk#370L,ss_cdemo_sk#371L,ss_hdemo_sk#372L,ss_addr_sk#373L,ss_store_sk#374L,ss_promo_sk#375L,ss_ticket_number#376L,ss_quantity#377,ss_wholesale_cost#378,ss_list_price#379,ss_sales_price#380,ss_ext_discount_amt#381,ss_ext_sales_price#382,ss_ext_wholesale_cost#383,ss_ext_list_price#384,ss_ext_tax#385,ss_coupon_amt#386,ss_net_paid#387,ss_net_paid_inc_tax#388,ss_net_profit#389,ss_sold_date_sk#390L] orc
   :           :              :              :     +- Project [c_customer_sk#391L]
   :           :              :              :        +- Filter isnotnull(c_customer_sk#391L)
   :           :              :              :           +- Relation[c_customer_sk#391L,c_customer_id#392,c_current_cdemo_sk#393L,c_current_hdemo_sk#394L,c_current_addr_sk#395L,c_first_shipto_date_sk#396L,c_first_sales_date_sk#397L,c_salutation#398,c_first_name#399,c_last_name#400,c_preferred_cust_flag#401,c_birth_day#402,c_birth_month#403,c_birth_year#404,c_birth_country#405,c_login#406,c_email_address#407,c_last_review_date_sk#408L] orc
   :           :              :              +- Project [d_date_sk#409L]
   :           :              :                 +- Filter (d_year#415 IN (2000,2001,2002,2003) AND isnotnull(d_date_sk#409L))
   :           :              :                    +- Relation[d_date_sk#409L,d_date_id#410,d_date#411,d_month_seq#412,d_week_seq#413,d_quarter_seq#414,d_year#415,d_dow#416,d_moy#417,d_dom#418,d_qoy#419,d_fy_year#420,d_fy_quarter_seq#421,d_fy_week_seq#422,d_day_name#423,d_quarter_name#424,d_holiday#425,d_weekend#426,d_following_holiday#427,d_first_dom#428,d_last_dom#429,d_same_day_ly#430,d_same_day_lq#431,d_current_day#432,... 4 more fields] orc
   :           :              +- HashAggregate(keys=[c_customer_sk#349L], functions=[sum(CheckOverflow((promote_precision(cast(cast(ss_quantity#335 as decimal(10,0)) as decimal(12,2))) * promote_precision(cast(ss_sales_price#338 as decimal(12,2)))), DecimalType(18,2), true))], output=[c_customer_sk#349L, sum(CheckOverflow((promote_precision(cast(cast(ss_quantity#335 as decimal(10,0)) as decimal(12,2))) * promote_precision(cast(ss_sales_price#338 as decimal(12,2)))), DecimalType(18,2), true))#459])
   :           :                 +- HashAggregate(keys=[c_customer_sk#349L], functions=[partial_sum(CheckOverflow((promote_precision(cast(cast(ss_quantity#335 as decimal(10,0)) as decimal(12,2))) * promote_precision(cast(ss_sales_price#338 as decimal(12,2)))), DecimalType(18,2), true))], output=[c_customer_sk#349L, sum#755, isEmpty#756])
   :           :                    +- Project [ss_quantity#335, ss_sales_price#338, c_customer_sk#349L]
   :           :                       +- BroadcastHashJoin [ss_customer_sk#328L], [c_customer_sk#349L], Inner, BuildRight, false
   :           :                          :- Project [ss_customer_sk#328L, ss_quantity#335, ss_sales_price#338]
   :           :                          :  +- Filter isnotnull(ss_customer_sk#328L)
   :           :                          :     +- FileScan orc tpcds_bin_partitioned_varchar_orc_1000.store_sales[ss_customer_sk#328L,ss_quantity#335,ss_sales_price#338,ss_sold_date_sk#348L] Batched: true, DataFilters: [isnotnull(ss_customer_sk#328L)], Format: ORC, Location: CatalogFileIndex[hdfs://vcloud-10-13:9000/user/hive/warehouse/tpcds_bin_partitioned_varchar_orc_1..., PartitionFilters: [], PushedFilters: [IsNotNull(ss_customer_sk)], ReadSchema: struct<ss_customer_sk:bigint,ss_quantity:int,ss_sales_price:decimal(7,2)>
   :           :                          +- Project [c_customer_sk#349L]
   :           :                             +- Filter isnotnull(c_customer_sk#349L)
   :           :                                +- FileScan orc tpcds_bin_partitioned_varchar_orc_1000.customer[c_customer_sk#349L] Batched: true, DataFilters: [isnotnull(c_customer_sk#349L)], Format: ORC, Location: InMemoryFileIndex[hdfs://vcloud-10-13:9000/user/hive/warehouse/tpcds_bin_partitioned_varchar_orc_..., PartitionFilters: [], PushedFilters: [IsNotNull(c_customer_sk)], ReadSchema: struct<c_customer_sk:bigint>
   :           +- Project [d_date_sk#66L]
   :              +- Filter ((((isnotnull(d_year#72) AND isnotnull(d_moy#74)) AND (d_year#72 = 2000)) AND (d_moy#74 = 2)) AND isnotnull(d_date_sk#66L))
   :                 +- FileScan orc tpcds_bin_partitioned_varchar_orc_1000.date_dim[d_date_sk#66L,d_year#72,d_moy#74] Batched: true, DataFilters: [isnotnull(d_year#72), isnotnull(d_moy#74), (d_year#72 = 2000), (d_moy#74 = 2), isnotnull(d_date_..., Format: ORC, Location: InMemoryFileIndex[hdfs://vcloud-10-13:9000/user/hive/warehouse/tpcds_bin_partitioned_varchar_orc_..., PartitionFilters: [], PushedFilters: [IsNotNull(d_year), IsNotNull(d_moy), EqualTo(d_year,2000), EqualTo(d_moy,2), IsNotNull(d_date_sk)], ReadSchema: struct<d_date_sk:bigint,d_year:int,d_moy:int>
   +- HashAggregate(keys=[c_last_name#137, c_first_name#136], functions=[sum(CheckOverflow((promote_precision(cast(cast(ws_quantity#111 as decimal(10,0)) as decimal(12,2))) * promote_precision(cast(ws_list_price#113 as decimal(12,2)))), DecimalType(18,2), true))], output=[c_last_name#137, c_first_name#136, sales#5])
      +- HashAggregate(keys=[c_last_name#137, c_first_name#136], functions=[partial_sum(CheckOverflow((promote_precision(cast(cast(ws_quantity#111 as decimal(10,0)) as decimal(12,2))) * promote_precision(cast(ws_list_price#113 as decimal(12,2)))), DecimalType(18,2), true))], output=[c_last_name#137, c_first_name#136, sum#759, isEmpty#760])
         +- Project [ws_quantity#111, ws_list_price#113, c_first_name#136, c_last_name#137]
            +- BroadcastHashJoin [ws_sold_date_sk#127L], [d_date_sk#146L], Inner, BuildRight, false
               :- Project [ws_quantity#111, ws_list_price#113, ws_sold_date_sk#127L, c_first_name#136, c_last_name#137]
               :  +- SortMergeJoin [ws_bill_customer_sk#97L], [c_customer_sk#128L], Inner
               :     :- SortMergeJoin [ws_bill_customer_sk#97L], [c_customer_sk#564L], LeftSemi
               :     :  :- Project [ws_bill_customer_sk#97L, ws_quantity#111, ws_list_price#113, ws_sold_date_sk#127L]
               :     :  :  +- SortMergeJoin [ws_item_sk#96L], [item_sk#7L], LeftSemi
               :     :  :     :- Project [ws_item_sk#96L, ws_bill_customer_sk#97L, ws_quantity#111, ws_list_price#113, ws_sold_date_sk#127L]
               :     :  :     :  +- Filter isnotnull(ws_bill_customer_sk#97L)
               :     :  :     :     +- FileScan orc tpcds_bin_partitioned_varchar_orc_1000.web_sales[ws_item_sk#96L,ws_bill_customer_sk#97L,ws_quantity#111,ws_list_price#113,ws_sold_date_sk#127L] Batched: true, DataFilters: [isnotnull(ws_bill_customer_sk#97L)], Format: ORC, Location: InMemoryFileIndex[hdfs://vcloud-10-13:9000/user/hive/warehouse/tpcds_bin_partitioned_varchar_orc_..., PartitionFilters: [isnotnull(ws_sold_date_sk#127L), dynamicpruning#741 [ws_sold_date_sk#127L]], PushedFilters: [IsNotNull(ws_bill_customer_sk)], ReadSchema: struct<ws_item_sk:bigint,ws_bill_customer_sk:bigint,ws_quantity:int,ws_list_price:decimal(7,2)>
               :     :  :     :           +- Project [d_date_sk#146L]
               :     :  :     :              +- Filter ((((isnotnull(d_year#152) AND isnotnull(d_moy#154)) AND (d_year#152 = 2000)) AND (d_moy#154 = 2)) AND isnotnull(d_date_sk#146L))
               :     :  :     :                 +- Relation[d_date_sk#146L,d_date_id#147,d_date#148,d_month_seq#149,d_week_seq#150,d_quarter_seq#151,d_year#152,d_dow#153,d_moy#154,d_dom#155,d_qoy#156,d_fy_year#157,d_fy_quarter_seq#158,d_fy_week_seq#159,d_day_name#160,d_quarter_name#161,d_holiday#162,d_weekend#163,d_following_holiday#164,d_first_dom#165,d_last_dom#166,d_same_day_ly#167,d_same_day_lq#168,d_current_day#169,... 4 more fields] orc
               :     :  :     +- Project [item_sk#7L]
               :     :  :        +- Filter (count(1)#538L > 4)
               :     :  :           +- HashAggregate(keys=[substr(i_item_desc#519, 1, 30)#761, i_item_sk#515L, d_date#489], functions=[count(1)], output=[item_sk#7L, count(1)#538L])
               :     :  :              +- HashAggregate(keys=[substr(i_item_desc#519, 1, 30) AS substr(i_item_desc#519, 1, 30)#761, i_item_sk#515L, d_date#489], functions=[partial_count(1)], output=[substr(i_item_desc#519, 1, 30)#761, i_item_sk#515L, d_date#489, count#763L])
               :     :  :                 +- Project [d_date#489, i_item_sk#515L, i_item_desc#519]
               :     :  :                    +- BroadcastHashJoin [ss_item_sk#465L], [i_item_sk#515L], Inner, BuildRight, false
               :     :  :                       :- Project [ss_item_sk#465L, d_date#489]
               :     :  :                       :  +- BroadcastHashJoin [ss_sold_date_sk#486L], [d_date_sk#487L], Inner, BuildRight, false
               :     :  :                       :     :- Project [ss_item_sk#465L, ss_sold_date_sk#486L]
               :     :  :                       :     :  +- Filter isnotnull(ss_item_sk#465L)
               :     :  :                       :     :     +- FileScan orc tpcds_bin_partitioned_varchar_orc_1000.store_sales[ss_item_sk#465L,ss_sold_date_sk#486L] Batched: true, DataFilters: [isnotnull(ss_item_sk#465L)], Format: ORC, Location: InMemoryFileIndex[hdfs://vcloud-10-13:9000/user/hive/warehouse/tpcds_bin_partitioned_varchar_orc_..., PartitionFilters: [isnotnull(ss_sold_date_sk#486L), dynamicpruning#735 [ss_sold_date_sk#486L]], PushedFilters: [IsNotNull(ss_item_sk)], ReadSchema: struct<ss_item_sk:bigint>
               :     :  :                       :     :           +- Project [d_date_sk#487L, d_date#489]
               :     :  :                       :     :              +- Filter (d_year#493 IN (2000,2001,2002,2003) AND isnotnull(d_date_sk#487L))
               :     :  :                       :     :                 +- Relation[d_date_sk#487L,d_date_id#488,d_date#489,d_month_seq#490,d_week_seq#491,d_quarter_seq#492,d_year#493,d_dow#494,d_moy#495,d_dom#496,d_qoy#497,d_fy_year#498,d_fy_quarter_seq#499,d_fy_week_seq#500,d_day_name#501,d_quarter_name#502,d_holiday#503,d_weekend#504,d_following_holiday#505,d_first_dom#506,d_last_dom#507,d_same_day_ly#508,d_same_day_lq#509,d_current_day#510,... 4 more fields] orc
               :     :  :                       :     +- Project [d_date_sk#487L, d_date#489]
               :     :  :                       :        +- Filter (d_year#493 IN (2000,2001,2002,2003) AND isnotnull(d_date_sk#487L))
               :     :  :                       :           +- FileScan orc tpcds_bin_partitioned_varchar_orc_1000.date_dim[d_date_sk#487L,d_date#489,d_year#493] Batched: true, DataFilters: [d_year#493 IN (2000,2001,2002,2003), isnotnull(d_date_sk#487L)], Format: ORC, Location: InMemoryFileIndex[hdfs://vcloud-10-13:9000/user/hive/warehouse/tpcds_bin_partitioned_varchar_orc_..., PartitionFilters: [], PushedFilters: [In(d_year, [2000,2001,2002,2003]), IsNotNull(d_date_sk)], ReadSchema: struct<d_date_sk:bigint,d_date:date,d_year:int>
               :     :  :                       +- Project [i_item_sk#515L, i_item_desc#519]
               :     :  :                          +- Filter isnotnull(i_item_sk#515L)
               :     :  :                             +- FileScan orc tpcds_bin_partitioned_varchar_orc_1000.item[i_item_sk#515L,i_item_desc#519] Batched: true, DataFilters: [isnotnull(i_item_sk#515L)], Format: ORC, Location: InMemoryFileIndex[hdfs://vcloud-10-13:9000/user/hive/warehouse/tpcds_bin_partitioned_varchar_orc_..., PartitionFilters: [], PushedFilters: [IsNotNull(i_item_sk)], ReadSchema: struct<i_item_sk:bigint,i_item_desc:string>
               :     :  +- Project [c_customer_sk#564L]
               :     :     +- Filter (isnotnull(sum(CheckOverflow((promote_precision(cast(cast(ss_quantity#550 as decimal(10,0)) as decimal(12,2))) * promote_precision(cast(ss_sales_price#553 as decimal(12,2)))), DecimalType(18,2), true))#656) AND (cast(sum(CheckOverflow((promote_precision(cast(cast(ss_quantity#550 as decimal(10,0)) as decimal(12,2))) * promote_precision(cast(ss_sales_price#553 as decimal(12,2)))), DecimalType(18,2), true))#656 as decimal(38,8)) > CheckOverflow((0.500000 * promote_precision(cast(scalar-subquery#13 [] as decimal(32,6)))), DecimalType(38,8), true)))
               :     :        :  +- Aggregate [max(csales#10) AS tpcds_cmax#11]
               :     :        :     +- Aggregate [c_customer_sk#606L], [sum(CheckOverflow((promote_precision(cast(cast(ss_quantity#592 as decimal(10,0)) as decimal(12,2))) * promote_precision(cast(ss_sales_price#595 as decimal(12,2)))), DecimalType(18,2), true)) AS csales#10]
               :     :        :        +- Project [ss_quantity#592, ss_sales_price#595, c_customer_sk#606L]
               :     :        :           +- Join Inner, (ss_sold_date_sk#605L = d_date_sk#624L)
               :     :        :              :- Project [ss_quantity#592, ss_sales_price#595, ss_sold_date_sk#605L, c_customer_sk#606L]
               :     :        :              :  +- Join Inner, (ss_customer_sk#585L = c_customer_sk#606L)
               :     :        :              :     :- Project [ss_customer_sk#585L, ss_quantity#592, ss_sales_price#595, ss_sold_date_sk#605L]
               :     :        :              :     :  +- Filter ((isnotnull(ss_customer_sk#585L) AND isnotnull(ss_sold_date_sk#605L)) AND dynamicpruning#736 [ss_sold_date_sk#605L])
               :     :        :              :     :     :  +- Project [d_date_sk#624L]
               :     :        :              :     :     :     +- Filter (d_year#630 IN (2000,2001,2002,2003) AND isnotnull(d_date_sk#624L))
               :     :        :              :     :     :        +- Relation[d_date_sk#624L,d_date_id#625,d_date#626,d_month_seq#627,d_week_seq#628,d_quarter_seq#629,d_year#630,d_dow#631,d_moy#632,d_dom#633,d_qoy#634,d_fy_year#635,d_fy_quarter_seq#636,d_fy_week_seq#637,d_day_name#638,d_quarter_name#639,d_holiday#640,d_weekend#641,d_following_holiday#642,d_first_dom#643,d_last_dom#644,d_same_day_ly#645,d_same_day_lq#646,d_current_day#647,... 4 more fields] orc
               :     :        :              :     :     +- Relation[ss_sold_time_sk#583L,ss_item_sk#584L,ss_customer_sk#585L,ss_cdemo_sk#586L,ss_hdemo_sk#587L,ss_addr_sk#588L,ss_store_sk#589L,ss_promo_sk#590L,ss_ticket_number#591L,ss_quantity#592,ss_wholesale_cost#593,ss_list_price#594,ss_sales_price#595,ss_ext_discount_amt#596,ss_ext_sales_price#597,ss_ext_wholesale_cost#598,ss_ext_list_price#599,ss_ext_tax#600,ss_coupon_amt#601,ss_net_paid#602,ss_net_paid_inc_tax#603,ss_net_profit#604,ss_sold_date_sk#605L] orc
               :     :        :              :     +- Project [c_customer_sk#606L]
               :     :        :              :        +- Filter isnotnull(c_customer_sk#606L)
               :     :        :              :           +- Relation[c_customer_sk#606L,c_customer_id#607,c_current_cdemo_sk#608L,c_current_hdemo_sk#609L,c_current_addr_sk#610L,c_first_shipto_date_sk#611L,c_first_sales_date_sk#612L,c_salutation#613,c_first_name#614,c_last_name#615,c_preferred_cust_flag#616,c_birth_day#617,c_birth_month#618,c_birth_year#619,c_birth_country#620,c_login#621,c_email_address#622,c_last_review_date_sk#623L] orc
               :     :        :              +- Project [d_date_sk#624L]
               :     :        :                 +- Filter (d_year#630 IN (2000,2001,2002,2003) AND isnotnull(d_date_sk#624L))
               :     :        :                    +- Relation[d_date_sk#624L,d_date_id#625,d_date#626,d_month_seq#627,d_week_seq#628,d_quarter_seq#629,d_year#630,d_dow#631,d_moy#632,d_dom#633,d_qoy#634,d_fy_year#635,d_fy_quarter_seq#636,d_fy_week_seq#637,d_day_name#638,d_quarter_name#639,d_holiday#640,d_weekend#641,d_following_holiday#642,d_first_dom#643,d_last_dom#644,d_same_day_ly#645,d_same_day_lq#646,d_current_day#647,... 4 more fields] orc
               :     :        +- HashAggregate(keys=[c_customer_sk#564L], functions=[sum(CheckOverflow((promote_precision(cast(cast(ss_quantity#550 as decimal(10,0)) as decimal(12,2))) * promote_precision(cast(ss_sales_price#553 as decimal(12,2)))), DecimalType(18,2), true))], output=[c_customer_sk#564L, sum(CheckOverflow((promote_precision(cast(cast(ss_quantity#550 as decimal(10,0)) as decimal(12,2))) * promote_precision(cast(ss_sales_price#553 as decimal(12,2)))), DecimalType(18,2), true))#656])
               :     :           +- HashAggregate(keys=[c_customer_sk#564L], functions=[partial_sum(CheckOverflow((promote_precision(cast(cast(ss_quantity#550 as decimal(10,0)) as decimal(12,2))) * promote_precision(cast(ss_sales_price#553 as decimal(12,2)))), DecimalType(18,2), true))], output=[c_customer_sk#564L, sum#766, isEmpty#767])
               :     :              +- Project [ss_quantity#550, ss_sales_price#553, c_customer_sk#564L]
               :     :                 +- BroadcastHashJoin [ss_customer_sk#543L], [c_customer_sk#564L], Inner, BuildRight, false
               :     :                    :- Project [ss_customer_sk#543L, ss_quantity#550, ss_sales_price#553]
               :     :                    :  +- Filter isnotnull(ss_customer_sk#543L)
               :     :                    :     +- FileScan orc tpcds_bin_partitioned_varchar_orc_1000.store_sales[ss_customer_sk#543L,ss_quantity#550,ss_sales_price#553,ss_sold_date_sk#563L] Batched: true, DataFilters: [isnotnull(ss_customer_sk#543L)], Format: ORC, Location: CatalogFileIndex[hdfs://vcloud-10-13:9000/user/hive/warehouse/tpcds_bin_partitioned_varchar_orc_1..., PartitionFilters: [], PushedFilters: [IsNotNull(ss_customer_sk)], ReadSchema: struct<ss_customer_sk:bigint,ss_quantity:int,ss_sales_price:decimal(7,2)>
               :     :                    +- Project [c_customer_sk#564L]
               :     :                       +- Filter isnotnull(c_customer_sk#564L)
               :     :                          +- FileScan orc tpcds_bin_partitioned_varchar_orc_1000.customer[c_customer_sk#564L] Batched: true, DataFilters: [isnotnull(c_customer_sk#564L)], Format: ORC, Location: InMemoryFileIndex[hdfs://vcloud-10-13:9000/user/hive/warehouse/tpcds_bin_partitioned_varchar_orc_..., PartitionFilters: [], PushedFilters: [IsNotNull(c_customer_sk)], ReadSchema: struct<c_customer_sk:bigint>
               :     +- SortMergeJoin [c_customer_sk#128L], [c_customer_sk#564L], LeftSemi
               :        :- Project [c_customer_sk#128L, c_first_name#136, c_last_name#137]
               :        :  +- Filter isnotnull(c_customer_sk#128L)
               :        :     +- FileScan orc tpcds_bin_partitioned_varchar_orc_1000.customer[c_customer_sk#128L,c_first_name#136,c_last_name#137] Batched: true, DataFilters: [isnotnull(c_customer_sk#128L)], Format: ORC, Location: InMemoryFileIndex[hdfs://vcloud-10-13:9000/user/hive/warehouse/tpcds_bin_partitioned_varchar_orc_..., PartitionFilters: [], PushedFilters: [IsNotNull(c_customer_sk)], ReadSchema: struct<c_customer_sk:bigint,c_first_name:string,c_last_name:string>
               :        +- Project [c_customer_sk#564L]
               :           +- Filter (isnotnull(sum(CheckOverflow((promote_precision(cast(cast(ss_quantity#550 as decimal(10,0)) as decimal(12,2))) * promote_precision(cast(ss_sales_price#553 as decimal(12,2)))), DecimalType(18,2), true))#656) AND (cast(sum(CheckOverflow((promote_precision(cast(cast(ss_quantity#550 as decimal(10,0)) as decimal(12,2))) * promote_precision(cast(ss_sales_price#553 as decimal(12,2)))), DecimalType(18,2), true))#656 as decimal(38,8)) > CheckOverflow((0.500000 * promote_precision(cast(scalar-subquery#13 [] as decimal(32,6)))), DecimalType(38,8), true)))
               :              :  +- Aggregate [max(csales#10) AS tpcds_cmax#11]
               :              :     +- Aggregate [c_customer_sk#606L], [sum(CheckOverflow((promote_precision(cast(cast(ss_quantity#592 as decimal(10,0)) as decimal(12,2))) * promote_precision(cast(ss_sales_price#595 as decimal(12,2)))), DecimalType(18,2), true)) AS csales#10]
               :              :        +- Project [ss_quantity#592, ss_sales_price#595, c_customer_sk#606L]
               :              :           +- Join Inner, (ss_sold_date_sk#605L = d_date_sk#624L)
               :              :              :- Project [ss_quantity#592, ss_sales_price#595, ss_sold_date_sk#605L, c_customer_sk#606L]
               :              :              :  +- Join Inner, (ss_customer_sk#585L = c_customer_sk#606L)
               :              :              :     :- Project [ss_customer_sk#585L, ss_quantity#592, ss_sales_price#595, ss_sold_date_sk#605L]
               :              :              :     :  +- Filter ((isnotnull(ss_customer_sk#585L) AND isnotnull(ss_sold_date_sk#605L)) AND dynamicpruning#736 [ss_sold_date_sk#605L])
               :              :              :     :     :  +- Project [d_date_sk#624L]
               :              :              :     :     :     +- Filter (d_year#630 IN (2000,2001,2002,2003) AND isnotnull(d_date_sk#624L))
               :              :              :     :     :        +- Relation[d_date_sk#624L,d_date_id#625,d_date#626,d_month_seq#627,d_week_seq#628,d_quarter_seq#629,d_year#630,d_dow#631,d_moy#632,d_dom#633,d_qoy#634,d_fy_year#635,d_fy_quarter_seq#636,d_fy_week_seq#637,d_day_name#638,d_quarter_name#639,d_holiday#640,d_weekend#641,d_following_holiday#642,d_first_dom#643,d_last_dom#644,d_same_day_ly#645,d_same_day_lq#646,d_current_day#647,... 4 more fields] orc
               :              :              :     :     +- Relation[ss_sold_time_sk#583L,ss_item_sk#584L,ss_customer_sk#585L,ss_cdemo_sk#586L,ss_hdemo_sk#587L,ss_addr_sk#588L,ss_store_sk#589L,ss_promo_sk#590L,ss_ticket_number#591L,ss_quantity#592,ss_wholesale_cost#593,ss_list_price#594,ss_sales_price#595,ss_ext_discount_amt#596,ss_ext_sales_price#597,ss_ext_wholesale_cost#598,ss_ext_list_price#599,ss_ext_tax#600,ss_coupon_amt#601,ss_net_paid#602,ss_net_paid_inc_tax#603,ss_net_profit#604,ss_sold_date_sk#605L] orc
               :              :              :     +- Project [c_customer_sk#606L]
               :              :              :        +- Filter isnotnull(c_customer_sk#606L)
               :              :              :           +- Relation[c_customer_sk#606L,c_customer_id#607,c_current_cdemo_sk#608L,c_current_hdemo_sk#609L,c_current_addr_sk#610L,c_first_shipto_date_sk#611L,c_first_sales_date_sk#612L,c_salutation#613,c_first_name#614,c_last_name#615,c_preferred_cust_flag#616,c_birth_day#617,c_birth_month#618,c_birth_year#619,c_birth_country#620,c_login#621,c_email_address#622,c_last_review_date_sk#623L] orc
               :              :              +- Project [d_date_sk#624L]
               :              :                 +- Filter (d_year#630 IN (2000,2001,2002,2003) AND isnotnull(d_date_sk#624L))
               :              :                    +- Relation[d_date_sk#624L,d_date_id#625,d_date#626,d_month_seq#627,d_week_seq#628,d_quarter_seq#629,d_year#630,d_dow#631,d_moy#632,d_dom#633,d_qoy#634,d_fy_year#635,d_fy_quarter_seq#636,d_fy_week_seq#637,d_day_name#638,d_quarter_name#639,d_holiday#640,d_weekend#641,d_following_holiday#642,d_first_dom#643,d_last_dom#644,d_same_day_ly#645,d_same_day_lq#646,d_current_day#647,... 4 more fields] orc
               :              +- HashAggregate(keys=[c_customer_sk#564L], functions=[sum(CheckOverflow((promote_precision(cast(cast(ss_quantity#550 as decimal(10,0)) as decimal(12,2))) * promote_precision(cast(ss_sales_price#553 as decimal(12,2)))), DecimalType(18,2), true))], output=[c_customer_sk#564L, sum(CheckOverflow((promote_precision(cast(cast(ss_quantity#550 as decimal(10,0)) as decimal(12,2))) * promote_precision(cast(ss_sales_price#553 as decimal(12,2)))), DecimalType(18,2), true))#656])
               :                 +- HashAggregate(keys=[c_customer_sk#564L], functions=[partial_sum(CheckOverflow((promote_precision(cast(cast(ss_quantity#550 as decimal(10,0)) as decimal(12,2))) * promote_precision(cast(ss_sales_price#553 as decimal(12,2)))), DecimalType(18,2), true))], output=[c_customer_sk#564L, sum#766, isEmpty#767])
               :                    +- Project [ss_quantity#550, ss_sales_price#553, c_customer_sk#564L]
               :                       +- BroadcastHashJoin [ss_customer_sk#543L], [c_customer_sk#564L], Inner, BuildRight, false
               :                          :- Project [ss_customer_sk#543L, ss_quantity#550, ss_sales_price#553]
               :                          :  +- Filter isnotnull(ss_customer_sk#543L)
               :                          :     +- FileScan orc tpcds_bin_partitioned_varchar_orc_1000.store_sales[ss_customer_sk#543L,ss_quantity#550,ss_sales_price#553,ss_sold_date_sk#563L] Batched: true, DataFilters: [isnotnull(ss_customer_sk#543L)], Format: ORC, Location: CatalogFileIndex[hdfs://vcloud-10-13:9000/user/hive/warehouse/tpcds_bin_partitioned_varchar_orc_1..., PartitionFilters: [], PushedFilters: [IsNotNull(ss_customer_sk)], ReadSchema: struct<ss_customer_sk:bigint,ss_quantity:int,ss_sales_price:decimal(7,2)>
               :                          +- Project [c_customer_sk#564L]
               :                             +- Filter isnotnull(c_customer_sk#564L)
               :                                +- FileScan orc tpcds_bin_partitioned_varchar_orc_1000.customer[c_customer_sk#564L] Batched: true, DataFilters: [isnotnull(c_customer_sk#564L)], Format: ORC, Location: InMemoryFileIndex[hdfs://vcloud-10-13:9000/user/hive/warehouse/tpcds_bin_partitioned_varchar_orc_..., PartitionFilters: [], PushedFilters: [IsNotNull(c_customer_sk)], ReadSchema: struct<c_customer_sk:bigint>
               +- Project [d_date_sk#146L]
                  +- Filter ((((isnotnull(d_year#152) AND isnotnull(d_moy#154)) AND (d_year#152 = 2000)) AND (d_moy#154 = 2)) AND isnotnull(d_date_sk#146L))
                     +- FileScan orc tpcds_bin_partitioned_varchar_orc_1000.date_dim[d_date_sk#146L,d_year#152,d_moy#154] Batched: true, DataFilters: [isnotnull(d_year#152), isnotnull(d_moy#154), (d_year#152 = 2000), (d_moy#154 = 2), isnotnull(d_d..., Format: ORC, Location: InMemoryFileIndex[hdfs://vcloud-10-13:9000/user/hive/warehouse/tpcds_bin_partitioned_varchar_orc_..., PartitionFilters: [], PushedFilters: [IsNotNull(d_year), IsNotNull(d_moy), EqualTo(d_year,2000), EqualTo(d_moy,2), IsNotNull(d_date_sk)], ReadSchema: struct<d_date_sk:bigint,d_year:int,d_moy:int>
.
Time taken: 302.548 seconds, Fetched 100 row(s)
