24/04/26 15:40:55 WARN Utils: Your hostname, vcloud-10-13 resolves to a loopback address: 127.0.0.1; using 21.21.36.153 instead (on interface eno1)
24/04/26 15:40:55 WARN Utils: Set SPARK_LOCAL_IP if you need to bind to another address
24/04/26 15:40:55 WARN NativeCodeLoader: Unable to load native-hadoop library for your platform... using builtin-java classes where applicable
Setting default log level to "WARN".
To adjust logging level use sc.setLogLevel(newLevel). For SparkR, use setLogLevel(newLevel).
24/04/26 15:40:57 WARN Client: Neither spark.yarn.jars nor spark.yarn.archive is set, falling back to uploading libraries under SPARK_HOME.
Spark master: yarn, Application Id: application_1714105099579_0137
24/04/26 15:41:15 WARN SessionState: METASTORE_FILTER_HOOK will be ignored, since hive.security.authorization.manager is set to instance of HiveAuthorizerFactory.
24/04/26 15:41:20 WARN package: Truncated the string representation of a plan since it was too large. This behavior can be adjusted by setting 'spark.sql.debug.maxToStringFields'.
24/04/26 15:41:20 WARN InsertAdaptiveSparkPlan: spark.sql.adaptive.enabled is enabled but is not supported for query: TakeOrderedAndProject(limit=100, orderBy=[c_customer_id#83 ASC NULLS FIRST,c_salutation#89 ASC NULLS FIRST,c_first_name#90 ASC NULLS FIRST,c_last_name#91 ASC NULLS FIRST,c_preferred_cust_flag#92 ASC NULLS FIRST,c_birth_day#93 ASC NULLS FIRST,c_birth_month#94 ASC NULLS FIRST,c_birth_year#95 ASC NULLS FIRST,c_birth_country#96 ASC NULLS FIRST,c_login#97 ASC NULLS FIRST,c_email_address#98 ASC NULLS FIRST,c_last_review_date_sk#99L ASC NULLS FIRST,ctr_total_return#3 ASC NULLS FIRST], output=[c_customer_id#83,c_salutation#89,c_first_name#90,c_last_name#91,c_preferred_cust_flag#92,c_birth_day#93,c_birth_month#94,c_birth_year#95,c_birth_country#96,c_login#97,c_email_address#98,c_last_review_date_sk#99L,ctr_total_return#3])
+- Project [c_customer_id#83, c_salutation#89, c_first_name#90, c_last_name#91, c_preferred_cust_flag#92, c_birth_day#93, c_birth_month#94, c_birth_year#95, c_birth_country#96, c_login#97, c_email_address#98, c_last_review_date_sk#99L, ctr_total_return#3]
   +- BroadcastHashJoin [c_current_addr_sk#86L], [ca_address_sk#69L], Inner, BuildRight, false
      :- Project [ctr_total_return#3, c_customer_id#83, c_current_addr_sk#86L, c_salutation#89, c_first_name#90, c_last_name#91, c_preferred_cust_flag#92, c_birth_day#93, c_birth_month#94, c_birth_year#95, c_birth_country#96, c_login#97, c_email_address#98, c_last_review_date_sk#99L]
      :  +- SortMergeJoin [ctr_customer_sk#1L], [c_customer_sk#82L], Inner
      :     :- Project [ctr_customer_sk#1L, ctr_total_return#3]
      :     :  +- SortMergeJoin [ctr_state#2], [ctr_state#2#265], Inner, (cast(ctr_total_return#3 as decimal(24,7)) > (CAST(avg(ctr_total_return) AS DECIMAL(21,6)) * CAST(1.2 AS DECIMAL(21,6)))#233)
      :     :     :- Filter isnotnull(ctr_total_return#3)
      :     :     :  +- HashAggregate(keys=[wr_returning_customer_sk#10L, ca_state#64], functions=[sum(UnscaledValue(wr_return_amt#18))], output=[ctr_customer_sk#1L, ctr_state#2, ctr_total_return#3])
      :     :     :     +- HashAggregate(keys=[wr_returning_customer_sk#10L, ca_state#64], functions=[partial_sum(UnscaledValue(wr_return_amt#18))], output=[wr_returning_customer_sk#10L, ca_state#64, sum#269L])
      :     :     :        +- Project [wr_returning_customer_sk#10L, wr_return_amt#18, ca_state#64]
      :     :     :           +- BroadcastHashJoin [wr_returning_addr_sk#13L], [ca_address_sk#56L], Inner, BuildRight, false
      :     :     :              :- Project [wr_returning_customer_sk#10L, wr_returning_addr_sk#13L, wr_return_amt#18]
      :     :     :              :  +- BroadcastHashJoin [wr_returned_date_sk#27L], [d_date_sk#28L], Inner, BuildRight, false
      :     :     :              :     :- Project [wr_returning_customer_sk#10L, wr_returning_addr_sk#13L, wr_return_amt#18, wr_returned_date_sk#27L]
      :     :     :              :     :  +- Filter (isnotnull(wr_returning_addr_sk#13L) AND isnotnull(wr_returning_customer_sk#10L))
      :     :     :              :     :     +- FileScan orc tpcds_bin_partitioned_varchar_orc_1000.web_returns[wr_returning_customer_sk#10L,wr_returning_addr_sk#13L,wr_return_amt#18,wr_returned_date_sk#27L] Batched: true, DataFilters: [isnotnull(wr_returning_addr_sk#13L), isnotnull(wr_returning_customer_sk#10L)], Format: ORC, Location: InMemoryFileIndex[hdfs://vcloud-10-13:9000/user/hive/warehouse/tpcds_bin_partitioned_varchar_orc_..., PartitionFilters: [isnotnull(wr_returned_date_sk#27L), dynamicpruning#266 [wr_returned_date_sk#27L]], PushedFilters: [IsNotNull(wr_returning_addr_sk), IsNotNull(wr_returning_customer_sk)], ReadSchema: struct<wr_returning_customer_sk:bigint,wr_returning_addr_sk:bigint,wr_return_amt:decimal(7,2)>
      :     :     :              :     :           +- Project [d_date_sk#28L]
      :     :     :              :     :              +- Filter ((isnotnull(d_year#34) AND (d_year#34 = 2002)) AND isnotnull(d_date_sk#28L))
      :     :     :              :     :                 +- Relation[d_date_sk#28L,d_date_id#29,d_date#30,d_month_seq#31,d_week_seq#32,d_quarter_seq#33,d_year#34,d_dow#35,d_moy#36,d_dom#37,d_qoy#38,d_fy_year#39,d_fy_quarter_seq#40,d_fy_week_seq#41,d_day_name#42,d_quarter_name#43,d_holiday#44,d_weekend#45,d_following_holiday#46,d_first_dom#47,d_last_dom#48,d_same_day_ly#49,d_same_day_lq#50,d_current_day#51,... 4 more fields] orc
      :     :     :              :     +- Project [d_date_sk#28L]
      :     :     :              :        +- Filter ((isnotnull(d_year#34) AND (d_year#34 = 2002)) AND isnotnull(d_date_sk#28L))
      :     :     :              :           +- FileScan orc tpcds_bin_partitioned_varchar_orc_1000.date_dim[d_date_sk#28L,d_year#34] Batched: true, DataFilters: [isnotnull(d_year#34), (d_year#34 = 2002), isnotnull(d_date_sk#28L)], Format: ORC, Location: InMemoryFileIndex[hdfs://vcloud-10-13:9000/user/hive/warehouse/tpcds_bin_partitioned_varchar_orc_..., PartitionFilters: [], PushedFilters: [IsNotNull(d_year), EqualTo(d_year,2002), IsNotNull(d_date_sk)], ReadSchema: struct<d_date_sk:bigint,d_year:int>
      :     :     :              +- Project [ca_address_sk#56L, ca_state#64]
      :     :     :                 +- Filter (isnotnull(ca_address_sk#56L) AND isnotnull(ca_state#64))
      :     :     :                    +- FileScan orc tpcds_bin_partitioned_varchar_orc_1000.customer_address[ca_address_sk#56L,ca_state#64] Batched: true, DataFilters: [isnotnull(ca_address_sk#56L), isnotnull(ca_state#64)], Format: ORC, Location: InMemoryFileIndex[hdfs://vcloud-10-13:9000/user/hive/warehouse/tpcds_bin_partitioned_varchar_orc_..., PartitionFilters: [], PushedFilters: [IsNotNull(ca_address_sk), IsNotNull(ca_state)], ReadSchema: struct<ca_address_sk:bigint,ca_state:string>
      :     :     +- Filter isnotnull((CAST(avg(ctr_total_return) AS DECIMAL(21,6)) * CAST(1.2 AS DECIMAL(21,6)))#233)
      :     :        +- HashAggregate(keys=[ctr_state#2], functions=[avg(ctr_total_return#3)], output=[(CAST(avg(ctr_total_return) AS DECIMAL(21,6)) * CAST(1.2 AS DECIMAL(21,6)))#233, ctr_state#2#265])
      :     :           +- HashAggregate(keys=[ctr_state#2], functions=[partial_avg(ctr_total_return#3)], output=[ctr_state#2, sum#272, count#273L])
      :     :              +- HashAggregate(keys=[wr_returning_customer_sk#107L, ca_state#161], functions=[sum(UnscaledValue(wr_return_amt#115))], output=[ctr_state#2, ctr_total_return#3])
      :     :                 +- HashAggregate(keys=[wr_returning_customer_sk#107L, ca_state#161], functions=[partial_sum(UnscaledValue(wr_return_amt#115))], output=[wr_returning_customer_sk#107L, ca_state#161, sum#275L])
      :     :                    +- Project [wr_returning_customer_sk#107L, wr_return_amt#115, ca_state#161]
      :     :                       +- BroadcastHashJoin [wr_returning_addr_sk#110L], [ca_address_sk#153L], Inner, BuildRight, false
      :     :                          :- Project [wr_returning_customer_sk#107L, wr_returning_addr_sk#110L, wr_return_amt#115]
      :     :                          :  +- BroadcastHashJoin [wr_returned_date_sk#124L], [d_date_sk#125L], Inner, BuildRight, false
      :     :                          :     :- Project [wr_returning_customer_sk#107L, wr_returning_addr_sk#110L, wr_return_amt#115, wr_returned_date_sk#124L]
      :     :                          :     :  +- Filter isnotnull(wr_returning_addr_sk#110L)
      :     :                          :     :     +- FileScan orc tpcds_bin_partitioned_varchar_orc_1000.web_returns[wr_returning_customer_sk#107L,wr_returning_addr_sk#110L,wr_return_amt#115,wr_returned_date_sk#124L] Batched: true, DataFilters: [isnotnull(wr_returning_addr_sk#110L)], Format: ORC, Location: InMemoryFileIndex[hdfs://vcloud-10-13:9000/user/hive/warehouse/tpcds_bin_partitioned_varchar_orc_..., PartitionFilters: [isnotnull(wr_returned_date_sk#124L), dynamicpruning#267 [wr_returned_date_sk#124L]], PushedFilters: [IsNotNull(wr_returning_addr_sk)], ReadSchema: struct<wr_returning_customer_sk:bigint,wr_returning_addr_sk:bigint,wr_return_amt:decimal(7,2)>
      :     :                          :     :           +- Project [d_date_sk#125L]
      :     :                          :     :              +- Filter ((isnotnull(d_year#131) AND (d_year#131 = 2002)) AND isnotnull(d_date_sk#125L))
      :     :                          :     :                 +- Relation[d_date_sk#125L,d_date_id#126,d_date#127,d_month_seq#128,d_week_seq#129,d_quarter_seq#130,d_year#131,d_dow#132,d_moy#133,d_dom#134,d_qoy#135,d_fy_year#136,d_fy_quarter_seq#137,d_fy_week_seq#138,d_day_name#139,d_quarter_name#140,d_holiday#141,d_weekend#142,d_following_holiday#143,d_first_dom#144,d_last_dom#145,d_same_day_ly#146,d_same_day_lq#147,d_current_day#148,... 4 more fields] orc
      :     :                          :     +- Project [d_date_sk#125L]
      :     :                          :        +- Filter ((isnotnull(d_year#131) AND (d_year#131 = 2002)) AND isnotnull(d_date_sk#125L))
      :     :                          :           +- FileScan orc tpcds_bin_partitioned_varchar_orc_1000.date_dim[d_date_sk#125L,d_year#131] Batched: true, DataFilters: [isnotnull(d_year#131), (d_year#131 = 2002), isnotnull(d_date_sk#125L)], Format: ORC, Location: InMemoryFileIndex[hdfs://vcloud-10-13:9000/user/hive/warehouse/tpcds_bin_partitioned_varchar_orc_..., PartitionFilters: [], PushedFilters: [IsNotNull(d_year), EqualTo(d_year,2002), IsNotNull(d_date_sk)], ReadSchema: struct<d_date_sk:bigint,d_year:int>
      :     :                          +- Project [ca_address_sk#153L, ca_state#161]
      :     :                             +- Filter (isnotnull(ca_address_sk#153L) AND isnotnull(ca_state#161))
      :     :                                +- FileScan orc tpcds_bin_partitioned_varchar_orc_1000.customer_address[ca_address_sk#153L,ca_state#161] Batched: true, DataFilters: [isnotnull(ca_address_sk#153L), isnotnull(ca_state#161)], Format: ORC, Location: InMemoryFileIndex[hdfs://vcloud-10-13:9000/user/hive/warehouse/tpcds_bin_partitioned_varchar_orc_..., PartitionFilters: [], PushedFilters: [IsNotNull(ca_address_sk), IsNotNull(ca_state)], ReadSchema: struct<ca_address_sk:bigint,ca_state:string>
      :     +- Project [c_customer_sk#82L, c_customer_id#83, c_current_addr_sk#86L, c_salutation#89, c_first_name#90, c_last_name#91, c_preferred_cust_flag#92, c_birth_day#93, c_birth_month#94, c_birth_year#95, c_birth_country#96, c_login#97, c_email_address#98, c_last_review_date_sk#99L]
      :        +- Filter (isnotnull(c_customer_sk#82L) AND isnotnull(c_current_addr_sk#86L))
      :           +- FileScan orc tpcds_bin_partitioned_varchar_orc_1000.customer[c_customer_sk#82L,c_customer_id#83,c_current_addr_sk#86L,c_salutation#89,c_first_name#90,c_last_name#91,c_preferred_cust_flag#92,c_birth_day#93,c_birth_month#94,c_birth_year#95,c_birth_country#96,c_login#97,c_email_address#98,c_last_review_date_sk#99L] Batched: true, DataFilters: [isnotnull(c_customer_sk#82L), isnotnull(c_current_addr_sk#86L)], Format: ORC, Location: InMemoryFileIndex[hdfs://vcloud-10-13:9000/user/hive/warehouse/tpcds_bin_partitioned_varchar_orc_..., PartitionFilters: [], PushedFilters: [IsNotNull(c_customer_sk), IsNotNull(c_current_addr_sk)], ReadSchema: struct<c_customer_sk:bigint,c_customer_id:string,c_current_addr_sk:bigint,c_salutation:string,c_f...
      +- Project [ca_address_sk#69L]
         +- Filter ((isnotnull(ca_state#77) AND (ca_state#77 = GA)) AND isnotnull(ca_address_sk#69L))
            +- FileScan orc tpcds_bin_partitioned_varchar_orc_1000.customer_address[ca_address_sk#69L,ca_state#77] Batched: true, DataFilters: [isnotnull(ca_state#77), (ca_state#77 = GA), isnotnull(ca_address_sk#69L)], Format: ORC, Location: InMemoryFileIndex[hdfs://vcloud-10-13:9000/user/hive/warehouse/tpcds_bin_partitioned_varchar_orc_..., PartitionFilters: [], PushedFilters: [IsNotNull(ca_state), EqualTo(ca_state,GA), IsNotNull(ca_address_sk)], ReadSchema: struct<ca_address_sk:bigint,ca_state:string>
.
Time taken: 24.066 seconds, Fetched 100 row(s)
