24/04/26 16:41:58 WARN Utils: Your hostname, vcloud-10-13 resolves to a loopback address: 127.0.0.1; using 21.21.36.153 instead (on interface eno1)
24/04/26 16:41:58 WARN Utils: Set SPARK_LOCAL_IP if you need to bind to another address
24/04/26 16:41:58 WARN NativeCodeLoader: Unable to load native-hadoop library for your platform... using builtin-java classes where applicable
Setting default log level to "WARN".
To adjust logging level use sc.setLogLevel(newLevel). For SparkR, use setLogLevel(newLevel).
24/04/26 16:42:00 WARN Client: Neither spark.yarn.jars nor spark.yarn.archive is set, falling back to uploading libraries under SPARK_HOME.
Spark master: yarn, Application Id: application_1714105099579_0188
24/04/26 16:42:18 WARN SessionState: METASTORE_FILTER_HOOK will be ignored, since hive.security.authorization.manager is set to instance of HiveAuthorizerFactory.
24/04/26 16:42:25 WARN package: Truncated the string representation of a plan since it was too large. This behavior can be adjusted by setting 'spark.sql.debug.maxToStringFields'.
24/04/26 16:42:25 WARN InsertAdaptiveSparkPlan: spark.sql.adaptive.enabled is enabled but is not supported for query: TakeOrderedAndProject(limit=100, orderBy=[channel#468 ASC NULLS FIRST,id#469 ASC NULLS FIRST], output=[channel#468,id#469,sales#6,returns#7,profit#8])
+- HashAggregate(keys=[channel#468, id#469, spark_grouping_id#467L], functions=[sum(sales#10), sum(returns#11), sum(profit#12)], output=[channel#468, id#469, sales#6, returns#7, profit#8])
   +- HashAggregate(keys=[channel#468, id#469, spark_grouping_id#467L], functions=[partial_sum(sales#10), partial_sum(returns#11), partial_sum(profit#12)], output=[channel#468, id#469, spark_grouping_id#467L, sum#785, isEmpty#786, sum#787, isEmpty#788, sum#789, isEmpty#790])
      +- Expand [List(sales#10, returns#11, profit#12, channel#465, id#466, 0), List(sales#10, returns#11, profit#12, channel#465, null, 1), List(sales#10, returns#11, profit#12, null, null, 3)], [sales#10, returns#11, profit#12, channel#468, id#469, spark_grouping_id#467L]
         +- Union
            :- HashAggregate(keys=[s_store_id#92], functions=[sum(UnscaledValue(ss_ext_sales_price#34)), sum(coalesce(cast(sr_return_amt#53 as decimal(12,2)), 0.00)), sum(CheckOverflow((promote_precision(cast(ss_net_profit#41 as decimal(13,2))) - promote_precision(cast(coalesce(cast(sr_net_loss#61 as decimal(12,2)), 0.00) as decimal(13,2)))), DecimalType(13,2), true))], output=[sales#10, returns#11, profit#12, channel#465, id#466])
            :  +- HashAggregate(keys=[s_store_id#92], functions=[partial_sum(UnscaledValue(ss_ext_sales_price#34)), partial_sum(coalesce(cast(sr_return_amt#53 as decimal(12,2)), 0.00)), partial_sum(CheckOverflow((promote_precision(cast(ss_net_profit#41 as decimal(13,2))) - promote_precision(cast(coalesce(cast(sr_net_loss#61 as decimal(12,2)), 0.00) as decimal(13,2)))), DecimalType(13,2), true))], output=[s_store_id#92, sum#796L, sum#797, isEmpty#798, sum#799, isEmpty#800])
            :     +- Project [ss_ext_sales_price#34, ss_net_profit#41, sr_return_amt#53, sr_net_loss#61, s_store_id#92]
            :        +- BroadcastHashJoin [ss_promo_sk#27L], [p_promo_sk#142L], Inner, BuildRight, false
            :           :- Project [ss_promo_sk#27L, ss_ext_sales_price#34, ss_net_profit#41, sr_return_amt#53, sr_net_loss#61, s_store_id#92]
            :           :  +- BroadcastHashJoin [ss_item_sk#21L], [i_item_sk#120L], Inner, BuildRight, false
            :           :     :- Project [ss_item_sk#21L, ss_promo_sk#27L, ss_ext_sales_price#34, ss_net_profit#41, sr_return_amt#53, sr_net_loss#61, s_store_id#92]
            :           :     :  +- BroadcastHashJoin [ss_store_sk#26L], [s_store_sk#91L], Inner, BuildRight, false
            :           :     :     :- Project [ss_item_sk#21L, ss_store_sk#26L, ss_promo_sk#27L, ss_ext_sales_price#34, ss_net_profit#41, sr_return_amt#53, sr_net_loss#61]
            :           :     :     :  +- BroadcastHashJoin [ss_sold_date_sk#42L], [d_date_sk#63L], Inner, BuildRight, false
            :           :     :     :     :- Project [ss_item_sk#21L, ss_store_sk#26L, ss_promo_sk#27L, ss_ext_sales_price#34, ss_net_profit#41, ss_sold_date_sk#42L, sr_return_amt#53, sr_net_loss#61]
            :           :     :     :     :  +- SortMergeJoin [ss_item_sk#21L, ss_ticket_number#28L], [sr_item_sk#44L, sr_ticket_number#51L], LeftOuter
            :           :     :     :     :     :- Project [ss_item_sk#21L, ss_store_sk#26L, ss_promo_sk#27L, ss_ticket_number#28L, ss_ext_sales_price#34, ss_net_profit#41, ss_sold_date_sk#42L]
            :           :     :     :     :     :  +- Filter ((isnotnull(ss_store_sk#26L) AND isnotnull(ss_item_sk#21L)) AND isnotnull(ss_promo_sk#27L))
            :           :     :     :     :     :     +- FileScan orc tpcds_bin_partitioned_varchar_orc_1000.store_sales[ss_item_sk#21L,ss_store_sk#26L,ss_promo_sk#27L,ss_ticket_number#28L,ss_ext_sales_price#34,ss_net_profit#41,ss_sold_date_sk#42L] Batched: true, DataFilters: [isnotnull(ss_store_sk#26L), isnotnull(ss_item_sk#21L), isnotnull(ss_promo_sk#27L)], Format: ORC, Location: InMemoryFileIndex[hdfs://vcloud-10-13:9000/user/hive/warehouse/tpcds_bin_partitioned_varchar_orc_..., PartitionFilters: [isnotnull(ss_sold_date_sk#42L), dynamicpruning#776 [ss_sold_date_sk#42L]], PushedFilters: [IsNotNull(ss_store_sk), IsNotNull(ss_item_sk), IsNotNull(ss_promo_sk)], ReadSchema: struct<ss_item_sk:bigint,ss_store_sk:bigint,ss_promo_sk:bigint,ss_ticket_number:bigint,ss_ext_sal...
            :           :     :     :     :     :           +- Project [d_date_sk#63L]
            :           :     :     :     :     :              +- Filter (((isnotnull(d_date#65) AND (d_date#65 >= 11192)) AND (d_date#65 <= 11222)) AND isnotnull(d_date_sk#63L))
            :           :     :     :     :     :                 +- Relation[d_date_sk#63L,d_date_id#64,d_date#65,d_month_seq#66,d_week_seq#67,d_quarter_seq#68,d_year#69,d_dow#70,d_moy#71,d_dom#72,d_qoy#73,d_fy_year#74,d_fy_quarter_seq#75,d_fy_week_seq#76,d_day_name#77,d_quarter_name#78,d_holiday#79,d_weekend#80,d_following_holiday#81,d_first_dom#82,d_last_dom#83,d_same_day_ly#84,d_same_day_lq#85,d_current_day#86,... 4 more fields] orc
            :           :     :     :     :     +- Project [sr_item_sk#44L, sr_ticket_number#51L, sr_return_amt#53, sr_net_loss#61]
            :           :     :     :     :        +- Filter (isnotnull(sr_item_sk#44L) AND isnotnull(sr_ticket_number#51L))
            :           :     :     :     :           +- FileScan orc tpcds_bin_partitioned_varchar_orc_1000.store_returns[sr_item_sk#44L,sr_ticket_number#51L,sr_return_amt#53,sr_net_loss#61,sr_returned_date_sk#62L] Batched: true, DataFilters: [isnotnull(sr_item_sk#44L), isnotnull(sr_ticket_number#51L)], Format: ORC, Location: CatalogFileIndex[hdfs://vcloud-10-13:9000/user/hive/warehouse/tpcds_bin_partitioned_varchar_orc_1..., PartitionFilters: [], PushedFilters: [IsNotNull(sr_item_sk), IsNotNull(sr_ticket_number)], ReadSchema: struct<sr_item_sk:bigint,sr_ticket_number:bigint,sr_return_amt:decimal(7,2),sr_net_loss:decimal(7...
            :           :     :     :     +- Project [d_date_sk#63L]
            :           :     :     :        +- Filter (((isnotnull(d_date#65) AND (d_date#65 >= 11192)) AND (d_date#65 <= 11222)) AND isnotnull(d_date_sk#63L))
            :           :     :     :           +- FileScan orc tpcds_bin_partitioned_varchar_orc_1000.date_dim[d_date_sk#63L,d_date#65] Batched: true, DataFilters: [isnotnull(d_date#65), (d_date#65 >= 11192), (d_date#65 <= 11222), isnotnull(d_date_sk#63L)], Format: ORC, Location: InMemoryFileIndex[hdfs://vcloud-10-13:9000/user/hive/warehouse/tpcds_bin_partitioned_varchar_orc_..., PartitionFilters: [], PushedFilters: [IsNotNull(d_date), GreaterThanOrEqual(d_date,2000-08-23), LessThanOrEqual(d_date,2000-09-22), Is..., ReadSchema: struct<d_date_sk:bigint,d_date:date>
            :           :     :     +- Project [s_store_sk#91L, s_store_id#92]
            :           :     :        +- Filter isnotnull(s_store_sk#91L)
            :           :     :           +- FileScan orc tpcds_bin_partitioned_varchar_orc_1000.store[s_store_sk#91L,s_store_id#92] Batched: true, DataFilters: [isnotnull(s_store_sk#91L)], Format: ORC, Location: InMemoryFileIndex[hdfs://vcloud-10-13:9000/user/hive/warehouse/tpcds_bin_partitioned_varchar_orc_..., PartitionFilters: [], PushedFilters: [IsNotNull(s_store_sk)], ReadSchema: struct<s_store_sk:bigint,s_store_id:string>
            :           :     +- Project [i_item_sk#120L]
            :           :        +- Filter ((isnotnull(i_current_price#125) AND (i_current_price#125 > 50.00)) AND isnotnull(i_item_sk#120L))
            :           :           +- FileScan orc tpcds_bin_partitioned_varchar_orc_1000.item[i_item_sk#120L,i_current_price#125] Batched: true, DataFilters: [isnotnull(i_current_price#125), (i_current_price#125 > 50.00), isnotnull(i_item_sk#120L)], Format: ORC, Location: InMemoryFileIndex[hdfs://vcloud-10-13:9000/user/hive/warehouse/tpcds_bin_partitioned_varchar_orc_..., PartitionFilters: [], PushedFilters: [IsNotNull(i_current_price), GreaterThan(i_current_price,50.00), IsNotNull(i_item_sk)], ReadSchema: struct<i_item_sk:bigint,i_current_price:decimal(7,2)>
            :           +- Project [p_promo_sk#142L]
            :              +- Filter ((isnotnull(p_channel_tv#153) AND (p_channel_tv#153 = N)) AND isnotnull(p_promo_sk#142L))
            :                 +- FileScan orc tpcds_bin_partitioned_varchar_orc_1000.promotion[p_promo_sk#142L,p_channel_tv#153] Batched: true, DataFilters: [isnotnull(p_channel_tv#153), (p_channel_tv#153 = N), isnotnull(p_promo_sk#142L)], Format: ORC, Location: InMemoryFileIndex[hdfs://vcloud-10-13:9000/user/hive/warehouse/tpcds_bin_partitioned_varchar_orc_..., PartitionFilters: [], PushedFilters: [IsNotNull(p_channel_tv), EqualTo(p_channel_tv,N), IsNotNull(p_promo_sk)], ReadSchema: struct<p_promo_sk:bigint,p_channel_tv:string>
            :- HashAggregate(keys=[cp_catalog_page_id#251], functions=[sum(UnscaledValue(cs_ext_sales_price#183)), sum(coalesce(cast(cr_return_amount#212 as decimal(12,2)), 0.00)), sum(CheckOverflow((promote_precision(cast(cs_net_profit#193 as decimal(13,2))) - promote_precision(cast(coalesce(cast(cr_net_loss#220 as decimal(12,2)), 0.00) as decimal(13,2)))), DecimalType(13,2), true))], output=[sales#14, returns#15, profit#16, channel#772, id#773])
            :  +- HashAggregate(keys=[cp_catalog_page_id#251], functions=[partial_sum(UnscaledValue(cs_ext_sales_price#183)), partial_sum(coalesce(cast(cr_return_amount#212 as decimal(12,2)), 0.00)), partial_sum(CheckOverflow((promote_precision(cast(cs_net_profit#193 as decimal(13,2))) - promote_precision(cast(coalesce(cast(cr_net_loss#220 as decimal(12,2)), 0.00) as decimal(13,2)))), DecimalType(13,2), true))], output=[cp_catalog_page_id#251, sum#806L, sum#807, isEmpty#808, sum#809, isEmpty#810])
            :     +- Project [cs_ext_sales_price#183, cs_net_profit#193, cr_return_amount#212, cr_net_loss#220, cp_catalog_page_id#251]
            :        +- BroadcastHashJoin [cs_promo_sk#176L], [p_promo_sk#281L], Inner, BuildRight, false
            :           :- Project [cs_promo_sk#176L, cs_ext_sales_price#183, cs_net_profit#193, cr_return_amount#212, cr_net_loss#220, cp_catalog_page_id#251]
            :           :  +- BroadcastHashJoin [cs_item_sk#175L], [i_item_sk#259L], Inner, BuildRight, false
            :           :     :- Project [cs_item_sk#175L, cs_promo_sk#176L, cs_ext_sales_price#183, cs_net_profit#193, cr_return_amount#212, cr_net_loss#220, cp_catalog_page_id#251]
            :           :     :  +- BroadcastHashJoin [cs_catalog_page_sk#172L], [cp_catalog_page_sk#250L], Inner, BuildRight, false
            :           :     :     :- Project [cs_catalog_page_sk#172L, cs_item_sk#175L, cs_promo_sk#176L, cs_ext_sales_price#183, cs_net_profit#193, cr_return_amount#212, cr_net_loss#220]
            :           :     :     :  +- BroadcastHashJoin [cs_sold_date_sk#194L], [d_date_sk#222L], Inner, BuildRight, false
            :           :     :     :     :- Project [cs_catalog_page_sk#172L, cs_item_sk#175L, cs_promo_sk#176L, cs_ext_sales_price#183, cs_net_profit#193, cs_sold_date_sk#194L, cr_return_amount#212, cr_net_loss#220]
            :           :     :     :     :  +- SortMergeJoin [cs_item_sk#175L, cs_order_number#177L], [cr_item_sk#196L, cr_order_number#210L], LeftOuter
            :           :     :     :     :     :- Project [cs_catalog_page_sk#172L, cs_item_sk#175L, cs_promo_sk#176L, cs_order_number#177L, cs_ext_sales_price#183, cs_net_profit#193, cs_sold_date_sk#194L]
            :           :     :     :     :     :  +- Filter ((isnotnull(cs_catalog_page_sk#172L) AND isnotnull(cs_item_sk#175L)) AND isnotnull(cs_promo_sk#176L))
            :           :     :     :     :     :     +- FileScan orc tpcds_bin_partitioned_varchar_orc_1000.catalog_sales[cs_catalog_page_sk#172L,cs_item_sk#175L,cs_promo_sk#176L,cs_order_number#177L,cs_ext_sales_price#183,cs_net_profit#193,cs_sold_date_sk#194L] Batched: true, DataFilters: [isnotnull(cs_catalog_page_sk#172L), isnotnull(cs_item_sk#175L), isnotnull(cs_promo_sk#176L)], Format: ORC, Location: InMemoryFileIndex[hdfs://vcloud-10-13:9000/user/hive/warehouse/tpcds_bin_partitioned_varchar_orc_..., PartitionFilters: [isnotnull(cs_sold_date_sk#194L), dynamicpruning#777 [cs_sold_date_sk#194L]], PushedFilters: [IsNotNull(cs_catalog_page_sk), IsNotNull(cs_item_sk), IsNotNull(cs_promo_sk)], ReadSchema: struct<cs_catalog_page_sk:bigint,cs_item_sk:bigint,cs_promo_sk:bigint,cs_order_number:bigint,cs_e...
            :           :     :     :     :     :           +- Project [d_date_sk#222L]
            :           :     :     :     :     :              +- Filter (((isnotnull(d_date#224) AND (d_date#224 >= 11192)) AND (d_date#224 <= 11222)) AND isnotnull(d_date_sk#222L))
            :           :     :     :     :     :                 +- Relation[d_date_sk#222L,d_date_id#223,d_date#224,d_month_seq#225,d_week_seq#226,d_quarter_seq#227,d_year#228,d_dow#229,d_moy#230,d_dom#231,d_qoy#232,d_fy_year#233,d_fy_quarter_seq#234,d_fy_week_seq#235,d_day_name#236,d_quarter_name#237,d_holiday#238,d_weekend#239,d_following_holiday#240,d_first_dom#241,d_last_dom#242,d_same_day_ly#243,d_same_day_lq#244,d_current_day#245,... 4 more fields] orc
            :           :     :     :     :     +- Project [cr_item_sk#196L, cr_order_number#210L, cr_return_amount#212, cr_net_loss#220]
            :           :     :     :     :        +- Filter (isnotnull(cr_item_sk#196L) AND isnotnull(cr_order_number#210L))
            :           :     :     :     :           +- FileScan orc tpcds_bin_partitioned_varchar_orc_1000.catalog_returns[cr_item_sk#196L,cr_order_number#210L,cr_return_amount#212,cr_net_loss#220,cr_returned_date_sk#221L] Batched: true, DataFilters: [isnotnull(cr_item_sk#196L), isnotnull(cr_order_number#210L)], Format: ORC, Location: CatalogFileIndex[hdfs://vcloud-10-13:9000/user/hive/warehouse/tpcds_bin_partitioned_varchar_orc_1..., PartitionFilters: [], PushedFilters: [IsNotNull(cr_item_sk), IsNotNull(cr_order_number)], ReadSchema: struct<cr_item_sk:bigint,cr_order_number:bigint,cr_return_amount:decimal(7,2),cr_net_loss:decimal...
            :           :     :     :     +- Project [d_date_sk#222L]
            :           :     :     :        +- Filter (((isnotnull(d_date#224) AND (d_date#224 >= 11192)) AND (d_date#224 <= 11222)) AND isnotnull(d_date_sk#222L))
            :           :     :     :           +- FileScan orc tpcds_bin_partitioned_varchar_orc_1000.date_dim[d_date_sk#222L,d_date#224] Batched: true, DataFilters: [isnotnull(d_date#224), (d_date#224 >= 11192), (d_date#224 <= 11222), isnotnull(d_date_sk#222L)], Format: ORC, Location: InMemoryFileIndex[hdfs://vcloud-10-13:9000/user/hive/warehouse/tpcds_bin_partitioned_varchar_orc_..., PartitionFilters: [], PushedFilters: [IsNotNull(d_date), GreaterThanOrEqual(d_date,2000-08-23), LessThanOrEqual(d_date,2000-09-22), Is..., ReadSchema: struct<d_date_sk:bigint,d_date:date>
            :           :     :     +- Project [cp_catalog_page_sk#250L, cp_catalog_page_id#251]
            :           :     :        +- Filter isnotnull(cp_catalog_page_sk#250L)
            :           :     :           +- FileScan orc tpcds_bin_partitioned_varchar_orc_1000.catalog_page[cp_catalog_page_sk#250L,cp_catalog_page_id#251] Batched: true, DataFilters: [isnotnull(cp_catalog_page_sk#250L)], Format: ORC, Location: InMemoryFileIndex[hdfs://vcloud-10-13:9000/user/hive/warehouse/tpcds_bin_partitioned_varchar_orc_..., PartitionFilters: [], PushedFilters: [IsNotNull(cp_catalog_page_sk)], ReadSchema: struct<cp_catalog_page_sk:bigint,cp_catalog_page_id:string>
            :           :     +- Project [i_item_sk#259L]
            :           :        +- Filter ((isnotnull(i_current_price#264) AND (i_current_price#264 > 50.00)) AND isnotnull(i_item_sk#259L))
            :           :           +- FileScan orc tpcds_bin_partitioned_varchar_orc_1000.item[i_item_sk#259L,i_current_price#264] Batched: true, DataFilters: [isnotnull(i_current_price#264), (i_current_price#264 > 50.00), isnotnull(i_item_sk#259L)], Format: ORC, Location: InMemoryFileIndex[hdfs://vcloud-10-13:9000/user/hive/warehouse/tpcds_bin_partitioned_varchar_orc_..., PartitionFilters: [], PushedFilters: [IsNotNull(i_current_price), GreaterThan(i_current_price,50.00), IsNotNull(i_item_sk)], ReadSchema: struct<i_item_sk:bigint,i_current_price:decimal(7,2)>
            :           +- Project [p_promo_sk#281L]
            :              +- Filter ((isnotnull(p_channel_tv#292) AND (p_channel_tv#292 = N)) AND isnotnull(p_promo_sk#281L))
            :                 +- FileScan orc tpcds_bin_partitioned_varchar_orc_1000.promotion[p_promo_sk#281L,p_channel_tv#292] Batched: true, DataFilters: [isnotnull(p_channel_tv#292), (p_channel_tv#292 = N), isnotnull(p_promo_sk#281L)], Format: ORC, Location: InMemoryFileIndex[hdfs://vcloud-10-13:9000/user/hive/warehouse/tpcds_bin_partitioned_varchar_orc_..., PartitionFilters: [], PushedFilters: [IsNotNull(p_channel_tv), EqualTo(p_channel_tv,N), IsNotNull(p_promo_sk)], ReadSchema: struct<p_promo_sk:bigint,p_channel_tv:string>
            +- HashAggregate(keys=[web_site_id#387], functions=[sum(UnscaledValue(ws_ext_sales_price#322)), sum(coalesce(cast(wr_return_amt#348 as decimal(12,2)), 0.00)), sum(CheckOverflow((promote_precision(cast(ws_net_profit#332 as decimal(13,2))) - promote_precision(cast(coalesce(cast(wr_net_loss#356 as decimal(12,2)), 0.00) as decimal(13,2)))), DecimalType(13,2), true))], output=[sales#17, returns#18, profit#19, channel#774, id#775])
               +- HashAggregate(keys=[web_site_id#387], functions=[partial_sum(UnscaledValue(ws_ext_sales_price#322)), partial_sum(coalesce(cast(wr_return_amt#348 as decimal(12,2)), 0.00)), partial_sum(CheckOverflow((promote_precision(cast(ws_net_profit#332 as decimal(13,2))) - promote_precision(cast(coalesce(cast(wr_net_loss#356 as decimal(12,2)), 0.00) as decimal(13,2)))), DecimalType(13,2), true))], output=[web_site_id#387, sum#816L, sum#817, isEmpty#818, sum#819, isEmpty#820])
                  +- Project [ws_ext_sales_price#322, ws_net_profit#332, wr_return_amt#348, wr_net_loss#356, web_site_id#387]
                     +- BroadcastHashJoin [ws_promo_sk#315L], [p_promo_sk#434L], Inner, BuildRight, false
                        :- Project [ws_promo_sk#315L, ws_ext_sales_price#322, ws_net_profit#332, wr_return_amt#348, wr_net_loss#356, web_site_id#387]
                        :  +- BroadcastHashJoin [ws_item_sk#302L], [i_item_sk#412L], Inner, BuildRight, false
                        :     :- Project [ws_item_sk#302L, ws_promo_sk#315L, ws_ext_sales_price#322, ws_net_profit#332, wr_return_amt#348, wr_net_loss#356, web_site_id#387]
                        :     :  +- BroadcastHashJoin [ws_web_site_sk#312L], [web_site_sk#386L], Inner, BuildRight, false
                        :     :     :- Project [ws_item_sk#302L, ws_web_site_sk#312L, ws_promo_sk#315L, ws_ext_sales_price#322, ws_net_profit#332, wr_return_amt#348, wr_net_loss#356]
                        :     :     :  +- BroadcastHashJoin [ws_sold_date_sk#333L], [d_date_sk#358L], Inner, BuildRight, false
                        :     :     :     :- Project [ws_item_sk#302L, ws_web_site_sk#312L, ws_promo_sk#315L, ws_ext_sales_price#322, ws_net_profit#332, ws_sold_date_sk#333L, wr_return_amt#348, wr_net_loss#356]
                        :     :     :     :  +- SortMergeJoin [ws_item_sk#302L, ws_order_number#316L], [wr_item_sk#335L, wr_order_number#346L], LeftOuter
                        :     :     :     :     :- Project [ws_item_sk#302L, ws_web_site_sk#312L, ws_promo_sk#315L, ws_order_number#316L, ws_ext_sales_price#322, ws_net_profit#332, ws_sold_date_sk#333L]
                        :     :     :     :     :  +- Filter ((isnotnull(ws_web_site_sk#312L) AND isnotnull(ws_item_sk#302L)) AND isnotnull(ws_promo_sk#315L))
                        :     :     :     :     :     +- FileScan orc tpcds_bin_partitioned_varchar_orc_1000.web_sales[ws_item_sk#302L,ws_web_site_sk#312L,ws_promo_sk#315L,ws_order_number#316L,ws_ext_sales_price#322,ws_net_profit#332,ws_sold_date_sk#333L] Batched: true, DataFilters: [isnotnull(ws_web_site_sk#312L), isnotnull(ws_item_sk#302L), isnotnull(ws_promo_sk#315L)], Format: ORC, Location: InMemoryFileIndex[hdfs://vcloud-10-13:9000/user/hive/warehouse/tpcds_bin_partitioned_varchar_orc_..., PartitionFilters: [isnotnull(ws_sold_date_sk#333L), dynamicpruning#778 [ws_sold_date_sk#333L]], PushedFilters: [IsNotNull(ws_web_site_sk), IsNotNull(ws_item_sk), IsNotNull(ws_promo_sk)], ReadSchema: struct<ws_item_sk:bigint,ws_web_site_sk:bigint,ws_promo_sk:bigint,ws_order_number:bigint,ws_ext_s...
                        :     :     :     :     :           +- Project [d_date_sk#358L]
                        :     :     :     :     :              +- Filter (((isnotnull(d_date#360) AND (d_date#360 >= 11192)) AND (d_date#360 <= 11222)) AND isnotnull(d_date_sk#358L))
                        :     :     :     :     :                 +- Relation[d_date_sk#358L,d_date_id#359,d_date#360,d_month_seq#361,d_week_seq#362,d_quarter_seq#363,d_year#364,d_dow#365,d_moy#366,d_dom#367,d_qoy#368,d_fy_year#369,d_fy_quarter_seq#370,d_fy_week_seq#371,d_day_name#372,d_quarter_name#373,d_holiday#374,d_weekend#375,d_following_holiday#376,d_first_dom#377,d_last_dom#378,d_same_day_ly#379,d_same_day_lq#380,d_current_day#381,... 4 more fields] orc
                        :     :     :     :     +- Project [wr_item_sk#335L, wr_order_number#346L, wr_return_amt#348, wr_net_loss#356]
                        :     :     :     :        +- Filter (isnotnull(wr_item_sk#335L) AND isnotnull(wr_order_number#346L))
                        :     :     :     :           +- FileScan orc tpcds_bin_partitioned_varchar_orc_1000.web_returns[wr_item_sk#335L,wr_order_number#346L,wr_return_amt#348,wr_net_loss#356,wr_returned_date_sk#357L] Batched: true, DataFilters: [isnotnull(wr_item_sk#335L), isnotnull(wr_order_number#346L)], Format: ORC, Location: CatalogFileIndex[hdfs://vcloud-10-13:9000/user/hive/warehouse/tpcds_bin_partitioned_varchar_orc_1..., PartitionFilters: [], PushedFilters: [IsNotNull(wr_item_sk), IsNotNull(wr_order_number)], ReadSchema: struct<wr_item_sk:bigint,wr_order_number:bigint,wr_return_amt:decimal(7,2),wr_net_loss:decimal(7,2)>
                        :     :     :     +- Project [d_date_sk#358L]
                        :     :     :        +- Filter (((isnotnull(d_date#360) AND (d_date#360 >= 11192)) AND (d_date#360 <= 11222)) AND isnotnull(d_date_sk#358L))
                        :     :     :           +- FileScan orc tpcds_bin_partitioned_varchar_orc_1000.date_dim[d_date_sk#358L,d_date#360] Batched: true, DataFilters: [isnotnull(d_date#360), (d_date#360 >= 11192), (d_date#360 <= 11222), isnotnull(d_date_sk#358L)], Format: ORC, Location: InMemoryFileIndex[hdfs://vcloud-10-13:9000/user/hive/warehouse/tpcds_bin_partitioned_varchar_orc_..., PartitionFilters: [], PushedFilters: [IsNotNull(d_date), GreaterThanOrEqual(d_date,2000-08-23), LessThanOrEqual(d_date,2000-09-22), Is..., ReadSchema: struct<d_date_sk:bigint,d_date:date>
                        :     :     +- Project [web_site_sk#386L, web_site_id#387]
                        :     :        +- Filter isnotnull(web_site_sk#386L)
                        :     :           +- FileScan orc tpcds_bin_partitioned_varchar_orc_1000.web_site[web_site_sk#386L,web_site_id#387] Batched: true, DataFilters: [isnotnull(web_site_sk#386L)], Format: ORC, Location: InMemoryFileIndex[hdfs://vcloud-10-13:9000/user/hive/warehouse/tpcds_bin_partitioned_varchar_orc_..., PartitionFilters: [], PushedFilters: [IsNotNull(web_site_sk)], ReadSchema: struct<web_site_sk:bigint,web_site_id:string>
                        :     +- Project [i_item_sk#412L]
                        :        +- Filter ((isnotnull(i_current_price#417) AND (i_current_price#417 > 50.00)) AND isnotnull(i_item_sk#412L))
                        :           +- FileScan orc tpcds_bin_partitioned_varchar_orc_1000.item[i_item_sk#412L,i_current_price#417] Batched: true, DataFilters: [isnotnull(i_current_price#417), (i_current_price#417 > 50.00), isnotnull(i_item_sk#412L)], Format: ORC, Location: InMemoryFileIndex[hdfs://vcloud-10-13:9000/user/hive/warehouse/tpcds_bin_partitioned_varchar_orc_..., PartitionFilters: [], PushedFilters: [IsNotNull(i_current_price), GreaterThan(i_current_price,50.00), IsNotNull(i_item_sk)], ReadSchema: struct<i_item_sk:bigint,i_current_price:decimal(7,2)>
                        +- Project [p_promo_sk#434L]
                           +- Filter ((isnotnull(p_channel_tv#445) AND (p_channel_tv#445 = N)) AND isnotnull(p_promo_sk#434L))
                              +- FileScan orc tpcds_bin_partitioned_varchar_orc_1000.promotion[p_promo_sk#434L,p_channel_tv#445] Batched: true, DataFilters: [isnotnull(p_channel_tv#445), (p_channel_tv#445 = N), isnotnull(p_promo_sk#434L)], Format: ORC, Location: InMemoryFileIndex[hdfs://vcloud-10-13:9000/user/hive/warehouse/tpcds_bin_partitioned_varchar_orc_..., PartitionFilters: [], PushedFilters: [IsNotNull(p_channel_tv), EqualTo(p_channel_tv,N), IsNotNull(p_promo_sk)], ReadSchema: struct<p_promo_sk:bigint,p_channel_tv:string>
.
Time taken: 57.779 seconds, Fetched 100 row(s)
