24/04/26 16:15:21 WARN Utils: Your hostname, vcloud-10-13 resolves to a loopback address: 127.0.0.1; using 21.21.36.153 instead (on interface eno1)
24/04/26 16:15:21 WARN Utils: Set SPARK_LOCAL_IP if you need to bind to another address
24/04/26 16:15:22 WARN NativeCodeLoader: Unable to load native-hadoop library for your platform... using builtin-java classes where applicable
Setting default log level to "WARN".
To adjust logging level use sc.setLogLevel(newLevel). For SparkR, use setLogLevel(newLevel).
24/04/26 16:15:24 WARN Client: Neither spark.yarn.jars nor spark.yarn.archive is set, falling back to uploading libraries under SPARK_HOME.
Spark master: yarn, Application Id: application_1714105099579_0175
24/04/26 16:15:41 WARN SessionState: METASTORE_FILTER_HOOK will be ignored, since hive.security.authorization.manager is set to instance of HiveAuthorizerFactory.
24/04/26 16:15:46 WARN package: Truncated the string representation of a plan since it was too large. This behavior can be adjusted by setting 'spark.sql.debug.maxToStringFields'.
24/04/26 16:15:46 WARN InsertAdaptiveSparkPlan: spark.sql.adaptive.enabled is enabled but is not supported for query: TakeOrderedAndProject(limit=100, orderBy=[i_category#116 ASC NULLS FIRST,i_class#117 ASC NULLS FIRST,i_brand#118 ASC NULLS FIRST,i_product_name#119 ASC NULLS FIRST,d_year#120 ASC NULLS FIRST,d_qoy#121 ASC NULLS FIRST,d_moy#122 ASC NULLS FIRST,s_store_id#123 ASC NULLS FIRST,sumsales#0 ASC NULLS FIRST,rk#1 ASC NULLS FIRST], output=[i_category#116,i_class#117,i_brand#118,i_product_name#119,d_year#120,d_qoy#121,d_moy#122,s_store_id#123,sumsales#0,rk#1])
+- Filter (isnotnull(rk#1) AND (rk#1 <= 100))
   +- Window [rank(sumsales#0) windowspecdefinition(i_category#116, sumsales#0 DESC NULLS LAST, specifiedwindowframe(RowFrame, unboundedpreceding$(), currentrow$())) AS rk#1], [i_category#116], [sumsales#0 DESC NULLS LAST]
      +- HashAggregate(keys=[i_category#116, i_class#117, i_brand#118, i_product_name#119, d_year#120, d_qoy#121, d_moy#122, s_store_id#123, spark_grouping_id#115L], functions=[sum(coalesce(CheckOverflow((promote_precision(cast(ss_sales_price#16 as decimal(12,2))) * promote_precision(cast(cast(ss_quantity#13 as decimal(10,0)) as decimal(12,2)))), DecimalType(18,2), true), 0.00))], output=[i_category#116, i_class#117, i_brand#118, i_product_name#119, d_year#120, d_qoy#121, d_moy#122, s_store_id#123, sumsales#0])
         +- HashAggregate(keys=[i_category#116, i_class#117, i_brand#118, i_product_name#119, d_year#120, d_qoy#121, d_moy#122, s_store_id#123, spark_grouping_id#115L], functions=[partial_sum(coalesce(CheckOverflow((promote_precision(cast(ss_sales_price#16 as decimal(12,2))) * promote_precision(cast(cast(ss_quantity#13 as decimal(10,0)) as decimal(12,2)))), DecimalType(18,2), true), 0.00))], output=[i_category#116, i_class#117, i_brand#118, i_product_name#119, d_year#120, d_qoy#121, d_moy#122, s_store_id#123, spark_grouping_id#115L, sum#248, isEmpty#249])
            +- Expand [List(ss_quantity#13, ss_sales_price#16, i_category#96, i_class#94, i_brand#92, i_product_name#105, d_year#33, d_qoy#37, d_moy#35, s_store_id#56, 0), List(ss_quantity#13, ss_sales_price#16, i_category#96, i_class#94, i_brand#92, i_product_name#105, d_year#33, d_qoy#37, d_moy#35, null, 1), List(ss_quantity#13, ss_sales_price#16, i_category#96, i_class#94, i_brand#92, i_product_name#105, d_year#33, d_qoy#37, null, null, 3), List(ss_quantity#13, ss_sales_price#16, i_category#96, i_class#94, i_brand#92, i_product_name#105, d_year#33, null, null, null, 7), List(ss_quantity#13, ss_sales_price#16, i_category#96, i_class#94, i_brand#92, i_product_name#105, null, null, null, null, 15), List(ss_quantity#13, ss_sales_price#16, i_category#96, i_class#94, i_brand#92, null, null, null, null, null, 31), List(ss_quantity#13, ss_sales_price#16, i_category#96, i_class#94, null, null, null, null, null, null, 63), List(ss_quantity#13, ss_sales_price#16, i_category#96, null, null, null, null, null, null, null, 127), List(ss_quantity#13, ss_sales_price#16, null, null, null, null, null, null, null, null, 255)], [ss_quantity#13, ss_sales_price#16, i_category#116, i_class#117, i_brand#118, i_product_name#119, d_year#120, d_qoy#121, d_moy#122, s_store_id#123, spark_grouping_id#115L]
               +- Project [ss_quantity#13, ss_sales_price#16, i_category#96, i_class#94, i_brand#92, i_product_name#105, d_year#33, d_qoy#37, d_moy#35, s_store_id#56]
                  +- BroadcastHashJoin [ss_item_sk#5L], [i_item_sk#84L], Inner, BuildRight, false
                     :- Project [ss_item_sk#5L, ss_quantity#13, ss_sales_price#16, d_year#33, d_moy#35, d_qoy#37, s_store_id#56]
                     :  +- BroadcastHashJoin [ss_store_sk#10L], [s_store_sk#55L], Inner, BuildRight, false
                     :     :- Project [ss_item_sk#5L, ss_store_sk#10L, ss_quantity#13, ss_sales_price#16, d_year#33, d_moy#35, d_qoy#37]
                     :     :  +- BroadcastHashJoin [ss_sold_date_sk#26L], [d_date_sk#27L], Inner, BuildRight, false
                     :     :     :- Project [ss_item_sk#5L, ss_store_sk#10L, ss_quantity#13, ss_sales_price#16, ss_sold_date_sk#26L]
                     :     :     :  +- Filter (isnotnull(ss_store_sk#10L) AND isnotnull(ss_item_sk#5L))
                     :     :     :     +- FileScan orc tpcds_bin_partitioned_varchar_orc_1000.store_sales[ss_item_sk#5L,ss_store_sk#10L,ss_quantity#13,ss_sales_price#16,ss_sold_date_sk#26L] Batched: true, DataFilters: [isnotnull(ss_store_sk#10L), isnotnull(ss_item_sk#5L)], Format: ORC, Location: InMemoryFileIndex[hdfs://vcloud-10-13:9000/user/hive/warehouse/tpcds_bin_partitioned_varchar_orc_..., PartitionFilters: [isnotnull(ss_sold_date_sk#26L), dynamicpruning#245 [ss_sold_date_sk#26L]], PushedFilters: [IsNotNull(ss_store_sk), IsNotNull(ss_item_sk)], ReadSchema: struct<ss_item_sk:bigint,ss_store_sk:bigint,ss_quantity:int,ss_sales_price:decimal(7,2)>
                     :     :     :           +- Project [d_date_sk#27L, d_year#33, d_moy#35, d_qoy#37]
                     :     :     :              +- Filter (((isnotnull(d_month_seq#30) AND (d_month_seq#30 >= 1200)) AND (d_month_seq#30 <= 1211)) AND isnotnull(d_date_sk#27L))
                     :     :     :                 +- Relation[d_date_sk#27L,d_date_id#28,d_date#29,d_month_seq#30,d_week_seq#31,d_quarter_seq#32,d_year#33,d_dow#34,d_moy#35,d_dom#36,d_qoy#37,d_fy_year#38,d_fy_quarter_seq#39,d_fy_week_seq#40,d_day_name#41,d_quarter_name#42,d_holiday#43,d_weekend#44,d_following_holiday#45,d_first_dom#46,d_last_dom#47,d_same_day_ly#48,d_same_day_lq#49,d_current_day#50,... 4 more fields] orc
                     :     :     +- Project [d_date_sk#27L, d_year#33, d_moy#35, d_qoy#37]
                     :     :        +- Filter (((isnotnull(d_month_seq#30) AND (d_month_seq#30 >= 1200)) AND (d_month_seq#30 <= 1211)) AND isnotnull(d_date_sk#27L))
                     :     :           +- FileScan orc tpcds_bin_partitioned_varchar_orc_1000.date_dim[d_date_sk#27L,d_month_seq#30,d_year#33,d_moy#35,d_qoy#37] Batched: true, DataFilters: [isnotnull(d_month_seq#30), (d_month_seq#30 >= 1200), (d_month_seq#30 <= 1211), isnotnull(d_date_..., Format: ORC, Location: InMemoryFileIndex[hdfs://vcloud-10-13:9000/user/hive/warehouse/tpcds_bin_partitioned_varchar_orc_..., PartitionFilters: [], PushedFilters: [IsNotNull(d_month_seq), GreaterThanOrEqual(d_month_seq,1200), LessThanOrEqual(d_month_seq,1211),..., ReadSchema: struct<d_date_sk:bigint,d_month_seq:int,d_year:int,d_moy:int,d_qoy:int>
                     :     +- Project [s_store_sk#55L, s_store_id#56]
                     :        +- Filter isnotnull(s_store_sk#55L)
                     :           +- FileScan orc tpcds_bin_partitioned_varchar_orc_1000.store[s_store_sk#55L,s_store_id#56] Batched: true, DataFilters: [isnotnull(s_store_sk#55L)], Format: ORC, Location: InMemoryFileIndex[hdfs://vcloud-10-13:9000/user/hive/warehouse/tpcds_bin_partitioned_varchar_orc_..., PartitionFilters: [], PushedFilters: [IsNotNull(s_store_sk)], ReadSchema: struct<s_store_sk:bigint,s_store_id:string>
                     +- Project [i_item_sk#84L, i_brand#92, i_class#94, i_category#96, i_product_name#105]
                        +- Filter isnotnull(i_item_sk#84L)
                           +- FileScan orc tpcds_bin_partitioned_varchar_orc_1000.item[i_item_sk#84L,i_brand#92,i_class#94,i_category#96,i_product_name#105] Batched: true, DataFilters: [isnotnull(i_item_sk#84L)], Format: ORC, Location: InMemoryFileIndex[hdfs://vcloud-10-13:9000/user/hive/warehouse/tpcds_bin_partitioned_varchar_orc_..., PartitionFilters: [], PushedFilters: [IsNotNull(i_item_sk)], ReadSchema: struct<i_item_sk:bigint,i_brand:string,i_class:string,i_category:string,i_product_name:string>
.
Time taken: 551.509 seconds, Fetched 100 row(s)
