24/04/26 16:24:53 WARN Utils: Your hostname, vcloud-10-13 resolves to a loopback address: 127.0.0.1; using 21.21.36.153 instead (on interface eno1)
24/04/26 16:24:53 WARN Utils: Set SPARK_LOCAL_IP if you need to bind to another address
24/04/26 16:24:54 WARN NativeCodeLoader: Unable to load native-hadoop library for your platform... using builtin-java classes where applicable
Setting default log level to "WARN".
To adjust logging level use sc.setLogLevel(newLevel). For SparkR, use setLogLevel(newLevel).
24/04/26 16:24:56 WARN Client: Neither spark.yarn.jars nor spark.yarn.archive is set, falling back to uploading libraries under SPARK_HOME.
Spark master: yarn, Application Id: application_1714105099579_0176
24/04/26 16:25:13 WARN SessionState: METASTORE_FILTER_HOOK will be ignored, since hive.security.authorization.manager is set to instance of HiveAuthorizerFactory.
24/04/26 16:25:18 WARN package: Truncated the string representation of a plan since it was too large. This behavior can be adjusted by setting 'spark.sql.debug.maxToStringFields'.
24/04/26 16:25:18 WARN InsertAdaptiveSparkPlan: spark.sql.adaptive.enabled is enabled but is not supported for query: TakeOrderedAndProject(limit=100, orderBy=[c_last_name#111 ASC NULLS FIRST,ss_ticket_number#12L ASC NULLS FIRST], output=[c_last_name#111,c_first_name#110,ca_city#126,bought_city#0,ss_ticket_number#12L,extended_price#1,extended_tax#3,list_price#2])
+- Project [c_last_name#111, c_first_name#110, ca_city#126, bought_city#0, ss_ticket_number#12L, extended_price#1, extended_tax#3, list_price#2]
   +- BroadcastHashJoin [c_current_addr_sk#106L], [ca_address_sk#120L], Inner, BuildRight, NOT (ca_city#126 = bought_city#0), false
      :- Project [ss_ticket_number#12L, bought_city#0, extended_price#1, list_price#2, extended_tax#3, c_current_addr_sk#106L, c_first_name#110, c_last_name#111]
      :  +- SortMergeJoin [ss_customer_sk#6L], [c_customer_sk#102L], Inner
      :     :- HashAggregate(keys=[ss_ticket_number#12L, ss_customer_sk#6L, ss_addr_sk#9L, ca_city#95], functions=[sum(UnscaledValue(ss_ext_sales_price#18)), sum(UnscaledValue(ss_ext_list_price#20)), sum(UnscaledValue(ss_ext_tax#21))], output=[ss_ticket_number#12L, ss_customer_sk#6L, bought_city#0, extended_price#1, list_price#2, extended_tax#3])
      :     :  +- HashAggregate(keys=[ss_ticket_number#12L, ss_customer_sk#6L, ss_addr_sk#9L, ca_city#95], functions=[partial_sum(UnscaledValue(ss_ext_sales_price#18)), partial_sum(UnscaledValue(ss_ext_list_price#20)), partial_sum(UnscaledValue(ss_ext_tax#21))], output=[ss_ticket_number#12L, ss_customer_sk#6L, ss_addr_sk#9L, ca_city#95, sum#264L, sum#265L, sum#266L])
      :     :     +- Project [ss_customer_sk#6L, ss_addr_sk#9L, ss_ticket_number#12L, ss_ext_sales_price#18, ss_ext_list_price#20, ss_ext_tax#21, ca_city#95]
      :     :        +- BroadcastHashJoin [ss_addr_sk#9L], [ca_address_sk#89L], Inner, BuildRight, false
      :     :           :- Project [ss_customer_sk#6L, ss_addr_sk#9L, ss_ticket_number#12L, ss_ext_sales_price#18, ss_ext_list_price#20, ss_ext_tax#21]
      :     :           :  +- BroadcastHashJoin [ss_hdemo_sk#8L], [hd_demo_sk#84L], Inner, BuildRight, false
      :     :           :     :- Project [ss_customer_sk#6L, ss_hdemo_sk#8L, ss_addr_sk#9L, ss_ticket_number#12L, ss_ext_sales_price#18, ss_ext_list_price#20, ss_ext_tax#21]
      :     :           :     :  +- BroadcastHashJoin [ss_store_sk#10L], [s_store_sk#55L], Inner, BuildRight, false
      :     :           :     :     :- Project [ss_customer_sk#6L, ss_hdemo_sk#8L, ss_addr_sk#9L, ss_store_sk#10L, ss_ticket_number#12L, ss_ext_sales_price#18, ss_ext_list_price#20, ss_ext_tax#21]
      :     :           :     :     :  +- BroadcastHashJoin [ss_sold_date_sk#26L], [d_date_sk#27L], Inner, BuildRight, false
      :     :           :     :     :     :- Project [ss_customer_sk#6L, ss_hdemo_sk#8L, ss_addr_sk#9L, ss_store_sk#10L, ss_ticket_number#12L, ss_ext_sales_price#18, ss_ext_list_price#20, ss_ext_tax#21, ss_sold_date_sk#26L]
      :     :           :     :     :     :  +- Filter (((isnotnull(ss_store_sk#10L) AND isnotnull(ss_hdemo_sk#8L)) AND isnotnull(ss_addr_sk#9L)) AND isnotnull(ss_customer_sk#6L))
      :     :           :     :     :     :     +- FileScan orc tpcds_bin_partitioned_varchar_orc_1000.store_sales[ss_customer_sk#6L,ss_hdemo_sk#8L,ss_addr_sk#9L,ss_store_sk#10L,ss_ticket_number#12L,ss_ext_sales_price#18,ss_ext_list_price#20,ss_ext_tax#21,ss_sold_date_sk#26L] Batched: true, DataFilters: [isnotnull(ss_store_sk#10L), isnotnull(ss_hdemo_sk#8L), isnotnull(ss_addr_sk#9L), isnotnull(ss_cu..., Format: ORC, Location: InMemoryFileIndex[hdfs://vcloud-10-13:9000/user/hive/warehouse/tpcds_bin_partitioned_varchar_orc_..., PartitionFilters: [isnotnull(ss_sold_date_sk#26L), dynamicpruning#260 [ss_sold_date_sk#26L]], PushedFilters: [IsNotNull(ss_store_sk), IsNotNull(ss_hdemo_sk), IsNotNull(ss_addr_sk), IsNotNull(ss_customer_sk)], ReadSchema: struct<ss_customer_sk:bigint,ss_hdemo_sk:bigint,ss_addr_sk:bigint,ss_store_sk:bigint,ss_ticket_nu...
      :     :           :     :     :     :           +- Project [d_date_sk#27L]
      :     :           :     :     :     :              +- Filter ((((isnotnull(d_dom#36) AND (d_dom#36 >= 1)) AND (d_dom#36 <= 2)) AND d_year#33 IN (1999,2000,2001)) AND isnotnull(d_date_sk#27L))
      :     :           :     :     :     :                 +- Relation[d_date_sk#27L,d_date_id#28,d_date#29,d_month_seq#30,d_week_seq#31,d_quarter_seq#32,d_year#33,d_dow#34,d_moy#35,d_dom#36,d_qoy#37,d_fy_year#38,d_fy_quarter_seq#39,d_fy_week_seq#40,d_day_name#41,d_quarter_name#42,d_holiday#43,d_weekend#44,d_following_holiday#45,d_first_dom#46,d_last_dom#47,d_same_day_ly#48,d_same_day_lq#49,d_current_day#50,... 4 more fields] orc
      :     :           :     :     :     +- Project [d_date_sk#27L]
      :     :           :     :     :        +- Filter ((((isnotnull(d_dom#36) AND (d_dom#36 >= 1)) AND (d_dom#36 <= 2)) AND d_year#33 IN (1999,2000,2001)) AND isnotnull(d_date_sk#27L))
      :     :           :     :     :           +- FileScan orc tpcds_bin_partitioned_varchar_orc_1000.date_dim[d_date_sk#27L,d_year#33,d_dom#36] Batched: true, DataFilters: [isnotnull(d_dom#36), (d_dom#36 >= 1), (d_dom#36 <= 2), d_year#33 IN (1999,2000,2001), isnotnull(..., Format: ORC, Location: InMemoryFileIndex[hdfs://vcloud-10-13:9000/user/hive/warehouse/tpcds_bin_partitioned_varchar_orc_..., PartitionFilters: [], PushedFilters: [IsNotNull(d_dom), GreaterThanOrEqual(d_dom,1), LessThanOrEqual(d_dom,2), In(d_year, [1999,2000,2..., ReadSchema: struct<d_date_sk:bigint,d_year:int,d_dom:int>
      :     :           :     :     +- Project [s_store_sk#55L]
      :     :           :     :        +- Filter (s_city#77 IN (Midway,Fairview) AND isnotnull(s_store_sk#55L))
      :     :           :     :           +- FileScan orc tpcds_bin_partitioned_varchar_orc_1000.store[s_store_sk#55L,s_city#77] Batched: true, DataFilters: [s_city#77 IN (Midway,Fairview), isnotnull(s_store_sk#55L)], Format: ORC, Location: InMemoryFileIndex[hdfs://vcloud-10-13:9000/user/hive/warehouse/tpcds_bin_partitioned_varchar_orc_..., PartitionFilters: [], PushedFilters: [In(s_city, [Midway,Fairview]), IsNotNull(s_store_sk)], ReadSchema: struct<s_store_sk:bigint,s_city:string>
      :     :           :     +- Project [hd_demo_sk#84L]
      :     :           :        +- Filter (((hd_dep_count#87 = 4) OR (hd_vehicle_count#88 = 3)) AND isnotnull(hd_demo_sk#84L))
      :     :           :           +- FileScan orc tpcds_bin_partitioned_varchar_orc_1000.household_demographics[hd_demo_sk#84L,hd_dep_count#87,hd_vehicle_count#88] Batched: true, DataFilters: [((hd_dep_count#87 = 4) OR (hd_vehicle_count#88 = 3)), isnotnull(hd_demo_sk#84L)], Format: ORC, Location: InMemoryFileIndex[hdfs://vcloud-10-13:9000/user/hive/warehouse/tpcds_bin_partitioned_varchar_orc_..., PartitionFilters: [], PushedFilters: [Or(EqualTo(hd_dep_count,4),EqualTo(hd_vehicle_count,3)), IsNotNull(hd_demo_sk)], ReadSchema: struct<hd_demo_sk:bigint,hd_dep_count:int,hd_vehicle_count:int>
      :     :           +- Project [ca_address_sk#89L, ca_city#95]
      :     :              +- Filter (isnotnull(ca_address_sk#89L) AND isnotnull(ca_city#95))
      :     :                 +- FileScan orc tpcds_bin_partitioned_varchar_orc_1000.customer_address[ca_address_sk#89L,ca_city#95] Batched: true, DataFilters: [isnotnull(ca_address_sk#89L), isnotnull(ca_city#95)], Format: ORC, Location: InMemoryFileIndex[hdfs://vcloud-10-13:9000/user/hive/warehouse/tpcds_bin_partitioned_varchar_orc_..., PartitionFilters: [], PushedFilters: [IsNotNull(ca_address_sk), IsNotNull(ca_city)], ReadSchema: struct<ca_address_sk:bigint,ca_city:string>
      :     +- Project [c_customer_sk#102L, c_current_addr_sk#106L, c_first_name#110, c_last_name#111]
      :        +- Filter (isnotnull(c_customer_sk#102L) AND isnotnull(c_current_addr_sk#106L))
      :           +- FileScan orc tpcds_bin_partitioned_varchar_orc_1000.customer[c_customer_sk#102L,c_current_addr_sk#106L,c_first_name#110,c_last_name#111] Batched: true, DataFilters: [isnotnull(c_customer_sk#102L), isnotnull(c_current_addr_sk#106L)], Format: ORC, Location: InMemoryFileIndex[hdfs://vcloud-10-13:9000/user/hive/warehouse/tpcds_bin_partitioned_varchar_orc_..., PartitionFilters: [], PushedFilters: [IsNotNull(c_customer_sk), IsNotNull(c_current_addr_sk)], ReadSchema: struct<c_customer_sk:bigint,c_current_addr_sk:bigint,c_first_name:string,c_last_name:string>
      +- Project [ca_address_sk#120L, ca_city#126]
         +- Filter (isnotnull(ca_address_sk#120L) AND isnotnull(ca_city#126))
            +- FileScan orc tpcds_bin_partitioned_varchar_orc_1000.customer_address[ca_address_sk#120L,ca_city#126] Batched: true, DataFilters: [isnotnull(ca_address_sk#120L), isnotnull(ca_city#126)], Format: ORC, Location: InMemoryFileIndex[hdfs://vcloud-10-13:9000/user/hive/warehouse/tpcds_bin_partitioned_varchar_orc_..., PartitionFilters: [], PushedFilters: [IsNotNull(ca_address_sk), IsNotNull(ca_city)], ReadSchema: struct<ca_address_sk:bigint,ca_city:string>
.
Time taken: 19.688 seconds, Fetched 100 row(s)
