24/04/26 14:42:16 WARN Utils: Your hostname, vcloud-10-13 resolves to a loopback address: 127.0.0.1; using 21.21.36.153 instead (on interface eno1)
24/04/26 14:42:16 WARN Utils: Set SPARK_LOCAL_IP if you need to bind to another address
24/04/26 14:42:16 WARN NativeCodeLoader: Unable to load native-hadoop library for your platform... using builtin-java classes where applicable
Setting default log level to "WARN".
To adjust logging level use sc.setLogLevel(newLevel). For SparkR, use setLogLevel(newLevel).
24/04/26 14:42:18 WARN Client: Neither spark.yarn.jars nor spark.yarn.archive is set, falling back to uploading libraries under SPARK_HOME.
Spark master: yarn, Application Id: application_1714105099579_0105
24/04/26 14:42:36 WARN SessionState: METASTORE_FILTER_HOOK will be ignored, since hive.security.authorization.manager is set to instance of HiveAuthorizerFactory.
24/04/26 14:42:41 WARN package: Truncated the string representation of a plan since it was too large. This behavior can be adjusted by setting 'spark.sql.debug.maxToStringFields'.
24/04/26 14:42:41 WARN InsertAdaptiveSparkPlan: spark.sql.adaptive.enabled is enabled but is not supported for query: TakeOrderedAndProject(limit=100, orderBy=[c_customer_id#82 ASC NULLS FIRST], output=[c_customer_id#82])
+- Project [c_customer_id#82]
   +- BroadcastHashJoin [ctr_customer_sk#1L], [c_customer_sk#81L], Inner, BuildRight, false
      :- Project [ctr_customer_sk#1L]
      :  +- BroadcastHashJoin [ctr_store_sk#2L], [s_store_sk#52L], Inner, BuildRight, false
      :     :- Project [ctr_customer_sk#1L, ctr_store_sk#2L]
      :     :  +- SortMergeJoin [ctr_store_sk#2L], [ctr_store_sk#2L#247L], Inner, (cast(ctr_total_return#3 as decimal(24,7)) > (CAST(avg(ctr_total_return) AS DECIMAL(21,6)) * CAST(1.2 AS DECIMAL(21,6)))#198)
      :     :     :- Filter isnotnull(ctr_total_return#3)
      :     :     :  +- HashAggregate(keys=[sr_customer_sk#6L, sr_store_sk#10L], functions=[sum(UnscaledValue(sr_return_amt#14))], output=[ctr_customer_sk#1L, ctr_store_sk#2L, ctr_total_return#3])
      :     :     :     +- HashAggregate(keys=[sr_customer_sk#6L, sr_store_sk#10L], functions=[partial_sum(UnscaledValue(sr_return_amt#14))], output=[sr_customer_sk#6L, sr_store_sk#10L, sum#251L])
      :     :     :        +- Project [sr_customer_sk#6L, sr_store_sk#10L, sr_return_amt#14]
      :     :     :           +- BroadcastHashJoin [sr_returned_date_sk#23L], [d_date_sk#24L], Inner, BuildRight, false
      :     :     :              :- Project [sr_customer_sk#6L, sr_store_sk#10L, sr_return_amt#14, sr_returned_date_sk#23L]
      :     :     :              :  +- Filter (isnotnull(sr_store_sk#10L) AND isnotnull(sr_customer_sk#6L))
      :     :     :              :     +- FileScan orc tpcds_bin_partitioned_varchar_orc_1000.store_returns[sr_customer_sk#6L,sr_store_sk#10L,sr_return_amt#14,sr_returned_date_sk#23L] Batched: true, DataFilters: [isnotnull(sr_store_sk#10L), isnotnull(sr_customer_sk#6L)], Format: ORC, Location: InMemoryFileIndex[hdfs://vcloud-10-13:9000/user/hive/warehouse/tpcds_bin_partitioned_varchar_orc_..., PartitionFilters: [isnotnull(sr_returned_date_sk#23L), dynamicpruning#248 [sr_returned_date_sk#23L]], PushedFilters: [IsNotNull(sr_store_sk), IsNotNull(sr_customer_sk)], ReadSchema: struct<sr_customer_sk:bigint,sr_store_sk:bigint,sr_return_amt:decimal(7,2)>
      :     :     :              :           +- Project [d_date_sk#24L]
      :     :     :              :              +- Filter ((isnotnull(d_year#30) AND (d_year#30 = 2000)) AND isnotnull(d_date_sk#24L))
      :     :     :              :                 +- Relation[d_date_sk#24L,d_date_id#25,d_date#26,d_month_seq#27,d_week_seq#28,d_quarter_seq#29,d_year#30,d_dow#31,d_moy#32,d_dom#33,d_qoy#34,d_fy_year#35,d_fy_quarter_seq#36,d_fy_week_seq#37,d_day_name#38,d_quarter_name#39,d_holiday#40,d_weekend#41,d_following_holiday#42,d_first_dom#43,d_last_dom#44,d_same_day_ly#45,d_same_day_lq#46,d_current_day#47,... 4 more fields] orc
      :     :     :              +- Project [d_date_sk#24L]
      :     :     :                 +- Filter ((isnotnull(d_year#30) AND (d_year#30 = 2000)) AND isnotnull(d_date_sk#24L))
      :     :     :                    +- FileScan orc tpcds_bin_partitioned_varchar_orc_1000.date_dim[d_date_sk#24L,d_year#30] Batched: true, DataFilters: [isnotnull(d_year#30), (d_year#30 = 2000), isnotnull(d_date_sk#24L)], Format: ORC, Location: InMemoryFileIndex[hdfs://vcloud-10-13:9000/user/hive/warehouse/tpcds_bin_partitioned_varchar_orc_..., PartitionFilters: [], PushedFilters: [IsNotNull(d_year), EqualTo(d_year,2000), IsNotNull(d_date_sk)], ReadSchema: struct<d_date_sk:bigint,d_year:int>
      :     :     +- Filter isnotnull((CAST(avg(ctr_total_return) AS DECIMAL(21,6)) * CAST(1.2 AS DECIMAL(21,6)))#198)
      :     :        +- HashAggregate(keys=[ctr_store_sk#2L], functions=[avg(ctr_total_return#3)], output=[(CAST(avg(ctr_total_return) AS DECIMAL(21,6)) * CAST(1.2 AS DECIMAL(21,6)))#198, ctr_store_sk#2L#247L])
      :     :           +- HashAggregate(keys=[ctr_store_sk#2L], functions=[partial_avg(ctr_total_return#3)], output=[ctr_store_sk#2L, sum#254, count#255L])
      :     :              +- HashAggregate(keys=[sr_customer_sk#102L, sr_store_sk#106L], functions=[sum(UnscaledValue(sr_return_amt#110))], output=[ctr_store_sk#2L, ctr_total_return#3])
      :     :                 +- HashAggregate(keys=[sr_customer_sk#102L, sr_store_sk#106L], functions=[partial_sum(UnscaledValue(sr_return_amt#110))], output=[sr_customer_sk#102L, sr_store_sk#106L, sum#257L])
      :     :                    +- Project [sr_customer_sk#102L, sr_store_sk#106L, sr_return_amt#110]
      :     :                       +- BroadcastHashJoin [sr_returned_date_sk#119L], [d_date_sk#120L], Inner, BuildRight, false
      :     :                          :- Project [sr_customer_sk#102L, sr_store_sk#106L, sr_return_amt#110, sr_returned_date_sk#119L]
      :     :                          :  +- Filter isnotnull(sr_store_sk#106L)
      :     :                          :     +- FileScan orc tpcds_bin_partitioned_varchar_orc_1000.store_returns[sr_customer_sk#102L,sr_store_sk#106L,sr_return_amt#110,sr_returned_date_sk#119L] Batched: true, DataFilters: [isnotnull(sr_store_sk#106L)], Format: ORC, Location: InMemoryFileIndex[hdfs://vcloud-10-13:9000/user/hive/warehouse/tpcds_bin_partitioned_varchar_orc_..., PartitionFilters: [isnotnull(sr_returned_date_sk#119L), dynamicpruning#249 [sr_returned_date_sk#119L]], PushedFilters: [IsNotNull(sr_store_sk)], ReadSchema: struct<sr_customer_sk:bigint,sr_store_sk:bigint,sr_return_amt:decimal(7,2)>
      :     :                          :           +- Project [d_date_sk#120L]
      :     :                          :              +- Filter ((isnotnull(d_year#126) AND (d_year#126 = 2000)) AND isnotnull(d_date_sk#120L))
      :     :                          :                 +- Relation[d_date_sk#120L,d_date_id#121,d_date#122,d_month_seq#123,d_week_seq#124,d_quarter_seq#125,d_year#126,d_dow#127,d_moy#128,d_dom#129,d_qoy#130,d_fy_year#131,d_fy_quarter_seq#132,d_fy_week_seq#133,d_day_name#134,d_quarter_name#135,d_holiday#136,d_weekend#137,d_following_holiday#138,d_first_dom#139,d_last_dom#140,d_same_day_ly#141,d_same_day_lq#142,d_current_day#143,... 4 more fields] orc
      :     :                          +- Project [d_date_sk#120L]
      :     :                             +- Filter ((isnotnull(d_year#126) AND (d_year#126 = 2000)) AND isnotnull(d_date_sk#120L))
      :     :                                +- FileScan orc tpcds_bin_partitioned_varchar_orc_1000.date_dim[d_date_sk#120L,d_year#126] Batched: true, DataFilters: [isnotnull(d_year#126), (d_year#126 = 2000), isnotnull(d_date_sk#120L)], Format: ORC, Location: InMemoryFileIndex[hdfs://vcloud-10-13:9000/user/hive/warehouse/tpcds_bin_partitioned_varchar_orc_..., PartitionFilters: [], PushedFilters: [IsNotNull(d_year), EqualTo(d_year,2000), IsNotNull(d_date_sk)], ReadSchema: struct<d_date_sk:bigint,d_year:int>
      :     +- Project [s_store_sk#52L]
      :        +- Filter ((isnotnull(s_state#76) AND (s_state#76 = TN)) AND isnotnull(s_store_sk#52L))
      :           +- FileScan orc tpcds_bin_partitioned_varchar_orc_1000.store[s_store_sk#52L,s_state#76] Batched: true, DataFilters: [isnotnull(s_state#76), (s_state#76 = TN), isnotnull(s_store_sk#52L)], Format: ORC, Location: InMemoryFileIndex[hdfs://vcloud-10-13:9000/user/hive/warehouse/tpcds_bin_partitioned_varchar_orc_..., PartitionFilters: [], PushedFilters: [IsNotNull(s_state), EqualTo(s_state,TN), IsNotNull(s_store_sk)], ReadSchema: struct<s_store_sk:bigint,s_state:string>
      +- Project [c_customer_sk#81L, c_customer_id#82]
         +- Filter isnotnull(c_customer_sk#81L)
            +- FileScan orc tpcds_bin_partitioned_varchar_orc_1000.customer[c_customer_sk#81L,c_customer_id#82] Batched: true, DataFilters: [isnotnull(c_customer_sk#81L)], Format: ORC, Location: InMemoryFileIndex[hdfs://vcloud-10-13:9000/user/hive/warehouse/tpcds_bin_partitioned_varchar_orc_..., PartitionFilters: [], PushedFilters: [IsNotNull(c_customer_sk)], ReadSchema: struct<c_customer_sk:bigint,c_customer_id:string>
.
Time taken: 28.862 seconds, Fetched 100 row(s)
