24/04/26 14:56:10 WARN Utils: Your hostname, vcloud-10-13 resolves to a loopback address: 127.0.0.1; using 21.21.36.153 instead (on interface eno1)
24/04/26 14:56:10 WARN Utils: Set SPARK_LOCAL_IP if you need to bind to another address
24/04/26 14:56:10 WARN NativeCodeLoader: Unable to load native-hadoop library for your platform... using builtin-java classes where applicable
Setting default log level to "WARN".
To adjust logging level use sc.setLogLevel(newLevel). For SparkR, use setLogLevel(newLevel).
24/04/26 14:56:12 WARN Client: Neither spark.yarn.jars nor spark.yarn.archive is set, falling back to uploading libraries under SPARK_HOME.
Spark master: yarn, Application Id: application_1714105099579_0112
24/04/26 14:56:30 WARN SessionState: METASTORE_FILTER_HOOK will be ignored, since hive.security.authorization.manager is set to instance of HiveAuthorizerFactory.
24/04/26 14:56:34 WARN package: Truncated the string representation of a plan since it was too large. This behavior can be adjusted by setting 'spark.sql.debug.maxToStringFields'.
24/04/26 14:56:34 WARN InsertAdaptiveSparkPlan: spark.sql.adaptive.enabled is enabled but is not supported for query: TakeOrderedAndProject(limit=100, orderBy=[s_store_name#61 ASC NULLS FIRST], output=[s_store_name#61,sum(ss_net_profit)#165])
+- HashAggregate(keys=[s_store_name#61], functions=[sum(UnscaledValue(ss_net_profit#26))], output=[s_store_name#61, sum(ss_net_profit)#165])
   +- HashAggregate(keys=[s_store_name#61], functions=[partial_sum(UnscaledValue(ss_net_profit#26))], output=[s_store_name#61, sum#256L])
      +- Project [ss_net_profit#26, s_store_name#61]
         +- BroadcastHashJoin [substr(s_zip#81, 1, 2)], [substr(ca_zip#0, 1, 2)], Inner, BuildRight, false
            :- Project [ss_net_profit#26, s_store_name#61, s_zip#81]
            :  +- BroadcastHashJoin [ss_store_sk#11L], [s_store_sk#56L], Inner, BuildRight, false
            :     :- Project [ss_store_sk#11L, ss_net_profit#26]
            :     :  +- BroadcastHashJoin [ss_sold_date_sk#27L], [d_date_sk#28L], Inner, BuildRight, false
            :     :     :- Project [ss_store_sk#11L, ss_net_profit#26, ss_sold_date_sk#27L]
            :     :     :  +- Filter isnotnull(ss_store_sk#11L)
            :     :     :     +- FileScan orc tpcds_bin_partitioned_varchar_orc_1000.store_sales[ss_store_sk#11L,ss_net_profit#26,ss_sold_date_sk#27L] Batched: true, DataFilters: [isnotnull(ss_store_sk#11L)], Format: ORC, Location: InMemoryFileIndex[hdfs://vcloud-10-13:9000/user/hive/warehouse/tpcds_bin_partitioned_varchar_orc_..., PartitionFilters: [isnotnull(ss_sold_date_sk#27L), dynamicpruning#254 [ss_sold_date_sk#27L]], PushedFilters: [IsNotNull(ss_store_sk)], ReadSchema: struct<ss_store_sk:bigint,ss_net_profit:decimal(7,2)>
            :     :     :           +- Project [d_date_sk#28L]
            :     :     :              +- Filter ((((isnotnull(d_qoy#38) AND isnotnull(d_year#34)) AND (d_qoy#38 = 2)) AND (d_year#34 = 1998)) AND isnotnull(d_date_sk#28L))
            :     :     :                 +- Relation[d_date_sk#28L,d_date_id#29,d_date#30,d_month_seq#31,d_week_seq#32,d_quarter_seq#33,d_year#34,d_dow#35,d_moy#36,d_dom#37,d_qoy#38,d_fy_year#39,d_fy_quarter_seq#40,d_fy_week_seq#41,d_day_name#42,d_quarter_name#43,d_holiday#44,d_weekend#45,d_following_holiday#46,d_first_dom#47,d_last_dom#48,d_same_day_ly#49,d_same_day_lq#50,d_current_day#51,... 4 more fields] orc
            :     :     +- Project [d_date_sk#28L]
            :     :        +- Filter ((((isnotnull(d_qoy#38) AND isnotnull(d_year#34)) AND (d_qoy#38 = 2)) AND (d_year#34 = 1998)) AND isnotnull(d_date_sk#28L))
            :     :           +- FileScan orc tpcds_bin_partitioned_varchar_orc_1000.date_dim[d_date_sk#28L,d_year#34,d_qoy#38] Batched: true, DataFilters: [isnotnull(d_qoy#38), isnotnull(d_year#34), (d_qoy#38 = 2), (d_year#34 = 1998), isnotnull(d_date_..., Format: ORC, Location: InMemoryFileIndex[hdfs://vcloud-10-13:9000/user/hive/warehouse/tpcds_bin_partitioned_varchar_orc_..., PartitionFilters: [], PushedFilters: [IsNotNull(d_qoy), IsNotNull(d_year), EqualTo(d_qoy,2), EqualTo(d_year,1998), IsNotNull(d_date_sk)], ReadSchema: struct<d_date_sk:bigint,d_year:int,d_qoy:int>
            :     +- Project [s_store_sk#56L, s_store_name#61, s_zip#81]
            :        +- Filter (isnotnull(s_store_sk#56L) AND isnotnull(s_zip#81))
            :           +- FileScan orc tpcds_bin_partitioned_varchar_orc_1000.store[s_store_sk#56L,s_store_name#61,s_zip#81] Batched: true, DataFilters: [isnotnull(s_store_sk#56L), isnotnull(s_zip#81)], Format: ORC, Location: InMemoryFileIndex[hdfs://vcloud-10-13:9000/user/hive/warehouse/tpcds_bin_partitioned_varchar_orc_..., PartitionFilters: [], PushedFilters: [IsNotNull(s_store_sk), IsNotNull(s_zip)], ReadSchema: struct<s_store_sk:bigint,s_store_name:string,s_zip:string>
            +- HashAggregate(keys=[ca_zip#0], functions=[], output=[ca_zip#0])
               +- HashAggregate(keys=[ca_zip#0], functions=[], output=[ca_zip#0])
                  +- Project [substr(ca_zip#94, 1, 5) AS ca_zip#0]
                     +- SortMergeJoin [coalesce(substr(ca_zip#94, 1, 5), ), isnull(substr(ca_zip#94, 1, 5))], [coalesce(ca_zip#1, ), isnull(ca_zip#1)], LeftSemi
                        :- Filter (substr(ca_zip#94, 1, 5) INSET (56910,69952,63792,39371,74351,11101,25003,97189,57834,73134,62377,51200,32754,22752,86379,14171,91110,40162,98569,28709,13394,66162,25733,25782,26065,18383,51949,87343,50298,83849,33786,64528,23470,67030,46136,25280,46820,77721,99076,18426,31880,17871,98235,45748,49156,18652,72013,51622,43848,78567,41248,13695,44165,67853,54917,53179,64034,10567,71791,68908,55565,59402,64147,85816,57855,61547,27700,68100,28810,58263,15723,83933,51103,58058,90578,82276,81096,81426,96451,77556,38607,76638,18906,62971,57047,48425,35576,11928,30625,83444,73520,51650,57647,60099,30122,94983,24128,10445,41368,26233,26859,21756,24676,19849,36420,38193,58470,39127,13595,87501,24317,15455,69399,98025,81019,48033,11376,39516,67875,92712,14867,38122,29741,42961,30469,51211,56458,15559,16021,33123,33282,33515,72823,54601,76698,56240,72175,60279,20004,68806,72325,28488,43933,50412,45200,22246,78668,79777,96765,67301,73273,49448,82636,23932,47305,29839,39192,18799,61265,37125,58943,64457,88424,24610,84935,89360,68893,30431,28898,10336,90257,59166,46081,26105,96888,36634,86284,35258,39972,22927,73241,53268,24206,27385,99543,31671,14663,30903,39861,24996,63089,88086,83921,21076,67897,66708,45721,60576,25103,52867,30450,36233,30010,96576,73171,56571,56575,64544,13955,78451,43285,18119,16725,83041,76107,79994,54364,35942,56691,19769,63435,34102,18845,22744,13354,75691,45549,23968,31387,83144,13375,15765,28577,88190,19736,73650,37930,25989,83926,94898,51798,39736,22437,55253,38415,71256,18376,42029,25858,44438,19515,38935,51649,71954,15882,18767,63193,25486,49130,37126,40604,34425,17043,12305,11634,26653,94167,36446,10516,67473,66864,72425,63981,18842,22461,42666,47770,69035,70372,28587,45266,15371,15798,45375,90225,16807,31016,68014,21337,19505,50016,10144,84093,21286,19430,34322,91068,94945,72305,24671,58048,65084,28545,21195,20548,22245,77191,96976,48583,76231,15734,61810,11356,68621,68786,98359,41367,26689,69913,76614,68101,88885,50308,79077,18270,28915,29178,53672,62878,10390,14922,68341,56529,41766,68309,56616,15126,61860,97789,11489,45692,41918,72151,72550,27156,36495,70738,17879,53535,17920,68880,78890,35850,14089,58078,65164,27068,26231,13376,57665,32213,77610,87816,21309,15146,86198,91137,55307,67467,40558,94627,82136,22351,89091,20260,23006,91393,47537,62496,98294,18840,71286,81312,31029,70466,35458,14060,22685,28286,25631,19512,40081,63837,14328,35474,22152,76232,51061,86057,17183) AND isnotnull(substr(ca_zip#94, 1, 5)))
                        :  +- FileScan orc tpcds_bin_partitioned_varchar_orc_1000.customer_address[ca_zip#94] Batched: true, DataFilters: [substr(ca_zip#94, 1, 5) INSET (56910,69952,63792,39371,74351,11101,25003,97189,57834,73134,62377..., Format: ORC, Location: InMemoryFileIndex[hdfs://vcloud-10-13:9000/user/hive/warehouse/tpcds_bin_partitioned_varchar_orc_..., PartitionFilters: [], PushedFilters: [], ReadSchema: struct<ca_zip:string>
                        +- Project [ca_zip#1]
                           +- Filter (count(1)#161L > 10)
                              +- HashAggregate(keys=[ca_zip#107], functions=[count(1)], output=[ca_zip#1, count(1)#161L])
                                 +- HashAggregate(keys=[ca_zip#107], functions=[partial_count(1)], output=[ca_zip#107, count#258L])
                                    +- Project [ca_zip#107]
                                       +- BroadcastHashJoin [ca_address_sk#98L], [c_current_addr_sk#115L], Inner, BuildLeft, false
                                          :- Project [ca_address_sk#98L, ca_zip#107]
                                          :  +- Filter isnotnull(ca_address_sk#98L)
                                          :     +- FileScan orc tpcds_bin_partitioned_varchar_orc_1000.customer_address[ca_address_sk#98L,ca_zip#107] Batched: true, DataFilters: [isnotnull(ca_address_sk#98L)], Format: ORC, Location: InMemoryFileIndex[hdfs://vcloud-10-13:9000/user/hive/warehouse/tpcds_bin_partitioned_varchar_orc_..., PartitionFilters: [], PushedFilters: [IsNotNull(ca_address_sk)], ReadSchema: struct<ca_address_sk:bigint,ca_zip:string>
                                          +- Project [c_current_addr_sk#115L]
                                             +- Filter ((isnotnull(c_preferred_cust_flag#121) AND (c_preferred_cust_flag#121 = Y)) AND isnotnull(c_current_addr_sk#115L))
                                                +- FileScan orc tpcds_bin_partitioned_varchar_orc_1000.customer[c_current_addr_sk#115L,c_preferred_cust_flag#121] Batched: true, DataFilters: [isnotnull(c_preferred_cust_flag#121), (c_preferred_cust_flag#121 = Y), isnotnull(c_current_addr_..., Format: ORC, Location: InMemoryFileIndex[hdfs://vcloud-10-13:9000/user/hive/warehouse/tpcds_bin_partitioned_varchar_orc_..., PartitionFilters: [], PushedFilters: [IsNotNull(c_preferred_cust_flag), EqualTo(c_preferred_cust_flag,Y), IsNotNull(c_current_addr_sk)], ReadSchema: struct<c_current_addr_sk:bigint,c_preferred_cust_flag:string>
.
Time taken: 20.139 seconds, Fetched 11 row(s)
