24/04/26 15:56:07 WARN Utils: Your hostname, vcloud-10-13 resolves to a loopback address: 127.0.0.1; using 21.21.36.153 instead (on interface eno1)
24/04/26 15:56:07 WARN Utils: Set SPARK_LOCAL_IP if you need to bind to another address
24/04/26 15:56:07 WARN NativeCodeLoader: Unable to load native-hadoop library for your platform... using builtin-java classes where applicable
Setting default log level to "WARN".
To adjust logging level use sc.setLogLevel(newLevel). For SparkR, use setLogLevel(newLevel).
24/04/26 15:56:09 WARN Client: Neither spark.yarn.jars nor spark.yarn.archive is set, falling back to uploading libraries under SPARK_HOME.
Spark master: yarn, Application Id: application_1714105099579_0157
24/04/26 15:56:27 WARN SessionState: METASTORE_FILTER_HOOK will be ignored, since hive.security.authorization.manager is set to instance of HiveAuthorizerFactory.
24/04/26 15:56:34 WARN package: Truncated the string representation of a plan since it was too large. This behavior can be adjusted by setting 'spark.sql.debug.maxToStringFields'.
24/04/26 15:56:34 WARN InsertAdaptiveSparkPlan: spark.sql.adaptive.enabled is enabled but is not supported for query: TakeOrderedAndProject(limit=100, orderBy=[channel#5 ASC NULLS FIRST,return_rank#3 ASC NULLS FIRST,currency_rank#4 ASC NULLS FIRST], output=[channel#5,item#0L,return_ratio#1,return_rank#3,currency_rank#4])
+- HashAggregate(keys=[channel#5, item#0L, return_ratio#1, return_rank#3, currency_rank#4], functions=[], output=[channel#5, item#0L, return_ratio#1, return_rank#3, currency_rank#4])
   +- HashAggregate(keys=[channel#5, item#0L, return_ratio#1, return_rank#3, currency_rank#4], functions=[], output=[channel#5, item#0L, return_ratio#1, return_rank#3, currency_rank#4])
      +- Union
         :- Project [web AS channel#5, item#0L, return_ratio#1, return_rank#3, currency_rank#4]
         :  +- Filter ((return_rank#3 <= 10) OR (currency_rank#4 <= 10))
         :     +- Window [rank(currency_ratio#2) windowspecdefinition(currency_ratio#2 ASC NULLS FIRST, specifiedwindowframe(RowFrame, unboundedpreceding$(), currentrow$())) AS currency_rank#4], [currency_ratio#2 ASC NULLS FIRST]
         :        +- Window [rank(return_ratio#1) windowspecdefinition(return_ratio#1 ASC NULLS FIRST, specifiedwindowframe(RowFrame, unboundedpreceding$(), currentrow$())) AS return_rank#3], [return_ratio#1 ASC NULLS FIRST]
         :           +- HashAggregate(keys=[ws_item_sk#32L], functions=[sum(cast(coalesce(wr_return_quantity#77, 0) as bigint)), sum(cast(coalesce(ws_quantity#47, 0) as bigint)), sum(coalesce(cast(wr_return_amt#78 as decimal(12,2)), 0.00)), sum(coalesce(cast(ws_net_paid#58 as decimal(12,2)), 0.00))], output=[item#0L, return_ratio#1, currency_ratio#2])
         :              +- HashAggregate(keys=[ws_item_sk#32L], functions=[partial_sum(cast(coalesce(wr_return_quantity#77, 0) as bigint)), partial_sum(cast(coalesce(ws_quantity#47, 0) as bigint)), partial_sum(coalesce(cast(wr_return_amt#78 as decimal(12,2)), 0.00)), partial_sum(coalesce(cast(ws_net_paid#58 as decimal(12,2)), 0.00))], output=[ws_item_sk#32L, sum#546L, sum#547L, sum#548, isEmpty#549, sum#550, isEmpty#551])
         :                 +- Project [ws_item_sk#32L, ws_quantity#47, ws_net_paid#58, wr_return_quantity#77, wr_return_amt#78]
         :                    +- BroadcastHashJoin [ws_sold_date_sk#63L], [d_date_sk#88L], Inner, BuildRight, false
         :                       :- Project [ws_item_sk#32L, ws_quantity#47, ws_net_paid#58, ws_sold_date_sk#63L, wr_return_quantity#77, wr_return_amt#78]
         :                       :  +- SortMergeJoin [ws_order_number#46L, ws_item_sk#32L], [wr_order_number#76L, wr_item_sk#65L], Inner
         :                       :     :- Project [ws_item_sk#32L, ws_order_number#46L, ws_quantity#47, ws_net_paid#58, ws_sold_date_sk#63L]
         :                       :     :  +- Filter (((((((isnotnull(ws_net_profit#62) AND isnotnull(ws_net_paid#58)) AND isnotnull(ws_quantity#47)) AND (ws_net_profit#62 > 1.00)) AND (ws_net_paid#58 > 0.00)) AND (ws_quantity#47 > 0)) AND isnotnull(ws_order_number#46L)) AND isnotnull(ws_item_sk#32L))
         :                       :     :     +- FileScan orc tpcds_bin_partitioned_varchar_orc_1000.web_sales[ws_item_sk#32L,ws_order_number#46L,ws_quantity#47,ws_net_paid#58,ws_net_profit#62,ws_sold_date_sk#63L] Batched: true, DataFilters: [isnotnull(ws_net_profit#62), isnotnull(ws_net_paid#58), isnotnull(ws_quantity#47), (ws_net_profi..., Format: ORC, Location: InMemoryFileIndex[hdfs://vcloud-10-13:9000/user/hive/warehouse/tpcds_bin_partitioned_varchar_orc_..., PartitionFilters: [isnotnull(ws_sold_date_sk#63L), dynamicpruning#537 [ws_sold_date_sk#63L]], PushedFilters: [IsNotNull(ws_net_profit), IsNotNull(ws_net_paid), IsNotNull(ws_quantity), GreaterThan(ws_net_pro..., ReadSchema: struct<ws_item_sk:bigint,ws_order_number:bigint,ws_quantity:int,ws_net_paid:decimal(7,2),ws_net_p...
         :                       :     :           +- Project [d_date_sk#88L]
         :                       :     :              +- Filter ((((isnotnull(d_year#94) AND isnotnull(d_moy#96)) AND (d_year#94 = 2001)) AND (d_moy#96 = 12)) AND isnotnull(d_date_sk#88L))
         :                       :     :                 +- Relation[d_date_sk#88L,d_date_id#89,d_date#90,d_month_seq#91,d_week_seq#92,d_quarter_seq#93,d_year#94,d_dow#95,d_moy#96,d_dom#97,d_qoy#98,d_fy_year#99,d_fy_quarter_seq#100,d_fy_week_seq#101,d_day_name#102,d_quarter_name#103,d_holiday#104,d_weekend#105,d_following_holiday#106,d_first_dom#107,d_last_dom#108,d_same_day_ly#109,d_same_day_lq#110,d_current_day#111,... 4 more fields] orc
         :                       :     +- Project [wr_item_sk#65L, wr_order_number#76L, wr_return_quantity#77, wr_return_amt#78]
         :                       :        +- Filter (((isnotnull(wr_return_amt#78) AND (wr_return_amt#78 > 10000.00)) AND isnotnull(wr_order_number#76L)) AND isnotnull(wr_item_sk#65L))
         :                       :           +- FileScan orc tpcds_bin_partitioned_varchar_orc_1000.web_returns[wr_item_sk#65L,wr_order_number#76L,wr_return_quantity#77,wr_return_amt#78,wr_returned_date_sk#87L] Batched: true, DataFilters: [isnotnull(wr_return_amt#78), (wr_return_amt#78 > 10000.00), isnotnull(wr_order_number#76L), isno..., Format: ORC, Location: CatalogFileIndex[hdfs://vcloud-10-13:9000/user/hive/warehouse/tpcds_bin_partitioned_varchar_orc_1..., PartitionFilters: [], PushedFilters: [IsNotNull(wr_return_amt), GreaterThan(wr_return_amt,10000.00), IsNotNull(wr_order_number), IsNot..., ReadSchema: struct<wr_item_sk:bigint,wr_order_number:bigint,wr_return_quantity:int,wr_return_amt:decimal(7,2)>
         :                       +- Project [d_date_sk#88L]
         :                          +- Filter ((((isnotnull(d_year#94) AND isnotnull(d_moy#96)) AND (d_year#94 = 2001)) AND (d_moy#96 = 12)) AND isnotnull(d_date_sk#88L))
         :                             +- FileScan orc tpcds_bin_partitioned_varchar_orc_1000.date_dim[d_date_sk#88L,d_year#94,d_moy#96] Batched: true, DataFilters: [isnotnull(d_year#94), isnotnull(d_moy#96), (d_year#94 = 2001), (d_moy#96 = 12), isnotnull(d_date..., Format: ORC, Location: InMemoryFileIndex[hdfs://vcloud-10-13:9000/user/hive/warehouse/tpcds_bin_partitioned_varchar_orc_..., PartitionFilters: [], PushedFilters: [IsNotNull(d_year), IsNotNull(d_moy), EqualTo(d_year,2001), EqualTo(d_moy,12), IsNotNull(d_date_sk)], ReadSchema: struct<d_date_sk:bigint,d_year:int,d_moy:int>
         :- Project [catalog AS channel#11, item#6L, return_ratio#7, return_rank#9, currency_rank#10]
         :  +- Filter ((return_rank#9 <= 10) OR (currency_rank#10 <= 10))
         :     +- Window [rank(currency_ratio#8) windowspecdefinition(currency_ratio#8 ASC NULLS FIRST, specifiedwindowframe(RowFrame, unboundedpreceding$(), currentrow$())) AS currency_rank#10], [currency_ratio#8 ASC NULLS FIRST]
         :        +- Window [rank(return_ratio#7) windowspecdefinition(return_ratio#7 ASC NULLS FIRST, specifiedwindowframe(RowFrame, unboundedpreceding$(), currentrow$())) AS return_rank#9], [return_ratio#7 ASC NULLS FIRST]
         :           +- HashAggregate(keys=[cs_item_sk#130L], functions=[sum(cast(coalesce(cr_return_quantity#166, 0) as bigint)), sum(cast(coalesce(cs_quantity#133, 0) as bigint)), sum(coalesce(cast(cr_return_amount#167 as decimal(12,2)), 0.00)), sum(coalesce(cast(cs_net_paid#144 as decimal(12,2)), 0.00))], output=[item#6L, return_ratio#7, currency_ratio#8])
         :              +- HashAggregate(keys=[cs_item_sk#130L], functions=[partial_sum(cast(coalesce(cr_return_quantity#166, 0) as bigint)), partial_sum(cast(coalesce(cs_quantity#133, 0) as bigint)), partial_sum(coalesce(cast(cr_return_amount#167 as decimal(12,2)), 0.00)), partial_sum(coalesce(cast(cs_net_paid#144 as decimal(12,2)), 0.00))], output=[cs_item_sk#130L, sum#558L, sum#559L, sum#560, isEmpty#561, sum#562, isEmpty#563])
         :                 +- Project [cs_item_sk#130L, cs_quantity#133, cs_net_paid#144, cr_return_quantity#166, cr_return_amount#167]
         :                    +- BroadcastHashJoin [cs_sold_date_sk#149L], [d_date_sk#177L], Inner, BuildRight, false
         :                       :- Project [cs_item_sk#130L, cs_quantity#133, cs_net_paid#144, cs_sold_date_sk#149L, cr_return_quantity#166, cr_return_amount#167]
         :                       :  +- SortMergeJoin [cs_order_number#132L, cs_item_sk#130L], [cr_order_number#165L, cr_item_sk#151L], Inner
         :                       :     :- Project [cs_item_sk#130L, cs_order_number#132L, cs_quantity#133, cs_net_paid#144, cs_sold_date_sk#149L]
         :                       :     :  +- Filter (((((((isnotnull(cs_net_profit#148) AND isnotnull(cs_net_paid#144)) AND isnotnull(cs_quantity#133)) AND (cs_net_profit#148 > 1.00)) AND (cs_net_paid#144 > 0.00)) AND (cs_quantity#133 > 0)) AND isnotnull(cs_order_number#132L)) AND isnotnull(cs_item_sk#130L))
         :                       :     :     +- FileScan orc tpcds_bin_partitioned_varchar_orc_1000.catalog_sales[cs_item_sk#130L,cs_order_number#132L,cs_quantity#133,cs_net_paid#144,cs_net_profit#148,cs_sold_date_sk#149L] Batched: true, DataFilters: [isnotnull(cs_net_profit#148), isnotnull(cs_net_paid#144), isnotnull(cs_quantity#133), (cs_net_pr..., Format: ORC, Location: InMemoryFileIndex[hdfs://vcloud-10-13:9000/user/hive/warehouse/tpcds_bin_partitioned_varchar_orc_..., PartitionFilters: [isnotnull(cs_sold_date_sk#149L), dynamicpruning#538 [cs_sold_date_sk#149L]], PushedFilters: [IsNotNull(cs_net_profit), IsNotNull(cs_net_paid), IsNotNull(cs_quantity), GreaterThan(cs_net_pro..., ReadSchema: struct<cs_item_sk:bigint,cs_order_number:bigint,cs_quantity:int,cs_net_paid:decimal(7,2),cs_net_p...
         :                       :     :           +- Project [d_date_sk#177L]
         :                       :     :              +- Filter ((((isnotnull(d_year#183) AND isnotnull(d_moy#185)) AND (d_year#183 = 2001)) AND (d_moy#185 = 12)) AND isnotnull(d_date_sk#177L))
         :                       :     :                 +- Relation[d_date_sk#177L,d_date_id#178,d_date#179,d_month_seq#180,d_week_seq#181,d_quarter_seq#182,d_year#183,d_dow#184,d_moy#185,d_dom#186,d_qoy#187,d_fy_year#188,d_fy_quarter_seq#189,d_fy_week_seq#190,d_day_name#191,d_quarter_name#192,d_holiday#193,d_weekend#194,d_following_holiday#195,d_first_dom#196,d_last_dom#197,d_same_day_ly#198,d_same_day_lq#199,d_current_day#200,... 4 more fields] orc
         :                       :     +- Project [cr_item_sk#151L, cr_order_number#165L, cr_return_quantity#166, cr_return_amount#167]
         :                       :        +- Filter (((isnotnull(cr_return_amount#167) AND (cr_return_amount#167 > 10000.00)) AND isnotnull(cr_order_number#165L)) AND isnotnull(cr_item_sk#151L))
         :                       :           +- FileScan orc tpcds_bin_partitioned_varchar_orc_1000.catalog_returns[cr_item_sk#151L,cr_order_number#165L,cr_return_quantity#166,cr_return_amount#167,cr_returned_date_sk#176L] Batched: true, DataFilters: [isnotnull(cr_return_amount#167), (cr_return_amount#167 > 10000.00), isnotnull(cr_order_number#16..., Format: ORC, Location: CatalogFileIndex[hdfs://vcloud-10-13:9000/user/hive/warehouse/tpcds_bin_partitioned_varchar_orc_1..., PartitionFilters: [], PushedFilters: [IsNotNull(cr_return_amount), GreaterThan(cr_return_amount,10000.00), IsNotNull(cr_order_number),..., ReadSchema: struct<cr_item_sk:bigint,cr_order_number:bigint,cr_return_quantity:int,cr_return_amount:decimal(7...
         :                       +- Project [d_date_sk#177L]
         :                          +- Filter ((((isnotnull(d_year#183) AND isnotnull(d_moy#185)) AND (d_year#183 = 2001)) AND (d_moy#185 = 12)) AND isnotnull(d_date_sk#177L))
         :                             +- FileScan orc tpcds_bin_partitioned_varchar_orc_1000.date_dim[d_date_sk#177L,d_year#183,d_moy#185] Batched: true, DataFilters: [isnotnull(d_year#183), isnotnull(d_moy#185), (d_year#183 = 2001), (d_moy#185 = 12), isnotnull(d_..., Format: ORC, Location: InMemoryFileIndex[hdfs://vcloud-10-13:9000/user/hive/warehouse/tpcds_bin_partitioned_varchar_orc_..., PartitionFilters: [], PushedFilters: [IsNotNull(d_year), IsNotNull(d_moy), EqualTo(d_year,2001), EqualTo(d_moy,12), IsNotNull(d_date_sk)], ReadSchema: struct<d_date_sk:bigint,d_year:int,d_moy:int>
         +- Project [store AS channel#17, item#12L, return_ratio#13, return_rank#15, currency_rank#16]
            +- Filter ((return_rank#15 <= 10) OR (currency_rank#16 <= 10))
               +- Window [rank(currency_ratio#14) windowspecdefinition(currency_ratio#14 ASC NULLS FIRST, specifiedwindowframe(RowFrame, unboundedpreceding$(), currentrow$())) AS currency_rank#16], [currency_ratio#14 ASC NULLS FIRST]
                  +- Window [rank(return_ratio#13) windowspecdefinition(return_ratio#13 ASC NULLS FIRST, specifiedwindowframe(RowFrame, unboundedpreceding$(), currentrow$())) AS return_rank#15], [return_ratio#13 ASC NULLS FIRST]
                     +- HashAggregate(keys=[ss_item_sk#206L], functions=[sum(cast(coalesce(sr_return_quantity#237, 0) as bigint)), sum(cast(coalesce(ss_quantity#214, 0) as bigint)), sum(coalesce(cast(sr_return_amt#238 as decimal(12,2)), 0.00)), sum(coalesce(cast(ss_net_paid#224 as decimal(12,2)), 0.00))], output=[item#12L, return_ratio#13, currency_ratio#14])
                        +- HashAggregate(keys=[ss_item_sk#206L], functions=[partial_sum(cast(coalesce(sr_return_quantity#237, 0) as bigint)), partial_sum(cast(coalesce(ss_quantity#214, 0) as bigint)), partial_sum(coalesce(cast(sr_return_amt#238 as decimal(12,2)), 0.00)), partial_sum(coalesce(cast(ss_net_paid#224 as decimal(12,2)), 0.00))], output=[ss_item_sk#206L, sum#570L, sum#571L, sum#572, isEmpty#573, sum#574, isEmpty#575])
                           +- Project [ss_item_sk#206L, ss_quantity#214, ss_net_paid#224, sr_return_quantity#237, sr_return_amt#238]
                              +- BroadcastHashJoin [ss_sold_date_sk#227L], [d_date_sk#248L], Inner, BuildRight, false
                                 :- Project [ss_item_sk#206L, ss_quantity#214, ss_net_paid#224, ss_sold_date_sk#227L, sr_return_quantity#237, sr_return_amt#238]
                                 :  +- SortMergeJoin [ss_ticket_number#213L, ss_item_sk#206L], [sr_ticket_number#236L, sr_item_sk#229L], Inner
                                 :     :- Project [ss_item_sk#206L, ss_ticket_number#213L, ss_quantity#214, ss_net_paid#224, ss_sold_date_sk#227L]
                                 :     :  +- Filter (((((((isnotnull(ss_net_profit#226) AND isnotnull(ss_net_paid#224)) AND isnotnull(ss_quantity#214)) AND (ss_net_profit#226 > 1.00)) AND (ss_net_paid#224 > 0.00)) AND (ss_quantity#214 > 0)) AND isnotnull(ss_ticket_number#213L)) AND isnotnull(ss_item_sk#206L))
                                 :     :     +- FileScan orc tpcds_bin_partitioned_varchar_orc_1000.store_sales[ss_item_sk#206L,ss_ticket_number#213L,ss_quantity#214,ss_net_paid#224,ss_net_profit#226,ss_sold_date_sk#227L] Batched: true, DataFilters: [isnotnull(ss_net_profit#226), isnotnull(ss_net_paid#224), isnotnull(ss_quantity#214), (ss_net_pr..., Format: ORC, Location: InMemoryFileIndex[hdfs://vcloud-10-13:9000/user/hive/warehouse/tpcds_bin_partitioned_varchar_orc_..., PartitionFilters: [isnotnull(ss_sold_date_sk#227L), dynamicpruning#539 [ss_sold_date_sk#227L]], PushedFilters: [IsNotNull(ss_net_profit), IsNotNull(ss_net_paid), IsNotNull(ss_quantity), GreaterThan(ss_net_pro..., ReadSchema: struct<ss_item_sk:bigint,ss_ticket_number:bigint,ss_quantity:int,ss_net_paid:decimal(7,2),ss_net_...
                                 :     :           +- Project [d_date_sk#248L]
                                 :     :              +- Filter ((((isnotnull(d_year#254) AND isnotnull(d_moy#256)) AND (d_year#254 = 2001)) AND (d_moy#256 = 12)) AND isnotnull(d_date_sk#248L))
                                 :     :                 +- Relation[d_date_sk#248L,d_date_id#249,d_date#250,d_month_seq#251,d_week_seq#252,d_quarter_seq#253,d_year#254,d_dow#255,d_moy#256,d_dom#257,d_qoy#258,d_fy_year#259,d_fy_quarter_seq#260,d_fy_week_seq#261,d_day_name#262,d_quarter_name#263,d_holiday#264,d_weekend#265,d_following_holiday#266,d_first_dom#267,d_last_dom#268,d_same_day_ly#269,d_same_day_lq#270,d_current_day#271,... 4 more fields] orc
                                 :     +- Project [sr_item_sk#229L, sr_ticket_number#236L, sr_return_quantity#237, sr_return_amt#238]
                                 :        +- Filter (((isnotnull(sr_return_amt#238) AND (sr_return_amt#238 > 10000.00)) AND isnotnull(sr_ticket_number#236L)) AND isnotnull(sr_item_sk#229L))
                                 :           +- FileScan orc tpcds_bin_partitioned_varchar_orc_1000.store_returns[sr_item_sk#229L,sr_ticket_number#236L,sr_return_quantity#237,sr_return_amt#238,sr_returned_date_sk#247L] Batched: true, DataFilters: [isnotnull(sr_return_amt#238), (sr_return_amt#238 > 10000.00), isnotnull(sr_ticket_number#236L), ..., Format: ORC, Location: CatalogFileIndex[hdfs://vcloud-10-13:9000/user/hive/warehouse/tpcds_bin_partitioned_varchar_orc_1..., PartitionFilters: [], PushedFilters: [IsNotNull(sr_return_amt), GreaterThan(sr_return_amt,10000.00), IsNotNull(sr_ticket_number), IsNo..., ReadSchema: struct<sr_item_sk:bigint,sr_ticket_number:bigint,sr_return_quantity:int,sr_return_amt:decimal(7,2)>
                                 +- Project [d_date_sk#248L]
                                    +- Filter ((((isnotnull(d_year#254) AND isnotnull(d_moy#256)) AND (d_year#254 = 2001)) AND (d_moy#256 = 12)) AND isnotnull(d_date_sk#248L))
                                       +- FileScan orc tpcds_bin_partitioned_varchar_orc_1000.date_dim[d_date_sk#248L,d_year#254,d_moy#256] Batched: true, DataFilters: [isnotnull(d_year#254), isnotnull(d_moy#256), (d_year#254 = 2001), (d_moy#256 = 12), isnotnull(d_..., Format: ORC, Location: InMemoryFileIndex[hdfs://vcloud-10-13:9000/user/hive/warehouse/tpcds_bin_partitioned_varchar_orc_..., PartitionFilters: [], PushedFilters: [IsNotNull(d_year), IsNotNull(d_moy), EqualTo(d_year,2001), EqualTo(d_moy,12), IsNotNull(d_date_sk)], ReadSchema: struct<d_date_sk:bigint,d_year:int,d_moy:int>
.
24/04/26 15:56:34 WARN WindowExec: No Partition Defined for Window operation! Moving all data to a single partition, this can cause serious performance degradation.
24/04/26 15:56:34 WARN WindowExec: No Partition Defined for Window operation! Moving all data to a single partition, this can cause serious performance degradation.
24/04/26 15:56:34 WARN WindowExec: No Partition Defined for Window operation! Moving all data to a single partition, this can cause serious performance degradation.
24/04/26 15:56:34 WARN WindowExec: No Partition Defined for Window operation! Moving all data to a single partition, this can cause serious performance degradation.
24/04/26 15:56:34 WARN WindowExec: No Partition Defined for Window operation! Moving all data to a single partition, this can cause serious performance degradation.
24/04/26 15:56:34 WARN WindowExec: No Partition Defined for Window operation! Moving all data to a single partition, this can cause serious performance degradation.
Time taken: 36.543 seconds, Fetched 100 row(s)
