24/04/26 14:59:06 WARN Utils: Your hostname, vcloud-10-13 resolves to a loopback address: 127.0.0.1; using 21.21.36.153 instead (on interface eno1)
24/04/26 14:59:06 WARN Utils: Set SPARK_LOCAL_IP if you need to bind to another address
24/04/26 14:59:06 WARN NativeCodeLoader: Unable to load native-hadoop library for your platform... using builtin-java classes where applicable
Setting default log level to "WARN".
To adjust logging level use sc.setLogLevel(newLevel). For SparkR, use setLogLevel(newLevel).
24/04/26 14:59:08 WARN Client: Neither spark.yarn.jars nor spark.yarn.archive is set, falling back to uploading libraries under SPARK_HOME.
Spark master: yarn, Application Id: application_1714105099579_0114
24/04/26 14:59:26 WARN SessionState: METASTORE_FILTER_HOOK will be ignored, since hive.security.authorization.manager is set to instance of HiveAuthorizerFactory.
24/04/26 14:59:33 WARN package: Truncated the string representation of a plan since it was too large. This behavior can be adjusted by setting 'spark.sql.debug.maxToStringFields'.
24/04/26 14:59:33 WARN InsertAdaptiveSparkPlan: spark.sql.adaptive.enabled is enabled but is not supported for query: TakeOrderedAndProject(limit=100, orderBy=[cd_gender#47 ASC NULLS FIRST,cd_marital_status#48 ASC NULLS FIRST,cd_education_status#49 ASC NULLS FIRST,cd_purchase_estimate#50 ASC NULLS FIRST,cd_credit_rating#51 ASC NULLS FIRST,cd_dep_count#52 ASC NULLS FIRST,cd_dep_employed_count#53 ASC NULLS FIRST,cd_dep_college_count#54 ASC NULLS FIRST], output=[cd_gender#47,cd_marital_status#48,cd_education_status#49,cnt1#3L,cd_purchase_estimate#50,cnt2#4L,cd_credit_rating#51,cnt3#5L,cd_dep_count#52,cnt4#6L,cd_dep_employed_count#53,cnt5#7L,cd_dep_college_count#54,cnt6#8L])
+- HashAggregate(keys=[cd_gender#47, cd_marital_status#48, cd_education_status#49, cd_purchase_estimate#50, cd_credit_rating#51, cd_dep_count#52, cd_dep_employed_count#53, cd_dep_college_count#54], functions=[count(1)], output=[cd_gender#47, cd_marital_status#48, cd_education_status#49, cnt1#3L, cd_purchase_estimate#50, cnt2#4L, cd_credit_rating#51, cnt3#5L, cd_dep_count#52, cnt4#6L, cd_dep_employed_count#53, cnt5#7L, cd_dep_college_count#54, cnt6#8L])
   +- HashAggregate(keys=[cd_gender#47, cd_marital_status#48, cd_education_status#49, cd_purchase_estimate#50, cd_credit_rating#51, cd_dep_count#52, cd_dep_employed_count#53, cd_dep_college_count#54], functions=[partial_count(1)], output=[cd_gender#47, cd_marital_status#48, cd_education_status#49, cd_purchase_estimate#50, cd_credit_rating#51, cd_dep_count#52, cd_dep_employed_count#53, cd_dep_college_count#54, count#409L])
      +- Project [cd_gender#47, cd_marital_status#48, cd_education_status#49, cd_purchase_estimate#50, cd_credit_rating#51, cd_dep_count#52, cd_dep_employed_count#53, cd_dep_college_count#54]
         +- BroadcastHashJoin [c_current_cdemo_sk#17L], [cd_demo_sk#46L], Inner, BuildRight, false
            :- Project [c_current_cdemo_sk#17L]
            :  +- BroadcastHashJoin [c_current_addr_sk#19L], [ca_address_sk#33L], Inner, BuildRight, false
            :     :- Project [c_current_cdemo_sk#17L, c_current_addr_sk#19L]
            :     :  +- Filter (exists#403 OR exists#404)
            :     :     +- SortMergeJoin [c_customer_sk#15L], [cs_ship_customer_sk#259L], ExistenceJoin(exists#404)
            :     :        :- SortMergeJoin [c_customer_sk#15L], [ws_bill_customer_sk#160L], ExistenceJoin(exists#403)
            :     :        :  :- SortMergeJoin [c_customer_sk#15L], [ss_customer_sk#57L], LeftSemi
            :     :        :  :  :- Project [c_customer_sk#15L, c_current_cdemo_sk#17L, c_current_addr_sk#19L]
            :     :        :  :  :  +- Filter (isnotnull(c_current_addr_sk#19L) AND isnotnull(c_current_cdemo_sk#17L))
            :     :        :  :  :     +- FileScan orc tpcds_bin_partitioned_varchar_orc_1000.customer[c_customer_sk#15L,c_current_cdemo_sk#17L,c_current_addr_sk#19L] Batched: true, DataFilters: [isnotnull(c_current_addr_sk#19L), isnotnull(c_current_cdemo_sk#17L)], Format: ORC, Location: InMemoryFileIndex[hdfs://vcloud-10-13:9000/user/hive/warehouse/tpcds_bin_partitioned_varchar_orc_..., PartitionFilters: [], PushedFilters: [IsNotNull(c_current_addr_sk), IsNotNull(c_current_cdemo_sk)], ReadSchema: struct<c_customer_sk:bigint,c_current_cdemo_sk:bigint,c_current_addr_sk:bigint>
            :     :        :  :  +- Project [ss_customer_sk#57L]
            :     :        :  :     +- BroadcastHashJoin [ss_sold_date_sk#77L], [d_date_sk#78L], Inner, BuildRight, false
            :     :        :  :        :- FileScan orc tpcds_bin_partitioned_varchar_orc_1000.store_sales[ss_customer_sk#57L,ss_sold_date_sk#77L] Batched: true, DataFilters: [], Format: ORC, Location: InMemoryFileIndex[hdfs://vcloud-10-13:9000/user/hive/warehouse/tpcds_bin_partitioned_varchar_orc_..., PartitionFilters: [isnotnull(ss_sold_date_sk#77L), dynamicpruning#405 [ss_sold_date_sk#77L]], PushedFilters: [], ReadSchema: struct<ss_customer_sk:bigint>
            :     :        :  :        :     +- Project [d_date_sk#78L]
            :     :        :  :        :        +- Filter (((((isnotnull(d_year#84) AND isnotnull(d_moy#86)) AND (d_year#84 = 2002)) AND (d_moy#86 >= 1)) AND (d_moy#86 <= 4)) AND isnotnull(d_date_sk#78L))
            :     :        :  :        :           +- Relation[d_date_sk#78L,d_date_id#79,d_date#80,d_month_seq#81,d_week_seq#82,d_quarter_seq#83,d_year#84,d_dow#85,d_moy#86,d_dom#87,d_qoy#88,d_fy_year#89,d_fy_quarter_seq#90,d_fy_week_seq#91,d_day_name#92,d_quarter_name#93,d_holiday#94,d_weekend#95,d_following_holiday#96,d_first_dom#97,d_last_dom#98,d_same_day_ly#99,d_same_day_lq#100,d_current_day#101,... 4 more fields] orc
            :     :        :  :        +- Project [d_date_sk#78L]
            :     :        :  :           +- Filter (((((isnotnull(d_year#84) AND isnotnull(d_moy#86)) AND (d_year#84 = 2002)) AND (d_moy#86 >= 1)) AND (d_moy#86 <= 4)) AND isnotnull(d_date_sk#78L))
            :     :        :  :              +- FileScan orc tpcds_bin_partitioned_varchar_orc_1000.date_dim[d_date_sk#78L,d_year#84,d_moy#86] Batched: true, DataFilters: [isnotnull(d_year#84), isnotnull(d_moy#86), (d_year#84 = 2002), (d_moy#86 >= 1), (d_moy#86 <= 4),..., Format: ORC, Location: InMemoryFileIndex[hdfs://vcloud-10-13:9000/user/hive/warehouse/tpcds_bin_partitioned_varchar_orc_..., PartitionFilters: [], PushedFilters: [IsNotNull(d_year), IsNotNull(d_moy), EqualTo(d_year,2002), GreaterThanOrEqual(d_moy,1), LessThan..., ReadSchema: struct<d_date_sk:bigint,d_year:int,d_moy:int>
            :     :        :  +- Project [ws_bill_customer_sk#160L]
            :     :        :     +- BroadcastHashJoin [ws_sold_date_sk#190L], [d_date_sk#191L], Inner, BuildRight, false
            :     :        :        :- FileScan orc tpcds_bin_partitioned_varchar_orc_1000.web_sales[ws_bill_customer_sk#160L,ws_sold_date_sk#190L] Batched: true, DataFilters: [], Format: ORC, Location: InMemoryFileIndex[hdfs://vcloud-10-13:9000/user/hive/warehouse/tpcds_bin_partitioned_varchar_orc_..., PartitionFilters: [isnotnull(ws_sold_date_sk#190L), dynamicpruning#406 [ws_sold_date_sk#190L]], PushedFilters: [], ReadSchema: struct<ws_bill_customer_sk:bigint>
            :     :        :        :     +- Project [d_date_sk#191L]
            :     :        :        :        +- Filter (((((isnotnull(d_year#197) AND isnotnull(d_moy#199)) AND (d_year#197 = 2002)) AND (d_moy#199 >= 1)) AND (d_moy#199 <= 4)) AND isnotnull(d_date_sk#191L))
            :     :        :        :           +- Relation[d_date_sk#191L,d_date_id#192,d_date#193,d_month_seq#194,d_week_seq#195,d_quarter_seq#196,d_year#197,d_dow#198,d_moy#199,d_dom#200,d_qoy#201,d_fy_year#202,d_fy_quarter_seq#203,d_fy_week_seq#204,d_day_name#205,d_quarter_name#206,d_holiday#207,d_weekend#208,d_following_holiday#209,d_first_dom#210,d_last_dom#211,d_same_day_ly#212,d_same_day_lq#213,d_current_day#214,... 4 more fields] orc
            :     :        :        +- Project [d_date_sk#191L]
            :     :        :           +- Filter (((((isnotnull(d_year#197) AND isnotnull(d_moy#199)) AND (d_year#197 = 2002)) AND (d_moy#199 >= 1)) AND (d_moy#199 <= 4)) AND isnotnull(d_date_sk#191L))
            :     :        :              +- FileScan orc tpcds_bin_partitioned_varchar_orc_1000.date_dim[d_date_sk#191L,d_year#197,d_moy#199] Batched: true, DataFilters: [isnotnull(d_year#197), isnotnull(d_moy#199), (d_year#197 = 2002), (d_moy#199 >= 1), (d_moy#199 <..., Format: ORC, Location: InMemoryFileIndex[hdfs://vcloud-10-13:9000/user/hive/warehouse/tpcds_bin_partitioned_varchar_orc_..., PartitionFilters: [], PushedFilters: [IsNotNull(d_year), IsNotNull(d_moy), EqualTo(d_year,2002), GreaterThanOrEqual(d_moy,1), LessThan..., ReadSchema: struct<d_date_sk:bigint,d_year:int,d_moy:int>
            :     :        +- Project [cs_ship_customer_sk#259L]
            :     :           +- BroadcastHashJoin [cs_sold_date_sk#286L], [d_date_sk#287L], Inner, BuildRight, false
            :     :              :- FileScan orc tpcds_bin_partitioned_varchar_orc_1000.catalog_sales[cs_ship_customer_sk#259L,cs_sold_date_sk#286L] Batched: true, DataFilters: [], Format: ORC, Location: InMemoryFileIndex[hdfs://vcloud-10-13:9000/user/hive/warehouse/tpcds_bin_partitioned_varchar_orc_..., PartitionFilters: [isnotnull(cs_sold_date_sk#286L), dynamicpruning#407 [cs_sold_date_sk#286L]], PushedFilters: [], ReadSchema: struct<cs_ship_customer_sk:bigint>
            :     :              :     +- Project [d_date_sk#287L]
            :     :              :        +- Filter (((((isnotnull(d_year#293) AND isnotnull(d_moy#295)) AND (d_year#293 = 2002)) AND (d_moy#295 >= 1)) AND (d_moy#295 <= 4)) AND isnotnull(d_date_sk#287L))
            :     :              :           +- Relation[d_date_sk#287L,d_date_id#288,d_date#289,d_month_seq#290,d_week_seq#291,d_quarter_seq#292,d_year#293,d_dow#294,d_moy#295,d_dom#296,d_qoy#297,d_fy_year#298,d_fy_quarter_seq#299,d_fy_week_seq#300,d_day_name#301,d_quarter_name#302,d_holiday#303,d_weekend#304,d_following_holiday#305,d_first_dom#306,d_last_dom#307,d_same_day_ly#308,d_same_day_lq#309,d_current_day#310,... 4 more fields] orc
            :     :              +- Project [d_date_sk#287L]
            :     :                 +- Filter (((((isnotnull(d_year#293) AND isnotnull(d_moy#295)) AND (d_year#293 = 2002)) AND (d_moy#295 >= 1)) AND (d_moy#295 <= 4)) AND isnotnull(d_date_sk#287L))
            :     :                    +- FileScan orc tpcds_bin_partitioned_varchar_orc_1000.date_dim[d_date_sk#287L,d_year#293,d_moy#295] Batched: true, DataFilters: [isnotnull(d_year#293), isnotnull(d_moy#295), (d_year#293 = 2002), (d_moy#295 >= 1), (d_moy#295 <..., Format: ORC, Location: InMemoryFileIndex[hdfs://vcloud-10-13:9000/user/hive/warehouse/tpcds_bin_partitioned_varchar_orc_..., PartitionFilters: [], PushedFilters: [IsNotNull(d_year), IsNotNull(d_moy), EqualTo(d_year,2002), GreaterThanOrEqual(d_moy,1), LessThan..., ReadSchema: struct<d_date_sk:bigint,d_year:int,d_moy:int>
            :     +- Project [ca_address_sk#33L]
            :        +- Filter (ca_county#40 IN (Rush County,Toole County,Jefferson County,Dona Ana County,La Porte County) AND isnotnull(ca_address_sk#33L))
            :           +- FileScan orc tpcds_bin_partitioned_varchar_orc_1000.customer_address[ca_address_sk#33L,ca_county#40] Batched: true, DataFilters: [ca_county#40 IN (Rush County,Toole County,Jefferson County,Dona Ana County,La Porte County), isn..., Format: ORC, Location: InMemoryFileIndex[hdfs://vcloud-10-13:9000/user/hive/warehouse/tpcds_bin_partitioned_varchar_orc_..., PartitionFilters: [], PushedFilters: [In(ca_county, [Rush County,Toole County,Jefferson County,Dona Ana County,La Porte County]), IsNo..., ReadSchema: struct<ca_address_sk:bigint,ca_county:string>
            +- Project [cd_demo_sk#46L, cd_gender#47, cd_marital_status#48, cd_education_status#49, cd_purchase_estimate#50, cd_credit_rating#51, cd_dep_count#52, cd_dep_employed_count#53, cd_dep_college_count#54]
               +- Filter isnotnull(cd_demo_sk#46L)
                  +- FileScan orc tpcds_bin_partitioned_varchar_orc_1000.customer_demographics[cd_demo_sk#46L,cd_gender#47,cd_marital_status#48,cd_education_status#49,cd_purchase_estimate#50,cd_credit_rating#51,cd_dep_count#52,cd_dep_employed_count#53,cd_dep_college_count#54] Batched: true, DataFilters: [isnotnull(cd_demo_sk#46L)], Format: ORC, Location: InMemoryFileIndex[hdfs://vcloud-10-13:9000/user/hive/warehouse/tpcds_bin_partitioned_varchar_orc_..., PartitionFilters: [], PushedFilters: [IsNotNull(cd_demo_sk)], ReadSchema: struct<cd_demo_sk:bigint,cd_gender:string,cd_marital_status:string,cd_education_status:string,cd_...
.
Time taken: 23.655 seconds, Fetched 100 row(s)
