24/04/26 15:13:59 WARN Utils: Your hostname, vcloud-10-13 resolves to a loopback address: 127.0.0.1; using 21.21.36.153 instead (on interface eno1)
24/04/26 15:13:59 WARN Utils: Set SPARK_LOCAL_IP if you need to bind to another address
24/04/26 15:13:59 WARN NativeCodeLoader: Unable to load native-hadoop library for your platform... using builtin-java classes where applicable
Setting default log level to "WARN".
To adjust logging level use sc.setLogLevel(newLevel). For SparkR, use setLogLevel(newLevel).
24/04/26 15:14:01 WARN Client: Neither spark.yarn.jars nor spark.yarn.archive is set, falling back to uploading libraries under SPARK_HOME.
Spark master: yarn, Application Id: application_1714105099579_0124
24/04/26 15:14:18 WARN SessionState: METASTORE_FILTER_HOOK will be ignored, since hive.security.authorization.manager is set to instance of HiveAuthorizerFactory.
24/04/26 15:14:23 WARN package: Truncated the string representation of a plan since it was too large. This behavior can be adjusted by setting 'spark.sql.debug.maxToStringFields'.
24/04/26 15:14:23 WARN InsertAdaptiveSparkPlan: spark.sql.adaptive.enabled is enabled but is not supported for query: TakeOrderedAndProject(limit=100, orderBy=[ext_price#2 DESC NULLS LAST,brand#1 ASC NULLS FIRST,brand_id#0 ASC NULLS FIRST,i_manufact_id#67 ASC NULLS FIRST,i_manufact#68 ASC NULLS FIRST], output=[brand_id#0,brand#1,i_manufact_id#67,i_manufact#68,ext_price#2])
+- HashAggregate(keys=[i_brand#62, i_brand_id#61, i_manufact_id#67, i_manufact#68], functions=[sum(UnscaledValue(ss_ext_sales_price#45))], output=[brand_id#0, brand#1, i_manufact_id#67, i_manufact#68, ext_price#2])
   +- HashAggregate(keys=[i_brand#62, i_brand_id#61, i_manufact_id#67, i_manufact#68], functions=[partial_sum(UnscaledValue(ss_ext_sales_price#45))], output=[i_brand#62, i_brand_id#61, i_manufact_id#67, i_manufact#68, sum#282L])
      +- Project [ss_ext_sales_price#45, i_brand_id#61, i_brand#62, i_manufact_id#67, i_manufact#68]
         +- BroadcastHashJoin [ss_store_sk#37L], [s_store_sk#107L], Inner, BuildRight, NOT (substr(ca_zip#103, 1, 5) = substr(s_zip#132, 1, 5)), false
            :- Project [ss_store_sk#37L, ss_ext_sales_price#45, i_brand_id#61, i_brand#62, i_manufact_id#67, i_manufact#68, ca_zip#103]
            :  +- BroadcastHashJoin [c_current_addr_sk#80L], [ca_address_sk#94L], Inner, BuildRight, false
            :     :- Project [ss_store_sk#37L, ss_ext_sales_price#45, i_brand_id#61, i_brand#62, i_manufact_id#67, i_manufact#68, c_current_addr_sk#80L]
            :     :  +- BroadcastHashJoin [ss_customer_sk#33L], [c_customer_sk#76L], Inner, BuildRight, false
            :     :     :- Project [ss_customer_sk#33L, ss_store_sk#37L, ss_ext_sales_price#45, i_brand_id#61, i_brand#62, i_manufact_id#67, i_manufact#68]
            :     :     :  +- BroadcastHashJoin [ss_item_sk#32L], [i_item_sk#54L], Inner, BuildRight, false
            :     :     :     :- Project [ss_item_sk#32L, ss_customer_sk#33L, ss_store_sk#37L, ss_ext_sales_price#45]
            :     :     :     :  +- BroadcastHashJoin [d_date_sk#3L], [ss_sold_date_sk#53L], Inner, BuildLeft, false
            :     :     :     :     :- Project [d_date_sk#3L]
            :     :     :     :     :  +- Filter ((((isnotnull(d_moy#11) AND isnotnull(d_year#9)) AND (d_moy#11 = 11)) AND (d_year#9 = 1998)) AND isnotnull(d_date_sk#3L))
            :     :     :     :     :     +- FileScan orc tpcds_bin_partitioned_varchar_orc_1000.date_dim[d_date_sk#3L,d_year#9,d_moy#11] Batched: true, DataFilters: [isnotnull(d_moy#11), isnotnull(d_year#9), (d_moy#11 = 11), (d_year#9 = 1998), isnotnull(d_date_s..., Format: ORC, Location: InMemoryFileIndex[hdfs://vcloud-10-13:9000/user/hive/warehouse/tpcds_bin_partitioned_varchar_orc_..., PartitionFilters: [], PushedFilters: [IsNotNull(d_moy), IsNotNull(d_year), EqualTo(d_moy,11), EqualTo(d_year,1998), IsNotNull(d_date_sk)], ReadSchema: struct<d_date_sk:bigint,d_year:int,d_moy:int>
            :     :     :     :     +- Project [ss_item_sk#32L, ss_customer_sk#33L, ss_store_sk#37L, ss_ext_sales_price#45, ss_sold_date_sk#53L]
            :     :     :     :        +- Filter ((isnotnull(ss_item_sk#32L) AND isnotnull(ss_customer_sk#33L)) AND isnotnull(ss_store_sk#37L))
            :     :     :     :           +- FileScan orc tpcds_bin_partitioned_varchar_orc_1000.store_sales[ss_item_sk#32L,ss_customer_sk#33L,ss_store_sk#37L,ss_ext_sales_price#45,ss_sold_date_sk#53L] Batched: true, DataFilters: [isnotnull(ss_item_sk#32L), isnotnull(ss_customer_sk#33L), isnotnull(ss_store_sk#37L)], Format: ORC, Location: InMemoryFileIndex[hdfs://vcloud-10-13:9000/user/hive/warehouse/tpcds_bin_partitioned_varchar_orc_..., PartitionFilters: [isnotnull(ss_sold_date_sk#53L), dynamicpruning#280 [ss_sold_date_sk#53L]], PushedFilters: [IsNotNull(ss_item_sk), IsNotNull(ss_customer_sk), IsNotNull(ss_store_sk)], ReadSchema: struct<ss_item_sk:bigint,ss_customer_sk:bigint,ss_store_sk:bigint,ss_ext_sales_price:decimal(7,2)>
            :     :     :     :                 +- Project [d_date_sk#3L]
            :     :     :     :                    +- Filter ((((isnotnull(d_moy#11) AND isnotnull(d_year#9)) AND (d_moy#11 = 11)) AND (d_year#9 = 1998)) AND isnotnull(d_date_sk#3L))
            :     :     :     :                       +- Relation[d_date_sk#3L,d_date_id#4,d_date#5,d_month_seq#6,d_week_seq#7,d_quarter_seq#8,d_year#9,d_dow#10,d_moy#11,d_dom#12,d_qoy#13,d_fy_year#14,d_fy_quarter_seq#15,d_fy_week_seq#16,d_day_name#17,d_quarter_name#18,d_holiday#19,d_weekend#20,d_following_holiday#21,d_first_dom#22,d_last_dom#23,d_same_day_ly#24,d_same_day_lq#25,d_current_day#26,... 4 more fields] orc
            :     :     :     +- Project [i_item_sk#54L, i_brand_id#61, i_brand#62, i_manufact_id#67, i_manufact#68]
            :     :     :        +- Filter ((isnotnull(i_manager_id#74) AND (i_manager_id#74 = 8)) AND isnotnull(i_item_sk#54L))
            :     :     :           +- FileScan orc tpcds_bin_partitioned_varchar_orc_1000.item[i_item_sk#54L,i_brand_id#61,i_brand#62,i_manufact_id#67,i_manufact#68,i_manager_id#74] Batched: true, DataFilters: [isnotnull(i_manager_id#74), (i_manager_id#74 = 8), isnotnull(i_item_sk#54L)], Format: ORC, Location: InMemoryFileIndex[hdfs://vcloud-10-13:9000/user/hive/warehouse/tpcds_bin_partitioned_varchar_orc_..., PartitionFilters: [], PushedFilters: [IsNotNull(i_manager_id), EqualTo(i_manager_id,8), IsNotNull(i_item_sk)], ReadSchema: struct<i_item_sk:bigint,i_brand_id:int,i_brand:string,i_manufact_id:int,i_manufact:string,i_manag...
            :     :     +- Project [c_customer_sk#76L, c_current_addr_sk#80L]
            :     :        +- Filter (isnotnull(c_customer_sk#76L) AND isnotnull(c_current_addr_sk#80L))
            :     :           +- FileScan orc tpcds_bin_partitioned_varchar_orc_1000.customer[c_customer_sk#76L,c_current_addr_sk#80L] Batched: true, DataFilters: [isnotnull(c_customer_sk#76L), isnotnull(c_current_addr_sk#80L)], Format: ORC, Location: InMemoryFileIndex[hdfs://vcloud-10-13:9000/user/hive/warehouse/tpcds_bin_partitioned_varchar_orc_..., PartitionFilters: [], PushedFilters: [IsNotNull(c_customer_sk), IsNotNull(c_current_addr_sk)], ReadSchema: struct<c_customer_sk:bigint,c_current_addr_sk:bigint>
            :     +- Project [ca_address_sk#94L, ca_zip#103]
            :        +- Filter (isnotnull(ca_address_sk#94L) AND isnotnull(ca_zip#103))
            :           +- FileScan orc tpcds_bin_partitioned_varchar_orc_1000.customer_address[ca_address_sk#94L,ca_zip#103] Batched: true, DataFilters: [isnotnull(ca_address_sk#94L), isnotnull(ca_zip#103)], Format: ORC, Location: InMemoryFileIndex[hdfs://vcloud-10-13:9000/user/hive/warehouse/tpcds_bin_partitioned_varchar_orc_..., PartitionFilters: [], PushedFilters: [IsNotNull(ca_address_sk), IsNotNull(ca_zip)], ReadSchema: struct<ca_address_sk:bigint,ca_zip:string>
            +- Project [s_store_sk#107L, s_zip#132]
               +- Filter (isnotnull(s_zip#132) AND isnotnull(s_store_sk#107L))
                  +- FileScan orc tpcds_bin_partitioned_varchar_orc_1000.store[s_store_sk#107L,s_zip#132] Batched: true, DataFilters: [isnotnull(s_zip#132), isnotnull(s_store_sk#107L)], Format: ORC, Location: InMemoryFileIndex[hdfs://vcloud-10-13:9000/user/hive/warehouse/tpcds_bin_partitioned_varchar_orc_..., PartitionFilters: [], PushedFilters: [IsNotNull(s_zip), IsNotNull(s_store_sk)], ReadSchema: struct<s_store_sk:bigint,s_zip:string>
.
Time taken: 19.802 seconds, Fetched 100 row(s)
