24/04/26 16:41:16 WARN Utils: Your hostname, vcloud-10-13 resolves to a loopback address: 127.0.0.1; using 21.21.36.153 instead (on interface eno1)
24/04/26 16:41:16 WARN Utils: Set SPARK_LOCAL_IP if you need to bind to another address
24/04/26 16:41:17 WARN NativeCodeLoader: Unable to load native-hadoop library for your platform... using builtin-java classes where applicable
Setting default log level to "WARN".
To adjust logging level use sc.setLogLevel(newLevel). For SparkR, use setLogLevel(newLevel).
24/04/26 16:41:19 WARN Client: Neither spark.yarn.jars nor spark.yarn.archive is set, falling back to uploading libraries under SPARK_HOME.
Spark master: yarn, Application Id: application_1714105099579_0187
24/04/26 16:41:36 WARN SessionState: METASTORE_FILTER_HOOK will be ignored, since hive.security.authorization.manager is set to instance of HiveAuthorizerFactory.
24/04/26 16:41:41 WARN package: Truncated the string representation of a plan since it was too large. This behavior can be adjusted by setting 'spark.sql.debug.maxToStringFields'.
24/04/26 16:41:41 WARN InsertAdaptiveSparkPlan: spark.sql.adaptive.enabled is enabled but is not supported for query: TakeOrderedAndProject(limit=100, orderBy=[c_last_name#96 ASC NULLS FIRST,c_first_name#95 ASC NULLS FIRST,substr(s_city#75, 1, 30) ASC NULLS FIRST,profit#1 ASC NULLS FIRST], output=[c_last_name#96,c_first_name#95,substr(s_city, 1, 30)#107,ss_ticket_number#10L,amt#0,profit#1])
+- Project [c_last_name#96, c_first_name#95, substr(s_city#75, 1, 30) AS substr(s_city, 1, 30)#107, ss_ticket_number#10L, amt#0, profit#1, s_city#75]
   +- SortMergeJoin [ss_customer_sk#4L], [c_customer_sk#87L], Inner
      :- HashAggregate(keys=[ss_ticket_number#10L, ss_customer_sk#4L, ss_addr_sk#7L, s_city#75], functions=[sum(UnscaledValue(ss_coupon_amt#20)), sum(UnscaledValue(ss_net_profit#23))], output=[ss_ticket_number#10L, ss_customer_sk#4L, s_city#75, amt#0, profit#1])
      :  +- HashAggregate(keys=[ss_ticket_number#10L, ss_customer_sk#4L, ss_addr_sk#7L, s_city#75], functions=[partial_sum(UnscaledValue(ss_coupon_amt#20)), partial_sum(UnscaledValue(ss_net_profit#23))], output=[ss_ticket_number#10L, ss_customer_sk#4L, ss_addr_sk#7L, s_city#75, sum#220L, sum#221L])
      :     +- Project [ss_customer_sk#4L, ss_addr_sk#7L, ss_ticket_number#10L, ss_coupon_amt#20, ss_net_profit#23, s_city#75]
      :        +- BroadcastHashJoin [ss_hdemo_sk#6L], [hd_demo_sk#82L], Inner, BuildRight, false
      :           :- Project [ss_customer_sk#4L, ss_hdemo_sk#6L, ss_addr_sk#7L, ss_ticket_number#10L, ss_coupon_amt#20, ss_net_profit#23, s_city#75]
      :           :  +- BroadcastHashJoin [ss_store_sk#8L], [s_store_sk#53L], Inner, BuildRight, false
      :           :     :- Project [ss_customer_sk#4L, ss_hdemo_sk#6L, ss_addr_sk#7L, ss_store_sk#8L, ss_ticket_number#10L, ss_coupon_amt#20, ss_net_profit#23]
      :           :     :  +- BroadcastHashJoin [ss_sold_date_sk#24L], [d_date_sk#25L], Inner, BuildRight, false
      :           :     :     :- Project [ss_customer_sk#4L, ss_hdemo_sk#6L, ss_addr_sk#7L, ss_store_sk#8L, ss_ticket_number#10L, ss_coupon_amt#20, ss_net_profit#23, ss_sold_date_sk#24L]
      :           :     :     :  +- Filter ((isnotnull(ss_store_sk#8L) AND isnotnull(ss_hdemo_sk#6L)) AND isnotnull(ss_customer_sk#4L))
      :           :     :     :     +- FileScan orc tpcds_bin_partitioned_varchar_orc_1000.store_sales[ss_customer_sk#4L,ss_hdemo_sk#6L,ss_addr_sk#7L,ss_store_sk#8L,ss_ticket_number#10L,ss_coupon_amt#20,ss_net_profit#23,ss_sold_date_sk#24L] Batched: true, DataFilters: [isnotnull(ss_store_sk#8L), isnotnull(ss_hdemo_sk#6L), isnotnull(ss_customer_sk#4L)], Format: ORC, Location: InMemoryFileIndex[hdfs://vcloud-10-13:9000/user/hive/warehouse/tpcds_bin_partitioned_varchar_orc_..., PartitionFilters: [isnotnull(ss_sold_date_sk#24L), dynamicpruning#217 [ss_sold_date_sk#24L]], PushedFilters: [IsNotNull(ss_store_sk), IsNotNull(ss_hdemo_sk), IsNotNull(ss_customer_sk)], ReadSchema: struct<ss_customer_sk:bigint,ss_hdemo_sk:bigint,ss_addr_sk:bigint,ss_store_sk:bigint,ss_ticket_nu...
      :           :     :     :           +- Project [d_date_sk#25L]
      :           :     :     :              +- Filter (((isnotnull(d_dow#32) AND (d_dow#32 = 1)) AND d_year#31 IN (1999,2000,2001)) AND isnotnull(d_date_sk#25L))
      :           :     :     :                 +- Relation[d_date_sk#25L,d_date_id#26,d_date#27,d_month_seq#28,d_week_seq#29,d_quarter_seq#30,d_year#31,d_dow#32,d_moy#33,d_dom#34,d_qoy#35,d_fy_year#36,d_fy_quarter_seq#37,d_fy_week_seq#38,d_day_name#39,d_quarter_name#40,d_holiday#41,d_weekend#42,d_following_holiday#43,d_first_dom#44,d_last_dom#45,d_same_day_ly#46,d_same_day_lq#47,d_current_day#48,... 4 more fields] orc
      :           :     :     +- Project [d_date_sk#25L]
      :           :     :        +- Filter (((isnotnull(d_dow#32) AND (d_dow#32 = 1)) AND d_year#31 IN (1999,2000,2001)) AND isnotnull(d_date_sk#25L))
      :           :     :           +- FileScan orc tpcds_bin_partitioned_varchar_orc_1000.date_dim[d_date_sk#25L,d_year#31,d_dow#32] Batched: true, DataFilters: [isnotnull(d_dow#32), (d_dow#32 = 1), d_year#31 IN (1999,2000,2001), isnotnull(d_date_sk#25L)], Format: ORC, Location: InMemoryFileIndex[hdfs://vcloud-10-13:9000/user/hive/warehouse/tpcds_bin_partitioned_varchar_orc_..., PartitionFilters: [], PushedFilters: [IsNotNull(d_dow), EqualTo(d_dow,1), In(d_year, [1999,2000,2001]), IsNotNull(d_date_sk)], ReadSchema: struct<d_date_sk:bigint,d_year:int,d_dow:int>
      :           :     +- Project [s_store_sk#53L, s_city#75]
      :           :        +- Filter (((isnotnull(s_number_employees#59) AND (s_number_employees#59 >= 200)) AND (s_number_employees#59 <= 295)) AND isnotnull(s_store_sk#53L))
      :           :           +- FileScan orc tpcds_bin_partitioned_varchar_orc_1000.store[s_store_sk#53L,s_number_employees#59,s_city#75] Batched: true, DataFilters: [isnotnull(s_number_employees#59), (s_number_employees#59 >= 200), (s_number_employees#59 <= 295)..., Format: ORC, Location: InMemoryFileIndex[hdfs://vcloud-10-13:9000/user/hive/warehouse/tpcds_bin_partitioned_varchar_orc_..., PartitionFilters: [], PushedFilters: [IsNotNull(s_number_employees), GreaterThanOrEqual(s_number_employees,200), LessThanOrEqual(s_num..., ReadSchema: struct<s_store_sk:bigint,s_number_employees:int,s_city:string>
      :           +- Project [hd_demo_sk#82L]
      :              +- Filter (((hd_dep_count#85 = 6) OR (hd_vehicle_count#86 > 2)) AND isnotnull(hd_demo_sk#82L))
      :                 +- FileScan orc tpcds_bin_partitioned_varchar_orc_1000.household_demographics[hd_demo_sk#82L,hd_dep_count#85,hd_vehicle_count#86] Batched: true, DataFilters: [((hd_dep_count#85 = 6) OR (hd_vehicle_count#86 > 2)), isnotnull(hd_demo_sk#82L)], Format: ORC, Location: InMemoryFileIndex[hdfs://vcloud-10-13:9000/user/hive/warehouse/tpcds_bin_partitioned_varchar_orc_..., PartitionFilters: [], PushedFilters: [Or(EqualTo(hd_dep_count,6),GreaterThan(hd_vehicle_count,2)), IsNotNull(hd_demo_sk)], ReadSchema: struct<hd_demo_sk:bigint,hd_dep_count:int,hd_vehicle_count:int>
      +- Project [c_customer_sk#87L, c_first_name#95, c_last_name#96]
         +- Filter isnotnull(c_customer_sk#87L)
            +- FileScan orc tpcds_bin_partitioned_varchar_orc_1000.customer[c_customer_sk#87L,c_first_name#95,c_last_name#96] Batched: true, DataFilters: [isnotnull(c_customer_sk#87L)], Format: ORC, Location: InMemoryFileIndex[hdfs://vcloud-10-13:9000/user/hive/warehouse/tpcds_bin_partitioned_varchar_orc_..., PartitionFilters: [], PushedFilters: [IsNotNull(c_customer_sk)], ReadSchema: struct<c_customer_sk:bigint,c_first_name:string,c_last_name:string>
.
Time taken: 20.108 seconds, Fetched 100 row(s)
