24/04/26 14:53:33 WARN Utils: Your hostname, vcloud-10-13 resolves to a loopback address: 127.0.0.1; using 21.21.36.153 instead (on interface eno1)
24/04/26 14:53:33 WARN Utils: Set SPARK_LOCAL_IP if you need to bind to another address
24/04/26 14:53:33 WARN NativeCodeLoader: Unable to load native-hadoop library for your platform... using builtin-java classes where applicable
Setting default log level to "WARN".
To adjust logging level use sc.setLogLevel(newLevel). For SparkR, use setLogLevel(newLevel).
24/04/26 14:53:35 WARN Client: Neither spark.yarn.jars nor spark.yarn.archive is set, falling back to uploading libraries under SPARK_HOME.
Spark master: yarn, Application Id: application_1714105099579_0109
24/04/26 14:53:54 WARN SessionState: METASTORE_FILTER_HOOK will be ignored, since hive.security.authorization.manager is set to instance of HiveAuthorizerFactory.
24/04/26 14:54:04 WARN package: Truncated the string representation of a plan since it was too large. This behavior can be adjusted by setting 'spark.sql.debug.maxToStringFields'.
24/04/26 14:54:04 WARN InsertAdaptiveSparkPlan: spark.sql.adaptive.enabled is enabled but is not supported for query: TakeOrderedAndProject(limit=100, orderBy=[channel#422 ASC NULLS FIRST,id#423 ASC NULLS FIRST], output=[channel#422,id#423,sales#9,returns#10,profit#11])
+- HashAggregate(keys=[channel#422, id#423, spark_grouping_id#421L], functions=[sum(sales#24), sum(returns#26), sum(profit#2)], output=[channel#422, id#423, sales#9, returns#10, profit#11])
   +- HashAggregate(keys=[channel#422, id#423, spark_grouping_id#421L], functions=[partial_sum(sales#24), partial_sum(returns#26), partial_sum(profit#2)], output=[channel#422, id#423, spark_grouping_id#421L, sum#698, isEmpty#699, sum#700, isEmpty#701, sum#702, isEmpty#703])
      +- Expand [List(sales#24, returns#26, profit#2, channel#419, id#420, 0), List(sales#24, returns#26, profit#2, channel#419, null, 1), List(sales#24, returns#26, profit#2, null, null, 3)], [sales#24, returns#26, profit#2, channel#422, id#423, spark_grouping_id#421L]
         +- Union
            :- HashAggregate(keys=[s_store_id#132], functions=[sum(UnscaledValue(sales_price#14)), sum(UnscaledValue(return_amt#16)), sum(UnscaledValue(profit#15)), sum(UnscaledValue(net_loss#17))], output=[sales#24, RETURNS#26, profit#2, channel#419, id#420])
            :  +- HashAggregate(keys=[s_store_id#132], functions=[partial_sum(UnscaledValue(sales_price#14)), partial_sum(UnscaledValue(return_amt#16)), partial_sum(UnscaledValue(profit#15)), partial_sum(UnscaledValue(net_loss#17))], output=[s_store_id#132, sum#708L, sum#709L, sum#710L, sum#711L])
            :     +- Project [sales_price#14, profit#15, return_amt#16, net_loss#17, s_store_id#132]
            :        +- BroadcastHashJoin [store_sk#12L], [s_store_sk#131L], Inner, BuildRight, false
            :           :- Project [store_sk#12L, sales_price#14, profit#15, return_amt#16, net_loss#17]
            :           :  +- BroadcastHashJoin [date_sk#13L], [d_date_sk#103L], Inner, BuildRight, false
            :           :     :- Union
            :           :     :  :- Project [ss_store_sk#66L AS store_sk#12L, ss_sold_date_sk#82L AS date_sk#13L, ss_ext_sales_price#74 AS sales_price#14, ss_net_profit#81 AS profit#15, 0.00 AS return_amt#16, 0.00 AS net_loss#17]
            :           :     :  :  +- Filter isnotnull(ss_store_sk#66L)
            :           :     :  :     +- FileScan orc tpcds_bin_partitioned_varchar_orc_1000.store_sales[ss_store_sk#66L,ss_ext_sales_price#74,ss_net_profit#81,ss_sold_date_sk#82L] Batched: true, DataFilters: [isnotnull(ss_store_sk#66L)], Format: ORC, Location: InMemoryFileIndex[hdfs://vcloud-10-13:9000/user/hive/warehouse/tpcds_bin_partitioned_varchar_orc_..., PartitionFilters: [isnotnull(ss_sold_date_sk#82L), dynamicpruning#689 [ss_sold_date_sk#82L]], PushedFilters: [IsNotNull(ss_store_sk)], ReadSchema: struct<ss_store_sk:bigint,ss_ext_sales_price:decimal(7,2),ss_net_profit:decimal(7,2)>
            :           :     :  :           +- Project [d_date_sk#103L]
            :           :     :  :              +- Filter (((isnotnull(d_date#105) AND (d_date#105 >= 11192)) AND (d_date#105 <= 11206)) AND isnotnull(d_date_sk#103L))
            :           :     :  :                 +- Relation[d_date_sk#103L,d_date_id#104,d_date#105,d_month_seq#106,d_week_seq#107,d_quarter_seq#108,d_year#109,d_dow#110,d_moy#111,d_dom#112,d_qoy#113,d_fy_year#114,d_fy_quarter_seq#115,d_fy_week_seq#116,d_day_name#117,d_quarter_name#118,d_holiday#119,d_weekend#120,d_following_holiday#121,d_first_dom#122,d_last_dom#123,d_same_day_ly#124,d_same_day_lq#125,d_current_day#126,... 4 more fields] orc
            :           :     :  +- Project [sr_store_sk#89L AS store_sk#18L, sr_returned_date_sk#102L AS date_sk#19L, 0.00 AS sales_price#20, 0.00 AS profit#21, sr_return_amt#93 AS return_amt#22, sr_net_loss#101 AS net_loss#23]
            :           :     :     +- Filter isnotnull(sr_store_sk#89L)
            :           :     :        +- FileScan orc tpcds_bin_partitioned_varchar_orc_1000.store_returns[sr_store_sk#89L,sr_return_amt#93,sr_net_loss#101,sr_returned_date_sk#102L] Batched: true, DataFilters: [isnotnull(sr_store_sk#89L)], Format: ORC, Location: InMemoryFileIndex[hdfs://vcloud-10-13:9000/user/hive/warehouse/tpcds_bin_partitioned_varchar_orc_..., PartitionFilters: [isnotnull(sr_returned_date_sk#102L), dynamicpruning#689 [sr_returned_date_sk#102L]], PushedFilters: [IsNotNull(sr_store_sk)], ReadSchema: struct<sr_store_sk:bigint,sr_return_amt:decimal(7,2),sr_net_loss:decimal(7,2)>
            :           :     :              +- Project [d_date_sk#103L]
            :           :     :                 +- Filter (((isnotnull(d_date#105) AND (d_date#105 >= 11192)) AND (d_date#105 <= 11206)) AND isnotnull(d_date_sk#103L))
            :           :     :                    +- Relation[d_date_sk#103L,d_date_id#104,d_date#105,d_month_seq#106,d_week_seq#107,d_quarter_seq#108,d_year#109,d_dow#110,d_moy#111,d_dom#112,d_qoy#113,d_fy_year#114,d_fy_quarter_seq#115,d_fy_week_seq#116,d_day_name#117,d_quarter_name#118,d_holiday#119,d_weekend#120,d_following_holiday#121,d_first_dom#122,d_last_dom#123,d_same_day_ly#124,d_same_day_lq#125,d_current_day#126,... 4 more fields] orc
            :           :     +- Project [d_date_sk#103L]
            :           :        +- Filter (((isnotnull(d_date#105) AND (d_date#105 >= 11192)) AND (d_date#105 <= 11206)) AND isnotnull(d_date_sk#103L))
            :           :           +- FileScan orc tpcds_bin_partitioned_varchar_orc_1000.date_dim[d_date_sk#103L,d_date#105] Batched: true, DataFilters: [isnotnull(d_date#105), (d_date#105 >= 11192), (d_date#105 <= 11206), isnotnull(d_date_sk#103L)], Format: ORC, Location: InMemoryFileIndex[hdfs://vcloud-10-13:9000/user/hive/warehouse/tpcds_bin_partitioned_varchar_orc_..., PartitionFilters: [], PushedFilters: [IsNotNull(d_date), GreaterThanOrEqual(d_date,2000-08-23), LessThanOrEqual(d_date,2000-09-06), Is..., ReadSchema: struct<d_date_sk:bigint,d_date:date>
            :           +- Project [s_store_sk#131L, s_store_id#132]
            :              +- Filter isnotnull(s_store_sk#131L)
            :                 +- FileScan orc tpcds_bin_partitioned_varchar_orc_1000.store[s_store_sk#131L,s_store_id#132] Batched: true, DataFilters: [isnotnull(s_store_sk#131L)], Format: ORC, Location: InMemoryFileIndex[hdfs://vcloud-10-13:9000/user/hive/warehouse/tpcds_bin_partitioned_varchar_orc_..., PartitionFilters: [], PushedFilters: [IsNotNull(s_store_sk)], ReadSchema: struct<s_store_sk:bigint,s_store_id:string>
            :- HashAggregate(keys=[cp_catalog_page_id#250], functions=[sum(UnscaledValue(sales_price#30)), sum(UnscaledValue(return_amt#32)), sum(UnscaledValue(profit#31)), sum(UnscaledValue(net_loss#33))], output=[sales#40, RETURNS#42, profit#5, channel#685, id#686])
            :  +- HashAggregate(keys=[cp_catalog_page_id#250], functions=[partial_sum(UnscaledValue(sales_price#30)), partial_sum(UnscaledValue(return_amt#32)), partial_sum(UnscaledValue(profit#31)), partial_sum(UnscaledValue(net_loss#33))], output=[cp_catalog_page_id#250, sum#716L, sum#717L, sum#718L, sum#719L])
            :     +- Project [sales_price#30, profit#31, return_amt#32, net_loss#33, cp_catalog_page_id#250]
            :        +- BroadcastHashJoin [page_sk#28L], [cp_catalog_page_sk#249L], Inner, BuildRight, false
            :           :- Project [page_sk#28L, sales_price#30, profit#31, return_amt#32, net_loss#33]
            :           :  +- BroadcastHashJoin [date_sk#29L], [d_date_sk#221L], Inner, BuildRight, false
            :           :     :- Union
            :           :     :  :- Project [cs_catalog_page_sk#171L AS page_sk#28L, cs_sold_date_sk#193L AS date_sk#29L, cs_ext_sales_price#182 AS sales_price#30, cs_net_profit#192 AS profit#31, 0.00 AS return_amt#32, 0.00 AS net_loss#33]
            :           :     :  :  +- Filter isnotnull(cs_catalog_page_sk#171L)
            :           :     :  :     +- FileScan orc tpcds_bin_partitioned_varchar_orc_1000.catalog_sales[cs_catalog_page_sk#171L,cs_ext_sales_price#182,cs_net_profit#192,cs_sold_date_sk#193L] Batched: true, DataFilters: [isnotnull(cs_catalog_page_sk#171L)], Format: ORC, Location: InMemoryFileIndex[hdfs://vcloud-10-13:9000/user/hive/warehouse/tpcds_bin_partitioned_varchar_orc_..., PartitionFilters: [isnotnull(cs_sold_date_sk#193L), dynamicpruning#690 [cs_sold_date_sk#193L]], PushedFilters: [IsNotNull(cs_catalog_page_sk)], ReadSchema: struct<cs_catalog_page_sk:bigint,cs_ext_sales_price:decimal(7,2),cs_net_profit:decimal(7,2)>
            :           :     :  :           +- Project [d_date_sk#221L]
            :           :     :  :              +- Filter (((isnotnull(d_date#223) AND (d_date#223 >= 11192)) AND (d_date#223 <= 11206)) AND isnotnull(d_date_sk#221L))
            :           :     :  :                 +- Relation[d_date_sk#221L,d_date_id#222,d_date#223,d_month_seq#224,d_week_seq#225,d_quarter_seq#226,d_year#227,d_dow#228,d_moy#229,d_dom#230,d_qoy#231,d_fy_year#232,d_fy_quarter_seq#233,d_fy_week_seq#234,d_day_name#235,d_quarter_name#236,d_holiday#237,d_weekend#238,d_following_holiday#239,d_first_dom#240,d_last_dom#241,d_same_day_ly#242,d_same_day_lq#243,d_current_day#244,... 4 more fields] orc
            :           :     :  +- Project [cr_catalog_page_sk#205L AS page_sk#34L, cr_returned_date_sk#220L AS date_sk#35L, 0.00 AS sales_price#36, 0.00 AS profit#37, cr_return_amount#211 AS return_amt#38, cr_net_loss#219 AS net_loss#39]
            :           :     :     +- Filter isnotnull(cr_catalog_page_sk#205L)
            :           :     :        +- FileScan orc tpcds_bin_partitioned_varchar_orc_1000.catalog_returns[cr_catalog_page_sk#205L,cr_return_amount#211,cr_net_loss#219,cr_returned_date_sk#220L] Batched: true, DataFilters: [isnotnull(cr_catalog_page_sk#205L)], Format: ORC, Location: InMemoryFileIndex[hdfs://vcloud-10-13:9000/user/hive/warehouse/tpcds_bin_partitioned_varchar_orc_..., PartitionFilters: [isnotnull(cr_returned_date_sk#220L), dynamicpruning#690 [cr_returned_date_sk#220L]], PushedFilters: [IsNotNull(cr_catalog_page_sk)], ReadSchema: struct<cr_catalog_page_sk:bigint,cr_return_amount:decimal(7,2),cr_net_loss:decimal(7,2)>
            :           :     :              +- Project [d_date_sk#221L]
            :           :     :                 +- Filter (((isnotnull(d_date#223) AND (d_date#223 >= 11192)) AND (d_date#223 <= 11206)) AND isnotnull(d_date_sk#221L))
            :           :     :                    +- Relation[d_date_sk#221L,d_date_id#222,d_date#223,d_month_seq#224,d_week_seq#225,d_quarter_seq#226,d_year#227,d_dow#228,d_moy#229,d_dom#230,d_qoy#231,d_fy_year#232,d_fy_quarter_seq#233,d_fy_week_seq#234,d_day_name#235,d_quarter_name#236,d_holiday#237,d_weekend#238,d_following_holiday#239,d_first_dom#240,d_last_dom#241,d_same_day_ly#242,d_same_day_lq#243,d_current_day#244,... 4 more fields] orc
            :           :     +- Project [d_date_sk#221L]
            :           :        +- Filter (((isnotnull(d_date#223) AND (d_date#223 >= 11192)) AND (d_date#223 <= 11206)) AND isnotnull(d_date_sk#221L))
            :           :           +- FileScan orc tpcds_bin_partitioned_varchar_orc_1000.date_dim[d_date_sk#221L,d_date#223] Batched: true, DataFilters: [isnotnull(d_date#223), (d_date#223 >= 11192), (d_date#223 <= 11206), isnotnull(d_date_sk#221L)], Format: ORC, Location: InMemoryFileIndex[hdfs://vcloud-10-13:9000/user/hive/warehouse/tpcds_bin_partitioned_varchar_orc_..., PartitionFilters: [], PushedFilters: [IsNotNull(d_date), GreaterThanOrEqual(d_date,2000-08-23), LessThanOrEqual(d_date,2000-09-06), Is..., ReadSchema: struct<d_date_sk:bigint,d_date:date>
            :           +- Project [cp_catalog_page_sk#249L, cp_catalog_page_id#250]
            :              +- Filter isnotnull(cp_catalog_page_sk#249L)
            :                 +- FileScan orc tpcds_bin_partitioned_varchar_orc_1000.catalog_page[cp_catalog_page_sk#249L,cp_catalog_page_id#250] Batched: true, DataFilters: [isnotnull(cp_catalog_page_sk#249L)], Format: ORC, Location: InMemoryFileIndex[hdfs://vcloud-10-13:9000/user/hive/warehouse/tpcds_bin_partitioned_varchar_orc_..., PartitionFilters: [], PushedFilters: [IsNotNull(cp_catalog_page_sk)], ReadSchema: struct<cp_catalog_page_sk:bigint,cp_catalog_page_id:string>
            +- HashAggregate(keys=[web_site_id#379], functions=[sum(UnscaledValue(sales_price#46)), sum(UnscaledValue(return_amt#48)), sum(UnscaledValue(profit#47)), sum(UnscaledValue(net_loss#49))], output=[sales#56, RETURNS#58, profit#8, channel#687, id#688])
               +- HashAggregate(keys=[web_site_id#379], functions=[partial_sum(UnscaledValue(sales_price#46)), partial_sum(UnscaledValue(return_amt#48)), partial_sum(UnscaledValue(profit#47)), partial_sum(UnscaledValue(net_loss#49))], output=[web_site_id#379, sum#724L, sum#725L, sum#726L, sum#727L])
                  +- Project [sales_price#46, profit#47, return_amt#48, net_loss#49, web_site_id#379]
                     +- BroadcastHashJoin [wsr_web_site_sk#44L], [web_site_sk#378L], Inner, BuildRight, false
                        :- Project [wsr_web_site_sk#44L, sales_price#46, profit#47, return_amt#48, net_loss#49]
                        :  +- BroadcastHashJoin [date_sk#45L], [d_date_sk#350L], Inner, BuildRight, false
                        :     :- Union
                        :     :  :- Project [ws_web_site_sk#270L AS wsr_web_site_sk#44L, ws_sold_date_sk#291L AS date_sk#45L, ws_ext_sales_price#280 AS sales_price#46, ws_net_profit#290 AS profit#47, 0.00 AS return_amt#48, 0.00 AS net_loss#49]
                        :     :  :  +- Filter isnotnull(ws_web_site_sk#270L)
                        :     :  :     +- FileScan orc tpcds_bin_partitioned_varchar_orc_1000.web_sales[ws_web_site_sk#270L,ws_ext_sales_price#280,ws_net_profit#290,ws_sold_date_sk#291L] Batched: true, DataFilters: [isnotnull(ws_web_site_sk#270L)], Format: ORC, Location: InMemoryFileIndex[hdfs://vcloud-10-13:9000/user/hive/warehouse/tpcds_bin_partitioned_varchar_orc_..., PartitionFilters: [isnotnull(ws_sold_date_sk#291L), dynamicpruning#691 [ws_sold_date_sk#291L]], PushedFilters: [IsNotNull(ws_web_site_sk)], ReadSchema: struct<ws_web_site_sk:bigint,ws_ext_sales_price:decimal(7,2),ws_net_profit:decimal(7,2)>
                        :     :  :           +- Project [d_date_sk#350L]
                        :     :  :              +- Filter (((isnotnull(d_date#352) AND (d_date#352 >= 11192)) AND (d_date#352 <= 11206)) AND isnotnull(d_date_sk#350L))
                        :     :  :                 +- Relation[d_date_sk#350L,d_date_id#351,d_date#352,d_month_seq#353,d_week_seq#354,d_quarter_seq#355,d_year#356,d_dow#357,d_moy#358,d_dom#359,d_qoy#360,d_fy_year#361,d_fy_quarter_seq#362,d_fy_week_seq#363,d_day_name#364,d_quarter_name#365,d_holiday#366,d_weekend#367,d_following_holiday#368,d_first_dom#369,d_last_dom#370,d_same_day_ly#371,d_same_day_lq#372,d_current_day#373,... 4 more fields] orc
                        :     :  +- Project [ws_web_site_sk#328L AS wsr_web_site_sk#50L, wr_returned_date_sk#315L AS date_sk#51L, 0.00 AS sales_price#52, 0.00 AS profit#53, wr_return_amt#306 AS return_amt#54, wr_net_loss#314 AS net_loss#55]
                        :     :     +- SortMergeJoin [wr_item_sk#293L, wr_order_number#304L], [ws_item_sk#318L, ws_order_number#332L], Inner
                        :     :        :- FileScan orc tpcds_bin_partitioned_varchar_orc_1000.web_returns[wr_item_sk#293L,wr_order_number#304L,wr_return_amt#306,wr_net_loss#314,wr_returned_date_sk#315L] Batched: true, DataFilters: [], Format: ORC, Location: InMemoryFileIndex[hdfs://vcloud-10-13:9000/user/hive/warehouse/tpcds_bin_partitioned_varchar_orc_..., PartitionFilters: [isnotnull(wr_returned_date_sk#315L), dynamicpruning#691 [wr_returned_date_sk#315L]], PushedFilters: [], ReadSchema: struct<wr_item_sk:bigint,wr_order_number:bigint,wr_return_amt:decimal(7,2),wr_net_loss:decimal(7,2)>
                        :     :        :     +- Project [d_date_sk#350L]
                        :     :        :        +- Filter (((isnotnull(d_date#352) AND (d_date#352 >= 11192)) AND (d_date#352 <= 11206)) AND isnotnull(d_date_sk#350L))
                        :     :        :           +- Relation[d_date_sk#350L,d_date_id#351,d_date#352,d_month_seq#353,d_week_seq#354,d_quarter_seq#355,d_year#356,d_dow#357,d_moy#358,d_dom#359,d_qoy#360,d_fy_year#361,d_fy_quarter_seq#362,d_fy_week_seq#363,d_day_name#364,d_quarter_name#365,d_holiday#366,d_weekend#367,d_following_holiday#368,d_first_dom#369,d_last_dom#370,d_same_day_ly#371,d_same_day_lq#372,d_current_day#373,... 4 more fields] orc
                        :     :        +- Project [ws_item_sk#318L, ws_web_site_sk#328L, ws_order_number#332L]
                        :     :           +- Filter ((isnotnull(ws_item_sk#318L) AND isnotnull(ws_order_number#332L)) AND isnotnull(ws_web_site_sk#328L))
                        :     :              +- FileScan orc tpcds_bin_partitioned_varchar_orc_1000.web_sales[ws_item_sk#318L,ws_web_site_sk#328L,ws_order_number#332L,ws_sold_date_sk#349L] Batched: true, DataFilters: [isnotnull(ws_item_sk#318L), isnotnull(ws_order_number#332L), isnotnull(ws_web_site_sk#328L)], Format: ORC, Location: CatalogFileIndex[hdfs://vcloud-10-13:9000/user/hive/warehouse/tpcds_bin_partitioned_varchar_orc_1..., PartitionFilters: [], PushedFilters: [IsNotNull(ws_item_sk), IsNotNull(ws_order_number), IsNotNull(ws_web_site_sk)], ReadSchema: struct<ws_item_sk:bigint,ws_web_site_sk:bigint,ws_order_number:bigint>
                        :     +- Project [d_date_sk#350L]
                        :        +- Filter (((isnotnull(d_date#352) AND (d_date#352 >= 11192)) AND (d_date#352 <= 11206)) AND isnotnull(d_date_sk#350L))
                        :           +- FileScan orc tpcds_bin_partitioned_varchar_orc_1000.date_dim[d_date_sk#350L,d_date#352] Batched: true, DataFilters: [isnotnull(d_date#352), (d_date#352 >= 11192), (d_date#352 <= 11206), isnotnull(d_date_sk#350L)], Format: ORC, Location: InMemoryFileIndex[hdfs://vcloud-10-13:9000/user/hive/warehouse/tpcds_bin_partitioned_varchar_orc_..., PartitionFilters: [], PushedFilters: [IsNotNull(d_date), GreaterThanOrEqual(d_date,2000-08-23), LessThanOrEqual(d_date,2000-09-06), Is..., ReadSchema: struct<d_date_sk:bigint,d_date:date>
                        +- Project [web_site_sk#378L, web_site_id#379]
                           +- Filter isnotnull(web_site_sk#378L)
                              +- FileScan orc tpcds_bin_partitioned_varchar_orc_1000.web_site[web_site_sk#378L,web_site_id#379] Batched: true, DataFilters: [isnotnull(web_site_sk#378L)], Format: ORC, Location: InMemoryFileIndex[hdfs://vcloud-10-13:9000/user/hive/warehouse/tpcds_bin_partitioned_varchar_orc_..., PartitionFilters: [], PushedFilters: [IsNotNull(web_site_sk)], ReadSchema: struct<web_site_sk:bigint,web_site_id:string>
.
Time taken: 54.549 seconds, Fetched 100 row(s)
