24/04/26 15:42:28 WARN Utils: Your hostname, vcloud-10-13 resolves to a loopback address: 127.0.0.1; using 21.21.36.153 instead (on interface eno1)
24/04/26 15:42:28 WARN Utils: Set SPARK_LOCAL_IP if you need to bind to another address
24/04/26 15:42:28 WARN NativeCodeLoader: Unable to load native-hadoop library for your platform... using builtin-java classes where applicable
Setting default log level to "WARN".
To adjust logging level use sc.setLogLevel(newLevel). For SparkR, use setLogLevel(newLevel).
24/04/26 15:42:30 WARN Client: Neither spark.yarn.jars nor spark.yarn.archive is set, falling back to uploading libraries under SPARK_HOME.
Spark master: yarn, Application Id: application_1714105099579_0139
24/04/26 15:42:48 WARN SessionState: METASTORE_FILTER_HOOK will be ignored, since hive.security.authorization.manager is set to instance of HiveAuthorizerFactory.
24/04/26 15:42:53 WARN package: Truncated the string representation of a plan since it was too large. This behavior can be adjusted by setting 'spark.sql.debug.maxToStringFields'.
24/04/26 15:42:53 WARN InsertAdaptiveSparkPlan: spark.sql.adaptive.enabled is enabled but is not supported for query: CollectLimit 100
+- Project [1 AS excess discount amount #1]
   +- BroadcastHashJoin [cs_sold_date_sk#35L], [d_date_sk#58L], Inner, BuildRight, false
      :- Project [cs_sold_date_sk#35L]
      :  +- SortMergeJoin [i_item_sk#36L], [cs_item_sk#100L], Inner, (cast(cs_ext_discount_amt#23 as decimal(14,7)) > (CAST(1.3 AS DECIMAL(11,6)) * CAST(avg(cs_ext_discount_amt) AS DECIMAL(11,6)))#211)
      :     :- Project [cs_ext_discount_amt#23, cs_sold_date_sk#35L, i_item_sk#36L]
      :     :  +- BroadcastHashJoin [cs_item_sk#16L], [i_item_sk#36L], Inner, BuildRight, false
      :     :     :- Project [cs_item_sk#16L, cs_ext_discount_amt#23, cs_sold_date_sk#35L]
      :     :     :  +- Filter (isnotnull(cs_item_sk#16L) AND isnotnull(cs_ext_discount_amt#23))
      :     :     :     +- FileScan orc tpcds_bin_partitioned_varchar_orc_1000.catalog_sales[cs_item_sk#16L,cs_ext_discount_amt#23,cs_sold_date_sk#35L] Batched: true, DataFilters: [isnotnull(cs_item_sk#16L), isnotnull(cs_ext_discount_amt#23)], Format: ORC, Location: InMemoryFileIndex[hdfs://vcloud-10-13:9000/user/hive/warehouse/tpcds_bin_partitioned_varchar_orc_..., PartitionFilters: [isnotnull(cs_sold_date_sk#35L), dynamicpruning#236 [cs_sold_date_sk#35L]], PushedFilters: [IsNotNull(cs_item_sk), IsNotNull(cs_ext_discount_amt)], ReadSchema: struct<cs_item_sk:bigint,cs_ext_discount_amt:decimal(7,2)>
      :     :     :           +- Project [d_date_sk#58L]
      :     :     :              +- Filter (((isnotnull(d_date#60) AND (d_date#60 >= 10983)) AND (d_date#60 <= 11073)) AND isnotnull(d_date_sk#58L))
      :     :     :                 +- Relation[d_date_sk#58L,d_date_id#59,d_date#60,d_month_seq#61,d_week_seq#62,d_quarter_seq#63,d_year#64,d_dow#65,d_moy#66,d_dom#67,d_qoy#68,d_fy_year#69,d_fy_quarter_seq#70,d_fy_week_seq#71,d_day_name#72,d_quarter_name#73,d_holiday#74,d_weekend#75,d_following_holiday#76,d_first_dom#77,d_last_dom#78,d_same_day_ly#79,d_same_day_lq#80,d_current_day#81,... 4 more fields] orc
      :     :     +- Project [i_item_sk#36L]
      :     :        +- Filter ((isnotnull(i_manufact_id#49) AND (i_manufact_id#49 = 977)) AND isnotnull(i_item_sk#36L))
      :     :           +- FileScan orc tpcds_bin_partitioned_varchar_orc_1000.item[i_item_sk#36L,i_manufact_id#49] Batched: true, DataFilters: [isnotnull(i_manufact_id#49), (i_manufact_id#49 = 977), isnotnull(i_item_sk#36L)], Format: ORC, Location: InMemoryFileIndex[hdfs://vcloud-10-13:9000/user/hive/warehouse/tpcds_bin_partitioned_varchar_orc_..., PartitionFilters: [], PushedFilters: [IsNotNull(i_manufact_id), EqualTo(i_manufact_id,977), IsNotNull(i_item_sk)], ReadSchema: struct<i_item_sk:bigint,i_manufact_id:int>
      :     +- Filter isnotnull((CAST(1.3 AS DECIMAL(11,6)) * CAST(avg(cs_ext_discount_amt) AS DECIMAL(11,6)))#211)
      :        +- HashAggregate(keys=[cs_item_sk#100L], functions=[avg(UnscaledValue(cs_ext_discount_amt#107))], output=[(CAST(1.3 AS DECIMAL(11,6)) * CAST(avg(cs_ext_discount_amt) AS DECIMAL(11,6)))#211, cs_item_sk#100L])
      :           +- HashAggregate(keys=[cs_item_sk#100L], functions=[partial_avg(UnscaledValue(cs_ext_discount_amt#107))], output=[cs_item_sk#100L, sum#239, count#240L])
      :              +- Project [cs_item_sk#100L, cs_ext_discount_amt#107]
      :                 +- BroadcastHashJoin [cs_sold_date_sk#119L], [d_date_sk#120L], Inner, BuildRight, false
      :                    :- Project [cs_item_sk#100L, cs_ext_discount_amt#107, cs_sold_date_sk#119L]
      :                    :  +- Filter isnotnull(cs_item_sk#100L)
      :                    :     +- FileScan orc tpcds_bin_partitioned_varchar_orc_1000.catalog_sales[cs_item_sk#100L,cs_ext_discount_amt#107,cs_sold_date_sk#119L] Batched: true, DataFilters: [isnotnull(cs_item_sk#100L)], Format: ORC, Location: InMemoryFileIndex[hdfs://vcloud-10-13:9000/user/hive/warehouse/tpcds_bin_partitioned_varchar_orc_..., PartitionFilters: [isnotnull(cs_sold_date_sk#119L), dynamicpruning#235 [cs_sold_date_sk#119L]], PushedFilters: [IsNotNull(cs_item_sk)], ReadSchema: struct<cs_item_sk:bigint,cs_ext_discount_amt:decimal(7,2)>
      :                    :           +- Project [d_date_sk#120L]
      :                    :              +- Filter (((isnotnull(d_date#122) AND (d_date#122 >= 10983)) AND (d_date#122 <= 11073)) AND isnotnull(d_date_sk#120L))
      :                    :                 +- Relation[d_date_sk#120L,d_date_id#121,d_date#122,d_month_seq#123,d_week_seq#124,d_quarter_seq#125,d_year#126,d_dow#127,d_moy#128,d_dom#129,d_qoy#130,d_fy_year#131,d_fy_quarter_seq#132,d_fy_week_seq#133,d_day_name#134,d_quarter_name#135,d_holiday#136,d_weekend#137,d_following_holiday#138,d_first_dom#139,d_last_dom#140,d_same_day_ly#141,d_same_day_lq#142,d_current_day#143,... 4 more fields] orc
      :                    +- Project [d_date_sk#120L]
      :                       +- Filter (((isnotnull(d_date#122) AND (d_date#122 >= 10983)) AND (d_date#122 <= 11073)) AND isnotnull(d_date_sk#120L))
      :                          +- FileScan orc tpcds_bin_partitioned_varchar_orc_1000.date_dim[d_date_sk#120L,d_date#122] Batched: true, DataFilters: [isnotnull(d_date#122), (d_date#122 >= 10983), (d_date#122 <= 11073), isnotnull(d_date_sk#120L)], Format: ORC, Location: InMemoryFileIndex[hdfs://vcloud-10-13:9000/user/hive/warehouse/tpcds_bin_partitioned_varchar_orc_..., PartitionFilters: [], PushedFilters: [IsNotNull(d_date), GreaterThanOrEqual(d_date,2000-01-27), LessThanOrEqual(d_date,2000-04-26), Is..., ReadSchema: struct<d_date_sk:bigint,d_date:date>
      +- Project [d_date_sk#58L]
         +- Filter (((isnotnull(d_date#60) AND (d_date#60 >= 10983)) AND (d_date#60 <= 11073)) AND isnotnull(d_date_sk#58L))
            +- FileScan orc tpcds_bin_partitioned_varchar_orc_1000.date_dim[d_date_sk#58L,d_date#60] Batched: true, DataFilters: [isnotnull(d_date#60), (d_date#60 >= 10983), (d_date#60 <= 11073), isnotnull(d_date_sk#58L)], Format: ORC, Location: InMemoryFileIndex[hdfs://vcloud-10-13:9000/user/hive/warehouse/tpcds_bin_partitioned_varchar_orc_..., PartitionFilters: [], PushedFilters: [IsNotNull(d_date), GreaterThanOrEqual(d_date,2000-01-27), LessThanOrEqual(d_date,2000-04-26), Is..., ReadSchema: struct<d_date_sk:bigint,d_date:date>
.
Time taken: 14.535 seconds, Fetched 100 row(s)
