24/04/26 15:49:23 WARN Utils: Your hostname, vcloud-10-13 resolves to a loopback address: 127.0.0.1; using 21.21.36.153 instead (on interface eno1)
24/04/26 15:49:23 WARN Utils: Set SPARK_LOCAL_IP if you need to bind to another address
24/04/26 15:49:23 WARN NativeCodeLoader: Unable to load native-hadoop library for your platform... using builtin-java classes where applicable
Setting default log level to "WARN".
To adjust logging level use sc.setLogLevel(newLevel). For SparkR, use setLogLevel(newLevel).
24/04/26 15:49:25 WARN Client: Neither spark.yarn.jars nor spark.yarn.archive is set, falling back to uploading libraries under SPARK_HOME.
Spark master: yarn, Application Id: application_1714105099579_0148
24/04/26 15:49:42 WARN SessionState: METASTORE_FILTER_HOOK will be ignored, since hive.security.authorization.manager is set to instance of HiveAuthorizerFactory.
24/04/26 15:49:47 WARN package: Truncated the string representation of a plan since it was too large. This behavior can be adjusted by setting 'spark.sql.debug.maxToStringFields'.
24/04/26 15:49:47 WARN InsertAdaptiveSparkPlan: spark.sql.adaptive.enabled is enabled but is not supported for query: TakeOrderedAndProject(limit=100, orderBy=[w_state#73 ASC NULLS FIRST,i_item_id#78 ASC NULLS FIRST], output=[w_state#73,i_item_id#78,sales_before#0,sales_after#1])
+- HashAggregate(keys=[w_state#73, i_item_id#78], functions=[sum(CASE WHEN (d_date#101 < 11027) THEN CheckOverflow((promote_precision(cast(cs_sales_price#22 as decimal(13,2))) - promote_precision(cast(coalesce(cast(cr_refunded_cash#58 as decimal(12,2)), 0.00) as decimal(13,2)))), DecimalType(13,2), true) ELSE 0.00 END), sum(CASE WHEN (d_date#101 >= 11027) THEN CheckOverflow((promote_precision(cast(cs_sales_price#22 as decimal(13,2))) - promote_precision(cast(coalesce(cast(cr_refunded_cash#58 as decimal(12,2)), 0.00) as decimal(13,2)))), DecimalType(13,2), true) ELSE 0.00 END)], output=[w_state#73, i_item_id#78, sales_before#0, sales_after#1])
   +- HashAggregate(keys=[w_state#73, i_item_id#78], functions=[partial_sum(CASE WHEN (d_date#101 < 11027) THEN CheckOverflow((promote_precision(cast(cs_sales_price#22 as decimal(13,2))) - promote_precision(cast(coalesce(cast(cr_refunded_cash#58 as decimal(12,2)), 0.00) as decimal(13,2)))), DecimalType(13,2), true) ELSE 0.00 END), partial_sum(CASE WHEN (d_date#101 >= 11027) THEN CheckOverflow((promote_precision(cast(cs_sales_price#22 as decimal(13,2))) - promote_precision(cast(coalesce(cast(cr_refunded_cash#58 as decimal(12,2)), 0.00) as decimal(13,2)))), DecimalType(13,2), true) ELSE 0.00 END)], output=[w_state#73, i_item_id#78, sum#265, isEmpty#266, sum#267, isEmpty#268])
      +- Project [cs_sales_price#22, cr_refunded_cash#58, w_state#73, i_item_id#78, d_date#101]
         +- BroadcastHashJoin [cs_sold_date_sk#35L], [d_date_sk#99L], Inner, BuildRight, false
            :- Project [cs_sales_price#22, cs_sold_date_sk#35L, cr_refunded_cash#58, w_state#73, i_item_id#78]
            :  +- BroadcastHashJoin [cs_item_sk#16L], [i_item_sk#77L], Inner, BuildRight, false
            :     :- Project [cs_item_sk#16L, cs_sales_price#22, cs_sold_date_sk#35L, cr_refunded_cash#58, w_state#73]
            :     :  +- BroadcastHashJoin [cs_warehouse_sk#15L], [w_warehouse_sk#63L], Inner, BuildRight, false
            :     :     :- Project [cs_warehouse_sk#15L, cs_item_sk#16L, cs_sales_price#22, cs_sold_date_sk#35L, cr_refunded_cash#58]
            :     :     :  +- SortMergeJoin [cs_order_number#18L, cs_item_sk#16L], [cr_order_number#51L, cr_item_sk#37L], LeftOuter
            :     :     :     :- Project [cs_warehouse_sk#15L, cs_item_sk#16L, cs_order_number#18L, cs_sales_price#22, cs_sold_date_sk#35L]
            :     :     :     :  +- Filter (isnotnull(cs_warehouse_sk#15L) AND isnotnull(cs_item_sk#16L))
            :     :     :     :     +- FileScan orc tpcds_bin_partitioned_varchar_orc_1000.catalog_sales[cs_warehouse_sk#15L,cs_item_sk#16L,cs_order_number#18L,cs_sales_price#22,cs_sold_date_sk#35L] Batched: true, DataFilters: [isnotnull(cs_warehouse_sk#15L), isnotnull(cs_item_sk#16L)], Format: ORC, Location: InMemoryFileIndex[hdfs://vcloud-10-13:9000/user/hive/warehouse/tpcds_bin_partitioned_varchar_orc_..., PartitionFilters: [isnotnull(cs_sold_date_sk#35L), dynamicpruning#260 [cs_sold_date_sk#35L]], PushedFilters: [IsNotNull(cs_warehouse_sk), IsNotNull(cs_item_sk)], ReadSchema: struct<cs_warehouse_sk:bigint,cs_item_sk:bigint,cs_order_number:bigint,cs_sales_price:decimal(7,2)>
            :     :     :     :           +- Project [d_date_sk#99L, d_date#101]
            :     :     :     :              +- Filter (((isnotnull(d_date#101) AND (d_date#101 >= 10997)) AND (d_date#101 <= 11057)) AND isnotnull(d_date_sk#99L))
            :     :     :     :                 +- Relation[d_date_sk#99L,d_date_id#100,d_date#101,d_month_seq#102,d_week_seq#103,d_quarter_seq#104,d_year#105,d_dow#106,d_moy#107,d_dom#108,d_qoy#109,d_fy_year#110,d_fy_quarter_seq#111,d_fy_week_seq#112,d_day_name#113,d_quarter_name#114,d_holiday#115,d_weekend#116,d_following_holiday#117,d_first_dom#118,d_last_dom#119,d_same_day_ly#120,d_same_day_lq#121,d_current_day#122,... 4 more fields] orc
            :     :     :     +- Project [cr_item_sk#37L, cr_order_number#51L, cr_refunded_cash#58]
            :     :     :        +- Filter (isnotnull(cr_order_number#51L) AND isnotnull(cr_item_sk#37L))
            :     :     :           +- FileScan orc tpcds_bin_partitioned_varchar_orc_1000.catalog_returns[cr_item_sk#37L,cr_order_number#51L,cr_refunded_cash#58,cr_returned_date_sk#62L] Batched: true, DataFilters: [isnotnull(cr_order_number#51L), isnotnull(cr_item_sk#37L)], Format: ORC, Location: CatalogFileIndex[hdfs://vcloud-10-13:9000/user/hive/warehouse/tpcds_bin_partitioned_varchar_orc_1..., PartitionFilters: [], PushedFilters: [IsNotNull(cr_order_number), IsNotNull(cr_item_sk)], ReadSchema: struct<cr_item_sk:bigint,cr_order_number:bigint,cr_refunded_cash:decimal(7,2)>
            :     :     +- Project [w_warehouse_sk#63L, w_state#73]
            :     :        +- Filter isnotnull(w_warehouse_sk#63L)
            :     :           +- FileScan orc tpcds_bin_partitioned_varchar_orc_1000.warehouse[w_warehouse_sk#63L,w_state#73] Batched: true, DataFilters: [isnotnull(w_warehouse_sk#63L)], Format: ORC, Location: InMemoryFileIndex[hdfs://vcloud-10-13:9000/user/hive/warehouse/tpcds_bin_partitioned_varchar_orc_..., PartitionFilters: [], PushedFilters: [IsNotNull(w_warehouse_sk)], ReadSchema: struct<w_warehouse_sk:bigint,w_state:string>
            :     +- Project [i_item_sk#77L, i_item_id#78]
            :        +- Filter (((isnotnull(i_current_price#82) AND (i_current_price#82 >= 0.99)) AND (i_current_price#82 <= 1.49)) AND isnotnull(i_item_sk#77L))
            :           +- FileScan orc tpcds_bin_partitioned_varchar_orc_1000.item[i_item_sk#77L,i_item_id#78,i_current_price#82] Batched: true, DataFilters: [isnotnull(i_current_price#82), (i_current_price#82 >= 0.99), (i_current_price#82 <= 1.49), isnot..., Format: ORC, Location: InMemoryFileIndex[hdfs://vcloud-10-13:9000/user/hive/warehouse/tpcds_bin_partitioned_varchar_orc_..., PartitionFilters: [], PushedFilters: [IsNotNull(i_current_price), GreaterThanOrEqual(i_current_price,0.99), LessThanOrEqual(i_current_..., ReadSchema: struct<i_item_sk:bigint,i_item_id:string,i_current_price:decimal(7,2)>
            +- Project [d_date_sk#99L, d_date#101]
               +- Filter (((isnotnull(d_date#101) AND (d_date#101 >= 10997)) AND (d_date#101 <= 11057)) AND isnotnull(d_date_sk#99L))
                  +- FileScan orc tpcds_bin_partitioned_varchar_orc_1000.date_dim[d_date_sk#99L,d_date#101] Batched: true, DataFilters: [isnotnull(d_date#101), (d_date#101 >= 10997), (d_date#101 <= 11057), isnotnull(d_date_sk#99L)], Format: ORC, Location: InMemoryFileIndex[hdfs://vcloud-10-13:9000/user/hive/warehouse/tpcds_bin_partitioned_varchar_orc_..., PartitionFilters: [], PushedFilters: [IsNotNull(d_date), GreaterThanOrEqual(d_date,2000-02-10), LessThanOrEqual(d_date,2000-04-10), Is..., ReadSchema: struct<d_date_sk:bigint,d_date:date>
.
Time taken: 24.466 seconds, Fetched 100 row(s)
