24/04/26 15:06:13 WARN Utils: Your hostname, vcloud-10-13 resolves to a loopback address: 127.0.0.1; using 21.21.36.153 instead (on interface eno1)
24/04/26 15:06:13 WARN Utils: Set SPARK_LOCAL_IP if you need to bind to another address
24/04/26 15:06:13 WARN NativeCodeLoader: Unable to load native-hadoop library for your platform... using builtin-java classes where applicable
Setting default log level to "WARN".
To adjust logging level use sc.setLogLevel(newLevel). For SparkR, use setLogLevel(newLevel).
24/04/26 15:06:15 WARN Client: Neither spark.yarn.jars nor spark.yarn.archive is set, falling back to uploading libraries under SPARK_HOME.
Spark master: yarn, Application Id: application_1714105099579_0119
24/04/26 15:06:33 WARN SessionState: METASTORE_FILTER_HOOK will be ignored, since hive.security.authorization.manager is set to instance of HiveAuthorizerFactory.
24/04/26 15:06:43 WARN package: Truncated the string representation of a plan since it was too large. This behavior can be adjusted by setting 'spark.sql.debug.maxToStringFields'.
24/04/26 15:06:43 WARN InsertAdaptiveSparkPlan: spark.sql.adaptive.enabled is enabled but is not supported for query: TakeOrderedAndProject(limit=100, orderBy=[i_brand_id#55 ASC NULLS FIRST,i_class_id#57 ASC NULLS FIRST,i_category_id#59 ASC NULLS FIRST], output=[channel#2,i_brand_id#55,i_class_id#57,i_category_id#59,sales#3,number_sales#4L,channel#8,i_brand_id#128,i_class_id#130,i_category_id#132,sales#9,number_sales#10L])
+- SortMergeJoin [i_brand_id#55, i_class_id#57, i_category_id#59], [i_brand_id#128, i_class_id#130, i_category_id#132], Inner
   :- Project [store AS channel#2, i_brand_id#55, i_class_id#57, i_category_id#59, sales#3, number_sales#4L]
   :  +- Filter (isnotnull(sum(CheckOverflow((promote_precision(cast(cast(ss_quantity#34 as decimal(10,0)) as decimal(12,2))) * promote_precision(cast(ss_list_price#36 as decimal(12,2)))), DecimalType(18,2), true))#1250) AND (cast(sum(CheckOverflow((promote_precision(cast(cast(ss_quantity#34 as decimal(10,0)) as decimal(12,2))) * promote_precision(cast(ss_list_price#36 as decimal(12,2)))), DecimalType(18,2), true))#1250 as decimal(32,6)) > cast(scalar-subquery#5 [] as decimal(32,6))))
   :     :  +- Aggregate [avg(CheckOverflow((promote_precision(cast(cast(quantity#16 as decimal(10,0)) as decimal(12,2))) * promote_precision(cast(list_price#17 as decimal(12,2)))), DecimalType(18,2), true)) AS average_sales#22]
   :     :     +- Union false, false
   :     :        :- Project [ss_quantity#905 AS quantity#16, ss_list_price#907 AS list_price#17]
   :     :        :  +- Join Inner, (ss_sold_date_sk#918L = d_date_sk#919L)
   :     :        :     :- Project [ss_quantity#905, ss_list_price#907, ss_sold_date_sk#918L]
   :     :        :     :  +- Filter (isnotnull(ss_sold_date_sk#918L) AND dynamicpruning#1270 [ss_sold_date_sk#918L])
   :     :        :     :     :  +- Project [d_date_sk#919L]
   :     :        :     :     :     +- Filter (((isnotnull(d_year#925) AND (d_year#925 >= 1999)) AND (d_year#925 <= 2001)) AND isnotnull(d_date_sk#919L))
   :     :        :     :     :        +- Relation[d_date_sk#919L,d_date_id#920,d_date#921,d_month_seq#922,d_week_seq#923,d_quarter_seq#924,d_year#925,d_dow#926,d_moy#927,d_dom#928,d_qoy#929,d_fy_year#930,d_fy_quarter_seq#931,d_fy_week_seq#932,d_day_name#933,d_quarter_name#934,d_holiday#935,d_weekend#936,d_following_holiday#937,d_first_dom#938,d_last_dom#939,d_same_day_ly#940,d_same_day_lq#941,d_current_day#942,... 4 more fields] orc
   :     :        :     :     +- Relation[ss_sold_time_sk#896L,ss_item_sk#897L,ss_customer_sk#898L,ss_cdemo_sk#899L,ss_hdemo_sk#900L,ss_addr_sk#901L,ss_store_sk#902L,ss_promo_sk#903L,ss_ticket_number#904L,ss_quantity#905,ss_wholesale_cost#906,ss_list_price#907,ss_sales_price#908,ss_ext_discount_amt#909,ss_ext_sales_price#910,ss_ext_wholesale_cost#911,ss_ext_list_price#912,ss_ext_tax#913,ss_coupon_amt#914,ss_net_paid#915,ss_net_paid_inc_tax#916,ss_net_profit#917,ss_sold_date_sk#918L] orc
   :     :        :     +- Project [d_date_sk#919L]
   :     :        :        +- Filter (((isnotnull(d_year#925) AND (d_year#925 >= 1999)) AND (d_year#925 <= 2001)) AND isnotnull(d_date_sk#919L))
   :     :        :           +- Relation[d_date_sk#919L,d_date_id#920,d_date#921,d_month_seq#922,d_week_seq#923,d_quarter_seq#924,d_year#925,d_dow#926,d_moy#927,d_dom#928,d_qoy#929,d_fy_year#930,d_fy_quarter_seq#931,d_fy_week_seq#932,d_day_name#933,d_quarter_name#934,d_holiday#935,d_weekend#936,d_following_holiday#937,d_first_dom#938,d_last_dom#939,d_same_day_ly#940,d_same_day_lq#941,d_current_day#942,... 4 more fields] orc
   :     :        :- Project [cs_quantity#964 AS quantity#18, cs_list_price#966 AS list_price#19]
   :     :        :  +- Join Inner, (cs_sold_date_sk#980L = d_date_sk#981L)
   :     :        :     :- Project [cs_quantity#964, cs_list_price#966, cs_sold_date_sk#980L]
   :     :        :     :  +- Filter (isnotnull(cs_sold_date_sk#980L) AND dynamicpruning#1271 [cs_sold_date_sk#980L])
   :     :        :     :     :  +- Project [d_date_sk#981L]
   :     :        :     :     :     +- Filter (((isnotnull(d_year#987) AND (d_year#987 >= 1999)) AND (d_year#987 <= 2001)) AND isnotnull(d_date_sk#981L))
   :     :        :     :     :        +- Relation[d_date_sk#981L,d_date_id#982,d_date#983,d_month_seq#984,d_week_seq#985,d_quarter_seq#986,d_year#987,d_dow#988,d_moy#989,d_dom#990,d_qoy#991,d_fy_year#992,d_fy_quarter_seq#993,d_fy_week_seq#994,d_day_name#995,d_quarter_name#996,d_holiday#997,d_weekend#998,d_following_holiday#999,d_first_dom#1000,d_last_dom#1001,d_same_day_ly#1002,d_same_day_lq#1003,d_current_day#1004,... 4 more fields] orc
   :     :        :     :     +- Relation[cs_sold_time_sk#947L,cs_ship_date_sk#948L,cs_bill_customer_sk#949L,cs_bill_cdemo_sk#950L,cs_bill_hdemo_sk#951L,cs_bill_addr_sk#952L,cs_ship_customer_sk#953L,cs_ship_cdemo_sk#954L,cs_ship_hdemo_sk#955L,cs_ship_addr_sk#956L,cs_call_center_sk#957L,cs_catalog_page_sk#958L,cs_ship_mode_sk#959L,cs_warehouse_sk#960L,cs_item_sk#961L,cs_promo_sk#962L,cs_order_number#963L,cs_quantity#964,cs_wholesale_cost#965,cs_list_price#966,cs_sales_price#967,cs_ext_discount_amt#968,cs_ext_sales_price#969,cs_ext_wholesale_cost#970,... 10 more fields] orc
   :     :        :     +- Project [d_date_sk#981L]
   :     :        :        +- Filter (((isnotnull(d_year#987) AND (d_year#987 >= 1999)) AND (d_year#987 <= 2001)) AND isnotnull(d_date_sk#981L))
   :     :        :           +- Relation[d_date_sk#981L,d_date_id#982,d_date#983,d_month_seq#984,d_week_seq#985,d_quarter_seq#986,d_year#987,d_dow#988,d_moy#989,d_dom#990,d_qoy#991,d_fy_year#992,d_fy_quarter_seq#993,d_fy_week_seq#994,d_day_name#995,d_quarter_name#996,d_holiday#997,d_weekend#998,d_following_holiday#999,d_first_dom#1000,d_last_dom#1001,d_same_day_ly#1002,d_same_day_lq#1003,d_current_day#1004,... 4 more fields] orc
   :     :        +- Project [ws_quantity#1026 AS quantity#20, ws_list_price#1028 AS list_price#21]
   :     :           +- Join Inner, (ws_sold_date_sk#1042L = d_date_sk#1043L)
   :     :              :- Project [ws_quantity#1026, ws_list_price#1028, ws_sold_date_sk#1042L]
   :     :              :  +- Filter (isnotnull(ws_sold_date_sk#1042L) AND dynamicpruning#1272 [ws_sold_date_sk#1042L])
   :     :              :     :  +- Project [d_date_sk#1043L]
   :     :              :     :     +- Filter (((isnotnull(d_year#1049) AND (d_year#1049 >= 1999)) AND (d_year#1049 <= 2001)) AND isnotnull(d_date_sk#1043L))
   :     :              :     :        +- Relation[d_date_sk#1043L,d_date_id#1044,d_date#1045,d_month_seq#1046,d_week_seq#1047,d_quarter_seq#1048,d_year#1049,d_dow#1050,d_moy#1051,d_dom#1052,d_qoy#1053,d_fy_year#1054,d_fy_quarter_seq#1055,d_fy_week_seq#1056,d_day_name#1057,d_quarter_name#1058,d_holiday#1059,d_weekend#1060,d_following_holiday#1061,d_first_dom#1062,d_last_dom#1063,d_same_day_ly#1064,d_same_day_lq#1065,d_current_day#1066,... 4 more fields] orc
   :     :              :     +- Relation[ws_sold_time_sk#1009L,ws_ship_date_sk#1010L,ws_item_sk#1011L,ws_bill_customer_sk#1012L,ws_bill_cdemo_sk#1013L,ws_bill_hdemo_sk#1014L,ws_bill_addr_sk#1015L,ws_ship_customer_sk#1016L,ws_ship_cdemo_sk#1017L,ws_ship_hdemo_sk#1018L,ws_ship_addr_sk#1019L,ws_web_page_sk#1020L,ws_web_site_sk#1021L,ws_ship_mode_sk#1022L,ws_warehouse_sk#1023L,ws_promo_sk#1024L,ws_order_number#1025L,ws_quantity#1026,ws_wholesale_cost#1027,ws_list_price#1028,ws_sales_price#1029,ws_ext_discount_amt#1030,ws_ext_sales_price#1031,ws_ext_wholesale_cost#1032,... 10 more fields] orc
   :     :              +- Project [d_date_sk#1043L]
   :     :                 +- Filter (((isnotnull(d_year#1049) AND (d_year#1049 >= 1999)) AND (d_year#1049 <= 2001)) AND isnotnull(d_date_sk#1043L))
   :     :                    +- Relation[d_date_sk#1043L,d_date_id#1044,d_date#1045,d_month_seq#1046,d_week_seq#1047,d_quarter_seq#1048,d_year#1049,d_dow#1050,d_moy#1051,d_dom#1052,d_qoy#1053,d_fy_year#1054,d_fy_quarter_seq#1055,d_fy_week_seq#1056,d_day_name#1057,d_quarter_name#1058,d_holiday#1059,d_weekend#1060,d_following_holiday#1061,d_first_dom#1062,d_last_dom#1063,d_same_day_ly#1064,d_same_day_lq#1065,d_current_day#1066,... 4 more fields] orc
   :     +- HashAggregate(keys=[i_brand_id#55, i_class_id#57, i_category_id#59], functions=[sum(CheckOverflow((promote_precision(cast(cast(ss_quantity#34 as decimal(10,0)) as decimal(12,2))) * promote_precision(cast(ss_list_price#36 as decimal(12,2)))), DecimalType(18,2), true)), count(1)], output=[i_brand_id#55, i_class_id#57, i_category_id#59, sales#3, number_sales#4L, sum(CheckOverflow((promote_precision(cast(cast(ss_quantity#34 as decimal(10,0)) as decimal(12,2))) * promote_precision(cast(ss_list_price#36 as decimal(12,2)))), DecimalType(18,2), true))#1250])
   :        +- HashAggregate(keys=[i_brand_id#55, i_class_id#57, i_category_id#59], functions=[partial_sum(CheckOverflow((promote_precision(cast(cast(ss_quantity#34 as decimal(10,0)) as decimal(12,2))) * promote_precision(cast(ss_list_price#36 as decimal(12,2)))), DecimalType(18,2), true)), partial_count(1)], output=[i_brand_id#55, i_class_id#57, i_category_id#59, sum#1305, isEmpty#1306, count#1307L])
   :           +- Project [ss_quantity#34, ss_list_price#36, i_brand_id#55, i_class_id#57, i_category_id#59]
   :              +- BroadcastHashJoin [ss_sold_date_sk#47L], [d_date_sk#70L], Inner, BuildRight, false
   :                 :- Project [ss_quantity#34, ss_list_price#36, ss_sold_date_sk#47L, i_brand_id#55, i_class_id#57, i_category_id#59]
   :                 :  +- BroadcastHashJoin [ss_item_sk#26L], [i_item_sk#48L], Inner, BuildRight, false
   :                 :     :- SortMergeJoin [ss_item_sk#26L], [ss_item_sk#15L], LeftSemi
   :                 :     :  :- Project [ss_item_sk#26L, ss_quantity#34, ss_list_price#36, ss_sold_date_sk#47L]
   :                 :     :  :  +- Filter isnotnull(ss_item_sk#26L)
   :                 :     :  :     +- FileScan orc tpcds_bin_partitioned_varchar_orc_1000.store_sales[ss_item_sk#26L,ss_quantity#34,ss_list_price#36,ss_sold_date_sk#47L] Batched: true, DataFilters: [isnotnull(ss_item_sk#26L)], Format: ORC, Location: InMemoryFileIndex[hdfs://vcloud-10-13:9000/user/hive/warehouse/tpcds_bin_partitioned_varchar_orc_..., PartitionFilters: [isnotnull(ss_sold_date_sk#47L), dynamicpruning#1288 [ss_sold_date_sk#47L]], PushedFilters: [IsNotNull(ss_item_sk)], ReadSchema: struct<ss_item_sk:bigint,ss_quantity:int,ss_list_price:decimal(7,2)>
   :                 :     :  :           +- Project [d_date_sk#70L]
   :                 :     :  :              +- Filter ((isnotnull(d_week_seq#74) AND (d_week_seq#74 = scalar-subquery#1 [])) AND isnotnull(d_date_sk#70L))
   :                 :     :  :                 :  +- Project [d_week_seq#579]
   :                 :     :  :                 :     +- Filter (((((isnotnull(d_year#581) AND isnotnull(d_moy#583)) AND isnotnull(d_dom#584)) AND (d_year#581 = 2000)) AND (d_moy#583 = 12)) AND (d_dom#584 = 11))
   :                 :     :  :                 :        +- Relation[d_date_sk#575L,d_date_id#576,d_date#577,d_month_seq#578,d_week_seq#579,d_quarter_seq#580,d_year#581,d_dow#582,d_moy#583,d_dom#584,d_qoy#585,d_fy_year#586,d_fy_quarter_seq#587,d_fy_week_seq#588,d_day_name#589,d_quarter_name#590,d_holiday#591,d_weekend#592,d_following_holiday#593,d_first_dom#594,d_last_dom#595,d_same_day_ly#596,d_same_day_lq#597,d_current_day#598,... 4 more fields] orc
   :                 :     :  :                 +- Relation[d_date_sk#70L,d_date_id#71,d_date#72,d_month_seq#73,d_week_seq#74,d_quarter_seq#75,d_year#76,d_dow#77,d_moy#78,d_dom#79,d_qoy#80,d_fy_year#81,d_fy_quarter_seq#82,d_fy_week_seq#83,d_day_name#84,d_quarter_name#85,d_holiday#86,d_weekend#87,d_following_holiday#88,d_first_dom#89,d_last_dom#90,d_same_day_ly#91,d_same_day_lq#92,d_current_day#93,... 4 more fields] orc
   :                 :     :  +- Project [i_item_sk#171L AS ss_item_sk#15L]
   :                 :     :     +- BroadcastHashJoin [i_brand_id#178, i_class_id#180, i_category_id#182], [brand_id#12, class_id#13, category_id#14], Inner, BuildLeft, false
   :                 :     :        :- Project [i_item_sk#171L, i_brand_id#178, i_class_id#180, i_category_id#182]
   :                 :     :        :  +- Filter ((isnotnull(i_brand_id#178) AND isnotnull(i_class_id#180)) AND isnotnull(i_category_id#182))
   :                 :     :        :     +- FileScan orc tpcds_bin_partitioned_varchar_orc_1000.item[i_item_sk#171L,i_brand_id#178,i_class_id#180,i_category_id#182] Batched: true, DataFilters: [isnotnull(i_brand_id#178), isnotnull(i_class_id#180), isnotnull(i_category_id#182)], Format: ORC, Location: InMemoryFileIndex[hdfs://vcloud-10-13:9000/user/hive/warehouse/tpcds_bin_partitioned_varchar_orc_..., PartitionFilters: [], PushedFilters: [IsNotNull(i_brand_id), IsNotNull(i_class_id), IsNotNull(i_category_id)], ReadSchema: struct<i_item_sk:bigint,i_brand_id:int,i_class_id:int,i_category_id:int>
   :                 :     :        +- HashAggregate(keys=[brand_id#12, class_id#13, category_id#14], functions=[], output=[brand_id#12, class_id#13, category_id#14])
   :                 :     :           +- HashAggregate(keys=[brand_id#12, class_id#13, category_id#14], functions=[], output=[brand_id#12, class_id#13, category_id#14])
   :                 :     :              +- HashAggregate(keys=[brand_id#12, class_id#13, category_id#14], functions=[], output=[brand_id#12, class_id#13, category_id#14])
   :                 :     :                 +- HashAggregate(keys=[brand_id#12, class_id#13, category_id#14], functions=[], output=[brand_id#12, class_id#13, category_id#14])
   :                 :     :                    +- Project [i_brand_id#223 AS brand_id#12, i_class_id#225 AS class_id#13, i_category_id#227 AS category_id#14]
   :                 :     :                       +- BroadcastHashJoin [ss_sold_date_sk#215L], [d_date_sk#238L], Inner, BuildRight, false
   :                 :     :                          :- Project [ss_sold_date_sk#215L, i_brand_id#223, i_class_id#225, i_category_id#227]
   :                 :     :                          :  +- BroadcastHashJoin [ss_item_sk#194L], [i_item_sk#216L], Inner, BuildRight, false
   :                 :     :                          :     :- Project [ss_item_sk#194L, ss_sold_date_sk#215L]
   :                 :     :                          :     :  +- Filter isnotnull(ss_item_sk#194L)
   :                 :     :                          :     :     +- FileScan orc tpcds_bin_partitioned_varchar_orc_1000.store_sales[ss_item_sk#194L,ss_sold_date_sk#215L] Batched: true, DataFilters: [isnotnull(ss_item_sk#194L)], Format: ORC, Location: InMemoryFileIndex[hdfs://vcloud-10-13:9000/user/hive/warehouse/tpcds_bin_partitioned_varchar_orc_..., PartitionFilters: [isnotnull(ss_sold_date_sk#215L), dynamicpruning#1275 [ss_sold_date_sk#215L]], PushedFilters: [IsNotNull(ss_item_sk)], ReadSchema: struct<ss_item_sk:bigint>
   :                 :     :                          :     :           +- Project [d_date_sk#238L]
   :                 :     :                          :     :              +- Filter (((isnotnull(d_year#244) AND (d_year#244 >= 1999)) AND (d_year#244 <= 2001)) AND isnotnull(d_date_sk#238L))
   :                 :     :                          :     :                 +- Relation[d_date_sk#238L,d_date_id#239,d_date#240,d_month_seq#241,d_week_seq#242,d_quarter_seq#243,d_year#244,d_dow#245,d_moy#246,d_dom#247,d_qoy#248,d_fy_year#249,d_fy_quarter_seq#250,d_fy_week_seq#251,d_day_name#252,d_quarter_name#253,d_holiday#254,d_weekend#255,d_following_holiday#256,d_first_dom#257,d_last_dom#258,d_same_day_ly#259,d_same_day_lq#260,d_current_day#261,... 4 more fields] orc
   :                 :     :                          :     +- SortMergeJoin [coalesce(i_brand_id#223, 0), isnull(i_brand_id#223), coalesce(i_class_id#225, 0), isnull(i_class_id#225), coalesce(i_category_id#227, 0), isnull(i_category_id#227)], [coalesce(i_brand_id#391, 0), isnull(i_brand_id#391), coalesce(i_class_id#393, 0), isnull(i_class_id#393), coalesce(i_category_id#395, 0), isnull(i_category_id#395)], LeftSemi
   :                 :     :                          :        :- SortMergeJoin [coalesce(i_brand_id#223, 0), isnull(i_brand_id#223), coalesce(i_class_id#225, 0), isnull(i_class_id#225), coalesce(i_category_id#227, 0), isnull(i_category_id#227)], [coalesce(i_brand_id#307, 0), isnull(i_brand_id#307), coalesce(i_class_id#309, 0), isnull(i_class_id#309), coalesce(i_category_id#311, 0), isnull(i_category_id#311)], LeftSemi
   :                 :     :                          :        :  :- Project [i_item_sk#216L, i_brand_id#223, i_class_id#225, i_category_id#227]
   :                 :     :                          :        :  :  +- Filter (((isnotnull(i_item_sk#216L) AND isnotnull(i_brand_id#223)) AND isnotnull(i_class_id#225)) AND isnotnull(i_category_id#227))
   :                 :     :                          :        :  :     +- FileScan orc tpcds_bin_partitioned_varchar_orc_1000.item[i_item_sk#216L,i_brand_id#223,i_class_id#225,i_category_id#227] Batched: true, DataFilters: [isnotnull(i_item_sk#216L), isnotnull(i_brand_id#223), isnotnull(i_class_id#225), isnotnull(i_cat..., Format: ORC, Location: InMemoryFileIndex[hdfs://vcloud-10-13:9000/user/hive/warehouse/tpcds_bin_partitioned_varchar_orc_..., PartitionFilters: [], PushedFilters: [IsNotNull(i_item_sk), IsNotNull(i_brand_id), IsNotNull(i_class_id), IsNotNull(i_category_id)], ReadSchema: struct<i_item_sk:bigint,i_brand_id:int,i_class_id:int,i_category_id:int>
   :                 :     :                          :        :  +- Project [i_brand_id#307, i_class_id#309, i_category_id#311]
   :                 :     :                          :        :     +- BroadcastHashJoin [cs_sold_date_sk#299L], [d_date_sk#322L], Inner, BuildRight, false
   :                 :     :                          :        :        :- Project [cs_sold_date_sk#299L, i_brand_id#307, i_class_id#309, i_category_id#311]
   :                 :     :                          :        :        :  +- BroadcastHashJoin [cs_item_sk#280L], [i_item_sk#300L], Inner, BuildRight, false
   :                 :     :                          :        :        :     :- Project [cs_item_sk#280L, cs_sold_date_sk#299L]
   :                 :     :                          :        :        :     :  +- Filter isnotnull(cs_item_sk#280L)
   :                 :     :                          :        :        :     :     +- FileScan orc tpcds_bin_partitioned_varchar_orc_1000.catalog_sales[cs_item_sk#280L,cs_sold_date_sk#299L] Batched: true, DataFilters: [isnotnull(cs_item_sk#280L)], Format: ORC, Location: InMemoryFileIndex[hdfs://vcloud-10-13:9000/user/hive/warehouse/tpcds_bin_partitioned_varchar_orc_..., PartitionFilters: [isnotnull(cs_sold_date_sk#299L), dynamicpruning#1273 [cs_sold_date_sk#299L]], PushedFilters: [IsNotNull(cs_item_sk)], ReadSchema: struct<cs_item_sk:bigint>
   :                 :     :                          :        :        :     :           +- Project [d_date_sk#322L]
   :                 :     :                          :        :        :     :              +- Filter (((isnotnull(d_year#328) AND (d_year#328 >= 1999)) AND (d_year#328 <= 2001)) AND isnotnull(d_date_sk#322L))
   :                 :     :                          :        :        :     :                 +- Relation[d_date_sk#322L,d_date_id#323,d_date#324,d_month_seq#325,d_week_seq#326,d_quarter_seq#327,d_year#328,d_dow#329,d_moy#330,d_dom#331,d_qoy#332,d_fy_year#333,d_fy_quarter_seq#334,d_fy_week_seq#335,d_day_name#336,d_quarter_name#337,d_holiday#338,d_weekend#339,d_following_holiday#340,d_first_dom#341,d_last_dom#342,d_same_day_ly#343,d_same_day_lq#344,d_current_day#345,... 4 more fields] orc
   :                 :     :                          :        :        :     +- Project [i_item_sk#300L, i_brand_id#307, i_class_id#309, i_category_id#311]
   :                 :     :                          :        :        :        +- Filter isnotnull(i_item_sk#300L)
   :                 :     :                          :        :        :           +- FileScan orc tpcds_bin_partitioned_varchar_orc_1000.item[i_item_sk#300L,i_brand_id#307,i_class_id#309,i_category_id#311] Batched: true, DataFilters: [isnotnull(i_item_sk#300L)], Format: ORC, Location: InMemoryFileIndex[hdfs://vcloud-10-13:9000/user/hive/warehouse/tpcds_bin_partitioned_varchar_orc_..., PartitionFilters: [], PushedFilters: [IsNotNull(i_item_sk)], ReadSchema: struct<i_item_sk:bigint,i_brand_id:int,i_class_id:int,i_category_id:int>
   :                 :     :                          :        :        +- Project [d_date_sk#322L]
   :                 :     :                          :        :           +- Filter (((isnotnull(d_year#328) AND (d_year#328 >= 1999)) AND (d_year#328 <= 2001)) AND isnotnull(d_date_sk#322L))
   :                 :     :                          :        :              +- FileScan orc tpcds_bin_partitioned_varchar_orc_1000.date_dim[d_date_sk#322L,d_year#328] Batched: true, DataFilters: [isnotnull(d_year#328), (d_year#328 >= 1999), (d_year#328 <= 2001), isnotnull(d_date_sk#322L)], Format: ORC, Location: InMemoryFileIndex[hdfs://vcloud-10-13:9000/user/hive/warehouse/tpcds_bin_partitioned_varchar_orc_..., PartitionFilters: [], PushedFilters: [IsNotNull(d_year), GreaterThanOrEqual(d_year,1999), LessThanOrEqual(d_year,2001), IsNotNull(d_da..., ReadSchema: struct<d_date_sk:bigint,d_year:int>
   :                 :     :                          :        +- Project [i_brand_id#391, i_class_id#393, i_category_id#395]
   :                 :     :                          :           +- BroadcastHashJoin [ws_sold_date_sk#383L], [d_date_sk#406L], Inner, BuildRight, false
   :                 :     :                          :              :- Project [ws_sold_date_sk#383L, i_brand_id#391, i_class_id#393, i_category_id#395]
   :                 :     :                          :              :  +- BroadcastHashJoin [ws_item_sk#352L], [i_item_sk#384L], Inner, BuildRight, false
   :                 :     :                          :              :     :- Project [ws_item_sk#352L, ws_sold_date_sk#383L]
   :                 :     :                          :              :     :  +- Filter isnotnull(ws_item_sk#352L)
   :                 :     :                          :              :     :     +- FileScan orc tpcds_bin_partitioned_varchar_orc_1000.web_sales[ws_item_sk#352L,ws_sold_date_sk#383L] Batched: true, DataFilters: [isnotnull(ws_item_sk#352L)], Format: ORC, Location: InMemoryFileIndex[hdfs://vcloud-10-13:9000/user/hive/warehouse/tpcds_bin_partitioned_varchar_orc_..., PartitionFilters: [isnotnull(ws_sold_date_sk#383L), dynamicpruning#1274 [ws_sold_date_sk#383L]], PushedFilters: [IsNotNull(ws_item_sk)], ReadSchema: struct<ws_item_sk:bigint>
   :                 :     :                          :              :     :           +- Project [d_date_sk#406L]
   :                 :     :                          :              :     :              +- Filter (((isnotnull(d_year#412) AND (d_year#412 >= 1999)) AND (d_year#412 <= 2001)) AND isnotnull(d_date_sk#406L))
   :                 :     :                          :              :     :                 +- Relation[d_date_sk#406L,d_date_id#407,d_date#408,d_month_seq#409,d_week_seq#410,d_quarter_seq#411,d_year#412,d_dow#413,d_moy#414,d_dom#415,d_qoy#416,d_fy_year#417,d_fy_quarter_seq#418,d_fy_week_seq#419,d_day_name#420,d_quarter_name#421,d_holiday#422,d_weekend#423,d_following_holiday#424,d_first_dom#425,d_last_dom#426,d_same_day_ly#427,d_same_day_lq#428,d_current_day#429,... 4 more fields] orc
   :                 :     :                          :              :     +- Project [i_item_sk#384L, i_brand_id#391, i_class_id#393, i_category_id#395]
   :                 :     :                          :              :        +- Filter isnotnull(i_item_sk#384L)
   :                 :     :                          :              :           +- FileScan orc tpcds_bin_partitioned_varchar_orc_1000.item[i_item_sk#384L,i_brand_id#391,i_class_id#393,i_category_id#395] Batched: true, DataFilters: [isnotnull(i_item_sk#384L)], Format: ORC, Location: InMemoryFileIndex[hdfs://vcloud-10-13:9000/user/hive/warehouse/tpcds_bin_partitioned_varchar_orc_..., PartitionFilters: [], PushedFilters: [IsNotNull(i_item_sk)], ReadSchema: struct<i_item_sk:bigint,i_brand_id:int,i_class_id:int,i_category_id:int>
   :                 :     :                          :              +- Project [d_date_sk#406L]
   :                 :     :                          :                 +- Filter (((isnotnull(d_year#412) AND (d_year#412 >= 1999)) AND (d_year#412 <= 2001)) AND isnotnull(d_date_sk#406L))
   :                 :     :                          :                    +- FileScan orc tpcds_bin_partitioned_varchar_orc_1000.date_dim[d_date_sk#406L,d_year#412] Batched: true, DataFilters: [isnotnull(d_year#412), (d_year#412 >= 1999), (d_year#412 <= 2001), isnotnull(d_date_sk#406L)], Format: ORC, Location: InMemoryFileIndex[hdfs://vcloud-10-13:9000/user/hive/warehouse/tpcds_bin_partitioned_varchar_orc_..., PartitionFilters: [], PushedFilters: [IsNotNull(d_year), GreaterThanOrEqual(d_year,1999), LessThanOrEqual(d_year,2001), IsNotNull(d_da..., ReadSchema: struct<d_date_sk:bigint,d_year:int>
   :                 :     :                          +- Project [d_date_sk#238L]
   :                 :     :                             +- Filter (((isnotnull(d_year#244) AND (d_year#244 >= 1999)) AND (d_year#244 <= 2001)) AND isnotnull(d_date_sk#238L))
   :                 :     :                                +- FileScan orc tpcds_bin_partitioned_varchar_orc_1000.date_dim[d_date_sk#238L,d_year#244] Batched: true, DataFilters: [isnotnull(d_year#244), (d_year#244 >= 1999), (d_year#244 <= 2001), isnotnull(d_date_sk#238L)], Format: ORC, Location: InMemoryFileIndex[hdfs://vcloud-10-13:9000/user/hive/warehouse/tpcds_bin_partitioned_varchar_orc_..., PartitionFilters: [], PushedFilters: [IsNotNull(d_year), GreaterThanOrEqual(d_year,1999), LessThanOrEqual(d_year,2001), IsNotNull(d_da..., ReadSchema: struct<d_date_sk:bigint,d_year:int>
   :                 :     +- SortMergeJoin [i_item_sk#48L], [ss_item_sk#15L], LeftSemi
   :                 :        :- Project [i_item_sk#48L, i_brand_id#55, i_class_id#57, i_category_id#59]
   :                 :        :  +- Filter (((isnotnull(i_item_sk#48L) AND isnotnull(i_brand_id#55)) AND isnotnull(i_class_id#57)) AND isnotnull(i_category_id#59))
   :                 :        :     +- FileScan orc tpcds_bin_partitioned_varchar_orc_1000.item[i_item_sk#48L,i_brand_id#55,i_class_id#57,i_category_id#59] Batched: true, DataFilters: [isnotnull(i_item_sk#48L), isnotnull(i_brand_id#55), isnotnull(i_class_id#57), isnotnull(i_catego..., Format: ORC, Location: InMemoryFileIndex[hdfs://vcloud-10-13:9000/user/hive/warehouse/tpcds_bin_partitioned_varchar_orc_..., PartitionFilters: [], PushedFilters: [IsNotNull(i_item_sk), IsNotNull(i_brand_id), IsNotNull(i_class_id), IsNotNull(i_category_id)], ReadSchema: struct<i_item_sk:bigint,i_brand_id:int,i_class_id:int,i_category_id:int>
   :                 :        +- Project [i_item_sk#171L AS ss_item_sk#15L]
   :                 :           +- BroadcastHashJoin [i_brand_id#178, i_class_id#180, i_category_id#182], [brand_id#12, class_id#13, category_id#14], Inner, BuildLeft, false
   :                 :              :- Project [i_item_sk#171L, i_brand_id#178, i_class_id#180, i_category_id#182]
   :                 :              :  +- Filter ((isnotnull(i_brand_id#178) AND isnotnull(i_class_id#180)) AND isnotnull(i_category_id#182))
   :                 :              :     +- FileScan orc tpcds_bin_partitioned_varchar_orc_1000.item[i_item_sk#171L,i_brand_id#178,i_class_id#180,i_category_id#182] Batched: true, DataFilters: [isnotnull(i_brand_id#178), isnotnull(i_class_id#180), isnotnull(i_category_id#182)], Format: ORC, Location: InMemoryFileIndex[hdfs://vcloud-10-13:9000/user/hive/warehouse/tpcds_bin_partitioned_varchar_orc_..., PartitionFilters: [], PushedFilters: [IsNotNull(i_brand_id), IsNotNull(i_class_id), IsNotNull(i_category_id)], ReadSchema: struct<i_item_sk:bigint,i_brand_id:int,i_class_id:int,i_category_id:int>
   :                 :              +- HashAggregate(keys=[brand_id#12, class_id#13, category_id#14], functions=[], output=[brand_id#12, class_id#13, category_id#14])
   :                 :                 +- HashAggregate(keys=[brand_id#12, class_id#13, category_id#14], functions=[], output=[brand_id#12, class_id#13, category_id#14])
   :                 :                    +- HashAggregate(keys=[brand_id#12, class_id#13, category_id#14], functions=[], output=[brand_id#12, class_id#13, category_id#14])
   :                 :                       +- HashAggregate(keys=[brand_id#12, class_id#13, category_id#14], functions=[], output=[brand_id#12, class_id#13, category_id#14])
   :                 :                          +- Project [i_brand_id#223 AS brand_id#12, i_class_id#225 AS class_id#13, i_category_id#227 AS category_id#14]
   :                 :                             +- BroadcastHashJoin [ss_sold_date_sk#215L], [d_date_sk#238L], Inner, BuildRight, false
   :                 :                                :- Project [ss_sold_date_sk#215L, i_brand_id#223, i_class_id#225, i_category_id#227]
   :                 :                                :  +- BroadcastHashJoin [ss_item_sk#194L], [i_item_sk#216L], Inner, BuildRight, false
   :                 :                                :     :- Project [ss_item_sk#194L, ss_sold_date_sk#215L]
   :                 :                                :     :  +- Filter isnotnull(ss_item_sk#194L)
   :                 :                                :     :     +- FileScan orc tpcds_bin_partitioned_varchar_orc_1000.store_sales[ss_item_sk#194L,ss_sold_date_sk#215L] Batched: true, DataFilters: [isnotnull(ss_item_sk#194L)], Format: ORC, Location: InMemoryFileIndex[hdfs://vcloud-10-13:9000/user/hive/warehouse/tpcds_bin_partitioned_varchar_orc_..., PartitionFilters: [isnotnull(ss_sold_date_sk#215L), dynamicpruning#1275 [ss_sold_date_sk#215L]], PushedFilters: [IsNotNull(ss_item_sk)], ReadSchema: struct<ss_item_sk:bigint>
   :                 :                                :     :           +- Project [d_date_sk#238L]
   :                 :                                :     :              +- Filter (((isnotnull(d_year#244) AND (d_year#244 >= 1999)) AND (d_year#244 <= 2001)) AND isnotnull(d_date_sk#238L))
   :                 :                                :     :                 +- Relation[d_date_sk#238L,d_date_id#239,d_date#240,d_month_seq#241,d_week_seq#242,d_quarter_seq#243,d_year#244,d_dow#245,d_moy#246,d_dom#247,d_qoy#248,d_fy_year#249,d_fy_quarter_seq#250,d_fy_week_seq#251,d_day_name#252,d_quarter_name#253,d_holiday#254,d_weekend#255,d_following_holiday#256,d_first_dom#257,d_last_dom#258,d_same_day_ly#259,d_same_day_lq#260,d_current_day#261,... 4 more fields] orc
   :                 :                                :     +- SortMergeJoin [coalesce(i_brand_id#223, 0), isnull(i_brand_id#223), coalesce(i_class_id#225, 0), isnull(i_class_id#225), coalesce(i_category_id#227, 0), isnull(i_category_id#227)], [coalesce(i_brand_id#391, 0), isnull(i_brand_id#391), coalesce(i_class_id#393, 0), isnull(i_class_id#393), coalesce(i_category_id#395, 0), isnull(i_category_id#395)], LeftSemi
   :                 :                                :        :- SortMergeJoin [coalesce(i_brand_id#223, 0), isnull(i_brand_id#223), coalesce(i_class_id#225, 0), isnull(i_class_id#225), coalesce(i_category_id#227, 0), isnull(i_category_id#227)], [coalesce(i_brand_id#307, 0), isnull(i_brand_id#307), coalesce(i_class_id#309, 0), isnull(i_class_id#309), coalesce(i_category_id#311, 0), isnull(i_category_id#311)], LeftSemi
   :                 :                                :        :  :- Project [i_item_sk#216L, i_brand_id#223, i_class_id#225, i_category_id#227]
   :                 :                                :        :  :  +- Filter (((isnotnull(i_item_sk#216L) AND isnotnull(i_brand_id#223)) AND isnotnull(i_class_id#225)) AND isnotnull(i_category_id#227))
   :                 :                                :        :  :     +- FileScan orc tpcds_bin_partitioned_varchar_orc_1000.item[i_item_sk#216L,i_brand_id#223,i_class_id#225,i_category_id#227] Batched: true, DataFilters: [isnotnull(i_item_sk#216L), isnotnull(i_brand_id#223), isnotnull(i_class_id#225), isnotnull(i_cat..., Format: ORC, Location: InMemoryFileIndex[hdfs://vcloud-10-13:9000/user/hive/warehouse/tpcds_bin_partitioned_varchar_orc_..., PartitionFilters: [], PushedFilters: [IsNotNull(i_item_sk), IsNotNull(i_brand_id), IsNotNull(i_class_id), IsNotNull(i_category_id)], ReadSchema: struct<i_item_sk:bigint,i_brand_id:int,i_class_id:int,i_category_id:int>
   :                 :                                :        :  +- Project [i_brand_id#307, i_class_id#309, i_category_id#311]
   :                 :                                :        :     +- BroadcastHashJoin [cs_sold_date_sk#299L], [d_date_sk#322L], Inner, BuildRight, false
   :                 :                                :        :        :- Project [cs_sold_date_sk#299L, i_brand_id#307, i_class_id#309, i_category_id#311]
   :                 :                                :        :        :  +- BroadcastHashJoin [cs_item_sk#280L], [i_item_sk#300L], Inner, BuildRight, false
   :                 :                                :        :        :     :- Project [cs_item_sk#280L, cs_sold_date_sk#299L]
   :                 :                                :        :        :     :  +- Filter isnotnull(cs_item_sk#280L)
   :                 :                                :        :        :     :     +- FileScan orc tpcds_bin_partitioned_varchar_orc_1000.catalog_sales[cs_item_sk#280L,cs_sold_date_sk#299L] Batched: true, DataFilters: [isnotnull(cs_item_sk#280L)], Format: ORC, Location: InMemoryFileIndex[hdfs://vcloud-10-13:9000/user/hive/warehouse/tpcds_bin_partitioned_varchar_orc_..., PartitionFilters: [isnotnull(cs_sold_date_sk#299L), dynamicpruning#1273 [cs_sold_date_sk#299L]], PushedFilters: [IsNotNull(cs_item_sk)], ReadSchema: struct<cs_item_sk:bigint>
   :                 :                                :        :        :     :           +- Project [d_date_sk#322L]
   :                 :                                :        :        :     :              +- Filter (((isnotnull(d_year#328) AND (d_year#328 >= 1999)) AND (d_year#328 <= 2001)) AND isnotnull(d_date_sk#322L))
   :                 :                                :        :        :     :                 +- Relation[d_date_sk#322L,d_date_id#323,d_date#324,d_month_seq#325,d_week_seq#326,d_quarter_seq#327,d_year#328,d_dow#329,d_moy#330,d_dom#331,d_qoy#332,d_fy_year#333,d_fy_quarter_seq#334,d_fy_week_seq#335,d_day_name#336,d_quarter_name#337,d_holiday#338,d_weekend#339,d_following_holiday#340,d_first_dom#341,d_last_dom#342,d_same_day_ly#343,d_same_day_lq#344,d_current_day#345,... 4 more fields] orc
   :                 :                                :        :        :     +- Project [i_item_sk#300L, i_brand_id#307, i_class_id#309, i_category_id#311]
   :                 :                                :        :        :        +- Filter isnotnull(i_item_sk#300L)
   :                 :                                :        :        :           +- FileScan orc tpcds_bin_partitioned_varchar_orc_1000.item[i_item_sk#300L,i_brand_id#307,i_class_id#309,i_category_id#311] Batched: true, DataFilters: [isnotnull(i_item_sk#300L)], Format: ORC, Location: InMemoryFileIndex[hdfs://vcloud-10-13:9000/user/hive/warehouse/tpcds_bin_partitioned_varchar_orc_..., PartitionFilters: [], PushedFilters: [IsNotNull(i_item_sk)], ReadSchema: struct<i_item_sk:bigint,i_brand_id:int,i_class_id:int,i_category_id:int>
   :                 :                                :        :        +- Project [d_date_sk#322L]
   :                 :                                :        :           +- Filter (((isnotnull(d_year#328) AND (d_year#328 >= 1999)) AND (d_year#328 <= 2001)) AND isnotnull(d_date_sk#322L))
   :                 :                                :        :              +- FileScan orc tpcds_bin_partitioned_varchar_orc_1000.date_dim[d_date_sk#322L,d_year#328] Batched: true, DataFilters: [isnotnull(d_year#328), (d_year#328 >= 1999), (d_year#328 <= 2001), isnotnull(d_date_sk#322L)], Format: ORC, Location: InMemoryFileIndex[hdfs://vcloud-10-13:9000/user/hive/warehouse/tpcds_bin_partitioned_varchar_orc_..., PartitionFilters: [], PushedFilters: [IsNotNull(d_year), GreaterThanOrEqual(d_year,1999), LessThanOrEqual(d_year,2001), IsNotNull(d_da..., ReadSchema: struct<d_date_sk:bigint,d_year:int>
   :                 :                                :        +- Project [i_brand_id#391, i_class_id#393, i_category_id#395]
   :                 :                                :           +- BroadcastHashJoin [ws_sold_date_sk#383L], [d_date_sk#406L], Inner, BuildRight, false
   :                 :                                :              :- Project [ws_sold_date_sk#383L, i_brand_id#391, i_class_id#393, i_category_id#395]
   :                 :                                :              :  +- BroadcastHashJoin [ws_item_sk#352L], [i_item_sk#384L], Inner, BuildRight, false
   :                 :                                :              :     :- Project [ws_item_sk#352L, ws_sold_date_sk#383L]
   :                 :                                :              :     :  +- Filter isnotnull(ws_item_sk#352L)
   :                 :                                :              :     :     +- FileScan orc tpcds_bin_partitioned_varchar_orc_1000.web_sales[ws_item_sk#352L,ws_sold_date_sk#383L] Batched: true, DataFilters: [isnotnull(ws_item_sk#352L)], Format: ORC, Location: InMemoryFileIndex[hdfs://vcloud-10-13:9000/user/hive/warehouse/tpcds_bin_partitioned_varchar_orc_..., PartitionFilters: [isnotnull(ws_sold_date_sk#383L), dynamicpruning#1274 [ws_sold_date_sk#383L]], PushedFilters: [IsNotNull(ws_item_sk)], ReadSchema: struct<ws_item_sk:bigint>
   :                 :                                :              :     :           +- Project [d_date_sk#406L]
   :                 :                                :              :     :              +- Filter (((isnotnull(d_year#412) AND (d_year#412 >= 1999)) AND (d_year#412 <= 2001)) AND isnotnull(d_date_sk#406L))
   :                 :                                :              :     :                 +- Relation[d_date_sk#406L,d_date_id#407,d_date#408,d_month_seq#409,d_week_seq#410,d_quarter_seq#411,d_year#412,d_dow#413,d_moy#414,d_dom#415,d_qoy#416,d_fy_year#417,d_fy_quarter_seq#418,d_fy_week_seq#419,d_day_name#420,d_quarter_name#421,d_holiday#422,d_weekend#423,d_following_holiday#424,d_first_dom#425,d_last_dom#426,d_same_day_ly#427,d_same_day_lq#428,d_current_day#429,... 4 more fields] orc
   :                 :                                :              :     +- Project [i_item_sk#384L, i_brand_id#391, i_class_id#393, i_category_id#395]
   :                 :                                :              :        +- Filter isnotnull(i_item_sk#384L)
   :                 :                                :              :           +- FileScan orc tpcds_bin_partitioned_varchar_orc_1000.item[i_item_sk#384L,i_brand_id#391,i_class_id#393,i_category_id#395] Batched: true, DataFilters: [isnotnull(i_item_sk#384L)], Format: ORC, Location: InMemoryFileIndex[hdfs://vcloud-10-13:9000/user/hive/warehouse/tpcds_bin_partitioned_varchar_orc_..., PartitionFilters: [], PushedFilters: [IsNotNull(i_item_sk)], ReadSchema: struct<i_item_sk:bigint,i_brand_id:int,i_class_id:int,i_category_id:int>
   :                 :                                :              +- Project [d_date_sk#406L]
   :                 :                                :                 +- Filter (((isnotnull(d_year#412) AND (d_year#412 >= 1999)) AND (d_year#412 <= 2001)) AND isnotnull(d_date_sk#406L))
   :                 :                                :                    +- FileScan orc tpcds_bin_partitioned_varchar_orc_1000.date_dim[d_date_sk#406L,d_year#412] Batched: true, DataFilters: [isnotnull(d_year#412), (d_year#412 >= 1999), (d_year#412 <= 2001), isnotnull(d_date_sk#406L)], Format: ORC, Location: InMemoryFileIndex[hdfs://vcloud-10-13:9000/user/hive/warehouse/tpcds_bin_partitioned_varchar_orc_..., PartitionFilters: [], PushedFilters: [IsNotNull(d_year), GreaterThanOrEqual(d_year,1999), LessThanOrEqual(d_year,2001), IsNotNull(d_da..., ReadSchema: struct<d_date_sk:bigint,d_year:int>
   :                 :                                +- Project [d_date_sk#238L]
   :                 :                                   +- Filter (((isnotnull(d_year#244) AND (d_year#244 >= 1999)) AND (d_year#244 <= 2001)) AND isnotnull(d_date_sk#238L))
   :                 :                                      +- FileScan orc tpcds_bin_partitioned_varchar_orc_1000.date_dim[d_date_sk#238L,d_year#244] Batched: true, DataFilters: [isnotnull(d_year#244), (d_year#244 >= 1999), (d_year#244 <= 2001), isnotnull(d_date_sk#238L)], Format: ORC, Location: InMemoryFileIndex[hdfs://vcloud-10-13:9000/user/hive/warehouse/tpcds_bin_partitioned_varchar_orc_..., PartitionFilters: [], PushedFilters: [IsNotNull(d_year), GreaterThanOrEqual(d_year,1999), LessThanOrEqual(d_year,2001), IsNotNull(d_da..., ReadSchema: struct<d_date_sk:bigint,d_year:int>
   :                 +- Project [d_date_sk#70L]
   :                    +- Filter ((isnotnull(d_week_seq#74) AND (d_week_seq#74 = scalar-subquery#1 [])) AND isnotnull(d_date_sk#70L))
   :                       :  +- Project [d_week_seq#579]
   :                       :     +- Filter (((((isnotnull(d_year#581) AND isnotnull(d_moy#583)) AND isnotnull(d_dom#584)) AND (d_year#581 = 2000)) AND (d_moy#583 = 12)) AND (d_dom#584 = 11))
   :                       :        +- Relation[d_date_sk#575L,d_date_id#576,d_date#577,d_month_seq#578,d_week_seq#579,d_quarter_seq#580,d_year#581,d_dow#582,d_moy#583,d_dom#584,d_qoy#585,d_fy_year#586,d_fy_quarter_seq#587,d_fy_week_seq#588,d_day_name#589,d_quarter_name#590,d_holiday#591,d_weekend#592,d_following_holiday#593,d_first_dom#594,d_last_dom#595,d_same_day_ly#596,d_same_day_lq#597,d_current_day#598,... 4 more fields] orc
   :                       +- FileScan orc tpcds_bin_partitioned_varchar_orc_1000.date_dim[d_date_sk#70L,d_week_seq#74] Batched: true, DataFilters: [isnotnull(d_week_seq#74), isnotnull(d_date_sk#70L)], Format: ORC, Location: InMemoryFileIndex[hdfs://vcloud-10-13:9000/user/hive/warehouse/tpcds_bin_partitioned_varchar_orc_..., PartitionFilters: [], PushedFilters: [IsNotNull(d_week_seq), IsNotNull(d_date_sk)], ReadSchema: struct<d_date_sk:bigint,d_week_seq:int>
   +- Project [store AS channel#8, i_brand_id#128, i_class_id#130, i_category_id#132, sales#9, number_sales#10L]
      +- Filter (isnotnull(sum(CheckOverflow((promote_precision(cast(cast(ss_quantity#107 as decimal(10,0)) as decimal(12,2))) * promote_precision(cast(ss_list_price#109 as decimal(12,2)))), DecimalType(18,2), true))#1253) AND (cast(sum(CheckOverflow((promote_precision(cast(cast(ss_quantity#107 as decimal(10,0)) as decimal(12,2))) * promote_precision(cast(ss_list_price#109 as decimal(12,2)))), DecimalType(18,2), true))#1253 as decimal(32,6)) > cast(scalar-subquery#11 [] as decimal(32,6))))
         :  +- Aggregate [avg(CheckOverflow((promote_precision(cast(cast(quantity#16 as decimal(10,0)) as decimal(12,2))) * promote_precision(cast(list_price#17 as decimal(12,2)))), DecimalType(18,2), true)) AS average_sales#22]
         :     +- Union false, false
         :        :- Project [ss_quantity#1081 AS quantity#16, ss_list_price#1083 AS list_price#17]
         :        :  +- Join Inner, (ss_sold_date_sk#1094L = d_date_sk#1095L)
         :        :     :- Project [ss_quantity#1081, ss_list_price#1083, ss_sold_date_sk#1094L]
         :        :     :  +- Filter (isnotnull(ss_sold_date_sk#1094L) AND dynamicpruning#1276 [ss_sold_date_sk#1094L])
         :        :     :     :  +- Project [d_date_sk#1095L]
         :        :     :     :     +- Filter (((isnotnull(d_year#1101) AND (d_year#1101 >= 1999)) AND (d_year#1101 <= 2001)) AND isnotnull(d_date_sk#1095L))
         :        :     :     :        +- Relation[d_date_sk#1095L,d_date_id#1096,d_date#1097,d_month_seq#1098,d_week_seq#1099,d_quarter_seq#1100,d_year#1101,d_dow#1102,d_moy#1103,d_dom#1104,d_qoy#1105,d_fy_year#1106,d_fy_quarter_seq#1107,d_fy_week_seq#1108,d_day_name#1109,d_quarter_name#1110,d_holiday#1111,d_weekend#1112,d_following_holiday#1113,d_first_dom#1114,d_last_dom#1115,d_same_day_ly#1116,d_same_day_lq#1117,d_current_day#1118,... 4 more fields] orc
         :        :     :     +- Relation[ss_sold_time_sk#1072L,ss_item_sk#1073L,ss_customer_sk#1074L,ss_cdemo_sk#1075L,ss_hdemo_sk#1076L,ss_addr_sk#1077L,ss_store_sk#1078L,ss_promo_sk#1079L,ss_ticket_number#1080L,ss_quantity#1081,ss_wholesale_cost#1082,ss_list_price#1083,ss_sales_price#1084,ss_ext_discount_amt#1085,ss_ext_sales_price#1086,ss_ext_wholesale_cost#1087,ss_ext_list_price#1088,ss_ext_tax#1089,ss_coupon_amt#1090,ss_net_paid#1091,ss_net_paid_inc_tax#1092,ss_net_profit#1093,ss_sold_date_sk#1094L] orc
         :        :     +- Project [d_date_sk#1095L]
         :        :        +- Filter (((isnotnull(d_year#1101) AND (d_year#1101 >= 1999)) AND (d_year#1101 <= 2001)) AND isnotnull(d_date_sk#1095L))
         :        :           +- Relation[d_date_sk#1095L,d_date_id#1096,d_date#1097,d_month_seq#1098,d_week_seq#1099,d_quarter_seq#1100,d_year#1101,d_dow#1102,d_moy#1103,d_dom#1104,d_qoy#1105,d_fy_year#1106,d_fy_quarter_seq#1107,d_fy_week_seq#1108,d_day_name#1109,d_quarter_name#1110,d_holiday#1111,d_weekend#1112,d_following_holiday#1113,d_first_dom#1114,d_last_dom#1115,d_same_day_ly#1116,d_same_day_lq#1117,d_current_day#1118,... 4 more fields] orc
         :        :- Project [cs_quantity#1140 AS quantity#18, cs_list_price#1142 AS list_price#19]
         :        :  +- Join Inner, (cs_sold_date_sk#1156L = d_date_sk#1157L)
         :        :     :- Project [cs_quantity#1140, cs_list_price#1142, cs_sold_date_sk#1156L]
         :        :     :  +- Filter (isnotnull(cs_sold_date_sk#1156L) AND dynamicpruning#1277 [cs_sold_date_sk#1156L])
         :        :     :     :  +- Project [d_date_sk#1157L]
         :        :     :     :     +- Filter (((isnotnull(d_year#1163) AND (d_year#1163 >= 1999)) AND (d_year#1163 <= 2001)) AND isnotnull(d_date_sk#1157L))
         :        :     :     :        +- Relation[d_date_sk#1157L,d_date_id#1158,d_date#1159,d_month_seq#1160,d_week_seq#1161,d_quarter_seq#1162,d_year#1163,d_dow#1164,d_moy#1165,d_dom#1166,d_qoy#1167,d_fy_year#1168,d_fy_quarter_seq#1169,d_fy_week_seq#1170,d_day_name#1171,d_quarter_name#1172,d_holiday#1173,d_weekend#1174,d_following_holiday#1175,d_first_dom#1176,d_last_dom#1177,d_same_day_ly#1178,d_same_day_lq#1179,d_current_day#1180,... 4 more fields] orc
         :        :     :     +- Relation[cs_sold_time_sk#1123L,cs_ship_date_sk#1124L,cs_bill_customer_sk#1125L,cs_bill_cdemo_sk#1126L,cs_bill_hdemo_sk#1127L,cs_bill_addr_sk#1128L,cs_ship_customer_sk#1129L,cs_ship_cdemo_sk#1130L,cs_ship_hdemo_sk#1131L,cs_ship_addr_sk#1132L,cs_call_center_sk#1133L,cs_catalog_page_sk#1134L,cs_ship_mode_sk#1135L,cs_warehouse_sk#1136L,cs_item_sk#1137L,cs_promo_sk#1138L,cs_order_number#1139L,cs_quantity#1140,cs_wholesale_cost#1141,cs_list_price#1142,cs_sales_price#1143,cs_ext_discount_amt#1144,cs_ext_sales_price#1145,cs_ext_wholesale_cost#1146,... 10 more fields] orc
         :        :     +- Project [d_date_sk#1157L]
         :        :        +- Filter (((isnotnull(d_year#1163) AND (d_year#1163 >= 1999)) AND (d_year#1163 <= 2001)) AND isnotnull(d_date_sk#1157L))
         :        :           +- Relation[d_date_sk#1157L,d_date_id#1158,d_date#1159,d_month_seq#1160,d_week_seq#1161,d_quarter_seq#1162,d_year#1163,d_dow#1164,d_moy#1165,d_dom#1166,d_qoy#1167,d_fy_year#1168,d_fy_quarter_seq#1169,d_fy_week_seq#1170,d_day_name#1171,d_quarter_name#1172,d_holiday#1173,d_weekend#1174,d_following_holiday#1175,d_first_dom#1176,d_last_dom#1177,d_same_day_ly#1178,d_same_day_lq#1179,d_current_day#1180,... 4 more fields] orc
         :        +- Project [ws_quantity#1202 AS quantity#20, ws_list_price#1204 AS list_price#21]
         :           +- Join Inner, (ws_sold_date_sk#1218L = d_date_sk#1219L)
         :              :- Project [ws_quantity#1202, ws_list_price#1204, ws_sold_date_sk#1218L]
         :              :  +- Filter (isnotnull(ws_sold_date_sk#1218L) AND dynamicpruning#1278 [ws_sold_date_sk#1218L])
         :              :     :  +- Project [d_date_sk#1219L]
         :              :     :     +- Filter (((isnotnull(d_year#1225) AND (d_year#1225 >= 1999)) AND (d_year#1225 <= 2001)) AND isnotnull(d_date_sk#1219L))
         :              :     :        +- Relation[d_date_sk#1219L,d_date_id#1220,d_date#1221,d_month_seq#1222,d_week_seq#1223,d_quarter_seq#1224,d_year#1225,d_dow#1226,d_moy#1227,d_dom#1228,d_qoy#1229,d_fy_year#1230,d_fy_quarter_seq#1231,d_fy_week_seq#1232,d_day_name#1233,d_quarter_name#1234,d_holiday#1235,d_weekend#1236,d_following_holiday#1237,d_first_dom#1238,d_last_dom#1239,d_same_day_ly#1240,d_same_day_lq#1241,d_current_day#1242,... 4 more fields] orc
         :              :     +- Relation[ws_sold_time_sk#1185L,ws_ship_date_sk#1186L,ws_item_sk#1187L,ws_bill_customer_sk#1188L,ws_bill_cdemo_sk#1189L,ws_bill_hdemo_sk#1190L,ws_bill_addr_sk#1191L,ws_ship_customer_sk#1192L,ws_ship_cdemo_sk#1193L,ws_ship_hdemo_sk#1194L,ws_ship_addr_sk#1195L,ws_web_page_sk#1196L,ws_web_site_sk#1197L,ws_ship_mode_sk#1198L,ws_warehouse_sk#1199L,ws_promo_sk#1200L,ws_order_number#1201L,ws_quantity#1202,ws_wholesale_cost#1203,ws_list_price#1204,ws_sales_price#1205,ws_ext_discount_amt#1206,ws_ext_sales_price#1207,ws_ext_wholesale_cost#1208,... 10 more fields] orc
         :              +- Project [d_date_sk#1219L]
         :                 +- Filter (((isnotnull(d_year#1225) AND (d_year#1225 >= 1999)) AND (d_year#1225 <= 2001)) AND isnotnull(d_date_sk#1219L))
         :                    +- Relation[d_date_sk#1219L,d_date_id#1220,d_date#1221,d_month_seq#1222,d_week_seq#1223,d_quarter_seq#1224,d_year#1225,d_dow#1226,d_moy#1227,d_dom#1228,d_qoy#1229,d_fy_year#1230,d_fy_quarter_seq#1231,d_fy_week_seq#1232,d_day_name#1233,d_quarter_name#1234,d_holiday#1235,d_weekend#1236,d_following_holiday#1237,d_first_dom#1238,d_last_dom#1239,d_same_day_ly#1240,d_same_day_lq#1241,d_current_day#1242,... 4 more fields] orc
         +- HashAggregate(keys=[i_brand_id#128, i_class_id#130, i_category_id#132], functions=[sum(CheckOverflow((promote_precision(cast(cast(ss_quantity#107 as decimal(10,0)) as decimal(12,2))) * promote_precision(cast(ss_list_price#109 as decimal(12,2)))), DecimalType(18,2), true)), count(1)], output=[i_brand_id#128, i_class_id#130, i_category_id#132, sales#9, number_sales#10L, sum(CheckOverflow((promote_precision(cast(cast(ss_quantity#107 as decimal(10,0)) as decimal(12,2))) * promote_precision(cast(ss_list_price#109 as decimal(12,2)))), DecimalType(18,2), true))#1253])
            +- HashAggregate(keys=[i_brand_id#128, i_class_id#130, i_category_id#132], functions=[partial_sum(CheckOverflow((promote_precision(cast(cast(ss_quantity#107 as decimal(10,0)) as decimal(12,2))) * promote_precision(cast(ss_list_price#109 as decimal(12,2)))), DecimalType(18,2), true)), partial_count(1)], output=[i_brand_id#128, i_class_id#130, i_category_id#132, sum#1311, isEmpty#1312, count#1313L])
               +- Project [ss_quantity#107, ss_list_price#109, i_brand_id#128, i_class_id#130, i_category_id#132]
                  +- BroadcastHashJoin [ss_sold_date_sk#120L], [d_date_sk#143L], Inner, BuildRight, false
                     :- Project [ss_quantity#107, ss_list_price#109, ss_sold_date_sk#120L, i_brand_id#128, i_class_id#130, i_category_id#132]
                     :  +- BroadcastHashJoin [ss_item_sk#99L], [i_item_sk#121L], Inner, BuildRight, false
                     :     :- SortMergeJoin [ss_item_sk#99L], [ss_item_sk#15L], LeftSemi
                     :     :  :- Project [ss_item_sk#99L, ss_quantity#107, ss_list_price#109, ss_sold_date_sk#120L]
                     :     :  :  +- Filter isnotnull(ss_item_sk#99L)
                     :     :  :     +- FileScan orc tpcds_bin_partitioned_varchar_orc_1000.store_sales[ss_item_sk#99L,ss_quantity#107,ss_list_price#109,ss_sold_date_sk#120L] Batched: true, DataFilters: [isnotnull(ss_item_sk#99L)], Format: ORC, Location: InMemoryFileIndex[hdfs://vcloud-10-13:9000/user/hive/warehouse/tpcds_bin_partitioned_varchar_orc_..., PartitionFilters: [isnotnull(ss_sold_date_sk#120L), dynamicpruning#1295 [ss_sold_date_sk#120L]], PushedFilters: [IsNotNull(ss_item_sk)], ReadSchema: struct<ss_item_sk:bigint,ss_quantity:int,ss_list_price:decimal(7,2)>
                     :     :  :           +- Project [d_date_sk#143L]
                     :     :  :              +- Filter ((isnotnull(d_week_seq#147) AND (d_week_seq#147 = scalar-subquery#7 [])) AND isnotnull(d_date_sk#143L))
                     :     :  :                 :  +- Project [d_week_seq#870]
                     :     :  :                 :     +- Filter (((((isnotnull(d_year#872) AND isnotnull(d_moy#874)) AND isnotnull(d_dom#875)) AND (d_year#872 = 1999)) AND (d_moy#874 = 12)) AND (d_dom#875 = 11))
                     :     :  :                 :        +- Relation[d_date_sk#866L,d_date_id#867,d_date#868,d_month_seq#869,d_week_seq#870,d_quarter_seq#871,d_year#872,d_dow#873,d_moy#874,d_dom#875,d_qoy#876,d_fy_year#877,d_fy_quarter_seq#878,d_fy_week_seq#879,d_day_name#880,d_quarter_name#881,d_holiday#882,d_weekend#883,d_following_holiday#884,d_first_dom#885,d_last_dom#886,d_same_day_ly#887,d_same_day_lq#888,d_current_day#889,... 4 more fields] orc
                     :     :  :                 +- Relation[d_date_sk#143L,d_date_id#144,d_date#145,d_month_seq#146,d_week_seq#147,d_quarter_seq#148,d_year#149,d_dow#150,d_moy#151,d_dom#152,d_qoy#153,d_fy_year#154,d_fy_quarter_seq#155,d_fy_week_seq#156,d_day_name#157,d_quarter_name#158,d_holiday#159,d_weekend#160,d_following_holiday#161,d_first_dom#162,d_last_dom#163,d_same_day_ly#164,d_same_day_lq#165,d_current_day#166,... 4 more fields] orc
                     :     :  +- Project [i_item_sk#603L AS ss_item_sk#15L]
                     :     :     +- BroadcastHashJoin [i_brand_id#610, i_class_id#612, i_category_id#614], [brand_id#12, class_id#13, category_id#14], Inner, BuildLeft, false
                     :     :        :- Project [i_item_sk#603L, i_brand_id#610, i_class_id#612, i_category_id#614]
                     :     :        :  +- Filter ((isnotnull(i_brand_id#610) AND isnotnull(i_class_id#612)) AND isnotnull(i_category_id#614))
                     :     :        :     +- FileScan orc tpcds_bin_partitioned_varchar_orc_1000.item[i_item_sk#603L,i_brand_id#610,i_class_id#612,i_category_id#614] Batched: true, DataFilters: [isnotnull(i_brand_id#610), isnotnull(i_class_id#612), isnotnull(i_category_id#614)], Format: ORC, Location: InMemoryFileIndex[hdfs://vcloud-10-13:9000/user/hive/warehouse/tpcds_bin_partitioned_varchar_orc_..., PartitionFilters: [], PushedFilters: [IsNotNull(i_brand_id), IsNotNull(i_class_id), IsNotNull(i_category_id)], ReadSchema: struct<i_item_sk:bigint,i_brand_id:int,i_class_id:int,i_category_id:int>
                     :     :        +- HashAggregate(keys=[brand_id#12, class_id#13, category_id#14], functions=[], output=[brand_id#12, class_id#13, category_id#14])
                     :     :           +- HashAggregate(keys=[brand_id#12, class_id#13, category_id#14], functions=[], output=[brand_id#12, class_id#13, category_id#14])
                     :     :              +- HashAggregate(keys=[brand_id#12, class_id#13, category_id#14], functions=[], output=[brand_id#12, class_id#13, category_id#14])
                     :     :                 +- HashAggregate(keys=[brand_id#12, class_id#13, category_id#14], functions=[], output=[brand_id#12, class_id#13, category_id#14])
                     :     :                    +- Project [i_brand_id#655 AS brand_id#12, i_class_id#657 AS class_id#13, i_category_id#659 AS category_id#14]
                     :     :                       +- BroadcastHashJoin [ss_sold_date_sk#647L], [d_date_sk#670L], Inner, BuildRight, false
                     :     :                          :- Project [ss_sold_date_sk#647L, i_brand_id#655, i_class_id#657, i_category_id#659]
                     :     :                          :  +- BroadcastHashJoin [ss_item_sk#626L], [i_item_sk#648L], Inner, BuildRight, false
                     :     :                          :     :- Project [ss_item_sk#626L, ss_sold_date_sk#647L]
                     :     :                          :     :  +- Filter isnotnull(ss_item_sk#626L)
                     :     :                          :     :     +- FileScan orc tpcds_bin_partitioned_varchar_orc_1000.store_sales[ss_item_sk#626L,ss_sold_date_sk#647L] Batched: true, DataFilters: [isnotnull(ss_item_sk#626L)], Format: ORC, Location: InMemoryFileIndex[hdfs://vcloud-10-13:9000/user/hive/warehouse/tpcds_bin_partitioned_varchar_orc_..., PartitionFilters: [isnotnull(ss_sold_date_sk#647L), dynamicpruning#1281 [ss_sold_date_sk#647L]], PushedFilters: [IsNotNull(ss_item_sk)], ReadSchema: struct<ss_item_sk:bigint>
                     :     :                          :     :           +- Project [d_date_sk#670L]
                     :     :                          :     :              +- Filter (((isnotnull(d_year#676) AND (d_year#676 >= 1999)) AND (d_year#676 <= 2001)) AND isnotnull(d_date_sk#670L))
                     :     :                          :     :                 +- Relation[d_date_sk#670L,d_date_id#671,d_date#672,d_month_seq#673,d_week_seq#674,d_quarter_seq#675,d_year#676,d_dow#677,d_moy#678,d_dom#679,d_qoy#680,d_fy_year#681,d_fy_quarter_seq#682,d_fy_week_seq#683,d_day_name#684,d_quarter_name#685,d_holiday#686,d_weekend#687,d_following_holiday#688,d_first_dom#689,d_last_dom#690,d_same_day_ly#691,d_same_day_lq#692,d_current_day#693,... 4 more fields] orc
                     :     :                          :     +- SortMergeJoin [coalesce(i_brand_id#655, 0), isnull(i_brand_id#655), coalesce(i_class_id#657, 0), isnull(i_class_id#657), coalesce(i_category_id#659, 0), isnull(i_category_id#659)], [coalesce(i_brand_id#823, 0), isnull(i_brand_id#823), coalesce(i_class_id#825, 0), isnull(i_class_id#825), coalesce(i_category_id#827, 0), isnull(i_category_id#827)], LeftSemi
                     :     :                          :        :- SortMergeJoin [coalesce(i_brand_id#655, 0), isnull(i_brand_id#655), coalesce(i_class_id#657, 0), isnull(i_class_id#657), coalesce(i_category_id#659, 0), isnull(i_category_id#659)], [coalesce(i_brand_id#739, 0), isnull(i_brand_id#739), coalesce(i_class_id#741, 0), isnull(i_class_id#741), coalesce(i_category_id#743, 0), isnull(i_category_id#743)], LeftSemi
                     :     :                          :        :  :- Project [i_item_sk#648L, i_brand_id#655, i_class_id#657, i_category_id#659]
                     :     :                          :        :  :  +- Filter (((isnotnull(i_item_sk#648L) AND isnotnull(i_brand_id#655)) AND isnotnull(i_class_id#657)) AND isnotnull(i_category_id#659))
                     :     :                          :        :  :     +- FileScan orc tpcds_bin_partitioned_varchar_orc_1000.item[i_item_sk#648L,i_brand_id#655,i_class_id#657,i_category_id#659] Batched: true, DataFilters: [isnotnull(i_item_sk#648L), isnotnull(i_brand_id#655), isnotnull(i_class_id#657), isnotnull(i_cat..., Format: ORC, Location: InMemoryFileIndex[hdfs://vcloud-10-13:9000/user/hive/warehouse/tpcds_bin_partitioned_varchar_orc_..., PartitionFilters: [], PushedFilters: [IsNotNull(i_item_sk), IsNotNull(i_brand_id), IsNotNull(i_class_id), IsNotNull(i_category_id)], ReadSchema: struct<i_item_sk:bigint,i_brand_id:int,i_class_id:int,i_category_id:int>
                     :     :                          :        :  +- Project [i_brand_id#739, i_class_id#741, i_category_id#743]
                     :     :                          :        :     +- BroadcastHashJoin [cs_sold_date_sk#731L], [d_date_sk#754L], Inner, BuildRight, false
                     :     :                          :        :        :- Project [cs_sold_date_sk#731L, i_brand_id#739, i_class_id#741, i_category_id#743]
                     :     :                          :        :        :  +- BroadcastHashJoin [cs_item_sk#712L], [i_item_sk#732L], Inner, BuildRight, false
                     :     :                          :        :        :     :- Project [cs_item_sk#712L, cs_sold_date_sk#731L]
                     :     :                          :        :        :     :  +- Filter isnotnull(cs_item_sk#712L)
                     :     :                          :        :        :     :     +- FileScan orc tpcds_bin_partitioned_varchar_orc_1000.catalog_sales[cs_item_sk#712L,cs_sold_date_sk#731L] Batched: true, DataFilters: [isnotnull(cs_item_sk#712L)], Format: ORC, Location: InMemoryFileIndex[hdfs://vcloud-10-13:9000/user/hive/warehouse/tpcds_bin_partitioned_varchar_orc_..., PartitionFilters: [isnotnull(cs_sold_date_sk#731L), dynamicpruning#1279 [cs_sold_date_sk#731L]], PushedFilters: [IsNotNull(cs_item_sk)], ReadSchema: struct<cs_item_sk:bigint>
                     :     :                          :        :        :     :           +- Project [d_date_sk#754L]
                     :     :                          :        :        :     :              +- Filter (((isnotnull(d_year#760) AND (d_year#760 >= 1999)) AND (d_year#760 <= 2001)) AND isnotnull(d_date_sk#754L))
                     :     :                          :        :        :     :                 +- Relation[d_date_sk#754L,d_date_id#755,d_date#756,d_month_seq#757,d_week_seq#758,d_quarter_seq#759,d_year#760,d_dow#761,d_moy#762,d_dom#763,d_qoy#764,d_fy_year#765,d_fy_quarter_seq#766,d_fy_week_seq#767,d_day_name#768,d_quarter_name#769,d_holiday#770,d_weekend#771,d_following_holiday#772,d_first_dom#773,d_last_dom#774,d_same_day_ly#775,d_same_day_lq#776,d_current_day#777,... 4 more fields] orc
                     :     :                          :        :        :     +- Project [i_item_sk#732L, i_brand_id#739, i_class_id#741, i_category_id#743]
                     :     :                          :        :        :        +- Filter isnotnull(i_item_sk#732L)
                     :     :                          :        :        :           +- FileScan orc tpcds_bin_partitioned_varchar_orc_1000.item[i_item_sk#732L,i_brand_id#739,i_class_id#741,i_category_id#743] Batched: true, DataFilters: [isnotnull(i_item_sk#732L)], Format: ORC, Location: InMemoryFileIndex[hdfs://vcloud-10-13:9000/user/hive/warehouse/tpcds_bin_partitioned_varchar_orc_..., PartitionFilters: [], PushedFilters: [IsNotNull(i_item_sk)], ReadSchema: struct<i_item_sk:bigint,i_brand_id:int,i_class_id:int,i_category_id:int>
                     :     :                          :        :        +- Project [d_date_sk#754L]
                     :     :                          :        :           +- Filter (((isnotnull(d_year#760) AND (d_year#760 >= 1999)) AND (d_year#760 <= 2001)) AND isnotnull(d_date_sk#754L))
                     :     :                          :        :              +- FileScan orc tpcds_bin_partitioned_varchar_orc_1000.date_dim[d_date_sk#754L,d_year#760] Batched: true, DataFilters: [isnotnull(d_year#760), (d_year#760 >= 1999), (d_year#760 <= 2001), isnotnull(d_date_sk#754L)], Format: ORC, Location: InMemoryFileIndex[hdfs://vcloud-10-13:9000/user/hive/warehouse/tpcds_bin_partitioned_varchar_orc_..., PartitionFilters: [], PushedFilters: [IsNotNull(d_year), GreaterThanOrEqual(d_year,1999), LessThanOrEqual(d_year,2001), IsNotNull(d_da..., ReadSchema: struct<d_date_sk:bigint,d_year:int>
                     :     :                          :        +- Project [i_brand_id#823, i_class_id#825, i_category_id#827]
                     :     :                          :           +- BroadcastHashJoin [ws_sold_date_sk#815L], [d_date_sk#838L], Inner, BuildRight, false
                     :     :                          :              :- Project [ws_sold_date_sk#815L, i_brand_id#823, i_class_id#825, i_category_id#827]
                     :     :                          :              :  +- BroadcastHashJoin [ws_item_sk#784L], [i_item_sk#816L], Inner, BuildRight, false
                     :     :                          :              :     :- Project [ws_item_sk#784L, ws_sold_date_sk#815L]
                     :     :                          :              :     :  +- Filter isnotnull(ws_item_sk#784L)
                     :     :                          :              :     :     +- FileScan orc tpcds_bin_partitioned_varchar_orc_1000.web_sales[ws_item_sk#784L,ws_sold_date_sk#815L] Batched: true, DataFilters: [isnotnull(ws_item_sk#784L)], Format: ORC, Location: InMemoryFileIndex[hdfs://vcloud-10-13:9000/user/hive/warehouse/tpcds_bin_partitioned_varchar_orc_..., PartitionFilters: [isnotnull(ws_sold_date_sk#815L), dynamicpruning#1280 [ws_sold_date_sk#815L]], PushedFilters: [IsNotNull(ws_item_sk)], ReadSchema: struct<ws_item_sk:bigint>
                     :     :                          :              :     :           +- Project [d_date_sk#838L]
                     :     :                          :              :     :              +- Filter (((isnotnull(d_year#844) AND (d_year#844 >= 1999)) AND (d_year#844 <= 2001)) AND isnotnull(d_date_sk#838L))
                     :     :                          :              :     :                 +- Relation[d_date_sk#838L,d_date_id#839,d_date#840,d_month_seq#841,d_week_seq#842,d_quarter_seq#843,d_year#844,d_dow#845,d_moy#846,d_dom#847,d_qoy#848,d_fy_year#849,d_fy_quarter_seq#850,d_fy_week_seq#851,d_day_name#852,d_quarter_name#853,d_holiday#854,d_weekend#855,d_following_holiday#856,d_first_dom#857,d_last_dom#858,d_same_day_ly#859,d_same_day_lq#860,d_current_day#861,... 4 more fields] orc
                     :     :                          :              :     +- Project [i_item_sk#816L, i_brand_id#823, i_class_id#825, i_category_id#827]
                     :     :                          :              :        +- Filter isnotnull(i_item_sk#816L)
                     :     :                          :              :           +- FileScan orc tpcds_bin_partitioned_varchar_orc_1000.item[i_item_sk#816L,i_brand_id#823,i_class_id#825,i_category_id#827] Batched: true, DataFilters: [isnotnull(i_item_sk#816L)], Format: ORC, Location: InMemoryFileIndex[hdfs://vcloud-10-13:9000/user/hive/warehouse/tpcds_bin_partitioned_varchar_orc_..., PartitionFilters: [], PushedFilters: [IsNotNull(i_item_sk)], ReadSchema: struct<i_item_sk:bigint,i_brand_id:int,i_class_id:int,i_category_id:int>
                     :     :                          :              +- Project [d_date_sk#838L]
                     :     :                          :                 +- Filter (((isnotnull(d_year#844) AND (d_year#844 >= 1999)) AND (d_year#844 <= 2001)) AND isnotnull(d_date_sk#838L))
                     :     :                          :                    +- FileScan orc tpcds_bin_partitioned_varchar_orc_1000.date_dim[d_date_sk#838L,d_year#844] Batched: true, DataFilters: [isnotnull(d_year#844), (d_year#844 >= 1999), (d_year#844 <= 2001), isnotnull(d_date_sk#838L)], Format: ORC, Location: InMemoryFileIndex[hdfs://vcloud-10-13:9000/user/hive/warehouse/tpcds_bin_partitioned_varchar_orc_..., PartitionFilters: [], PushedFilters: [IsNotNull(d_year), GreaterThanOrEqual(d_year,1999), LessThanOrEqual(d_year,2001), IsNotNull(d_da..., ReadSchema: struct<d_date_sk:bigint,d_year:int>
                     :     :                          +- Project [d_date_sk#670L]
                     :     :                             +- Filter (((isnotnull(d_year#676) AND (d_year#676 >= 1999)) AND (d_year#676 <= 2001)) AND isnotnull(d_date_sk#670L))
                     :     :                                +- FileScan orc tpcds_bin_partitioned_varchar_orc_1000.date_dim[d_date_sk#670L,d_year#676] Batched: true, DataFilters: [isnotnull(d_year#676), (d_year#676 >= 1999), (d_year#676 <= 2001), isnotnull(d_date_sk#670L)], Format: ORC, Location: InMemoryFileIndex[hdfs://vcloud-10-13:9000/user/hive/warehouse/tpcds_bin_partitioned_varchar_orc_..., PartitionFilters: [], PushedFilters: [IsNotNull(d_year), GreaterThanOrEqual(d_year,1999), LessThanOrEqual(d_year,2001), IsNotNull(d_da..., ReadSchema: struct<d_date_sk:bigint,d_year:int>
                     :     +- SortMergeJoin [i_item_sk#121L], [ss_item_sk#15L], LeftSemi
                     :        :- Project [i_item_sk#121L, i_brand_id#128, i_class_id#130, i_category_id#132]
                     :        :  +- Filter (((isnotnull(i_item_sk#121L) AND isnotnull(i_brand_id#128)) AND isnotnull(i_class_id#130)) AND isnotnull(i_category_id#132))
                     :        :     +- FileScan orc tpcds_bin_partitioned_varchar_orc_1000.item[i_item_sk#121L,i_brand_id#128,i_class_id#130,i_category_id#132] Batched: true, DataFilters: [isnotnull(i_item_sk#121L), isnotnull(i_brand_id#128), isnotnull(i_class_id#130), isnotnull(i_cat..., Format: ORC, Location: InMemoryFileIndex[hdfs://vcloud-10-13:9000/user/hive/warehouse/tpcds_bin_partitioned_varchar_orc_..., PartitionFilters: [], PushedFilters: [IsNotNull(i_item_sk), IsNotNull(i_brand_id), IsNotNull(i_class_id), IsNotNull(i_category_id)], ReadSchema: struct<i_item_sk:bigint,i_brand_id:int,i_class_id:int,i_category_id:int>
                     :        +- Project [i_item_sk#603L AS ss_item_sk#15L]
                     :           +- BroadcastHashJoin [i_brand_id#610, i_class_id#612, i_category_id#614], [brand_id#12, class_id#13, category_id#14], Inner, BuildLeft, false
                     :              :- Project [i_item_sk#603L, i_brand_id#610, i_class_id#612, i_category_id#614]
                     :              :  +- Filter ((isnotnull(i_brand_id#610) AND isnotnull(i_class_id#612)) AND isnotnull(i_category_id#614))
                     :              :     +- FileScan orc tpcds_bin_partitioned_varchar_orc_1000.item[i_item_sk#603L,i_brand_id#610,i_class_id#612,i_category_id#614] Batched: true, DataFilters: [isnotnull(i_brand_id#610), isnotnull(i_class_id#612), isnotnull(i_category_id#614)], Format: ORC, Location: InMemoryFileIndex[hdfs://vcloud-10-13:9000/user/hive/warehouse/tpcds_bin_partitioned_varchar_orc_..., PartitionFilters: [], PushedFilters: [IsNotNull(i_brand_id), IsNotNull(i_class_id), IsNotNull(i_category_id)], ReadSchema: struct<i_item_sk:bigint,i_brand_id:int,i_class_id:int,i_category_id:int>
                     :              +- HashAggregate(keys=[brand_id#12, class_id#13, category_id#14], functions=[], output=[brand_id#12, class_id#13, category_id#14])
                     :                 +- HashAggregate(keys=[brand_id#12, class_id#13, category_id#14], functions=[], output=[brand_id#12, class_id#13, category_id#14])
                     :                    +- HashAggregate(keys=[brand_id#12, class_id#13, category_id#14], functions=[], output=[brand_id#12, class_id#13, category_id#14])
                     :                       +- HashAggregate(keys=[brand_id#12, class_id#13, category_id#14], functions=[], output=[brand_id#12, class_id#13, category_id#14])
                     :                          +- Project [i_brand_id#655 AS brand_id#12, i_class_id#657 AS class_id#13, i_category_id#659 AS category_id#14]
                     :                             +- BroadcastHashJoin [ss_sold_date_sk#647L], [d_date_sk#670L], Inner, BuildRight, false
                     :                                :- Project [ss_sold_date_sk#647L, i_brand_id#655, i_class_id#657, i_category_id#659]
                     :                                :  +- BroadcastHashJoin [ss_item_sk#626L], [i_item_sk#648L], Inner, BuildRight, false
                     :                                :     :- Project [ss_item_sk#626L, ss_sold_date_sk#647L]
                     :                                :     :  +- Filter isnotnull(ss_item_sk#626L)
                     :                                :     :     +- FileScan orc tpcds_bin_partitioned_varchar_orc_1000.store_sales[ss_item_sk#626L,ss_sold_date_sk#647L] Batched: true, DataFilters: [isnotnull(ss_item_sk#626L)], Format: ORC, Location: InMemoryFileIndex[hdfs://vcloud-10-13:9000/user/hive/warehouse/tpcds_bin_partitioned_varchar_orc_..., PartitionFilters: [isnotnull(ss_sold_date_sk#647L), dynamicpruning#1281 [ss_sold_date_sk#647L]], PushedFilters: [IsNotNull(ss_item_sk)], ReadSchema: struct<ss_item_sk:bigint>
                     :                                :     :           +- Project [d_date_sk#670L]
                     :                                :     :              +- Filter (((isnotnull(d_year#676) AND (d_year#676 >= 1999)) AND (d_year#676 <= 2001)) AND isnotnull(d_date_sk#670L))
                     :                                :     :                 +- Relation[d_date_sk#670L,d_date_id#671,d_date#672,d_month_seq#673,d_week_seq#674,d_quarter_seq#675,d_year#676,d_dow#677,d_moy#678,d_dom#679,d_qoy#680,d_fy_year#681,d_fy_quarter_seq#682,d_fy_week_seq#683,d_day_name#684,d_quarter_name#685,d_holiday#686,d_weekend#687,d_following_holiday#688,d_first_dom#689,d_last_dom#690,d_same_day_ly#691,d_same_day_lq#692,d_current_day#693,... 4 more fields] orc
                     :                                :     +- SortMergeJoin [coalesce(i_brand_id#655, 0), isnull(i_brand_id#655), coalesce(i_class_id#657, 0), isnull(i_class_id#657), coalesce(i_category_id#659, 0), isnull(i_category_id#659)], [coalesce(i_brand_id#823, 0), isnull(i_brand_id#823), coalesce(i_class_id#825, 0), isnull(i_class_id#825), coalesce(i_category_id#827, 0), isnull(i_category_id#827)], LeftSemi
                     :                                :        :- SortMergeJoin [coalesce(i_brand_id#655, 0), isnull(i_brand_id#655), coalesce(i_class_id#657, 0), isnull(i_class_id#657), coalesce(i_category_id#659, 0), isnull(i_category_id#659)], [coalesce(i_brand_id#739, 0), isnull(i_brand_id#739), coalesce(i_class_id#741, 0), isnull(i_class_id#741), coalesce(i_category_id#743, 0), isnull(i_category_id#743)], LeftSemi
                     :                                :        :  :- Project [i_item_sk#648L, i_brand_id#655, i_class_id#657, i_category_id#659]
                     :                                :        :  :  +- Filter (((isnotnull(i_item_sk#648L) AND isnotnull(i_brand_id#655)) AND isnotnull(i_class_id#657)) AND isnotnull(i_category_id#659))
                     :                                :        :  :     +- FileScan orc tpcds_bin_partitioned_varchar_orc_1000.item[i_item_sk#648L,i_brand_id#655,i_class_id#657,i_category_id#659] Batched: true, DataFilters: [isnotnull(i_item_sk#648L), isnotnull(i_brand_id#655), isnotnull(i_class_id#657), isnotnull(i_cat..., Format: ORC, Location: InMemoryFileIndex[hdfs://vcloud-10-13:9000/user/hive/warehouse/tpcds_bin_partitioned_varchar_orc_..., PartitionFilters: [], PushedFilters: [IsNotNull(i_item_sk), IsNotNull(i_brand_id), IsNotNull(i_class_id), IsNotNull(i_category_id)], ReadSchema: struct<i_item_sk:bigint,i_brand_id:int,i_class_id:int,i_category_id:int>
                     :                                :        :  +- Project [i_brand_id#739, i_class_id#741, i_category_id#743]
                     :                                :        :     +- BroadcastHashJoin [cs_sold_date_sk#731L], [d_date_sk#754L], Inner, BuildRight, false
                     :                                :        :        :- Project [cs_sold_date_sk#731L, i_brand_id#739, i_class_id#741, i_category_id#743]
                     :                                :        :        :  +- BroadcastHashJoin [cs_item_sk#712L], [i_item_sk#732L], Inner, BuildRight, false
                     :                                :        :        :     :- Project [cs_item_sk#712L, cs_sold_date_sk#731L]
                     :                                :        :        :     :  +- Filter isnotnull(cs_item_sk#712L)
                     :                                :        :        :     :     +- FileScan orc tpcds_bin_partitioned_varchar_orc_1000.catalog_sales[cs_item_sk#712L,cs_sold_date_sk#731L] Batched: true, DataFilters: [isnotnull(cs_item_sk#712L)], Format: ORC, Location: InMemoryFileIndex[hdfs://vcloud-10-13:9000/user/hive/warehouse/tpcds_bin_partitioned_varchar_orc_..., PartitionFilters: [isnotnull(cs_sold_date_sk#731L), dynamicpruning#1279 [cs_sold_date_sk#731L]], PushedFilters: [IsNotNull(cs_item_sk)], ReadSchema: struct<cs_item_sk:bigint>
                     :                                :        :        :     :           +- Project [d_date_sk#754L]
                     :                                :        :        :     :              +- Filter (((isnotnull(d_year#760) AND (d_year#760 >= 1999)) AND (d_year#760 <= 2001)) AND isnotnull(d_date_sk#754L))
                     :                                :        :        :     :                 +- Relation[d_date_sk#754L,d_date_id#755,d_date#756,d_month_seq#757,d_week_seq#758,d_quarter_seq#759,d_year#760,d_dow#761,d_moy#762,d_dom#763,d_qoy#764,d_fy_year#765,d_fy_quarter_seq#766,d_fy_week_seq#767,d_day_name#768,d_quarter_name#769,d_holiday#770,d_weekend#771,d_following_holiday#772,d_first_dom#773,d_last_dom#774,d_same_day_ly#775,d_same_day_lq#776,d_current_day#777,... 4 more fields] orc
                     :                                :        :        :     +- Project [i_item_sk#732L, i_brand_id#739, i_class_id#741, i_category_id#743]
                     :                                :        :        :        +- Filter isnotnull(i_item_sk#732L)
                     :                                :        :        :           +- FileScan orc tpcds_bin_partitioned_varchar_orc_1000.item[i_item_sk#732L,i_brand_id#739,i_class_id#741,i_category_id#743] Batched: true, DataFilters: [isnotnull(i_item_sk#732L)], Format: ORC, Location: InMemoryFileIndex[hdfs://vcloud-10-13:9000/user/hive/warehouse/tpcds_bin_partitioned_varchar_orc_..., PartitionFilters: [], PushedFilters: [IsNotNull(i_item_sk)], ReadSchema: struct<i_item_sk:bigint,i_brand_id:int,i_class_id:int,i_category_id:int>
                     :                                :        :        +- Project [d_date_sk#754L]
                     :                                :        :           +- Filter (((isnotnull(d_year#760) AND (d_year#760 >= 1999)) AND (d_year#760 <= 2001)) AND isnotnull(d_date_sk#754L))
                     :                                :        :              +- FileScan orc tpcds_bin_partitioned_varchar_orc_1000.date_dim[d_date_sk#754L,d_year#760] Batched: true, DataFilters: [isnotnull(d_year#760), (d_year#760 >= 1999), (d_year#760 <= 2001), isnotnull(d_date_sk#754L)], Format: ORC, Location: InMemoryFileIndex[hdfs://vcloud-10-13:9000/user/hive/warehouse/tpcds_bin_partitioned_varchar_orc_..., PartitionFilters: [], PushedFilters: [IsNotNull(d_year), GreaterThanOrEqual(d_year,1999), LessThanOrEqual(d_year,2001), IsNotNull(d_da..., ReadSchema: struct<d_date_sk:bigint,d_year:int>
                     :                                :        +- Project [i_brand_id#823, i_class_id#825, i_category_id#827]
                     :                                :           +- BroadcastHashJoin [ws_sold_date_sk#815L], [d_date_sk#838L], Inner, BuildRight, false
                     :                                :              :- Project [ws_sold_date_sk#815L, i_brand_id#823, i_class_id#825, i_category_id#827]
                     :                                :              :  +- BroadcastHashJoin [ws_item_sk#784L], [i_item_sk#816L], Inner, BuildRight, false
                     :                                :              :     :- Project [ws_item_sk#784L, ws_sold_date_sk#815L]
                     :                                :              :     :  +- Filter isnotnull(ws_item_sk#784L)
                     :                                :              :     :     +- FileScan orc tpcds_bin_partitioned_varchar_orc_1000.web_sales[ws_item_sk#784L,ws_sold_date_sk#815L] Batched: true, DataFilters: [isnotnull(ws_item_sk#784L)], Format: ORC, Location: InMemoryFileIndex[hdfs://vcloud-10-13:9000/user/hive/warehouse/tpcds_bin_partitioned_varchar_orc_..., PartitionFilters: [isnotnull(ws_sold_date_sk#815L), dynamicpruning#1280 [ws_sold_date_sk#815L]], PushedFilters: [IsNotNull(ws_item_sk)], ReadSchema: struct<ws_item_sk:bigint>
                     :                                :              :     :           +- Project [d_date_sk#838L]
                     :                                :              :     :              +- Filter (((isnotnull(d_year#844) AND (d_year#844 >= 1999)) AND (d_year#844 <= 2001)) AND isnotnull(d_date_sk#838L))
                     :                                :              :     :                 +- Relation[d_date_sk#838L,d_date_id#839,d_date#840,d_month_seq#841,d_week_seq#842,d_quarter_seq#843,d_year#844,d_dow#845,d_moy#846,d_dom#847,d_qoy#848,d_fy_year#849,d_fy_quarter_seq#850,d_fy_week_seq#851,d_day_name#852,d_quarter_name#853,d_holiday#854,d_weekend#855,d_following_holiday#856,d_first_dom#857,d_last_dom#858,d_same_day_ly#859,d_same_day_lq#860,d_current_day#861,... 4 more fields] orc
                     :                                :              :     +- Project [i_item_sk#816L, i_brand_id#823, i_class_id#825, i_category_id#827]
                     :                                :              :        +- Filter isnotnull(i_item_sk#816L)
                     :                                :              :           +- FileScan orc tpcds_bin_partitioned_varchar_orc_1000.item[i_item_sk#816L,i_brand_id#823,i_class_id#825,i_category_id#827] Batched: true, DataFilters: [isnotnull(i_item_sk#816L)], Format: ORC, Location: InMemoryFileIndex[hdfs://vcloud-10-13:9000/user/hive/warehouse/tpcds_bin_partitioned_varchar_orc_..., PartitionFilters: [], PushedFilters: [IsNotNull(i_item_sk)], ReadSchema: struct<i_item_sk:bigint,i_brand_id:int,i_class_id:int,i_category_id:int>
                     :                                :              +- Project [d_date_sk#838L]
                     :                                :                 +- Filter (((isnotnull(d_year#844) AND (d_year#844 >= 1999)) AND (d_year#844 <= 2001)) AND isnotnull(d_date_sk#838L))
                     :                                :                    +- FileScan orc tpcds_bin_partitioned_varchar_orc_1000.date_dim[d_date_sk#838L,d_year#844] Batched: true, DataFilters: [isnotnull(d_year#844), (d_year#844 >= 1999), (d_year#844 <= 2001), isnotnull(d_date_sk#838L)], Format: ORC, Location: InMemoryFileIndex[hdfs://vcloud-10-13:9000/user/hive/warehouse/tpcds_bin_partitioned_varchar_orc_..., PartitionFilters: [], PushedFilters: [IsNotNull(d_year), GreaterThanOrEqual(d_year,1999), LessThanOrEqual(d_year,2001), IsNotNull(d_da..., ReadSchema: struct<d_date_sk:bigint,d_year:int>
                     :                                +- Project [d_date_sk#670L]
                     :                                   +- Filter (((isnotnull(d_year#676) AND (d_year#676 >= 1999)) AND (d_year#676 <= 2001)) AND isnotnull(d_date_sk#670L))
                     :                                      +- FileScan orc tpcds_bin_partitioned_varchar_orc_1000.date_dim[d_date_sk#670L,d_year#676] Batched: true, DataFilters: [isnotnull(d_year#676), (d_year#676 >= 1999), (d_year#676 <= 2001), isnotnull(d_date_sk#670L)], Format: ORC, Location: InMemoryFileIndex[hdfs://vcloud-10-13:9000/user/hive/warehouse/tpcds_bin_partitioned_varchar_orc_..., PartitionFilters: [], PushedFilters: [IsNotNull(d_year), GreaterThanOrEqual(d_year,1999), LessThanOrEqual(d_year,2001), IsNotNull(d_da..., ReadSchema: struct<d_date_sk:bigint,d_year:int>
                     +- Project [d_date_sk#143L]
                        +- Filter ((isnotnull(d_week_seq#147) AND (d_week_seq#147 = scalar-subquery#7 [])) AND isnotnull(d_date_sk#143L))
                           :  +- Project [d_week_seq#870]
                           :     +- Filter (((((isnotnull(d_year#872) AND isnotnull(d_moy#874)) AND isnotnull(d_dom#875)) AND (d_year#872 = 1999)) AND (d_moy#874 = 12)) AND (d_dom#875 = 11))
                           :        +- Relation[d_date_sk#866L,d_date_id#867,d_date#868,d_month_seq#869,d_week_seq#870,d_quarter_seq#871,d_year#872,d_dow#873,d_moy#874,d_dom#875,d_qoy#876,d_fy_year#877,d_fy_quarter_seq#878,d_fy_week_seq#879,d_day_name#880,d_quarter_name#881,d_holiday#882,d_weekend#883,d_following_holiday#884,d_first_dom#885,d_last_dom#886,d_same_day_ly#887,d_same_day_lq#888,d_current_day#889,... 4 more fields] orc
                           +- FileScan orc tpcds_bin_partitioned_varchar_orc_1000.date_dim[d_date_sk#143L,d_week_seq#147] Batched: true, DataFilters: [isnotnull(d_week_seq#147), isnotnull(d_date_sk#143L)], Format: ORC, Location: InMemoryFileIndex[hdfs://vcloud-10-13:9000/user/hive/warehouse/tpcds_bin_partitioned_varchar_orc_..., PartitionFilters: [], PushedFilters: [IsNotNull(d_week_seq), IsNotNull(d_date_sk)], ReadSchema: struct<d_date_sk:bigint,d_week_seq:int>
.
Time taken: 168.014 seconds, Fetched 100 row(s)
