24/04/26 16:52:16 WARN Utils: Your hostname, vcloud-10-13 resolves to a loopback address: 127.0.0.1; using 21.21.36.153 instead (on interface eno1)
24/04/26 16:52:16 WARN Utils: Set SPARK_LOCAL_IP if you need to bind to another address
24/04/26 16:52:16 WARN NativeCodeLoader: Unable to load native-hadoop library for your platform... using builtin-java classes where applicable
Setting default log level to "WARN".
To adjust logging level use sc.setLogLevel(newLevel). For SparkR, use setLogLevel(newLevel).
24/04/26 16:52:18 WARN Client: Neither spark.yarn.jars nor spark.yarn.archive is set, falling back to uploading libraries under SPARK_HOME.
Spark master: yarn, Application Id: application_1714105099579_0199
24/04/26 16:52:36 WARN SessionState: METASTORE_FILTER_HOOK will be ignored, since hive.security.authorization.manager is set to instance of HiveAuthorizerFactory.
24/04/26 16:52:41 WARN package: Truncated the string representation of a plan since it was too large. This behavior can be adjusted by setting 'spark.sql.debug.maxToStringFields'.
24/04/26 16:52:41 WARN InsertAdaptiveSparkPlan: spark.sql.adaptive.enabled is enabled but is not supported for query: Sort [Returns_Loss#3 DESC NULLS LAST], true, 0
+- HashAggregate(keys=[cc_call_center_id#5, cc_name#10, cc_manager#15, cd_marital_status#123, cd_education_status#124], functions=[sum(UnscaledValue(cr_net_loss#60))], output=[Call_Center#0, Call_Center_Name#1, Manager#2, Returns_Loss#3])
   +- HashAggregate(keys=[cc_call_center_id#5, cc_name#10, cc_manager#15, cd_marital_status#123, cd_education_status#124], functions=[partial_sum(UnscaledValue(cr_net_loss#60))], output=[cc_call_center_id#5, cc_name#10, cc_manager#15, cd_marital_status#123, cd_education_status#124, sum#275L])
      +- Project [cc_call_center_id#5, cc_name#10, cc_manager#15, cr_net_loss#60, cd_marital_status#123, cd_education_status#124]
         +- BroadcastHashJoin [c_current_hdemo_sk#93L], [hd_demo_sk#130L], Inner, BuildRight, false
            :- Project [cc_call_center_id#5, cc_name#10, cc_manager#15, cr_net_loss#60, c_current_hdemo_sk#93L, cd_marital_status#123, cd_education_status#124]
            :  +- BroadcastHashJoin [c_current_cdemo_sk#92L], [cd_demo_sk#121L], Inner, BuildRight, false
            :     :- Project [cc_call_center_id#5, cc_name#10, cc_manager#15, cr_net_loss#60, c_current_cdemo_sk#92L, c_current_hdemo_sk#93L]
            :     :  +- BroadcastHashJoin [c_current_addr_sk#94L], [ca_address_sk#108L], Inner, BuildRight, false
            :     :     :- Project [cc_call_center_id#5, cc_name#10, cc_manager#15, cr_net_loss#60, c_current_cdemo_sk#92L, c_current_hdemo_sk#93L, c_current_addr_sk#94L]
            :     :     :  +- BroadcastHashJoin [cr_returning_customer_sk#41L], [c_customer_sk#90L], Inner, BuildRight, false
            :     :     :     :- Project [cc_call_center_id#5, cc_name#10, cc_manager#15, cr_returning_customer_sk#41L, cr_net_loss#60]
            :     :     :     :  +- BroadcastHashJoin [cr_returned_date_sk#61L], [d_date_sk#62L], Inner, BuildRight, false
            :     :     :     :     :- Project [cc_call_center_id#5, cc_name#10, cc_manager#15, cr_returning_customer_sk#41L, cr_net_loss#60, cr_returned_date_sk#61L]
            :     :     :     :     :  +- BroadcastHashJoin [cc_call_center_sk#4L], [cr_call_center_sk#45L], Inner, BuildLeft, false
            :     :     :     :     :     :- Project [cc_call_center_sk#4L, cc_call_center_id#5, cc_name#10, cc_manager#15]
            :     :     :     :     :     :  +- Filter isnotnull(cc_call_center_sk#4L)
            :     :     :     :     :     :     +- FileScan orc tpcds_bin_partitioned_varchar_orc_1000.call_center[cc_call_center_sk#4L,cc_call_center_id#5,cc_name#10,cc_manager#15] Batched: true, DataFilters: [isnotnull(cc_call_center_sk#4L)], Format: ORC, Location: InMemoryFileIndex[hdfs://vcloud-10-13:9000/user/hive/warehouse/tpcds_bin_partitioned_varchar_orc_..., PartitionFilters: [], PushedFilters: [IsNotNull(cc_call_center_sk)], ReadSchema: struct<cc_call_center_sk:bigint,cc_call_center_id:string,cc_name:string,cc_manager:string>
            :     :     :     :     :     +- Project [cr_returning_customer_sk#41L, cr_call_center_sk#45L, cr_net_loss#60, cr_returned_date_sk#61L]
            :     :     :     :     :        +- Filter (isnotnull(cr_call_center_sk#45L) AND isnotnull(cr_returning_customer_sk#41L))
            :     :     :     :     :           +- FileScan orc tpcds_bin_partitioned_varchar_orc_1000.catalog_returns[cr_returning_customer_sk#41L,cr_call_center_sk#45L,cr_net_loss#60,cr_returned_date_sk#61L] Batched: true, DataFilters: [isnotnull(cr_call_center_sk#45L), isnotnull(cr_returning_customer_sk#41L)], Format: ORC, Location: InMemoryFileIndex[hdfs://vcloud-10-13:9000/user/hive/warehouse/tpcds_bin_partitioned_varchar_orc_..., PartitionFilters: [isnotnull(cr_returned_date_sk#61L), dynamicpruning#273 [cr_returned_date_sk#61L]], PushedFilters: [IsNotNull(cr_call_center_sk), IsNotNull(cr_returning_customer_sk)], ReadSchema: struct<cr_returning_customer_sk:bigint,cr_call_center_sk:bigint,cr_net_loss:decimal(7,2)>
            :     :     :     :     :                 +- Project [d_date_sk#62L]
            :     :     :     :     :                    +- Filter ((((isnotnull(d_year#68) AND isnotnull(d_moy#70)) AND (d_year#68 = 1998)) AND (d_moy#70 = 11)) AND isnotnull(d_date_sk#62L))
            :     :     :     :     :                       +- Relation[d_date_sk#62L,d_date_id#63,d_date#64,d_month_seq#65,d_week_seq#66,d_quarter_seq#67,d_year#68,d_dow#69,d_moy#70,d_dom#71,d_qoy#72,d_fy_year#73,d_fy_quarter_seq#74,d_fy_week_seq#75,d_day_name#76,d_quarter_name#77,d_holiday#78,d_weekend#79,d_following_holiday#80,d_first_dom#81,d_last_dom#82,d_same_day_ly#83,d_same_day_lq#84,d_current_day#85,... 4 more fields] orc
            :     :     :     :     +- Project [d_date_sk#62L]
            :     :     :     :        +- Filter ((((isnotnull(d_year#68) AND isnotnull(d_moy#70)) AND (d_year#68 = 1998)) AND (d_moy#70 = 11)) AND isnotnull(d_date_sk#62L))
            :     :     :     :           +- FileScan orc tpcds_bin_partitioned_varchar_orc_1000.date_dim[d_date_sk#62L,d_year#68,d_moy#70] Batched: true, DataFilters: [isnotnull(d_year#68), isnotnull(d_moy#70), (d_year#68 = 1998), (d_moy#70 = 11), isnotnull(d_date..., Format: ORC, Location: InMemoryFileIndex[hdfs://vcloud-10-13:9000/user/hive/warehouse/tpcds_bin_partitioned_varchar_orc_..., PartitionFilters: [], PushedFilters: [IsNotNull(d_year), IsNotNull(d_moy), EqualTo(d_year,1998), EqualTo(d_moy,11), IsNotNull(d_date_sk)], ReadSchema: struct<d_date_sk:bigint,d_year:int,d_moy:int>
            :     :     :     +- Project [c_customer_sk#90L, c_current_cdemo_sk#92L, c_current_hdemo_sk#93L, c_current_addr_sk#94L]
            :     :     :        +- Filter (((isnotnull(c_customer_sk#90L) AND isnotnull(c_current_addr_sk#94L)) AND isnotnull(c_current_cdemo_sk#92L)) AND isnotnull(c_current_hdemo_sk#93L))
            :     :     :           +- FileScan orc tpcds_bin_partitioned_varchar_orc_1000.customer[c_customer_sk#90L,c_current_cdemo_sk#92L,c_current_hdemo_sk#93L,c_current_addr_sk#94L] Batched: true, DataFilters: [isnotnull(c_customer_sk#90L), isnotnull(c_current_addr_sk#94L), isnotnull(c_current_cdemo_sk#92L..., Format: ORC, Location: InMemoryFileIndex[hdfs://vcloud-10-13:9000/user/hive/warehouse/tpcds_bin_partitioned_varchar_orc_..., PartitionFilters: [], PushedFilters: [IsNotNull(c_customer_sk), IsNotNull(c_current_addr_sk), IsNotNull(c_current_cdemo_sk), IsNotNull..., ReadSchema: struct<c_customer_sk:bigint,c_current_cdemo_sk:bigint,c_current_hdemo_sk:bigint,c_current_addr_sk...
            :     :     +- Project [ca_address_sk#108L]
            :     :        +- Filter ((isnotnull(ca_gmt_offset#119) AND (ca_gmt_offset#119 = -7.00)) AND isnotnull(ca_address_sk#108L))
            :     :           +- FileScan orc tpcds_bin_partitioned_varchar_orc_1000.customer_address[ca_address_sk#108L,ca_gmt_offset#119] Batched: true, DataFilters: [isnotnull(ca_gmt_offset#119), (ca_gmt_offset#119 = -7.00), isnotnull(ca_address_sk#108L)], Format: ORC, Location: InMemoryFileIndex[hdfs://vcloud-10-13:9000/user/hive/warehouse/tpcds_bin_partitioned_varchar_orc_..., PartitionFilters: [], PushedFilters: [IsNotNull(ca_gmt_offset), EqualTo(ca_gmt_offset,-7.00), IsNotNull(ca_address_sk)], ReadSchema: struct<ca_address_sk:bigint,ca_gmt_offset:decimal(5,2)>
            :     +- Project [cd_demo_sk#121L, cd_marital_status#123, cd_education_status#124]
            :        +- Filter ((((cd_marital_status#123 = M) AND (cd_education_status#124 = Unknown)) OR ((cd_marital_status#123 = W) AND (cd_education_status#124 = Advanced Degree))) AND isnotnull(cd_demo_sk#121L))
            :           +- FileScan orc tpcds_bin_partitioned_varchar_orc_1000.customer_demographics[cd_demo_sk#121L,cd_marital_status#123,cd_education_status#124] Batched: true, DataFilters: [(((cd_marital_status#123 = M) AND (cd_education_status#124 = Unknown)) OR ((cd_marital_status#12..., Format: ORC, Location: InMemoryFileIndex[hdfs://vcloud-10-13:9000/user/hive/warehouse/tpcds_bin_partitioned_varchar_orc_..., PartitionFilters: [], PushedFilters: [Or(And(EqualTo(cd_marital_status,M),EqualTo(cd_education_status,Unknown)),And(EqualTo(cd_marital..., ReadSchema: struct<cd_demo_sk:bigint,cd_marital_status:string,cd_education_status:string>
            +- Project [hd_demo_sk#130L]
               +- Filter ((isnotnull(hd_buy_potential#132) AND StartsWith(hd_buy_potential#132, Unknown)) AND isnotnull(hd_demo_sk#130L))
                  +- FileScan orc tpcds_bin_partitioned_varchar_orc_1000.household_demographics[hd_demo_sk#130L,hd_buy_potential#132] Batched: true, DataFilters: [isnotnull(hd_buy_potential#132), StartsWith(hd_buy_potential#132, Unknown), isnotnull(hd_demo_sk..., Format: ORC, Location: InMemoryFileIndex[hdfs://vcloud-10-13:9000/user/hive/warehouse/tpcds_bin_partitioned_varchar_orc_..., PartitionFilters: [], PushedFilters: [IsNotNull(hd_buy_potential), StringStartsWith(hd_buy_potential,Unknown), IsNotNull(hd_demo_sk)], ReadSchema: struct<hd_demo_sk:bigint,hd_buy_potential:string>
.
Time taken: 19.29 seconds, Fetched 42 row(s)
