24/04/26 17:02:27 WARN Utils: Your hostname, vcloud-10-13 resolves to a loopback address: 127.0.0.1; using 21.21.36.153 instead (on interface eno1)
24/04/26 17:02:27 WARN Utils: Set SPARK_LOCAL_IP if you need to bind to another address
24/04/26 17:02:28 WARN NativeCodeLoader: Unable to load native-hadoop library for your platform... using builtin-java classes where applicable
Setting default log level to "WARN".
To adjust logging level use sc.setLogLevel(newLevel). For SparkR, use setLogLevel(newLevel).
24/04/26 17:02:30 WARN Client: Neither spark.yarn.jars nor spark.yarn.archive is set, falling back to uploading libraries under SPARK_HOME.
Spark master: yarn, Application Id: application_1714105099579_0205
24/04/26 17:02:47 WARN SessionState: METASTORE_FILTER_HOOK will be ignored, since hive.security.authorization.manager is set to instance of HiveAuthorizerFactory.
24/04/26 17:02:53 WARN package: Truncated the string representation of a plan since it was too large. This behavior can be adjusted by setting 'spark.sql.debug.maxToStringFields'.
24/04/26 17:02:53 WARN InsertAdaptiveSparkPlan: spark.sql.adaptive.enabled is enabled but is not supported for query: HashAggregate(keys=[], functions=[sum(cast(CASE WHEN (isnotnull(customer_sk#3L) AND isnull(customer_sk#5L)) THEN 1 ELSE 0 END as bigint)), sum(cast(CASE WHEN (isnull(customer_sk#3L) AND isnotnull(customer_sk#5L)) THEN 1 ELSE 0 END as bigint)), sum(cast(CASE WHEN (isnotnull(customer_sk#3L) AND isnotnull(customer_sk#5L)) THEN 1 ELSE 0 END as bigint))], output=[store_only#0L, catalog_only#1L, store_and_catalog#2L])
+- HashAggregate(keys=[], functions=[partial_sum(cast(CASE WHEN (isnotnull(customer_sk#3L) AND isnull(customer_sk#5L)) THEN 1 ELSE 0 END as bigint)), partial_sum(cast(CASE WHEN (isnull(customer_sk#3L) AND isnotnull(customer_sk#5L)) THEN 1 ELSE 0 END as bigint)), partial_sum(cast(CASE WHEN (isnotnull(customer_sk#3L) AND isnotnull(customer_sk#5L)) THEN 1 ELSE 0 END as bigint))], output=[sum#216L, sum#217L, sum#218L])
   +- Project [customer_sk#3L, customer_sk#5L]
      +- SortMergeJoin [customer_sk#3L, item_sk#4L], [customer_sk#5L, item_sk#6L], FullOuter
         :- HashAggregate(keys=[ss_customer_sk#9L, ss_item_sk#8L], functions=[], output=[customer_sk#3L, item_sk#4L])
         :  +- HashAggregate(keys=[ss_customer_sk#9L, ss_item_sk#8L], functions=[], output=[ss_customer_sk#9L, ss_item_sk#8L])
         :     +- Project [ss_item_sk#8L, ss_customer_sk#9L]
         :        +- BroadcastHashJoin [ss_sold_date_sk#29L], [d_date_sk#30L], Inner, BuildRight, false
         :           :- FileScan orc tpcds_bin_partitioned_varchar_orc_1000.store_sales[ss_item_sk#8L,ss_customer_sk#9L,ss_sold_date_sk#29L] Batched: true, DataFilters: [], Format: ORC, Location: InMemoryFileIndex[hdfs://vcloud-10-13:9000/user/hive/warehouse/tpcds_bin_partitioned_varchar_orc_..., PartitionFilters: [isnotnull(ss_sold_date_sk#29L), dynamicpruning#211 [ss_sold_date_sk#29L]], PushedFilters: [], ReadSchema: struct<ss_item_sk:bigint,ss_customer_sk:bigint>
         :           :     +- Project [d_date_sk#30L]
         :           :        +- Filter (((isnotnull(d_month_seq#33) AND (d_month_seq#33 >= 1200)) AND (d_month_seq#33 <= 1211)) AND isnotnull(d_date_sk#30L))
         :           :           +- Relation[d_date_sk#30L,d_date_id#31,d_date#32,d_month_seq#33,d_week_seq#34,d_quarter_seq#35,d_year#36,d_dow#37,d_moy#38,d_dom#39,d_qoy#40,d_fy_year#41,d_fy_quarter_seq#42,d_fy_week_seq#43,d_day_name#44,d_quarter_name#45,d_holiday#46,d_weekend#47,d_following_holiday#48,d_first_dom#49,d_last_dom#50,d_same_day_ly#51,d_same_day_lq#52,d_current_day#53,... 4 more fields] orc
         :           +- Project [d_date_sk#30L]
         :              +- Filter (((isnotnull(d_month_seq#33) AND (d_month_seq#33 >= 1200)) AND (d_month_seq#33 <= 1211)) AND isnotnull(d_date_sk#30L))
         :                 +- FileScan orc tpcds_bin_partitioned_varchar_orc_1000.date_dim[d_date_sk#30L,d_month_seq#33] Batched: true, DataFilters: [isnotnull(d_month_seq#33), (d_month_seq#33 >= 1200), (d_month_seq#33 <= 1211), isnotnull(d_date_..., Format: ORC, Location: InMemoryFileIndex[hdfs://vcloud-10-13:9000/user/hive/warehouse/tpcds_bin_partitioned_varchar_orc_..., PartitionFilters: [], PushedFilters: [IsNotNull(d_month_seq), GreaterThanOrEqual(d_month_seq,1200), LessThanOrEqual(d_month_seq,1211),..., ReadSchema: struct<d_date_sk:bigint,d_month_seq:int>
         +- HashAggregate(keys=[cs_bill_customer_sk#60L, cs_item_sk#72L], functions=[], output=[customer_sk#5L, item_sk#6L])
            +- HashAggregate(keys=[cs_bill_customer_sk#60L, cs_item_sk#72L], functions=[], output=[cs_bill_customer_sk#60L, cs_item_sk#72L])
               +- Project [cs_bill_customer_sk#60L, cs_item_sk#72L]
                  +- BroadcastHashJoin [cs_sold_date_sk#91L], [d_date_sk#92L], Inner, BuildRight, false
                     :- FileScan orc tpcds_bin_partitioned_varchar_orc_1000.catalog_sales[cs_bill_customer_sk#60L,cs_item_sk#72L,cs_sold_date_sk#91L] Batched: true, DataFilters: [], Format: ORC, Location: InMemoryFileIndex[hdfs://vcloud-10-13:9000/user/hive/warehouse/tpcds_bin_partitioned_varchar_orc_..., PartitionFilters: [isnotnull(cs_sold_date_sk#91L), dynamicpruning#212 [cs_sold_date_sk#91L]], PushedFilters: [], ReadSchema: struct<cs_bill_customer_sk:bigint,cs_item_sk:bigint>
                     :     +- Project [d_date_sk#92L]
                     :        +- Filter (((isnotnull(d_month_seq#95) AND (d_month_seq#95 >= 1200)) AND (d_month_seq#95 <= 1211)) AND isnotnull(d_date_sk#92L))
                     :           +- Relation[d_date_sk#92L,d_date_id#93,d_date#94,d_month_seq#95,d_week_seq#96,d_quarter_seq#97,d_year#98,d_dow#99,d_moy#100,d_dom#101,d_qoy#102,d_fy_year#103,d_fy_quarter_seq#104,d_fy_week_seq#105,d_day_name#106,d_quarter_name#107,d_holiday#108,d_weekend#109,d_following_holiday#110,d_first_dom#111,d_last_dom#112,d_same_day_ly#113,d_same_day_lq#114,d_current_day#115,... 4 more fields] orc
                     +- Project [d_date_sk#92L]
                        +- Filter (((isnotnull(d_month_seq#95) AND (d_month_seq#95 >= 1200)) AND (d_month_seq#95 <= 1211)) AND isnotnull(d_date_sk#92L))
                           +- FileScan orc tpcds_bin_partitioned_varchar_orc_1000.date_dim[d_date_sk#92L,d_month_seq#95] Batched: true, DataFilters: [isnotnull(d_month_seq#95), (d_month_seq#95 >= 1200), (d_month_seq#95 <= 1211), isnotnull(d_date_..., Format: ORC, Location: InMemoryFileIndex[hdfs://vcloud-10-13:9000/user/hive/warehouse/tpcds_bin_partitioned_varchar_orc_..., PartitionFilters: [], PushedFilters: [IsNotNull(d_month_seq), GreaterThanOrEqual(d_month_seq,1200), LessThanOrEqual(d_month_seq,1211),..., ReadSchema: struct<d_date_sk:bigint,d_month_seq:int>
.
Time taken: 57.95 seconds, Fetched 1 row(s)
