24/04/26 15:52:51 WARN Utils: Your hostname, vcloud-10-13 resolves to a loopback address: 127.0.0.1; using 21.21.36.153 instead (on interface eno1)
24/04/26 15:52:51 WARN Utils: Set SPARK_LOCAL_IP if you need to bind to another address
24/04/26 15:52:51 WARN NativeCodeLoader: Unable to load native-hadoop library for your platform... using builtin-java classes where applicable
Setting default log level to "WARN".
To adjust logging level use sc.setLogLevel(newLevel). For SparkR, use setLogLevel(newLevel).
24/04/26 15:52:53 WARN Client: Neither spark.yarn.jars nor spark.yarn.archive is set, falling back to uploading libraries under SPARK_HOME.
Spark master: yarn, Application Id: application_1714105099579_0153
24/04/26 15:53:11 WARN SessionState: METASTORE_FILTER_HOOK will be ignored, since hive.security.authorization.manager is set to instance of HiveAuthorizerFactory.
24/04/26 15:53:15 WARN package: Truncated the string representation of a plan since it was too large. This behavior can be adjusted by setting 'spark.sql.debug.maxToStringFields'.
24/04/26 15:53:15 WARN InsertAdaptiveSparkPlan: spark.sql.adaptive.enabled is enabled but is not supported for query: TakeOrderedAndProject(limit=100, orderBy=[ca_zip#62 ASC NULLS FIRST,ca_city#59 ASC NULLS FIRST], output=[ca_zip#62,ca_city#59,sum(ws_sales_price)#161])
+- HashAggregate(keys=[ca_zip#62, ca_city#59], functions=[sum(UnscaledValue(ws_sales_price#21))], output=[ca_zip#62, ca_city#59, sum(ws_sales_price)#161])
   +- HashAggregate(keys=[ca_zip#62, ca_city#59], functions=[partial_sum(UnscaledValue(ws_sales_price#21))], output=[ca_zip#62, ca_city#59, sum#263L])
      +- Project [ws_sales_price#21, ca_city#59, ca_zip#62]
         +- Filter (substr(ca_zip#62, 1, 5) IN (85669,86197,88274,83405,86475,85392,85460,80348,81792) OR exists#260)
            +- BroadcastHashJoin [i_item_id#95], [i_item_id#117], ExistenceJoin(exists#260), BuildRight, false
               :- Project [ws_sales_price#21, ca_city#59, ca_zip#62, i_item_id#95]
               :  +- BroadcastHashJoin [ws_item_sk#3L], [i_item_sk#94L], Inner, BuildRight, false
               :     :- Project [ws_item_sk#3L, ws_sales_price#21, ca_city#59, ca_zip#62]
               :     :  +- BroadcastHashJoin [ws_sold_date_sk#34L], [d_date_sk#66L], Inner, BuildRight, false
               :     :     :- Project [ws_item_sk#3L, ws_sales_price#21, ws_sold_date_sk#34L, ca_city#59, ca_zip#62]
               :     :     :  +- BroadcastHashJoin [c_current_addr_sk#39L], [ca_address_sk#53L], Inner, BuildRight, false
               :     :     :     :- Project [ws_item_sk#3L, ws_sales_price#21, ws_sold_date_sk#34L, c_current_addr_sk#39L]
               :     :     :     :  +- BroadcastHashJoin [ws_bill_customer_sk#4L], [c_customer_sk#35L], Inner, BuildRight, false
               :     :     :     :     :- Project [ws_item_sk#3L, ws_bill_customer_sk#4L, ws_sales_price#21, ws_sold_date_sk#34L]
               :     :     :     :     :  +- Filter (isnotnull(ws_bill_customer_sk#4L) AND isnotnull(ws_item_sk#3L))
               :     :     :     :     :     +- FileScan orc tpcds_bin_partitioned_varchar_orc_1000.web_sales[ws_item_sk#3L,ws_bill_customer_sk#4L,ws_sales_price#21,ws_sold_date_sk#34L] Batched: true, DataFilters: [isnotnull(ws_bill_customer_sk#4L), isnotnull(ws_item_sk#3L)], Format: ORC, Location: InMemoryFileIndex[hdfs://vcloud-10-13:9000/user/hive/warehouse/tpcds_bin_partitioned_varchar_orc_..., PartitionFilters: [isnotnull(ws_sold_date_sk#34L), dynamicpruning#261 [ws_sold_date_sk#34L]], PushedFilters: [IsNotNull(ws_bill_customer_sk), IsNotNull(ws_item_sk)], ReadSchema: struct<ws_item_sk:bigint,ws_bill_customer_sk:bigint,ws_sales_price:decimal(7,2)>
               :     :     :     :     :           +- Project [d_date_sk#66L]
               :     :     :     :     :              +- Filter ((((isnotnull(d_qoy#76) AND isnotnull(d_year#72)) AND (d_qoy#76 = 2)) AND (d_year#72 = 2001)) AND isnotnull(d_date_sk#66L))
               :     :     :     :     :                 +- Relation[d_date_sk#66L,d_date_id#67,d_date#68,d_month_seq#69,d_week_seq#70,d_quarter_seq#71,d_year#72,d_dow#73,d_moy#74,d_dom#75,d_qoy#76,d_fy_year#77,d_fy_quarter_seq#78,d_fy_week_seq#79,d_day_name#80,d_quarter_name#81,d_holiday#82,d_weekend#83,d_following_holiday#84,d_first_dom#85,d_last_dom#86,d_same_day_ly#87,d_same_day_lq#88,d_current_day#89,... 4 more fields] orc
               :     :     :     :     +- Project [c_customer_sk#35L, c_current_addr_sk#39L]
               :     :     :     :        +- Filter (isnotnull(c_customer_sk#35L) AND isnotnull(c_current_addr_sk#39L))
               :     :     :     :           +- FileScan orc tpcds_bin_partitioned_varchar_orc_1000.customer[c_customer_sk#35L,c_current_addr_sk#39L] Batched: true, DataFilters: [isnotnull(c_customer_sk#35L), isnotnull(c_current_addr_sk#39L)], Format: ORC, Location: InMemoryFileIndex[hdfs://vcloud-10-13:9000/user/hive/warehouse/tpcds_bin_partitioned_varchar_orc_..., PartitionFilters: [], PushedFilters: [IsNotNull(c_customer_sk), IsNotNull(c_current_addr_sk)], ReadSchema: struct<c_customer_sk:bigint,c_current_addr_sk:bigint>
               :     :     :     +- Project [ca_address_sk#53L, ca_city#59, ca_zip#62]
               :     :     :        +- Filter isnotnull(ca_address_sk#53L)
               :     :     :           +- FileScan orc tpcds_bin_partitioned_varchar_orc_1000.customer_address[ca_address_sk#53L,ca_city#59,ca_zip#62] Batched: true, DataFilters: [isnotnull(ca_address_sk#53L)], Format: ORC, Location: InMemoryFileIndex[hdfs://vcloud-10-13:9000/user/hive/warehouse/tpcds_bin_partitioned_varchar_orc_..., PartitionFilters: [], PushedFilters: [IsNotNull(ca_address_sk)], ReadSchema: struct<ca_address_sk:bigint,ca_city:string,ca_zip:string>
               :     :     +- Project [d_date_sk#66L]
               :     :        +- Filter ((((isnotnull(d_qoy#76) AND isnotnull(d_year#72)) AND (d_qoy#76 = 2)) AND (d_year#72 = 2001)) AND isnotnull(d_date_sk#66L))
               :     :           +- FileScan orc tpcds_bin_partitioned_varchar_orc_1000.date_dim[d_date_sk#66L,d_year#72,d_qoy#76] Batched: true, DataFilters: [isnotnull(d_qoy#76), isnotnull(d_year#72), (d_qoy#76 = 2), (d_year#72 = 2001), isnotnull(d_date_..., Format: ORC, Location: InMemoryFileIndex[hdfs://vcloud-10-13:9000/user/hive/warehouse/tpcds_bin_partitioned_varchar_orc_..., PartitionFilters: [], PushedFilters: [IsNotNull(d_qoy), IsNotNull(d_year), EqualTo(d_qoy,2), EqualTo(d_year,2001), IsNotNull(d_date_sk)], ReadSchema: struct<d_date_sk:bigint,d_year:int,d_qoy:int>
               :     +- Project [i_item_sk#94L, i_item_id#95]
               :        +- Filter isnotnull(i_item_sk#94L)
               :           +- FileScan orc tpcds_bin_partitioned_varchar_orc_1000.item[i_item_sk#94L,i_item_id#95] Batched: true, DataFilters: [isnotnull(i_item_sk#94L)], Format: ORC, Location: InMemoryFileIndex[hdfs://vcloud-10-13:9000/user/hive/warehouse/tpcds_bin_partitioned_varchar_orc_..., PartitionFilters: [], PushedFilters: [IsNotNull(i_item_sk)], ReadSchema: struct<i_item_sk:bigint,i_item_id:string>
               +- Project [i_item_id#117]
                  +- Filter i_item_sk#116L IN (2,3,5,7,11,13,17,19,23,29)
                     +- FileScan orc tpcds_bin_partitioned_varchar_orc_1000.item[i_item_sk#116L,i_item_id#117] Batched: true, DataFilters: [i_item_sk#116L IN (2,3,5,7,11,13,17,19,23,29)], Format: ORC, Location: InMemoryFileIndex[hdfs://vcloud-10-13:9000/user/hive/warehouse/tpcds_bin_partitioned_varchar_orc_..., PartitionFilters: [], PushedFilters: [In(i_item_sk, [2,3,5,7,11,13,17,19,23,29])], ReadSchema: struct<i_item_sk:bigint,i_item_id:string>
.
Time taken: 20.116 seconds, Fetched 100 row(s)
