24/04/26 16:26:18 WARN Utils: Your hostname, vcloud-10-13 resolves to a loopback address: 127.0.0.1; using 21.21.36.153 instead (on interface eno1)
24/04/26 16:26:18 WARN Utils: Set SPARK_LOCAL_IP if you need to bind to another address
24/04/26 16:26:18 WARN NativeCodeLoader: Unable to load native-hadoop library for your platform... using builtin-java classes where applicable
Setting default log level to "WARN".
To adjust logging level use sc.setLogLevel(newLevel). For SparkR, use setLogLevel(newLevel).
24/04/26 16:26:20 WARN Client: Neither spark.yarn.jars nor spark.yarn.archive is set, falling back to uploading libraries under SPARK_HOME.
Spark master: yarn, Application Id: application_1714105099579_0178
24/04/26 16:26:38 WARN SessionState: METASTORE_FILTER_HOOK will be ignored, since hive.security.authorization.manager is set to instance of HiveAuthorizerFactory.
24/04/26 16:26:43 WARN package: Truncated the string representation of a plan since it was too large. This behavior can be adjusted by setting 'spark.sql.debug.maxToStringFields'.
24/04/26 16:26:43 WARN InsertAdaptiveSparkPlan: spark.sql.adaptive.enabled is enabled but is not supported for query: TakeOrderedAndProject(limit=100, orderBy=[lochierarchy#4 DESC NULLS LAST,CASE WHEN (lochierarchy#4 = 0) THEN s_state#270 END ASC NULLS FIRST,rank_within_parent#5 ASC NULLS FIRST], output=[total_sum#3,s_state#270,s_county#271,lochierarchy#4,rank_within_parent#5])
+- Project [total_sum#3, s_state#270, s_county#271, lochierarchy#4, rank_within_parent#5]
   +- Window [rank(_w3#286) windowspecdefinition(_w1#284, _w2#285, _w3#286 DESC NULLS LAST, specifiedwindowframe(RowFrame, unboundedpreceding$(), currentrow$())) AS rank_within_parent#5], [_w1#284, _w2#285], [_w3#286 DESC NULLS LAST]
      +- HashAggregate(keys=[s_state#270, s_county#271, spark_grouping_id#269L], functions=[sum(UnscaledValue(ss_net_profit#29))], output=[total_sum#3, s_state#270, s_county#271, lochierarchy#4, _w1#284, _w2#285, _w3#286])
         +- HashAggregate(keys=[s_state#270, s_county#271, spark_grouping_id#269L], functions=[partial_sum(UnscaledValue(ss_net_profit#29))], output=[s_state#270, s_county#271, spark_grouping_id#269L, sum#311L])
            +- Expand [List(ss_net_profit#29, s_state#83, s_county#82, 0), List(ss_net_profit#29, s_state#83, null, 1), List(ss_net_profit#29, null, null, 3)], [ss_net_profit#29, s_state#270, s_county#271, spark_grouping_id#269L]
               +- Project [ss_net_profit#29, s_state#83, s_county#82]
                  +- BroadcastHashJoin [ss_store_sk#14L], [s_store_sk#59L], Inner, BuildRight, false
                     :- Project [ss_store_sk#14L, ss_net_profit#29]
                     :  +- BroadcastHashJoin [ss_sold_date_sk#30L], [d_date_sk#31L], Inner, BuildRight, false
                     :     :- Project [ss_store_sk#14L, ss_net_profit#29, ss_sold_date_sk#30L]
                     :     :  +- Filter isnotnull(ss_store_sk#14L)
                     :     :     +- FileScan orc tpcds_bin_partitioned_varchar_orc_1000.store_sales[ss_store_sk#14L,ss_net_profit#29,ss_sold_date_sk#30L] Batched: true, DataFilters: [isnotnull(ss_store_sk#14L)], Format: ORC, Location: InMemoryFileIndex[hdfs://vcloud-10-13:9000/user/hive/warehouse/tpcds_bin_partitioned_varchar_orc_..., PartitionFilters: [isnotnull(ss_sold_date_sk#30L), dynamicpruning#308 [ss_sold_date_sk#30L]], PushedFilters: [IsNotNull(ss_store_sk)], ReadSchema: struct<ss_store_sk:bigint,ss_net_profit:decimal(7,2)>
                     :     :           +- Project [d_date_sk#31L]
                     :     :              +- Filter (((isnotnull(d_month_seq#34) AND (d_month_seq#34 >= 1200)) AND (d_month_seq#34 <= 1211)) AND isnotnull(d_date_sk#31L))
                     :     :                 +- Relation[d_date_sk#31L,d_date_id#32,d_date#33,d_month_seq#34,d_week_seq#35,d_quarter_seq#36,d_year#37,d_dow#38,d_moy#39,d_dom#40,d_qoy#41,d_fy_year#42,d_fy_quarter_seq#43,d_fy_week_seq#44,d_day_name#45,d_quarter_name#46,d_holiday#47,d_weekend#48,d_following_holiday#49,d_first_dom#50,d_last_dom#51,d_same_day_ly#52,d_same_day_lq#53,d_current_day#54,... 4 more fields] orc
                     :     +- Project [d_date_sk#31L]
                     :        +- Filter (((isnotnull(d_month_seq#34) AND (d_month_seq#34 >= 1200)) AND (d_month_seq#34 <= 1211)) AND isnotnull(d_date_sk#31L))
                     :           +- FileScan orc tpcds_bin_partitioned_varchar_orc_1000.date_dim[d_date_sk#31L,d_month_seq#34] Batched: true, DataFilters: [isnotnull(d_month_seq#34), (d_month_seq#34 >= 1200), (d_month_seq#34 <= 1211), isnotnull(d_date_..., Format: ORC, Location: InMemoryFileIndex[hdfs://vcloud-10-13:9000/user/hive/warehouse/tpcds_bin_partitioned_varchar_orc_..., PartitionFilters: [], PushedFilters: [IsNotNull(d_month_seq), GreaterThanOrEqual(d_month_seq,1200), LessThanOrEqual(d_month_seq,1211),..., ReadSchema: struct<d_date_sk:bigint,d_month_seq:int>
                     +- SortMergeJoin [s_state#83], [s_state#0], LeftSemi
                        :- Project [s_store_sk#59L, s_county#82, s_state#83]
                        :  +- Filter isnotnull(s_store_sk#59L)
                        :     +- FileScan orc tpcds_bin_partitioned_varchar_orc_1000.store[s_store_sk#59L,s_county#82,s_state#83] Batched: true, DataFilters: [isnotnull(s_store_sk#59L)], Format: ORC, Location: InMemoryFileIndex[hdfs://vcloud-10-13:9000/user/hive/warehouse/tpcds_bin_partitioned_varchar_orc_..., PartitionFilters: [], PushedFilters: [IsNotNull(s_store_sk)], ReadSchema: struct<s_store_sk:bigint,s_county:string,s_state:string>
                        +- Project [s_state#0]
                           +- Filter (isnotnull(ranking#1) AND (ranking#1 <= 5))
                              +- Window [rank(_w2#178) windowspecdefinition(s_state#137, _w2#178 DESC NULLS LAST, specifiedwindowframe(RowFrame, unboundedpreceding$(), currentrow$())) AS ranking#1], [s_state#137], [_w2#178 DESC NULLS LAST]
                                 +- HashAggregate(keys=[s_state#137], functions=[sum(UnscaledValue(ss_net_profit#111))], output=[s_state#0, s_state#137, _w2#178])
                                    +- HashAggregate(keys=[s_state#137], functions=[partial_sum(UnscaledValue(ss_net_profit#111))], output=[s_state#137, sum#313L])
                                       +- Project [ss_net_profit#111, s_state#137]
                                          +- BroadcastHashJoin [ss_sold_date_sk#112L], [d_date_sk#142L], Inner, BuildRight, false
                                             :- Project [ss_net_profit#111, ss_sold_date_sk#112L, s_state#137]
                                             :  +- BroadcastHashJoin [ss_store_sk#96L], [s_store_sk#113L], Inner, BuildRight, false
                                             :     :- Project [ss_store_sk#96L, ss_net_profit#111, ss_sold_date_sk#112L]
                                             :     :  +- Filter isnotnull(ss_store_sk#96L)
                                             :     :     +- FileScan orc tpcds_bin_partitioned_varchar_orc_1000.store_sales[ss_store_sk#96L,ss_net_profit#111,ss_sold_date_sk#112L] Batched: true, DataFilters: [isnotnull(ss_store_sk#96L)], Format: ORC, Location: InMemoryFileIndex[hdfs://vcloud-10-13:9000/user/hive/warehouse/tpcds_bin_partitioned_varchar_orc_..., PartitionFilters: [isnotnull(ss_sold_date_sk#112L), dynamicpruning#301 [ss_sold_date_sk#112L]], PushedFilters: [IsNotNull(ss_store_sk)], ReadSchema: struct<ss_store_sk:bigint,ss_net_profit:decimal(7,2)>
                                             :     :           +- Project [d_date_sk#142L]
                                             :     :              +- Filter (((isnotnull(d_month_seq#145) AND (d_month_seq#145 >= 1200)) AND (d_month_seq#145 <= 1211)) AND isnotnull(d_date_sk#142L))
                                             :     :                 +- Relation[d_date_sk#142L,d_date_id#143,d_date#144,d_month_seq#145,d_week_seq#146,d_quarter_seq#147,d_year#148,d_dow#149,d_moy#150,d_dom#151,d_qoy#152,d_fy_year#153,d_fy_quarter_seq#154,d_fy_week_seq#155,d_day_name#156,d_quarter_name#157,d_holiday#158,d_weekend#159,d_following_holiday#160,d_first_dom#161,d_last_dom#162,d_same_day_ly#163,d_same_day_lq#164,d_current_day#165,... 4 more fields] orc
                                             :     +- Project [s_store_sk#113L, s_state#137]
                                             :        +- Filter isnotnull(s_store_sk#113L)
                                             :           +- FileScan orc tpcds_bin_partitioned_varchar_orc_1000.store[s_store_sk#113L,s_state#137] Batched: true, DataFilters: [isnotnull(s_store_sk#113L)], Format: ORC, Location: InMemoryFileIndex[hdfs://vcloud-10-13:9000/user/hive/warehouse/tpcds_bin_partitioned_varchar_orc_..., PartitionFilters: [], PushedFilters: [IsNotNull(s_store_sk)], ReadSchema: struct<s_store_sk:bigint,s_state:string>
                                             +- Project [d_date_sk#142L]
                                                +- Filter (((isnotnull(d_month_seq#145) AND (d_month_seq#145 >= 1200)) AND (d_month_seq#145 <= 1211)) AND isnotnull(d_date_sk#142L))
                                                   +- FileScan orc tpcds_bin_partitioned_varchar_orc_1000.date_dim[d_date_sk#142L,d_month_seq#145] Batched: true, DataFilters: [isnotnull(d_month_seq#145), (d_month_seq#145 >= 1200), (d_month_seq#145 <= 1211), isnotnull(d_da..., Format: ORC, Location: InMemoryFileIndex[hdfs://vcloud-10-13:9000/user/hive/warehouse/tpcds_bin_partitioned_varchar_orc_..., PartitionFilters: [], PushedFilters: [IsNotNull(d_month_seq), GreaterThanOrEqual(d_month_seq,1200), LessThanOrEqual(d_month_seq,1211),..., ReadSchema: struct<d_date_sk:bigint,d_month_seq:int>
.
Time taken: 29.243 seconds, Fetched 52 row(s)
