24/04/26 16:09:04 WARN Utils: Your hostname, vcloud-10-13 resolves to a loopback address: 127.0.0.1; using 21.21.36.153 instead (on interface eno1)
24/04/26 16:09:04 WARN Utils: Set SPARK_LOCAL_IP if you need to bind to another address
24/04/26 16:09:04 WARN NativeCodeLoader: Unable to load native-hadoop library for your platform... using builtin-java classes where applicable
Setting default log level to "WARN".
To adjust logging level use sc.setLogLevel(newLevel). For SparkR, use setLogLevel(newLevel).
24/04/26 16:09:06 WARN Client: Neither spark.yarn.jars nor spark.yarn.archive is set, falling back to uploading libraries under SPARK_HOME.
Spark master: yarn, Application Id: application_1714105099579_0172
24/04/26 16:09:25 WARN SessionState: METASTORE_FILTER_HOOK will be ignored, since hive.security.authorization.manager is set to instance of HiveAuthorizerFactory.
24/04/26 16:09:30 WARN package: Truncated the string representation of a plan since it was too large. This behavior can be adjusted by setting 'spark.sql.debug.maxToStringFields'.
24/04/26 16:09:30 WARN InsertAdaptiveSparkPlan: spark.sql.adaptive.enabled is enabled but is not supported for query: Sort [product_name#2 ASC NULLS FIRST, store_name#4 ASC NULLS FIRST, cnt#797L ASC NULLS FIRST], true, 0
+- Project [product_name#2, store_name#4, store_zip#5, b_street_number#6, b_streen_name#7, b_city#8, b_zip#9, c_street_number#10, c_street_name#11, c_city#12, c_zip#13, syear#14, cnt#17L, s1#18, s2#19, s3#20, s1#798, s2#799, s3#800, syear#794, cnt#797L]
   +- SortMergeJoin [item_sk#3L, store_name#4, store_zip#5], [item_sk#783L, store_name#784, store_zip#785], Inner, (cnt#797L <= cnt#17L)
      :- HashAggregate(keys=[i_product_name#358, i_item_sk#337L, s_store_name#216, s_zip#236, ca_street_number#307, ca_street_name#308, ca_city#311, ca_zip#314, ca_street_number#320, ca_street_name#321, ca_city#324, ca_zip#327, d_year#133, d_year#161, d_year#189], functions=[count(1), sum(UnscaledValue(ss_wholesale_cost#33)), sum(UnscaledValue(ss_list_price#34)), sum(UnscaledValue(ss_coupon_amt#41))], output=[product_name#2, item_sk#3L, store_name#4, store_zip#5, b_street_number#6, b_streen_name#7, b_city#8, b_zip#9, c_street_number#10, c_street_name#11, c_city#12, c_zip#13, syear#14, cnt#17L, s1#18, s2#19, s3#20])
      :  +- HashAggregate(keys=[i_product_name#358, i_item_sk#337L, s_store_name#216, s_zip#236, ca_street_number#307, ca_street_name#308, ca_city#311, ca_zip#314, ca_street_number#320, ca_street_name#321, ca_city#324, ca_zip#327, d_year#133, d_year#161, d_year#189], functions=[partial_count(1), partial_sum(UnscaledValue(ss_wholesale_cost#33)), partial_sum(UnscaledValue(ss_list_price#34)), partial_sum(UnscaledValue(ss_coupon_amt#41))], output=[i_product_name#358, i_item_sk#337L, s_store_name#216, s_zip#236, ca_street_number#307, ca_street_name#308, ca_city#311, ca_zip#314, ca_street_number#320, ca_street_name#321, ca_city#324, ca_zip#327, d_year#133, d_year#161, d_year#189, count#1021L, sum#1022L, sum#1023L, sum#1024L])
      :     +- Project [ss_wholesale_cost#33, ss_list_price#34, ss_coupon_amt#41, d_year#133, d_year#161, d_year#189, s_store_name#216, s_zip#236, ca_street_number#307, ca_street_name#308, ca_city#311, ca_zip#314, ca_street_number#320, ca_street_name#321, ca_city#324, ca_zip#327, i_item_sk#337L, i_product_name#358]
      :        +- BroadcastHashJoin [ss_item_sk#24L], [i_item_sk#337L], Inner, BuildRight, false
      :           :- Project [ss_item_sk#24L, ss_wholesale_cost#33, ss_list_price#34, ss_coupon_amt#41, d_year#133, s_store_name#216, s_zip#236, d_year#161, d_year#189, ca_street_number#307, ca_street_name#308, ca_city#311, ca_zip#314, ca_street_number#320, ca_street_name#321, ca_city#324, ca_zip#327]
      :           :  +- BroadcastHashJoin [hd_income_band_sk#301L], [ib_income_band_sk#334L], Inner, BuildRight, false
      :           :     :- Project [ss_item_sk#24L, ss_wholesale_cost#33, ss_list_price#34, ss_coupon_amt#41, d_year#133, s_store_name#216, s_zip#236, d_year#161, d_year#189, hd_income_band_sk#301L, ca_street_number#307, ca_street_name#308, ca_city#311, ca_zip#314, ca_street_number#320, ca_street_name#321, ca_city#324, ca_zip#327]
      :           :     :  +- BroadcastHashJoin [hd_income_band_sk#296L], [ib_income_band_sk#331L], Inner, BuildRight, false
      :           :     :     :- Project [ss_item_sk#24L, ss_wholesale_cost#33, ss_list_price#34, ss_coupon_amt#41, d_year#133, s_store_name#216, s_zip#236, d_year#161, d_year#189, hd_income_band_sk#296L, hd_income_band_sk#301L, ca_street_number#307, ca_street_name#308, ca_city#311, ca_zip#314, ca_street_number#320, ca_street_name#321, ca_city#324, ca_zip#327]
      :           :     :     :  +- BroadcastHashJoin [c_current_addr_sk#244L], [ca_address_sk#318L], Inner, BuildRight, false
      :           :     :     :     :- Project [ss_item_sk#24L, ss_wholesale_cost#33, ss_list_price#34, ss_coupon_amt#41, d_year#133, s_store_name#216, s_zip#236, c_current_addr_sk#244L, d_year#161, d_year#189, hd_income_band_sk#296L, hd_income_band_sk#301L, ca_street_number#307, ca_street_name#308, ca_city#311, ca_zip#314]
      :           :     :     :     :  +- BroadcastHashJoin [ss_addr_sk#28L], [ca_address_sk#305L], Inner, BuildRight, false
      :           :     :     :     :     :- Project [ss_item_sk#24L, ss_addr_sk#28L, ss_wholesale_cost#33, ss_list_price#34, ss_coupon_amt#41, d_year#133, s_store_name#216, s_zip#236, c_current_addr_sk#244L, d_year#161, d_year#189, hd_income_band_sk#296L, hd_income_band_sk#301L]
      :           :     :     :     :     :  +- BroadcastHashJoin [c_current_hdemo_sk#243L], [hd_demo_sk#300L], Inner, BuildRight, false
      :           :     :     :     :     :     :- Project [ss_item_sk#24L, ss_addr_sk#28L, ss_wholesale_cost#33, ss_list_price#34, ss_coupon_amt#41, d_year#133, s_store_name#216, s_zip#236, c_current_hdemo_sk#243L, c_current_addr_sk#244L, d_year#161, d_year#189, hd_income_band_sk#296L]
      :           :     :     :     :     :     :  +- BroadcastHashJoin [ss_hdemo_sk#27L], [hd_demo_sk#295L], Inner, BuildRight, false
      :           :     :     :     :     :     :     :- Project [ss_item_sk#24L, ss_hdemo_sk#27L, ss_addr_sk#28L, ss_wholesale_cost#33, ss_list_price#34, ss_coupon_amt#41, d_year#133, s_store_name#216, s_zip#236, c_current_hdemo_sk#243L, c_current_addr_sk#244L, d_year#161, d_year#189]
      :           :     :     :     :     :     :     :  +- BroadcastHashJoin [ss_promo_sk#30L], [p_promo_sk#276L], Inner, BuildRight, false
      :           :     :     :     :     :     :     :     :- Project [ss_item_sk#24L, ss_hdemo_sk#27L, ss_addr_sk#28L, ss_promo_sk#30L, ss_wholesale_cost#33, ss_list_price#34, ss_coupon_amt#41, d_year#133, s_store_name#216, s_zip#236, c_current_hdemo_sk#243L, c_current_addr_sk#244L, d_year#161, d_year#189]
      :           :     :     :     :     :     :     :     :  +- BroadcastHashJoin [c_current_cdemo_sk#242L], [cd_demo_sk#267L], Inner, BuildRight, NOT (cd_marital_status#260 = cd_marital_status#269), false
      :           :     :     :     :     :     :     :     :     :- Project [ss_item_sk#24L, ss_hdemo_sk#27L, ss_addr_sk#28L, ss_promo_sk#30L, ss_wholesale_cost#33, ss_list_price#34, ss_coupon_amt#41, d_year#133, s_store_name#216, s_zip#236, c_current_cdemo_sk#242L, c_current_hdemo_sk#243L, c_current_addr_sk#244L, d_year#161, d_year#189, cd_marital_status#260]
      :           :     :     :     :     :     :     :     :     :  +- BroadcastHashJoin [ss_cdemo_sk#26L], [cd_demo_sk#258L], Inner, BuildRight, false
      :           :     :     :     :     :     :     :     :     :     :- Project [ss_item_sk#24L, ss_cdemo_sk#26L, ss_hdemo_sk#27L, ss_addr_sk#28L, ss_promo_sk#30L, ss_wholesale_cost#33, ss_list_price#34, ss_coupon_amt#41, d_year#133, s_store_name#216, s_zip#236, c_current_cdemo_sk#242L, c_current_hdemo_sk#243L, c_current_addr_sk#244L, d_year#161, d_year#189]
      :           :     :     :     :     :     :     :     :     :     :  +- BroadcastHashJoin [c_first_shipto_date_sk#245L], [d_date_sk#183L], Inner, BuildRight, false
      :           :     :     :     :     :     :     :     :     :     :     :- Project [ss_item_sk#24L, ss_cdemo_sk#26L, ss_hdemo_sk#27L, ss_addr_sk#28L, ss_promo_sk#30L, ss_wholesale_cost#33, ss_list_price#34, ss_coupon_amt#41, d_year#133, s_store_name#216, s_zip#236, c_current_cdemo_sk#242L, c_current_hdemo_sk#243L, c_current_addr_sk#244L, c_first_shipto_date_sk#245L, d_year#161]
      :           :     :     :     :     :     :     :     :     :     :     :  +- BroadcastHashJoin [c_first_sales_date_sk#246L], [d_date_sk#155L], Inner, BuildRight, false
      :           :     :     :     :     :     :     :     :     :     :     :     :- Project [ss_item_sk#24L, ss_cdemo_sk#26L, ss_hdemo_sk#27L, ss_addr_sk#28L, ss_promo_sk#30L, ss_wholesale_cost#33, ss_list_price#34, ss_coupon_amt#41, d_year#133, s_store_name#216, s_zip#236, c_current_cdemo_sk#242L, c_current_hdemo_sk#243L, c_current_addr_sk#244L, c_first_shipto_date_sk#245L, c_first_sales_date_sk#246L]
      :           :     :     :     :     :     :     :     :     :     :     :     :  +- SortMergeJoin [ss_customer_sk#25L], [c_customer_sk#240L], Inner
      :           :     :     :     :     :     :     :     :     :     :     :     :     :- Project [ss_item_sk#24L, ss_customer_sk#25L, ss_cdemo_sk#26L, ss_hdemo_sk#27L, ss_addr_sk#28L, ss_promo_sk#30L, ss_wholesale_cost#33, ss_list_price#34, ss_coupon_amt#41, d_year#133, s_store_name#216, s_zip#236]
      :           :     :     :     :     :     :     :     :     :     :     :     :     :  +- BroadcastHashJoin [ss_store_sk#29L], [s_store_sk#211L], Inner, BuildRight, false
      :           :     :     :     :     :     :     :     :     :     :     :     :     :     :- Project [ss_item_sk#24L, ss_customer_sk#25L, ss_cdemo_sk#26L, ss_hdemo_sk#27L, ss_addr_sk#28L, ss_store_sk#29L, ss_promo_sk#30L, ss_wholesale_cost#33, ss_list_price#34, ss_coupon_amt#41, d_year#133]
      :           :     :     :     :     :     :     :     :     :     :     :     :     :     :  +- BroadcastHashJoin [ss_sold_date_sk#45L], [d_date_sk#127L], Inner, BuildRight, false
      :           :     :     :     :     :     :     :     :     :     :     :     :     :     :     :- Project [ss_item_sk#24L, ss_customer_sk#25L, ss_cdemo_sk#26L, ss_hdemo_sk#27L, ss_addr_sk#28L, ss_store_sk#29L, ss_promo_sk#30L, ss_wholesale_cost#33, ss_list_price#34, ss_coupon_amt#41, ss_sold_date_sk#45L]
      :           :     :     :     :     :     :     :     :     :     :     :     :     :     :     :  +- SortMergeJoin [ss_item_sk#24L], [cs_item_sk#80L], Inner
      :           :     :     :     :     :     :     :     :     :     :     :     :     :     :     :     :- Project [ss_item_sk#24L, ss_customer_sk#25L, ss_cdemo_sk#26L, ss_hdemo_sk#27L, ss_addr_sk#28L, ss_store_sk#29L, ss_promo_sk#30L, ss_wholesale_cost#33, ss_list_price#34, ss_coupon_amt#41, ss_sold_date_sk#45L]
      :           :     :     :     :     :     :     :     :     :     :     :     :     :     :     :     :  +- SortMergeJoin [ss_item_sk#24L, ss_ticket_number#31L], [sr_item_sk#47L, sr_ticket_number#54L], Inner
      :           :     :     :     :     :     :     :     :     :     :     :     :     :     :     :     :     :- Project [ss_item_sk#24L, ss_customer_sk#25L, ss_cdemo_sk#26L, ss_hdemo_sk#27L, ss_addr_sk#28L, ss_store_sk#29L, ss_promo_sk#30L, ss_ticket_number#31L, ss_wholesale_cost#33, ss_list_price#34, ss_coupon_amt#41, ss_sold_date_sk#45L]
      :           :     :     :     :     :     :     :     :     :     :     :     :     :     :     :     :     :  +- Filter (((((((isnotnull(ss_item_sk#24L) AND isnotnull(ss_ticket_number#31L)) AND isnotnull(ss_store_sk#29L)) AND isnotnull(ss_customer_sk#25L)) AND isnotnull(ss_cdemo_sk#26L)) AND isnotnull(ss_promo_sk#30L)) AND isnotnull(ss_hdemo_sk#27L)) AND isnotnull(ss_addr_sk#28L))
      :           :     :     :     :     :     :     :     :     :     :     :     :     :     :     :     :     :     +- FileScan orc tpcds_bin_partitioned_varchar_orc_1000.store_sales[ss_item_sk#24L,ss_customer_sk#25L,ss_cdemo_sk#26L,ss_hdemo_sk#27L,ss_addr_sk#28L,ss_store_sk#29L,ss_promo_sk#30L,ss_ticket_number#31L,ss_wholesale_cost#33,ss_list_price#34,ss_coupon_amt#41,ss_sold_date_sk#45L] Batched: true, DataFilters: [isnotnull(ss_item_sk#24L), isnotnull(ss_ticket_number#31L), isnotnull(ss_store_sk#29L), isnotnul..., Format: ORC, Location: InMemoryFileIndex[hdfs://vcloud-10-13:9000/user/hive/warehouse/tpcds_bin_partitioned_varchar_orc_..., PartitionFilters: [isnotnull(ss_sold_date_sk#45L), dynamicpruning#1015 [ss_sold_date_sk#45L]], PushedFilters: [IsNotNull(ss_item_sk), IsNotNull(ss_ticket_number), IsNotNull(ss_store_sk), IsNotNull(ss_custome..., ReadSchema: struct<ss_item_sk:bigint,ss_customer_sk:bigint,ss_cdemo_sk:bigint,ss_hdemo_sk:bigint,ss_addr_sk:b...
      :           :     :     :     :     :     :     :     :     :     :     :     :     :     :     :     :     :           +- Project [d_date_sk#127L, d_year#133]
      :           :     :     :     :     :     :     :     :     :     :     :     :     :     :     :     :     :              +- Filter ((isnotnull(d_year#133) AND (d_year#133 = 1999)) AND isnotnull(d_date_sk#127L))
      :           :     :     :     :     :     :     :     :     :     :     :     :     :     :     :     :     :                 +- Relation[d_date_sk#127L,d_date_id#128,d_date#129,d_month_seq#130,d_week_seq#131,d_quarter_seq#132,d_year#133,d_dow#134,d_moy#135,d_dom#136,d_qoy#137,d_fy_year#138,d_fy_quarter_seq#139,d_fy_week_seq#140,d_day_name#141,d_quarter_name#142,d_holiday#143,d_weekend#144,d_following_holiday#145,d_first_dom#146,d_last_dom#147,d_same_day_ly#148,d_same_day_lq#149,d_current_day#150,... 4 more fields] orc
      :           :     :     :     :     :     :     :     :     :     :     :     :     :     :     :     :     +- Project [sr_item_sk#47L, sr_ticket_number#54L]
      :           :     :     :     :     :     :     :     :     :     :     :     :     :     :     :     :        +- Filter (isnotnull(sr_item_sk#47L) AND isnotnull(sr_ticket_number#54L))
      :           :     :     :     :     :     :     :     :     :     :     :     :     :     :     :     :           +- FileScan orc tpcds_bin_partitioned_varchar_orc_1000.store_returns[sr_item_sk#47L,sr_ticket_number#54L,sr_returned_date_sk#65L] Batched: true, DataFilters: [isnotnull(sr_item_sk#47L), isnotnull(sr_ticket_number#54L)], Format: ORC, Location: CatalogFileIndex[hdfs://vcloud-10-13:9000/user/hive/warehouse/tpcds_bin_partitioned_varchar_orc_1..., PartitionFilters: [], PushedFilters: [IsNotNull(sr_item_sk), IsNotNull(sr_ticket_number)], ReadSchema: struct<sr_item_sk:bigint,sr_ticket_number:bigint>
      :           :     :     :     :     :     :     :     :     :     :     :     :     :     :     :     +- Project [cs_item_sk#80L]
      :           :     :     :     :     :     :     :     :     :     :     :     :     :     :     :        +- Filter (isnotnull(sum(cs_ext_list_price#90)#763) AND (cast(sum(cs_ext_list_price#90)#763 as decimal(21,2)) > CheckOverflow((2.00 * promote_precision(sum(CheckOverflow((promote_precision(cast(CheckOverflow((promote_precision(cast(cr_refunded_cash#122 as decimal(8,2))) + promote_precision(cast(cr_reversed_charge#123 as decimal(8,2)))), DecimalType(8,2), true) as decimal(9,2))) + promote_precision(cast(cr_store_credit#124 as decimal(9,2)))), DecimalType(9,2), true))#764)), DecimalType(21,2), true)))
      :           :     :     :     :     :     :     :     :     :     :     :     :     :     :     :           +- HashAggregate(keys=[cs_item_sk#80L], functions=[sum(UnscaledValue(cs_ext_list_price#90)), sum(CheckOverflow((promote_precision(cast(CheckOverflow((promote_precision(cast(cr_refunded_cash#122 as decimal(8,2))) + promote_precision(cast(cr_reversed_charge#123 as decimal(8,2)))), DecimalType(8,2), true) as decimal(9,2))) + promote_precision(cast(cr_store_credit#124 as decimal(9,2)))), DecimalType(9,2), true))], output=[cs_item_sk#80L, sum(cs_ext_list_price#90)#763, sum(CheckOverflow((promote_precision(cast(CheckOverflow((promote_precision(cast(cr_refunded_cash#122 as decimal(8,2))) + promote_precision(cast(cr_reversed_charge#123 as decimal(8,2)))), DecimalType(8,2), true) as decimal(9,2))) + promote_precision(cast(cr_store_credit#124 as decimal(9,2)))), DecimalType(9,2), true))#764])
      :           :     :     :     :     :     :     :     :     :     :     :     :     :     :     :              +- HashAggregate(keys=[cs_item_sk#80L], functions=[partial_sum(UnscaledValue(cs_ext_list_price#90)), partial_sum(CheckOverflow((promote_precision(cast(CheckOverflow((promote_precision(cast(cr_refunded_cash#122 as decimal(8,2))) + promote_precision(cast(cr_reversed_charge#123 as decimal(8,2)))), DecimalType(8,2), true) as decimal(9,2))) + promote_precision(cast(cr_store_credit#124 as decimal(9,2)))), DecimalType(9,2), true))], output=[cs_item_sk#80L, sum#1028L, sum#1029, isEmpty#1030])
      :           :     :     :     :     :     :     :     :     :     :     :     :     :     :     :                 +- Project [cs_item_sk#80L, cs_ext_list_price#90, cr_refunded_cash#122, cr_reversed_charge#123, cr_store_credit#124]
      :           :     :     :     :     :     :     :     :     :     :     :     :     :     :     :                    +- SortMergeJoin [cs_item_sk#80L, cs_order_number#82L], [cr_item_sk#101L, cr_order_number#115L], Inner
      :           :     :     :     :     :     :     :     :     :     :     :     :     :     :     :                       :- Project [cs_item_sk#80L, cs_order_number#82L, cs_ext_list_price#90]
      :           :     :     :     :     :     :     :     :     :     :     :     :     :     :     :                       :  +- Filter (isnotnull(cs_item_sk#80L) AND isnotnull(cs_order_number#82L))
      :           :     :     :     :     :     :     :     :     :     :     :     :     :     :     :                       :     +- FileScan orc tpcds_bin_partitioned_varchar_orc_1000.catalog_sales[cs_item_sk#80L,cs_order_number#82L,cs_ext_list_price#90,cs_sold_date_sk#99L] Batched: true, DataFilters: [isnotnull(cs_item_sk#80L), isnotnull(cs_order_number#82L)], Format: ORC, Location: CatalogFileIndex[hdfs://vcloud-10-13:9000/user/hive/warehouse/tpcds_bin_partitioned_varchar_orc_1..., PartitionFilters: [], PushedFilters: [IsNotNull(cs_item_sk), IsNotNull(cs_order_number)], ReadSchema: struct<cs_item_sk:bigint,cs_order_number:bigint,cs_ext_list_price:decimal(7,2)>
      :           :     :     :     :     :     :     :     :     :     :     :     :     :     :     :                       +- Project [cr_item_sk#101L, cr_order_number#115L, cr_refunded_cash#122, cr_reversed_charge#123, cr_store_credit#124]
      :           :     :     :     :     :     :     :     :     :     :     :     :     :     :     :                          +- Filter (isnotnull(cr_item_sk#101L) AND isnotnull(cr_order_number#115L))
      :           :     :     :     :     :     :     :     :     :     :     :     :     :     :     :                             +- FileScan orc tpcds_bin_partitioned_varchar_orc_1000.catalog_returns[cr_item_sk#101L,cr_order_number#115L,cr_refunded_cash#122,cr_reversed_charge#123,cr_store_credit#124,cr_returned_date_sk#126L] Batched: true, DataFilters: [isnotnull(cr_item_sk#101L), isnotnull(cr_order_number#115L)], Format: ORC, Location: CatalogFileIndex[hdfs://vcloud-10-13:9000/user/hive/warehouse/tpcds_bin_partitioned_varchar_orc_1..., PartitionFilters: [], PushedFilters: [IsNotNull(cr_item_sk), IsNotNull(cr_order_number)], ReadSchema: struct<cr_item_sk:bigint,cr_order_number:bigint,cr_refunded_cash:decimal(7,2),cr_reversed_charge:...
      :           :     :     :     :     :     :     :     :     :     :     :     :     :     :     +- Project [d_date_sk#127L, d_year#133]
      :           :     :     :     :     :     :     :     :     :     :     :     :     :     :        +- Filter ((isnotnull(d_year#133) AND (d_year#133 = 1999)) AND isnotnull(d_date_sk#127L))
      :           :     :     :     :     :     :     :     :     :     :     :     :     :     :           +- FileScan orc tpcds_bin_partitioned_varchar_orc_1000.date_dim[d_date_sk#127L,d_year#133] Batched: true, DataFilters: [isnotnull(d_year#133), (d_year#133 = 1999), isnotnull(d_date_sk#127L)], Format: ORC, Location: InMemoryFileIndex[hdfs://vcloud-10-13:9000/user/hive/warehouse/tpcds_bin_partitioned_varchar_orc_..., PartitionFilters: [], PushedFilters: [IsNotNull(d_year), EqualTo(d_year,1999), IsNotNull(d_date_sk)], ReadSchema: struct<d_date_sk:bigint,d_year:int>
      :           :     :     :     :     :     :     :     :     :     :     :     :     :     +- Project [s_store_sk#211L, s_store_name#216, s_zip#236]
      :           :     :     :     :     :     :     :     :     :     :     :     :     :        +- Filter ((isnotnull(s_store_sk#211L) AND isnotnull(s_store_name#216)) AND isnotnull(s_zip#236))
      :           :     :     :     :     :     :     :     :     :     :     :     :     :           +- FileScan orc tpcds_bin_partitioned_varchar_orc_1000.store[s_store_sk#211L,s_store_name#216,s_zip#236] Batched: true, DataFilters: [isnotnull(s_store_sk#211L), isnotnull(s_store_name#216), isnotnull(s_zip#236)], Format: ORC, Location: InMemoryFileIndex[hdfs://vcloud-10-13:9000/user/hive/warehouse/tpcds_bin_partitioned_varchar_orc_..., PartitionFilters: [], PushedFilters: [IsNotNull(s_store_sk), IsNotNull(s_store_name), IsNotNull(s_zip)], ReadSchema: struct<s_store_sk:bigint,s_store_name:string,s_zip:string>
      :           :     :     :     :     :     :     :     :     :     :     :     :     +- Project [c_customer_sk#240L, c_current_cdemo_sk#242L, c_current_hdemo_sk#243L, c_current_addr_sk#244L, c_first_shipto_date_sk#245L, c_first_sales_date_sk#246L]
      :           :     :     :     :     :     :     :     :     :     :     :     :        +- Filter (((((isnotnull(c_customer_sk#240L) AND isnotnull(c_first_sales_date_sk#246L)) AND isnotnull(c_first_shipto_date_sk#245L)) AND isnotnull(c_current_cdemo_sk#242L)) AND isnotnull(c_current_hdemo_sk#243L)) AND isnotnull(c_current_addr_sk#244L))
      :           :     :     :     :     :     :     :     :     :     :     :     :           +- FileScan orc tpcds_bin_partitioned_varchar_orc_1000.customer[c_customer_sk#240L,c_current_cdemo_sk#242L,c_current_hdemo_sk#243L,c_current_addr_sk#244L,c_first_shipto_date_sk#245L,c_first_sales_date_sk#246L] Batched: true, DataFilters: [isnotnull(c_customer_sk#240L), isnotnull(c_first_sales_date_sk#246L), isnotnull(c_first_shipto_d..., Format: ORC, Location: InMemoryFileIndex[hdfs://vcloud-10-13:9000/user/hive/warehouse/tpcds_bin_partitioned_varchar_orc_..., PartitionFilters: [], PushedFilters: [IsNotNull(c_customer_sk), IsNotNull(c_first_sales_date_sk), IsNotNull(c_first_shipto_date_sk), I..., ReadSchema: struct<c_customer_sk:bigint,c_current_cdemo_sk:bigint,c_current_hdemo_sk:bigint,c_current_addr_sk...
      :           :     :     :     :     :     :     :     :     :     :     :     +- Project [d_date_sk#155L, d_year#161]
      :           :     :     :     :     :     :     :     :     :     :     :        +- Filter isnotnull(d_date_sk#155L)
      :           :     :     :     :     :     :     :     :     :     :     :           +- FileScan orc tpcds_bin_partitioned_varchar_orc_1000.date_dim[d_date_sk#155L,d_year#161] Batched: true, DataFilters: [isnotnull(d_date_sk#155L)], Format: ORC, Location: InMemoryFileIndex[hdfs://vcloud-10-13:9000/user/hive/warehouse/tpcds_bin_partitioned_varchar_orc_..., PartitionFilters: [], PushedFilters: [IsNotNull(d_date_sk)], ReadSchema: struct<d_date_sk:bigint,d_year:int>
      :           :     :     :     :     :     :     :     :     :     :     +- Project [d_date_sk#183L, d_year#189]
      :           :     :     :     :     :     :     :     :     :     :        +- Filter isnotnull(d_date_sk#183L)
      :           :     :     :     :     :     :     :     :     :     :           +- FileScan orc tpcds_bin_partitioned_varchar_orc_1000.date_dim[d_date_sk#183L,d_year#189] Batched: true, DataFilters: [isnotnull(d_date_sk#183L)], Format: ORC, Location: InMemoryFileIndex[hdfs://vcloud-10-13:9000/user/hive/warehouse/tpcds_bin_partitioned_varchar_orc_..., PartitionFilters: [], PushedFilters: [IsNotNull(d_date_sk)], ReadSchema: struct<d_date_sk:bigint,d_year:int>
      :           :     :     :     :     :     :     :     :     :     +- Project [cd_demo_sk#258L, cd_marital_status#260]
      :           :     :     :     :     :     :     :     :     :        +- Filter (isnotnull(cd_demo_sk#258L) AND isnotnull(cd_marital_status#260))
      :           :     :     :     :     :     :     :     :     :           +- FileScan orc tpcds_bin_partitioned_varchar_orc_1000.customer_demographics[cd_demo_sk#258L,cd_marital_status#260] Batched: true, DataFilters: [isnotnull(cd_demo_sk#258L), isnotnull(cd_marital_status#260)], Format: ORC, Location: InMemoryFileIndex[hdfs://vcloud-10-13:9000/user/hive/warehouse/tpcds_bin_partitioned_varchar_orc_..., PartitionFilters: [], PushedFilters: [IsNotNull(cd_demo_sk), IsNotNull(cd_marital_status)], ReadSchema: struct<cd_demo_sk:bigint,cd_marital_status:string>
      :           :     :     :     :     :     :     :     :     +- Project [cd_demo_sk#267L, cd_marital_status#269]
      :           :     :     :     :     :     :     :     :        +- Filter (isnotnull(cd_demo_sk#267L) AND isnotnull(cd_marital_status#269))
      :           :     :     :     :     :     :     :     :           +- FileScan orc tpcds_bin_partitioned_varchar_orc_1000.customer_demographics[cd_demo_sk#267L,cd_marital_status#269] Batched: true, DataFilters: [isnotnull(cd_demo_sk#267L), isnotnull(cd_marital_status#269)], Format: ORC, Location: InMemoryFileIndex[hdfs://vcloud-10-13:9000/user/hive/warehouse/tpcds_bin_partitioned_varchar_orc_..., PartitionFilters: [], PushedFilters: [IsNotNull(cd_demo_sk), IsNotNull(cd_marital_status)], ReadSchema: struct<cd_demo_sk:bigint,cd_marital_status:string>
      :           :     :     :     :     :     :     :     +- Project [p_promo_sk#276L]
      :           :     :     :     :     :     :     :        +- Filter isnotnull(p_promo_sk#276L)
      :           :     :     :     :     :     :     :           +- FileScan orc tpcds_bin_partitioned_varchar_orc_1000.promotion[p_promo_sk#276L] Batched: true, DataFilters: [isnotnull(p_promo_sk#276L)], Format: ORC, Location: InMemoryFileIndex[hdfs://vcloud-10-13:9000/user/hive/warehouse/tpcds_bin_partitioned_varchar_orc_..., PartitionFilters: [], PushedFilters: [IsNotNull(p_promo_sk)], ReadSchema: struct<p_promo_sk:bigint>
      :           :     :     :     :     :     :     +- Project [hd_demo_sk#295L, hd_income_band_sk#296L]
      :           :     :     :     :     :     :        +- Filter (isnotnull(hd_demo_sk#295L) AND isnotnull(hd_income_band_sk#296L))
      :           :     :     :     :     :     :           +- FileScan orc tpcds_bin_partitioned_varchar_orc_1000.household_demographics[hd_demo_sk#295L,hd_income_band_sk#296L] Batched: true, DataFilters: [isnotnull(hd_demo_sk#295L), isnotnull(hd_income_band_sk#296L)], Format: ORC, Location: InMemoryFileIndex[hdfs://vcloud-10-13:9000/user/hive/warehouse/tpcds_bin_partitioned_varchar_orc_..., PartitionFilters: [], PushedFilters: [IsNotNull(hd_demo_sk), IsNotNull(hd_income_band_sk)], ReadSchema: struct<hd_demo_sk:bigint,hd_income_band_sk:bigint>
      :           :     :     :     :     :     +- Project [hd_demo_sk#300L, hd_income_band_sk#301L]
      :           :     :     :     :     :        +- Filter (isnotnull(hd_demo_sk#300L) AND isnotnull(hd_income_band_sk#301L))
      :           :     :     :     :     :           +- FileScan orc tpcds_bin_partitioned_varchar_orc_1000.household_demographics[hd_demo_sk#300L,hd_income_band_sk#301L] Batched: true, DataFilters: [isnotnull(hd_demo_sk#300L), isnotnull(hd_income_band_sk#301L)], Format: ORC, Location: InMemoryFileIndex[hdfs://vcloud-10-13:9000/user/hive/warehouse/tpcds_bin_partitioned_varchar_orc_..., PartitionFilters: [], PushedFilters: [IsNotNull(hd_demo_sk), IsNotNull(hd_income_band_sk)], ReadSchema: struct<hd_demo_sk:bigint,hd_income_band_sk:bigint>
      :           :     :     :     :     +- Project [ca_address_sk#305L, ca_street_number#307, ca_street_name#308, ca_city#311, ca_zip#314]
      :           :     :     :     :        +- Filter isnotnull(ca_address_sk#305L)
      :           :     :     :     :           +- FileScan orc tpcds_bin_partitioned_varchar_orc_1000.customer_address[ca_address_sk#305L,ca_street_number#307,ca_street_name#308,ca_city#311,ca_zip#314] Batched: true, DataFilters: [isnotnull(ca_address_sk#305L)], Format: ORC, Location: InMemoryFileIndex[hdfs://vcloud-10-13:9000/user/hive/warehouse/tpcds_bin_partitioned_varchar_orc_..., PartitionFilters: [], PushedFilters: [IsNotNull(ca_address_sk)], ReadSchema: struct<ca_address_sk:bigint,ca_street_number:string,ca_street_name:string,ca_city:string,ca_zip:s...
      :           :     :     :     +- Project [ca_address_sk#318L, ca_street_number#320, ca_street_name#321, ca_city#324, ca_zip#327]
      :           :     :     :        +- Filter isnotnull(ca_address_sk#318L)
      :           :     :     :           +- FileScan orc tpcds_bin_partitioned_varchar_orc_1000.customer_address[ca_address_sk#318L,ca_street_number#320,ca_street_name#321,ca_city#324,ca_zip#327] Batched: true, DataFilters: [isnotnull(ca_address_sk#318L)], Format: ORC, Location: InMemoryFileIndex[hdfs://vcloud-10-13:9000/user/hive/warehouse/tpcds_bin_partitioned_varchar_orc_..., PartitionFilters: [], PushedFilters: [IsNotNull(ca_address_sk)], ReadSchema: struct<ca_address_sk:bigint,ca_street_number:string,ca_street_name:string,ca_city:string,ca_zip:s...
      :           :     :     +- Project [ib_income_band_sk#331L]
      :           :     :        +- Filter isnotnull(ib_income_band_sk#331L)
      :           :     :           +- FileScan orc tpcds_bin_partitioned_varchar_orc_1000.income_band[ib_income_band_sk#331L] Batched: true, DataFilters: [isnotnull(ib_income_band_sk#331L)], Format: ORC, Location: InMemoryFileIndex[hdfs://vcloud-10-13:9000/user/hive/warehouse/tpcds_bin_partitioned_varchar_orc_..., PartitionFilters: [], PushedFilters: [IsNotNull(ib_income_band_sk)], ReadSchema: struct<ib_income_band_sk:bigint>
      :           :     +- Project [ib_income_band_sk#334L]
      :           :        +- Filter isnotnull(ib_income_band_sk#334L)
      :           :           +- FileScan orc tpcds_bin_partitioned_varchar_orc_1000.income_band[ib_income_band_sk#334L] Batched: true, DataFilters: [isnotnull(ib_income_band_sk#334L)], Format: ORC, Location: InMemoryFileIndex[hdfs://vcloud-10-13:9000/user/hive/warehouse/tpcds_bin_partitioned_varchar_orc_..., PartitionFilters: [], PushedFilters: [IsNotNull(ib_income_band_sk)], ReadSchema: struct<ib_income_band_sk:bigint>
      :           +- Project [i_item_sk#337L, i_product_name#358]
      :              +- Filter ((((((isnotnull(i_current_price#342) AND i_color#354 IN (purple,burlywood,indian,spring,floral,medium)) AND (i_current_price#342 >= 64.00)) AND (i_current_price#342 <= 74.00)) AND (i_current_price#342 >= 65.00)) AND (i_current_price#342 <= 79.00)) AND isnotnull(i_item_sk#337L))
      :                 +- FileScan orc tpcds_bin_partitioned_varchar_orc_1000.item[i_item_sk#337L,i_current_price#342,i_color#354,i_product_name#358] Batched: true, DataFilters: [isnotnull(i_current_price#342), i_color#354 IN (purple,burlywood,indian,spring,floral,medium), (..., Format: ORC, Location: InMemoryFileIndex[hdfs://vcloud-10-13:9000/user/hive/warehouse/tpcds_bin_partitioned_varchar_orc_..., PartitionFilters: [], PushedFilters: [IsNotNull(i_current_price), In(i_color, [purple,burlywood,indian,spring,floral,medium]), Greater..., ReadSchema: struct<i_item_sk:bigint,i_current_price:decimal(7,2),i_color:string,i_product_name:string>
      +- HashAggregate(keys=[i_product_name#694, i_item_sk#673L, s_store_name#552, s_zip#572, ca_street_number#643, ca_street_name#644, ca_city#647, ca_zip#650, ca_street_number#656, ca_street_name#657, ca_city#660, ca_zip#663, d_year#469, d_year#497, d_year#525], functions=[count(1), sum(UnscaledValue(ss_wholesale_cost#369)), sum(UnscaledValue(ss_list_price#370)), sum(UnscaledValue(ss_coupon_amt#377))], output=[item_sk#783L, store_name#784, store_zip#785, syear#794, cnt#797L, s1#798, s2#799, s3#800])
         +- HashAggregate(keys=[i_product_name#694, i_item_sk#673L, s_store_name#552, s_zip#572, ca_street_number#643, ca_street_name#644, ca_city#647, ca_zip#650, ca_street_number#656, ca_street_name#657, ca_city#660, ca_zip#663, d_year#469, d_year#497, d_year#525], functions=[partial_count(1), partial_sum(UnscaledValue(ss_wholesale_cost#369)), partial_sum(UnscaledValue(ss_list_price#370)), partial_sum(UnscaledValue(ss_coupon_amt#377))], output=[i_product_name#694, i_item_sk#673L, s_store_name#552, s_zip#572, ca_street_number#643, ca_street_name#644, ca_city#647, ca_zip#650, ca_street_number#656, ca_street_name#657, ca_city#660, ca_zip#663, d_year#469, d_year#497, d_year#525, count#1035L, sum#1036L, sum#1037L, sum#1038L])
            +- Project [ss_wholesale_cost#369, ss_list_price#370, ss_coupon_amt#377, d_year#469, d_year#497, d_year#525, s_store_name#552, s_zip#572, ca_street_number#643, ca_street_name#644, ca_city#647, ca_zip#650, ca_street_number#656, ca_street_name#657, ca_city#660, ca_zip#663, i_item_sk#673L, i_product_name#694]
               +- BroadcastHashJoin [ss_item_sk#360L], [i_item_sk#673L], Inner, BuildRight, false
                  :- Project [ss_item_sk#360L, ss_wholesale_cost#369, ss_list_price#370, ss_coupon_amt#377, d_year#469, s_store_name#552, s_zip#572, d_year#497, d_year#525, ca_street_number#643, ca_street_name#644, ca_city#647, ca_zip#650, ca_street_number#656, ca_street_name#657, ca_city#660, ca_zip#663]
                  :  +- BroadcastHashJoin [hd_income_band_sk#637L], [ib_income_band_sk#670L], Inner, BuildRight, false
                  :     :- Project [ss_item_sk#360L, ss_wholesale_cost#369, ss_list_price#370, ss_coupon_amt#377, d_year#469, s_store_name#552, s_zip#572, d_year#497, d_year#525, hd_income_band_sk#637L, ca_street_number#643, ca_street_name#644, ca_city#647, ca_zip#650, ca_street_number#656, ca_street_name#657, ca_city#660, ca_zip#663]
                  :     :  +- BroadcastHashJoin [hd_income_band_sk#632L], [ib_income_band_sk#667L], Inner, BuildRight, false
                  :     :     :- Project [ss_item_sk#360L, ss_wholesale_cost#369, ss_list_price#370, ss_coupon_amt#377, d_year#469, s_store_name#552, s_zip#572, d_year#497, d_year#525, hd_income_band_sk#632L, hd_income_band_sk#637L, ca_street_number#643, ca_street_name#644, ca_city#647, ca_zip#650, ca_street_number#656, ca_street_name#657, ca_city#660, ca_zip#663]
                  :     :     :  +- BroadcastHashJoin [c_current_addr_sk#580L], [ca_address_sk#654L], Inner, BuildRight, false
                  :     :     :     :- Project [ss_item_sk#360L, ss_wholesale_cost#369, ss_list_price#370, ss_coupon_amt#377, d_year#469, s_store_name#552, s_zip#572, c_current_addr_sk#580L, d_year#497, d_year#525, hd_income_band_sk#632L, hd_income_band_sk#637L, ca_street_number#643, ca_street_name#644, ca_city#647, ca_zip#650]
                  :     :     :     :  +- BroadcastHashJoin [ss_addr_sk#364L], [ca_address_sk#641L], Inner, BuildRight, false
                  :     :     :     :     :- Project [ss_item_sk#360L, ss_addr_sk#364L, ss_wholesale_cost#369, ss_list_price#370, ss_coupon_amt#377, d_year#469, s_store_name#552, s_zip#572, c_current_addr_sk#580L, d_year#497, d_year#525, hd_income_band_sk#632L, hd_income_band_sk#637L]
                  :     :     :     :     :  +- BroadcastHashJoin [c_current_hdemo_sk#579L], [hd_demo_sk#636L], Inner, BuildRight, false
                  :     :     :     :     :     :- Project [ss_item_sk#360L, ss_addr_sk#364L, ss_wholesale_cost#369, ss_list_price#370, ss_coupon_amt#377, d_year#469, s_store_name#552, s_zip#572, c_current_hdemo_sk#579L, c_current_addr_sk#580L, d_year#497, d_year#525, hd_income_band_sk#632L]
                  :     :     :     :     :     :  +- BroadcastHashJoin [ss_hdemo_sk#363L], [hd_demo_sk#631L], Inner, BuildRight, false
                  :     :     :     :     :     :     :- Project [ss_item_sk#360L, ss_hdemo_sk#363L, ss_addr_sk#364L, ss_wholesale_cost#369, ss_list_price#370, ss_coupon_amt#377, d_year#469, s_store_name#552, s_zip#572, c_current_hdemo_sk#579L, c_current_addr_sk#580L, d_year#497, d_year#525]
                  :     :     :     :     :     :     :  +- BroadcastHashJoin [ss_promo_sk#366L], [p_promo_sk#612L], Inner, BuildRight, false
                  :     :     :     :     :     :     :     :- Project [ss_item_sk#360L, ss_hdemo_sk#363L, ss_addr_sk#364L, ss_promo_sk#366L, ss_wholesale_cost#369, ss_list_price#370, ss_coupon_amt#377, d_year#469, s_store_name#552, s_zip#572, c_current_hdemo_sk#579L, c_current_addr_sk#580L, d_year#497, d_year#525]
                  :     :     :     :     :     :     :     :  +- BroadcastHashJoin [c_current_cdemo_sk#578L], [cd_demo_sk#603L], Inner, BuildRight, NOT (cd_marital_status#596 = cd_marital_status#605), false
                  :     :     :     :     :     :     :     :     :- Project [ss_item_sk#360L, ss_hdemo_sk#363L, ss_addr_sk#364L, ss_promo_sk#366L, ss_wholesale_cost#369, ss_list_price#370, ss_coupon_amt#377, d_year#469, s_store_name#552, s_zip#572, c_current_cdemo_sk#578L, c_current_hdemo_sk#579L, c_current_addr_sk#580L, d_year#497, d_year#525, cd_marital_status#596]
                  :     :     :     :     :     :     :     :     :  +- BroadcastHashJoin [ss_cdemo_sk#362L], [cd_demo_sk#594L], Inner, BuildRight, false
                  :     :     :     :     :     :     :     :     :     :- Project [ss_item_sk#360L, ss_cdemo_sk#362L, ss_hdemo_sk#363L, ss_addr_sk#364L, ss_promo_sk#366L, ss_wholesale_cost#369, ss_list_price#370, ss_coupon_amt#377, d_year#469, s_store_name#552, s_zip#572, c_current_cdemo_sk#578L, c_current_hdemo_sk#579L, c_current_addr_sk#580L, d_year#497, d_year#525]
                  :     :     :     :     :     :     :     :     :     :  +- BroadcastHashJoin [c_first_shipto_date_sk#581L], [d_date_sk#519L], Inner, BuildRight, false
                  :     :     :     :     :     :     :     :     :     :     :- Project [ss_item_sk#360L, ss_cdemo_sk#362L, ss_hdemo_sk#363L, ss_addr_sk#364L, ss_promo_sk#366L, ss_wholesale_cost#369, ss_list_price#370, ss_coupon_amt#377, d_year#469, s_store_name#552, s_zip#572, c_current_cdemo_sk#578L, c_current_hdemo_sk#579L, c_current_addr_sk#580L, c_first_shipto_date_sk#581L, d_year#497]
                  :     :     :     :     :     :     :     :     :     :     :  +- BroadcastHashJoin [c_first_sales_date_sk#582L], [d_date_sk#491L], Inner, BuildRight, false
                  :     :     :     :     :     :     :     :     :     :     :     :- Project [ss_item_sk#360L, ss_cdemo_sk#362L, ss_hdemo_sk#363L, ss_addr_sk#364L, ss_promo_sk#366L, ss_wholesale_cost#369, ss_list_price#370, ss_coupon_amt#377, d_year#469, s_store_name#552, s_zip#572, c_current_cdemo_sk#578L, c_current_hdemo_sk#579L, c_current_addr_sk#580L, c_first_shipto_date_sk#581L, c_first_sales_date_sk#582L]
                  :     :     :     :     :     :     :     :     :     :     :     :  +- SortMergeJoin [ss_customer_sk#361L], [c_customer_sk#576L], Inner
                  :     :     :     :     :     :     :     :     :     :     :     :     :- Project [ss_item_sk#360L, ss_customer_sk#361L, ss_cdemo_sk#362L, ss_hdemo_sk#363L, ss_addr_sk#364L, ss_promo_sk#366L, ss_wholesale_cost#369, ss_list_price#370, ss_coupon_amt#377, d_year#469, s_store_name#552, s_zip#572]
                  :     :     :     :     :     :     :     :     :     :     :     :     :  +- BroadcastHashJoin [ss_store_sk#365L], [s_store_sk#547L], Inner, BuildRight, false
                  :     :     :     :     :     :     :     :     :     :     :     :     :     :- Project [ss_item_sk#360L, ss_customer_sk#361L, ss_cdemo_sk#362L, ss_hdemo_sk#363L, ss_addr_sk#364L, ss_store_sk#365L, ss_promo_sk#366L, ss_wholesale_cost#369, ss_list_price#370, ss_coupon_amt#377, d_year#469]
                  :     :     :     :     :     :     :     :     :     :     :     :     :     :  +- BroadcastHashJoin [ss_sold_date_sk#381L], [d_date_sk#463L], Inner, BuildRight, false
                  :     :     :     :     :     :     :     :     :     :     :     :     :     :     :- Project [ss_item_sk#360L, ss_customer_sk#361L, ss_cdemo_sk#362L, ss_hdemo_sk#363L, ss_addr_sk#364L, ss_store_sk#365L, ss_promo_sk#366L, ss_wholesale_cost#369, ss_list_price#370, ss_coupon_amt#377, ss_sold_date_sk#381L]
                  :     :     :     :     :     :     :     :     :     :     :     :     :     :     :  +- SortMergeJoin [ss_item_sk#360L], [cs_item_sk#416L], Inner
                  :     :     :     :     :     :     :     :     :     :     :     :     :     :     :     :- Project [ss_item_sk#360L, ss_customer_sk#361L, ss_cdemo_sk#362L, ss_hdemo_sk#363L, ss_addr_sk#364L, ss_store_sk#365L, ss_promo_sk#366L, ss_wholesale_cost#369, ss_list_price#370, ss_coupon_amt#377, ss_sold_date_sk#381L]
                  :     :     :     :     :     :     :     :     :     :     :     :     :     :     :     :  +- SortMergeJoin [ss_item_sk#360L, ss_ticket_number#367L], [sr_item_sk#383L, sr_ticket_number#390L], Inner
                  :     :     :     :     :     :     :     :     :     :     :     :     :     :     :     :     :- Project [ss_item_sk#360L, ss_customer_sk#361L, ss_cdemo_sk#362L, ss_hdemo_sk#363L, ss_addr_sk#364L, ss_store_sk#365L, ss_promo_sk#366L, ss_ticket_number#367L, ss_wholesale_cost#369, ss_list_price#370, ss_coupon_amt#377, ss_sold_date_sk#381L]
                  :     :     :     :     :     :     :     :     :     :     :     :     :     :     :     :     :  +- Filter (((((((isnotnull(ss_item_sk#360L) AND isnotnull(ss_ticket_number#367L)) AND isnotnull(ss_store_sk#365L)) AND isnotnull(ss_customer_sk#361L)) AND isnotnull(ss_cdemo_sk#362L)) AND isnotnull(ss_promo_sk#366L)) AND isnotnull(ss_hdemo_sk#363L)) AND isnotnull(ss_addr_sk#364L))
                  :     :     :     :     :     :     :     :     :     :     :     :     :     :     :     :     :     +- FileScan orc tpcds_bin_partitioned_varchar_orc_1000.store_sales[ss_item_sk#360L,ss_customer_sk#361L,ss_cdemo_sk#362L,ss_hdemo_sk#363L,ss_addr_sk#364L,ss_store_sk#365L,ss_promo_sk#366L,ss_ticket_number#367L,ss_wholesale_cost#369,ss_list_price#370,ss_coupon_amt#377,ss_sold_date_sk#381L] Batched: true, DataFilters: [isnotnull(ss_item_sk#360L), isnotnull(ss_ticket_number#367L), isnotnull(ss_store_sk#365L), isnot..., Format: ORC, Location: InMemoryFileIndex[hdfs://vcloud-10-13:9000/user/hive/warehouse/tpcds_bin_partitioned_varchar_orc_..., PartitionFilters: [isnotnull(ss_sold_date_sk#381L), dynamicpruning#1016 [ss_sold_date_sk#381L]], PushedFilters: [IsNotNull(ss_item_sk), IsNotNull(ss_ticket_number), IsNotNull(ss_store_sk), IsNotNull(ss_custome..., ReadSchema: struct<ss_item_sk:bigint,ss_customer_sk:bigint,ss_cdemo_sk:bigint,ss_hdemo_sk:bigint,ss_addr_sk:b...
                  :     :     :     :     :     :     :     :     :     :     :     :     :     :     :     :     :           +- Project [d_date_sk#463L, d_year#469]
                  :     :     :     :     :     :     :     :     :     :     :     :     :     :     :     :     :              +- Filter ((isnotnull(d_year#469) AND (d_year#469 = 2000)) AND isnotnull(d_date_sk#463L))
                  :     :     :     :     :     :     :     :     :     :     :     :     :     :     :     :     :                 +- Relation[d_date_sk#463L,d_date_id#464,d_date#465,d_month_seq#466,d_week_seq#467,d_quarter_seq#468,d_year#469,d_dow#470,d_moy#471,d_dom#472,d_qoy#473,d_fy_year#474,d_fy_quarter_seq#475,d_fy_week_seq#476,d_day_name#477,d_quarter_name#478,d_holiday#479,d_weekend#480,d_following_holiday#481,d_first_dom#482,d_last_dom#483,d_same_day_ly#484,d_same_day_lq#485,d_current_day#486,... 4 more fields] orc
                  :     :     :     :     :     :     :     :     :     :     :     :     :     :     :     :     +- Project [sr_item_sk#383L, sr_ticket_number#390L]
                  :     :     :     :     :     :     :     :     :     :     :     :     :     :     :     :        +- Filter (isnotnull(sr_item_sk#383L) AND isnotnull(sr_ticket_number#390L))
                  :     :     :     :     :     :     :     :     :     :     :     :     :     :     :     :           +- FileScan orc tpcds_bin_partitioned_varchar_orc_1000.store_returns[sr_item_sk#383L,sr_ticket_number#390L,sr_returned_date_sk#401L] Batched: true, DataFilters: [isnotnull(sr_item_sk#383L), isnotnull(sr_ticket_number#390L)], Format: ORC, Location: CatalogFileIndex[hdfs://vcloud-10-13:9000/user/hive/warehouse/tpcds_bin_partitioned_varchar_orc_1..., PartitionFilters: [], PushedFilters: [IsNotNull(sr_item_sk), IsNotNull(sr_ticket_number)], ReadSchema: struct<sr_item_sk:bigint,sr_ticket_number:bigint>
                  :     :     :     :     :     :     :     :     :     :     :     :     :     :     :     +- Project [cs_item_sk#416L]
                  :     :     :     :     :     :     :     :     :     :     :     :     :     :     :        +- Filter (isnotnull(sum(cs_ext_list_price#426)#768) AND (cast(sum(cs_ext_list_price#426)#768 as decimal(21,2)) > CheckOverflow((2.00 * promote_precision(sum(CheckOverflow((promote_precision(cast(CheckOverflow((promote_precision(cast(cr_refunded_cash#458 as decimal(8,2))) + promote_precision(cast(cr_reversed_charge#459 as decimal(8,2)))), DecimalType(8,2), true) as decimal(9,2))) + promote_precision(cast(cr_store_credit#460 as decimal(9,2)))), DecimalType(9,2), true))#769)), DecimalType(21,2), true)))
                  :     :     :     :     :     :     :     :     :     :     :     :     :     :     :           +- HashAggregate(keys=[cs_item_sk#416L], functions=[sum(UnscaledValue(cs_ext_list_price#426)), sum(CheckOverflow((promote_precision(cast(CheckOverflow((promote_precision(cast(cr_refunded_cash#458 as decimal(8,2))) + promote_precision(cast(cr_reversed_charge#459 as decimal(8,2)))), DecimalType(8,2), true) as decimal(9,2))) + promote_precision(cast(cr_store_credit#460 as decimal(9,2)))), DecimalType(9,2), true))], output=[cs_item_sk#416L, sum(cs_ext_list_price#426)#768, sum(CheckOverflow((promote_precision(cast(CheckOverflow((promote_precision(cast(cr_refunded_cash#458 as decimal(8,2))) + promote_precision(cast(cr_reversed_charge#459 as decimal(8,2)))), DecimalType(8,2), true) as decimal(9,2))) + promote_precision(cast(cr_store_credit#460 as decimal(9,2)))), DecimalType(9,2), true))#769])
                  :     :     :     :     :     :     :     :     :     :     :     :     :     :     :              +- HashAggregate(keys=[cs_item_sk#416L], functions=[partial_sum(UnscaledValue(cs_ext_list_price#426)), partial_sum(CheckOverflow((promote_precision(cast(CheckOverflow((promote_precision(cast(cr_refunded_cash#458 as decimal(8,2))) + promote_precision(cast(cr_reversed_charge#459 as decimal(8,2)))), DecimalType(8,2), true) as decimal(9,2))) + promote_precision(cast(cr_store_credit#460 as decimal(9,2)))), DecimalType(9,2), true))], output=[cs_item_sk#416L, sum#1042L, sum#1043, isEmpty#1044])
                  :     :     :     :     :     :     :     :     :     :     :     :     :     :     :                 +- Project [cs_item_sk#416L, cs_ext_list_price#426, cr_refunded_cash#458, cr_reversed_charge#459, cr_store_credit#460]
                  :     :     :     :     :     :     :     :     :     :     :     :     :     :     :                    +- SortMergeJoin [cs_item_sk#416L, cs_order_number#418L], [cr_item_sk#437L, cr_order_number#451L], Inner
                  :     :     :     :     :     :     :     :     :     :     :     :     :     :     :                       :- Project [cs_item_sk#416L, cs_order_number#418L, cs_ext_list_price#426]
                  :     :     :     :     :     :     :     :     :     :     :     :     :     :     :                       :  +- Filter (isnotnull(cs_item_sk#416L) AND isnotnull(cs_order_number#418L))
                  :     :     :     :     :     :     :     :     :     :     :     :     :     :     :                       :     +- FileScan orc tpcds_bin_partitioned_varchar_orc_1000.catalog_sales[cs_item_sk#416L,cs_order_number#418L,cs_ext_list_price#426,cs_sold_date_sk#435L] Batched: true, DataFilters: [isnotnull(cs_item_sk#416L), isnotnull(cs_order_number#418L)], Format: ORC, Location: CatalogFileIndex[hdfs://vcloud-10-13:9000/user/hive/warehouse/tpcds_bin_partitioned_varchar_orc_1..., PartitionFilters: [], PushedFilters: [IsNotNull(cs_item_sk), IsNotNull(cs_order_number)], ReadSchema: struct<cs_item_sk:bigint,cs_order_number:bigint,cs_ext_list_price:decimal(7,2)>
                  :     :     :     :     :     :     :     :     :     :     :     :     :     :     :                       +- Project [cr_item_sk#437L, cr_order_number#451L, cr_refunded_cash#458, cr_reversed_charge#459, cr_store_credit#460]
                  :     :     :     :     :     :     :     :     :     :     :     :     :     :     :                          +- Filter (isnotnull(cr_item_sk#437L) AND isnotnull(cr_order_number#451L))
                  :     :     :     :     :     :     :     :     :     :     :     :     :     :     :                             +- FileScan orc tpcds_bin_partitioned_varchar_orc_1000.catalog_returns[cr_item_sk#437L,cr_order_number#451L,cr_refunded_cash#458,cr_reversed_charge#459,cr_store_credit#460,cr_returned_date_sk#462L] Batched: true, DataFilters: [isnotnull(cr_item_sk#437L), isnotnull(cr_order_number#451L)], Format: ORC, Location: CatalogFileIndex[hdfs://vcloud-10-13:9000/user/hive/warehouse/tpcds_bin_partitioned_varchar_orc_1..., PartitionFilters: [], PushedFilters: [IsNotNull(cr_item_sk), IsNotNull(cr_order_number)], ReadSchema: struct<cr_item_sk:bigint,cr_order_number:bigint,cr_refunded_cash:decimal(7,2),cr_reversed_charge:...
                  :     :     :     :     :     :     :     :     :     :     :     :     :     :     +- Project [d_date_sk#463L, d_year#469]
                  :     :     :     :     :     :     :     :     :     :     :     :     :     :        +- Filter ((isnotnull(d_year#469) AND (d_year#469 = 2000)) AND isnotnull(d_date_sk#463L))
                  :     :     :     :     :     :     :     :     :     :     :     :     :     :           +- FileScan orc tpcds_bin_partitioned_varchar_orc_1000.date_dim[d_date_sk#463L,d_year#469] Batched: true, DataFilters: [isnotnull(d_year#469), (d_year#469 = 2000), isnotnull(d_date_sk#463L)], Format: ORC, Location: InMemoryFileIndex[hdfs://vcloud-10-13:9000/user/hive/warehouse/tpcds_bin_partitioned_varchar_orc_..., PartitionFilters: [], PushedFilters: [IsNotNull(d_year), EqualTo(d_year,2000), IsNotNull(d_date_sk)], ReadSchema: struct<d_date_sk:bigint,d_year:int>
                  :     :     :     :     :     :     :     :     :     :     :     :     :     +- Project [s_store_sk#547L, s_store_name#552, s_zip#572]
                  :     :     :     :     :     :     :     :     :     :     :     :     :        +- Filter ((isnotnull(s_store_sk#547L) AND isnotnull(s_store_name#552)) AND isnotnull(s_zip#572))
                  :     :     :     :     :     :     :     :     :     :     :     :     :           +- FileScan orc tpcds_bin_partitioned_varchar_orc_1000.store[s_store_sk#547L,s_store_name#552,s_zip#572] Batched: true, DataFilters: [isnotnull(s_store_sk#547L), isnotnull(s_store_name#552), isnotnull(s_zip#572)], Format: ORC, Location: InMemoryFileIndex[hdfs://vcloud-10-13:9000/user/hive/warehouse/tpcds_bin_partitioned_varchar_orc_..., PartitionFilters: [], PushedFilters: [IsNotNull(s_store_sk), IsNotNull(s_store_name), IsNotNull(s_zip)], ReadSchema: struct<s_store_sk:bigint,s_store_name:string,s_zip:string>
                  :     :     :     :     :     :     :     :     :     :     :     :     +- Project [c_customer_sk#576L, c_current_cdemo_sk#578L, c_current_hdemo_sk#579L, c_current_addr_sk#580L, c_first_shipto_date_sk#581L, c_first_sales_date_sk#582L]
                  :     :     :     :     :     :     :     :     :     :     :     :        +- Filter (((((isnotnull(c_customer_sk#576L) AND isnotnull(c_first_sales_date_sk#582L)) AND isnotnull(c_first_shipto_date_sk#581L)) AND isnotnull(c_current_cdemo_sk#578L)) AND isnotnull(c_current_hdemo_sk#579L)) AND isnotnull(c_current_addr_sk#580L))
                  :     :     :     :     :     :     :     :     :     :     :     :           +- FileScan orc tpcds_bin_partitioned_varchar_orc_1000.customer[c_customer_sk#576L,c_current_cdemo_sk#578L,c_current_hdemo_sk#579L,c_current_addr_sk#580L,c_first_shipto_date_sk#581L,c_first_sales_date_sk#582L] Batched: true, DataFilters: [isnotnull(c_customer_sk#576L), isnotnull(c_first_sales_date_sk#582L), isnotnull(c_first_shipto_d..., Format: ORC, Location: InMemoryFileIndex[hdfs://vcloud-10-13:9000/user/hive/warehouse/tpcds_bin_partitioned_varchar_orc_..., PartitionFilters: [], PushedFilters: [IsNotNull(c_customer_sk), IsNotNull(c_first_sales_date_sk), IsNotNull(c_first_shipto_date_sk), I..., ReadSchema: struct<c_customer_sk:bigint,c_current_cdemo_sk:bigint,c_current_hdemo_sk:bigint,c_current_addr_sk...
                  :     :     :     :     :     :     :     :     :     :     :     +- Project [d_date_sk#491L, d_year#497]
                  :     :     :     :     :     :     :     :     :     :     :        +- Filter isnotnull(d_date_sk#491L)
                  :     :     :     :     :     :     :     :     :     :     :           +- FileScan orc tpcds_bin_partitioned_varchar_orc_1000.date_dim[d_date_sk#491L,d_year#497] Batched: true, DataFilters: [isnotnull(d_date_sk#491L)], Format: ORC, Location: InMemoryFileIndex[hdfs://vcloud-10-13:9000/user/hive/warehouse/tpcds_bin_partitioned_varchar_orc_..., PartitionFilters: [], PushedFilters: [IsNotNull(d_date_sk)], ReadSchema: struct<d_date_sk:bigint,d_year:int>
                  :     :     :     :     :     :     :     :     :     :     +- Project [d_date_sk#519L, d_year#525]
                  :     :     :     :     :     :     :     :     :     :        +- Filter isnotnull(d_date_sk#519L)
                  :     :     :     :     :     :     :     :     :     :           +- FileScan orc tpcds_bin_partitioned_varchar_orc_1000.date_dim[d_date_sk#519L,d_year#525] Batched: true, DataFilters: [isnotnull(d_date_sk#519L)], Format: ORC, Location: InMemoryFileIndex[hdfs://vcloud-10-13:9000/user/hive/warehouse/tpcds_bin_partitioned_varchar_orc_..., PartitionFilters: [], PushedFilters: [IsNotNull(d_date_sk)], ReadSchema: struct<d_date_sk:bigint,d_year:int>
                  :     :     :     :     :     :     :     :     :     +- Project [cd_demo_sk#594L, cd_marital_status#596]
                  :     :     :     :     :     :     :     :     :        +- Filter (isnotnull(cd_demo_sk#594L) AND isnotnull(cd_marital_status#596))
                  :     :     :     :     :     :     :     :     :           +- FileScan orc tpcds_bin_partitioned_varchar_orc_1000.customer_demographics[cd_demo_sk#594L,cd_marital_status#596] Batched: true, DataFilters: [isnotnull(cd_demo_sk#594L), isnotnull(cd_marital_status#596)], Format: ORC, Location: InMemoryFileIndex[hdfs://vcloud-10-13:9000/user/hive/warehouse/tpcds_bin_partitioned_varchar_orc_..., PartitionFilters: [], PushedFilters: [IsNotNull(cd_demo_sk), IsNotNull(cd_marital_status)], ReadSchema: struct<cd_demo_sk:bigint,cd_marital_status:string>
                  :     :     :     :     :     :     :     :     +- Project [cd_demo_sk#603L, cd_marital_status#605]
                  :     :     :     :     :     :     :     :        +- Filter (isnotnull(cd_demo_sk#603L) AND isnotnull(cd_marital_status#605))
                  :     :     :     :     :     :     :     :           +- FileScan orc tpcds_bin_partitioned_varchar_orc_1000.customer_demographics[cd_demo_sk#603L,cd_marital_status#605] Batched: true, DataFilters: [isnotnull(cd_demo_sk#603L), isnotnull(cd_marital_status#605)], Format: ORC, Location: InMemoryFileIndex[hdfs://vcloud-10-13:9000/user/hive/warehouse/tpcds_bin_partitioned_varchar_orc_..., PartitionFilters: [], PushedFilters: [IsNotNull(cd_demo_sk), IsNotNull(cd_marital_status)], ReadSchema: struct<cd_demo_sk:bigint,cd_marital_status:string>
                  :     :     :     :     :     :     :     +- Project [p_promo_sk#612L]
                  :     :     :     :     :     :     :        +- Filter isnotnull(p_promo_sk#612L)
                  :     :     :     :     :     :     :           +- FileScan orc tpcds_bin_partitioned_varchar_orc_1000.promotion[p_promo_sk#612L] Batched: true, DataFilters: [isnotnull(p_promo_sk#612L)], Format: ORC, Location: InMemoryFileIndex[hdfs://vcloud-10-13:9000/user/hive/warehouse/tpcds_bin_partitioned_varchar_orc_..., PartitionFilters: [], PushedFilters: [IsNotNull(p_promo_sk)], ReadSchema: struct<p_promo_sk:bigint>
                  :     :     :     :     :     :     +- Project [hd_demo_sk#631L, hd_income_band_sk#632L]
                  :     :     :     :     :     :        +- Filter (isnotnull(hd_demo_sk#631L) AND isnotnull(hd_income_band_sk#632L))
                  :     :     :     :     :     :           +- FileScan orc tpcds_bin_partitioned_varchar_orc_1000.household_demographics[hd_demo_sk#631L,hd_income_band_sk#632L] Batched: true, DataFilters: [isnotnull(hd_demo_sk#631L), isnotnull(hd_income_band_sk#632L)], Format: ORC, Location: InMemoryFileIndex[hdfs://vcloud-10-13:9000/user/hive/warehouse/tpcds_bin_partitioned_varchar_orc_..., PartitionFilters: [], PushedFilters: [IsNotNull(hd_demo_sk), IsNotNull(hd_income_band_sk)], ReadSchema: struct<hd_demo_sk:bigint,hd_income_band_sk:bigint>
                  :     :     :     :     :     +- Project [hd_demo_sk#636L, hd_income_band_sk#637L]
                  :     :     :     :     :        +- Filter (isnotnull(hd_demo_sk#636L) AND isnotnull(hd_income_band_sk#637L))
                  :     :     :     :     :           +- FileScan orc tpcds_bin_partitioned_varchar_orc_1000.household_demographics[hd_demo_sk#636L,hd_income_band_sk#637L] Batched: true, DataFilters: [isnotnull(hd_demo_sk#636L), isnotnull(hd_income_band_sk#637L)], Format: ORC, Location: InMemoryFileIndex[hdfs://vcloud-10-13:9000/user/hive/warehouse/tpcds_bin_partitioned_varchar_orc_..., PartitionFilters: [], PushedFilters: [IsNotNull(hd_demo_sk), IsNotNull(hd_income_band_sk)], ReadSchema: struct<hd_demo_sk:bigint,hd_income_band_sk:bigint>
                  :     :     :     :     +- Project [ca_address_sk#641L, ca_street_number#643, ca_street_name#644, ca_city#647, ca_zip#650]
                  :     :     :     :        +- Filter isnotnull(ca_address_sk#641L)
                  :     :     :     :           +- FileScan orc tpcds_bin_partitioned_varchar_orc_1000.customer_address[ca_address_sk#641L,ca_street_number#643,ca_street_name#644,ca_city#647,ca_zip#650] Batched: true, DataFilters: [isnotnull(ca_address_sk#641L)], Format: ORC, Location: InMemoryFileIndex[hdfs://vcloud-10-13:9000/user/hive/warehouse/tpcds_bin_partitioned_varchar_orc_..., PartitionFilters: [], PushedFilters: [IsNotNull(ca_address_sk)], ReadSchema: struct<ca_address_sk:bigint,ca_street_number:string,ca_street_name:string,ca_city:string,ca_zip:s...
                  :     :     :     +- Project [ca_address_sk#654L, ca_street_number#656, ca_street_name#657, ca_city#660, ca_zip#663]
                  :     :     :        +- Filter isnotnull(ca_address_sk#654L)
                  :     :     :           +- FileScan orc tpcds_bin_partitioned_varchar_orc_1000.customer_address[ca_address_sk#654L,ca_street_number#656,ca_street_name#657,ca_city#660,ca_zip#663] Batched: true, DataFilters: [isnotnull(ca_address_sk#654L)], Format: ORC, Location: InMemoryFileIndex[hdfs://vcloud-10-13:9000/user/hive/warehouse/tpcds_bin_partitioned_varchar_orc_..., PartitionFilters: [], PushedFilters: [IsNotNull(ca_address_sk)], ReadSchema: struct<ca_address_sk:bigint,ca_street_number:string,ca_street_name:string,ca_city:string,ca_zip:s...
                  :     :     +- Project [ib_income_band_sk#667L]
                  :     :        +- Filter isnotnull(ib_income_band_sk#667L)
                  :     :           +- FileScan orc tpcds_bin_partitioned_varchar_orc_1000.income_band[ib_income_band_sk#667L] Batched: true, DataFilters: [isnotnull(ib_income_band_sk#667L)], Format: ORC, Location: InMemoryFileIndex[hdfs://vcloud-10-13:9000/user/hive/warehouse/tpcds_bin_partitioned_varchar_orc_..., PartitionFilters: [], PushedFilters: [IsNotNull(ib_income_band_sk)], ReadSchema: struct<ib_income_band_sk:bigint>
                  :     +- Project [ib_income_band_sk#670L]
                  :        +- Filter isnotnull(ib_income_band_sk#670L)
                  :           +- FileScan orc tpcds_bin_partitioned_varchar_orc_1000.income_band[ib_income_band_sk#670L] Batched: true, DataFilters: [isnotnull(ib_income_band_sk#670L)], Format: ORC, Location: InMemoryFileIndex[hdfs://vcloud-10-13:9000/user/hive/warehouse/tpcds_bin_partitioned_varchar_orc_..., PartitionFilters: [], PushedFilters: [IsNotNull(ib_income_band_sk)], ReadSchema: struct<ib_income_band_sk:bigint>
                  +- Project [i_item_sk#673L, i_product_name#694]
                     +- Filter ((((((isnotnull(i_current_price#678) AND i_color#690 IN (purple,burlywood,indian,spring,floral,medium)) AND (i_current_price#678 >= 64.00)) AND (i_current_price#678 <= 74.00)) AND (i_current_price#678 >= 65.00)) AND (i_current_price#678 <= 79.00)) AND isnotnull(i_item_sk#673L))
                        +- FileScan orc tpcds_bin_partitioned_varchar_orc_1000.item[i_item_sk#673L,i_current_price#678,i_color#690,i_product_name#694] Batched: true, DataFilters: [isnotnull(i_current_price#678), i_color#690 IN (purple,burlywood,indian,spring,floral,medium), (..., Format: ORC, Location: InMemoryFileIndex[hdfs://vcloud-10-13:9000/user/hive/warehouse/tpcds_bin_partitioned_varchar_orc_..., PartitionFilters: [], PushedFilters: [IsNotNull(i_current_price), In(i_color, [purple,burlywood,indian,spring,floral,medium]), Greater..., ReadSchema: struct<i_item_sk:bigint,i_current_price:decimal(7,2),i_color:string,i_product_name:string>
.
Time taken: 229.711 seconds, Fetched 11492 row(s)
