24/04/26 15:02:06 WARN Utils: Your hostname, vcloud-10-13 resolves to a loopback address: 127.0.0.1; using 21.21.36.153 instead (on interface eno1)
24/04/26 15:02:06 WARN Utils: Set SPARK_LOCAL_IP if you need to bind to another address
24/04/26 15:02:06 WARN NativeCodeLoader: Unable to load native-hadoop library for your platform... using builtin-java classes where applicable
Setting default log level to "WARN".
To adjust logging level use sc.setLogLevel(newLevel). For SparkR, use setLogLevel(newLevel).
24/04/26 15:02:08 WARN Client: Neither spark.yarn.jars nor spark.yarn.archive is set, falling back to uploading libraries under SPARK_HOME.
Spark master: yarn, Application Id: application_1714105099579_0117
24/04/26 15:02:26 WARN SessionState: METASTORE_FILTER_HOOK will be ignored, since hive.security.authorization.manager is set to instance of HiveAuthorizerFactory.
24/04/26 15:02:30 WARN package: Truncated the string representation of a plan since it was too large. This behavior can be adjusted by setting 'spark.sql.debug.maxToStringFields'.
24/04/26 15:02:30 WARN InsertAdaptiveSparkPlan: spark.sql.adaptive.enabled is enabled but is not supported for query: HashAggregate(keys=[], functions=[avg(cast(ss_quantity#9 as bigint)), avg(UnscaledValue(ss_ext_sales_price#14)), avg(UnscaledValue(ss_ext_wholesale_cost#15)), sum(UnscaledValue(ss_ext_wholesale_cost#15))], output=[avg(ss_quantity)#111, avg(ss_ext_sales_price)#112, avg(ss_ext_wholesale_cost)#113, sum(ss_ext_wholesale_cost)#114])
+- HashAggregate(keys=[], functions=[partial_avg(cast(ss_quantity#9 as bigint)), partial_avg(UnscaledValue(ss_ext_sales_price#14)), partial_avg(UnscaledValue(ss_ext_wholesale_cost#15)), partial_sum(UnscaledValue(ss_ext_wholesale_cost#15))], output=[sum#234, count#235L, sum#236, count#237L, sum#238, count#239L, sum#240L])
   +- Project [ss_quantity#9, ss_ext_sales_price#14, ss_ext_wholesale_cost#15]
      +- BroadcastHashJoin [ss_hdemo_sk#4L], [hd_demo_sk#61L], Inner, BuildRight, (((((((cd_marital_status#54 = M) AND (cd_education_status#55 = Advanced Degree)) AND (ss_sales_price#12 >= 100.00)) AND (ss_sales_price#12 <= 150.00)) AND (hd_dep_count#64 = 3)) OR (((((cd_marital_status#54 = S) AND (cd_education_status#55 = College)) AND (ss_sales_price#12 >= 50.00)) AND (ss_sales_price#12 <= 100.00)) AND (hd_dep_count#64 = 1))) OR (((((cd_marital_status#54 = W) AND (cd_education_status#55 = 2 yr Degree)) AND (ss_sales_price#12 >= 150.00)) AND (ss_sales_price#12 <= 200.00)) AND (hd_dep_count#64 = 1))), false
         :- Project [ss_hdemo_sk#4L, ss_quantity#9, ss_sales_price#12, ss_ext_sales_price#14, ss_ext_wholesale_cost#15, cd_marital_status#54, cd_education_status#55]
         :  +- BroadcastHashJoin [ss_cdemo_sk#3L], [cd_demo_sk#52L], Inner, BuildRight, ((((((cd_marital_status#54 = M) AND (cd_education_status#55 = Advanced Degree)) AND (ss_sales_price#12 >= 100.00)) AND (ss_sales_price#12 <= 150.00)) OR ((((cd_marital_status#54 = S) AND (cd_education_status#55 = College)) AND (ss_sales_price#12 >= 50.00)) AND (ss_sales_price#12 <= 100.00))) OR ((((cd_marital_status#54 = W) AND (cd_education_status#55 = 2 yr Degree)) AND (ss_sales_price#12 >= 150.00)) AND (ss_sales_price#12 <= 200.00))), false
         :     :- Project [ss_cdemo_sk#3L, ss_hdemo_sk#4L, ss_quantity#9, ss_sales_price#12, ss_ext_sales_price#14, ss_ext_wholesale_cost#15]
         :     :  +- BroadcastHashJoin [ss_sold_date_sk#22L], [d_date_sk#79L], Inner, BuildRight, false
         :     :     :- Project [ss_cdemo_sk#3L, ss_hdemo_sk#4L, ss_quantity#9, ss_sales_price#12, ss_ext_sales_price#14, ss_ext_wholesale_cost#15, ss_sold_date_sk#22L]
         :     :     :  +- BroadcastHashJoin [ss_addr_sk#5L], [ca_address_sk#66L], Inner, BuildRight, ((((ca_state#74 IN (TX,OH) AND (ss_net_profit#21 >= 100.00)) AND (ss_net_profit#21 <= 200.00)) OR ((ca_state#74 IN (OR,NM,KY) AND (ss_net_profit#21 >= 150.00)) AND (ss_net_profit#21 <= 300.00))) OR ((ca_state#74 IN (VA,TX,MS) AND (ss_net_profit#21 >= 50.00)) AND (ss_net_profit#21 <= 250.00))), false
         :     :     :     :- Project [ss_cdemo_sk#3L, ss_hdemo_sk#4L, ss_addr_sk#5L, ss_quantity#9, ss_sales_price#12, ss_ext_sales_price#14, ss_ext_wholesale_cost#15, ss_net_profit#21, ss_sold_date_sk#22L]
         :     :     :     :  +- BroadcastHashJoin [ss_store_sk#6L], [s_store_sk#23L], Inner, BuildRight, false
         :     :     :     :     :- Project [ss_cdemo_sk#3L, ss_hdemo_sk#4L, ss_addr_sk#5L, ss_store_sk#6L, ss_quantity#9, ss_sales_price#12, ss_ext_sales_price#14, ss_ext_wholesale_cost#15, ss_net_profit#21, ss_sold_date_sk#22L]
         :     :     :     :     :  +- Filter (((((isnotnull(ss_store_sk#6L) AND isnotnull(ss_addr_sk#5L)) AND isnotnull(ss_cdemo_sk#3L)) AND isnotnull(ss_hdemo_sk#4L)) AND ((((ss_net_profit#21 >= 100.00) AND (ss_net_profit#21 <= 200.00)) OR ((ss_net_profit#21 >= 150.00) AND (ss_net_profit#21 <= 300.00))) OR ((ss_net_profit#21 >= 50.00) AND (ss_net_profit#21 <= 250.00)))) AND ((((ss_sales_price#12 >= 100.00) AND (ss_sales_price#12 <= 150.00)) OR ((ss_sales_price#12 >= 50.00) AND (ss_sales_price#12 <= 100.00))) OR ((ss_sales_price#12 >= 150.00) AND (ss_sales_price#12 <= 200.00))))
         :     :     :     :     :     +- FileScan orc tpcds_bin_partitioned_varchar_orc_1000.store_sales[ss_cdemo_sk#3L,ss_hdemo_sk#4L,ss_addr_sk#5L,ss_store_sk#6L,ss_quantity#9,ss_sales_price#12,ss_ext_sales_price#14,ss_ext_wholesale_cost#15,ss_net_profit#21,ss_sold_date_sk#22L] Batched: true, DataFilters: [isnotnull(ss_store_sk#6L), isnotnull(ss_addr_sk#5L), isnotnull(ss_cdemo_sk#3L), isnotnull(ss_hde..., Format: ORC, Location: InMemoryFileIndex[hdfs://vcloud-10-13:9000/user/hive/warehouse/tpcds_bin_partitioned_varchar_orc_..., PartitionFilters: [isnotnull(ss_sold_date_sk#22L), dynamicpruning#226 [ss_sold_date_sk#22L]], PushedFilters: [IsNotNull(ss_store_sk), IsNotNull(ss_addr_sk), IsNotNull(ss_cdemo_sk), IsNotNull(ss_hdemo_sk), O..., ReadSchema: struct<ss_cdemo_sk:bigint,ss_hdemo_sk:bigint,ss_addr_sk:bigint,ss_store_sk:bigint,ss_quantity:int...
         :     :     :     :     :           +- Project [d_date_sk#79L]
         :     :     :     :     :              +- Filter ((isnotnull(d_year#85) AND (d_year#85 = 2001)) AND isnotnull(d_date_sk#79L))
         :     :     :     :     :                 +- Relation[d_date_sk#79L,d_date_id#80,d_date#81,d_month_seq#82,d_week_seq#83,d_quarter_seq#84,d_year#85,d_dow#86,d_moy#87,d_dom#88,d_qoy#89,d_fy_year#90,d_fy_quarter_seq#91,d_fy_week_seq#92,d_day_name#93,d_quarter_name#94,d_holiday#95,d_weekend#96,d_following_holiday#97,d_first_dom#98,d_last_dom#99,d_same_day_ly#100,d_same_day_lq#101,d_current_day#102,... 4 more fields] orc
         :     :     :     :     +- Project [s_store_sk#23L]
         :     :     :     :        +- Filter isnotnull(s_store_sk#23L)
         :     :     :     :           +- FileScan orc tpcds_bin_partitioned_varchar_orc_1000.store[s_store_sk#23L] Batched: true, DataFilters: [isnotnull(s_store_sk#23L)], Format: ORC, Location: InMemoryFileIndex[hdfs://vcloud-10-13:9000/user/hive/warehouse/tpcds_bin_partitioned_varchar_orc_..., PartitionFilters: [], PushedFilters: [IsNotNull(s_store_sk)], ReadSchema: struct<s_store_sk:bigint>
         :     :     :     +- Project [ca_address_sk#66L, ca_state#74]
         :     :     :        +- Filter (((isnotnull(ca_country#76) AND (ca_country#76 = United States)) AND isnotnull(ca_address_sk#66L)) AND ((ca_state#74 IN (TX,OH) OR ca_state#74 IN (OR,NM,KY)) OR ca_state#74 IN (VA,TX,MS)))
         :     :     :           +- FileScan orc tpcds_bin_partitioned_varchar_orc_1000.customer_address[ca_address_sk#66L,ca_state#74,ca_country#76] Batched: true, DataFilters: [isnotnull(ca_country#76), (ca_country#76 = United States), isnotnull(ca_address_sk#66L), ((ca_st..., Format: ORC, Location: InMemoryFileIndex[hdfs://vcloud-10-13:9000/user/hive/warehouse/tpcds_bin_partitioned_varchar_orc_..., PartitionFilters: [], PushedFilters: [IsNotNull(ca_country), EqualTo(ca_country,United States), IsNotNull(ca_address_sk), Or(Or(In(ca_..., ReadSchema: struct<ca_address_sk:bigint,ca_state:string,ca_country:string>
         :     :     +- Project [d_date_sk#79L]
         :     :        +- Filter ((isnotnull(d_year#85) AND (d_year#85 = 2001)) AND isnotnull(d_date_sk#79L))
         :     :           +- FileScan orc tpcds_bin_partitioned_varchar_orc_1000.date_dim[d_date_sk#79L,d_year#85] Batched: true, DataFilters: [isnotnull(d_year#85), (d_year#85 = 2001), isnotnull(d_date_sk#79L)], Format: ORC, Location: InMemoryFileIndex[hdfs://vcloud-10-13:9000/user/hive/warehouse/tpcds_bin_partitioned_varchar_orc_..., PartitionFilters: [], PushedFilters: [IsNotNull(d_year), EqualTo(d_year,2001), IsNotNull(d_date_sk)], ReadSchema: struct<d_date_sk:bigint,d_year:int>
         :     +- Project [cd_demo_sk#52L, cd_marital_status#54, cd_education_status#55]
         :        +- Filter (isnotnull(cd_demo_sk#52L) AND ((((cd_marital_status#54 = M) AND (cd_education_status#55 = Advanced Degree)) OR ((cd_marital_status#54 = S) AND (cd_education_status#55 = College))) OR ((cd_marital_status#54 = W) AND (cd_education_status#55 = 2 yr Degree))))
         :           +- FileScan orc tpcds_bin_partitioned_varchar_orc_1000.customer_demographics[cd_demo_sk#52L,cd_marital_status#54,cd_education_status#55] Batched: true, DataFilters: [isnotnull(cd_demo_sk#52L), ((((cd_marital_status#54 = M) AND (cd_education_status#55 = Advanced ..., Format: ORC, Location: InMemoryFileIndex[hdfs://vcloud-10-13:9000/user/hive/warehouse/tpcds_bin_partitioned_varchar_orc_..., PartitionFilters: [], PushedFilters: [IsNotNull(cd_demo_sk), Or(Or(And(EqualTo(cd_marital_status,M),EqualTo(cd_education_status,Advanc..., ReadSchema: struct<cd_demo_sk:bigint,cd_marital_status:string,cd_education_status:string>
         +- Project [hd_demo_sk#61L, hd_dep_count#64]
            +- Filter (isnotnull(hd_demo_sk#61L) AND (((hd_dep_count#64 = 3) OR (hd_dep_count#64 = 1)) OR (hd_dep_count#64 = 1)))
               +- FileScan orc tpcds_bin_partitioned_varchar_orc_1000.household_demographics[hd_demo_sk#61L,hd_dep_count#64] Batched: true, DataFilters: [isnotnull(hd_demo_sk#61L), (((hd_dep_count#64 = 3) OR (hd_dep_count#64 = 1)) OR (hd_dep_count#64..., Format: ORC, Location: InMemoryFileIndex[hdfs://vcloud-10-13:9000/user/hive/warehouse/tpcds_bin_partitioned_varchar_orc_..., PartitionFilters: [], PushedFilters: [IsNotNull(hd_demo_sk), Or(Or(EqualTo(hd_dep_count,3),EqualTo(hd_dep_count,1)),EqualTo(hd_dep_cou..., ReadSchema: struct<hd_demo_sk:bigint,hd_dep_count:int>
.
Time taken: 25.071 seconds, Fetched 1 row(s)
