24/04/26 15:54:17 WARN Utils: Your hostname, vcloud-10-13 resolves to a loopback address: 127.0.0.1; using 21.21.36.153 instead (on interface eno1)
24/04/26 15:54:17 WARN Utils: Set SPARK_LOCAL_IP if you need to bind to another address
24/04/26 15:54:17 WARN NativeCodeLoader: Unable to load native-hadoop library for your platform... using builtin-java classes where applicable
Setting default log level to "WARN".
To adjust logging level use sc.setLogLevel(newLevel). For SparkR, use setLogLevel(newLevel).
24/04/26 15:54:19 WARN Client: Neither spark.yarn.jars nor spark.yarn.archive is set, falling back to uploading libraries under SPARK_HOME.
Spark master: yarn, Application Id: application_1714105099579_0155
24/04/26 15:54:37 WARN SessionState: METASTORE_FILTER_HOOK will be ignored, since hive.security.authorization.manager is set to instance of HiveAuthorizerFactory.
24/04/26 15:54:42 WARN package: Truncated the string representation of a plan since it was too large. This behavior can be adjusted by setting 'spark.sql.debug.maxToStringFields'.
24/04/26 15:54:42 WARN InsertAdaptiveSparkPlan: spark.sql.adaptive.enabled is enabled but is not supported for query: TakeOrderedAndProject(limit=100, orderBy=[CheckOverflow((promote_precision(cast(sum_sales#0 as decimal(22,6))) - promote_precision(cast(avg_monthly_sales#1 as decimal(22,6)))), DecimalType(22,6), true) ASC NULLS FIRST,s_store_name#89 ASC NULLS FIRST], output=[i_category#23,i_brand#19,s_store_name#89,s_company_name#101,d_year#62,d_moy#64,avg_monthly_sales#1,sum_sales#0,psum#3,nsum#4])
+- Project [i_category#23, i_brand#19, s_store_name#89, s_company_name#101, d_year#62, d_moy#64, avg_monthly_sales#1, sum_sales#0, sum_sales#379 AS psum#3, sum_sales#407 AS nsum#4]
   +- SortMergeJoin [i_category#23, i_brand#19, s_store_name#89, s_company_name#101, rn#2], [i_category#227, i_brand#223, s_store_name#293, s_company_name#305, (rn#381 - 1)], Inner
      :- Project [i_category#23, i_brand#19, s_store_name#89, s_company_name#101, d_year#62, d_moy#64, sum_sales#0, avg_monthly_sales#1, rn#2, sum_sales#379]
      :  +- SortMergeJoin [i_category#23, i_brand#19, s_store_name#89, s_company_name#101, rn#2], [i_category#125, i_brand#121, s_store_name#191, s_company_name#203, (rn#353 + 1)], Inner
      :     :- Filter (((((isnotnull(d_year#62) AND isnotnull(avg_monthly_sales#1)) AND (d_year#62 = 1999)) AND (avg_monthly_sales#1 > 0.000000)) AND (CASE WHEN (avg_monthly_sales#1 > 0.000000) THEN CheckOverflow((promote_precision(abs(CheckOverflow((promote_precision(cast(sum_sales#0 as decimal(22,6))) - promote_precision(cast(avg_monthly_sales#1 as decimal(22,6)))), DecimalType(22,6), true))) / promote_precision(cast(avg_monthly_sales#1 as decimal(22,6)))), DecimalType(38,16), true) ELSE null END > 0.1000000000000000)) AND isnotnull(rn#2))
      :     :  +- Window [rank(d_year#62, d_moy#64) windowspecdefinition(i_category#23, i_brand#19, s_store_name#89, s_company_name#101, d_year#62 ASC NULLS FIRST, d_moy#64 ASC NULLS FIRST, specifiedwindowframe(RowFrame, unboundedpreceding$(), currentrow$())) AS rn#2], [i_category#23, i_brand#19, s_store_name#89, s_company_name#101], [d_year#62 ASC NULLS FIRST, d_moy#64 ASC NULLS FIRST]
      :     :     +- Project [i_category#23, i_brand#19, s_store_name#89, s_company_name#101, d_year#62, d_moy#64, sum_sales#0, avg_monthly_sales#1]
      :     :        +- Window [avg(_w0#350) windowspecdefinition(i_category#23, i_brand#19, s_store_name#89, s_company_name#101, d_year#62, specifiedwindowframe(RowFrame, unboundedpreceding$(), unboundedfollowing$())) AS avg_monthly_sales#1], [i_category#23, i_brand#19, s_store_name#89, s_company_name#101, d_year#62]
      :     :           +- HashAggregate(keys=[i_category#23, i_brand#19, s_store_name#89, s_company_name#101, d_year#62, d_moy#64], functions=[sum(UnscaledValue(ss_sales_price#45))], output=[i_category#23, i_brand#19, s_store_name#89, s_company_name#101, d_year#62, d_moy#64, sum_sales#0, _w0#350])
      :     :              +- HashAggregate(keys=[i_category#23, i_brand#19, s_store_name#89, s_company_name#101, d_year#62, d_moy#64], functions=[partial_sum(UnscaledValue(ss_sales_price#45))], output=[i_category#23, i_brand#19, s_store_name#89, s_company_name#101, d_year#62, d_moy#64, sum#597L])
      :     :                 +- Project [i_brand#19, i_category#23, ss_sales_price#45, d_year#62, d_moy#64, s_store_name#89, s_company_name#101]
      :     :                    +- BroadcastHashJoin [ss_store_sk#39L], [s_store_sk#84L], Inner, BuildRight, false
      :     :                       :- Project [i_brand#19, i_category#23, ss_store_sk#39L, ss_sales_price#45, d_year#62, d_moy#64]
      :     :                       :  +- BroadcastHashJoin [ss_sold_date_sk#55L], [d_date_sk#56L], Inner, BuildRight, false
      :     :                       :     :- Project [i_brand#19, i_category#23, ss_store_sk#39L, ss_sales_price#45, ss_sold_date_sk#55L]
      :     :                       :     :  +- BroadcastHashJoin [i_item_sk#11L], [ss_item_sk#34L], Inner, BuildLeft, false
      :     :                       :     :     :- Project [i_item_sk#11L, i_brand#19, i_category#23]
      :     :                       :     :     :  +- Filter ((isnotnull(i_item_sk#11L) AND isnotnull(i_category#23)) AND isnotnull(i_brand#19))
      :     :                       :     :     :     +- FileScan orc tpcds_bin_partitioned_varchar_orc_1000.item[i_item_sk#11L,i_brand#19,i_category#23] Batched: true, DataFilters: [isnotnull(i_item_sk#11L), isnotnull(i_category#23), isnotnull(i_brand#19)], Format: ORC, Location: InMemoryFileIndex[hdfs://vcloud-10-13:9000/user/hive/warehouse/tpcds_bin_partitioned_varchar_orc_..., PartitionFilters: [], PushedFilters: [IsNotNull(i_item_sk), IsNotNull(i_category), IsNotNull(i_brand)], ReadSchema: struct<i_item_sk:bigint,i_brand:string,i_category:string>
      :     :                       :     :     +- Project [ss_item_sk#34L, ss_store_sk#39L, ss_sales_price#45, ss_sold_date_sk#55L]
      :     :                       :     :        +- Filter (isnotnull(ss_item_sk#34L) AND isnotnull(ss_store_sk#39L))
      :     :                       :     :           +- FileScan orc tpcds_bin_partitioned_varchar_orc_1000.store_sales[ss_item_sk#34L,ss_store_sk#39L,ss_sales_price#45,ss_sold_date_sk#55L] Batched: true, DataFilters: [isnotnull(ss_item_sk#34L), isnotnull(ss_store_sk#39L)], Format: ORC, Location: InMemoryFileIndex[hdfs://vcloud-10-13:9000/user/hive/warehouse/tpcds_bin_partitioned_varchar_orc_..., PartitionFilters: [isnotnull(ss_sold_date_sk#55L), dynamicpruning#593 [ss_sold_date_sk#55L]], PushedFilters: [IsNotNull(ss_item_sk), IsNotNull(ss_store_sk)], ReadSchema: struct<ss_item_sk:bigint,ss_store_sk:bigint,ss_sales_price:decimal(7,2)>
      :     :                       :     :                 +- Project [d_date_sk#56L, d_year#62, d_moy#64]
      :     :                       :     :                    +- Filter ((((d_year#62 = 1999) OR ((d_year#62 = 1998) AND (d_moy#64 = 12))) OR ((d_year#62 = 2000) AND (d_moy#64 = 1))) AND isnotnull(d_date_sk#56L))
      :     :                       :     :                       +- Relation[d_date_sk#56L,d_date_id#57,d_date#58,d_month_seq#59,d_week_seq#60,d_quarter_seq#61,d_year#62,d_dow#63,d_moy#64,d_dom#65,d_qoy#66,d_fy_year#67,d_fy_quarter_seq#68,d_fy_week_seq#69,d_day_name#70,d_quarter_name#71,d_holiday#72,d_weekend#73,d_following_holiday#74,d_first_dom#75,d_last_dom#76,d_same_day_ly#77,d_same_day_lq#78,d_current_day#79,... 4 more fields] orc
      :     :                       :     +- Project [d_date_sk#56L, d_year#62, d_moy#64]
      :     :                       :        +- Filter ((((d_year#62 = 1999) OR ((d_year#62 = 1998) AND (d_moy#64 = 12))) OR ((d_year#62 = 2000) AND (d_moy#64 = 1))) AND isnotnull(d_date_sk#56L))
      :     :                       :           +- FileScan orc tpcds_bin_partitioned_varchar_orc_1000.date_dim[d_date_sk#56L,d_year#62,d_moy#64] Batched: true, DataFilters: [(((d_year#62 = 1999) OR ((d_year#62 = 1998) AND (d_moy#64 = 12))) OR ((d_year#62 = 2000) AND (d_..., Format: ORC, Location: InMemoryFileIndex[hdfs://vcloud-10-13:9000/user/hive/warehouse/tpcds_bin_partitioned_varchar_orc_..., PartitionFilters: [], PushedFilters: [Or(Or(EqualTo(d_year,1999),And(EqualTo(d_year,1998),EqualTo(d_moy,12))),And(EqualTo(d_year,2000)..., ReadSchema: struct<d_date_sk:bigint,d_year:int,d_moy:int>
      :     :                       +- Project [s_store_sk#84L, s_store_name#89, s_company_name#101]
      :     :                          +- Filter ((isnotnull(s_store_sk#84L) AND isnotnull(s_store_name#89)) AND isnotnull(s_company_name#101))
      :     :                             +- FileScan orc tpcds_bin_partitioned_varchar_orc_1000.store[s_store_sk#84L,s_store_name#89,s_company_name#101] Batched: true, DataFilters: [isnotnull(s_store_sk#84L), isnotnull(s_store_name#89), isnotnull(s_company_name#101)], Format: ORC, Location: InMemoryFileIndex[hdfs://vcloud-10-13:9000/user/hive/warehouse/tpcds_bin_partitioned_varchar_orc_..., PartitionFilters: [], PushedFilters: [IsNotNull(s_store_sk), IsNotNull(s_store_name), IsNotNull(s_company_name)], ReadSchema: struct<s_store_sk:bigint,s_store_name:string,s_company_name:string>
      :     +- Project [i_category#125, i_brand#121, s_store_name#191, s_company_name#203, sum_sales#379, rn#353]
      :        +- Filter isnotnull(rn#353)
      :           +- Window [rank(d_year#164, d_moy#166) windowspecdefinition(i_category#125, i_brand#121, s_store_name#191, s_company_name#203, d_year#164 ASC NULLS FIRST, d_moy#166 ASC NULLS FIRST, specifiedwindowframe(RowFrame, unboundedpreceding$(), currentrow$())) AS rn#353], [i_category#125, i_brand#121, s_store_name#191, s_company_name#203], [d_year#164 ASC NULLS FIRST, d_moy#166 ASC NULLS FIRST]
      :              +- HashAggregate(keys=[i_category#125, i_brand#121, s_store_name#191, s_company_name#203, d_year#164, d_moy#166], functions=[sum(UnscaledValue(ss_sales_price#147))], output=[i_category#125, i_brand#121, s_store_name#191, s_company_name#203, d_year#164, d_moy#166, sum_sales#379])
      :                 +- HashAggregate(keys=[i_category#125, i_brand#121, s_store_name#191, s_company_name#203, d_year#164, d_moy#166], functions=[partial_sum(UnscaledValue(ss_sales_price#147))], output=[i_category#125, i_brand#121, s_store_name#191, s_company_name#203, d_year#164, d_moy#166, sum#599L])
      :                    +- Project [i_brand#121, i_category#125, ss_sales_price#147, d_year#164, d_moy#166, s_store_name#191, s_company_name#203]
      :                       +- BroadcastHashJoin [ss_store_sk#141L], [s_store_sk#186L], Inner, BuildRight, false
      :                          :- Project [i_brand#121, i_category#125, ss_store_sk#141L, ss_sales_price#147, d_year#164, d_moy#166]
      :                          :  +- BroadcastHashJoin [ss_sold_date_sk#157L], [d_date_sk#158L], Inner, BuildRight, false
      :                          :     :- Project [i_brand#121, i_category#125, ss_store_sk#141L, ss_sales_price#147, ss_sold_date_sk#157L]
      :                          :     :  +- BroadcastHashJoin [i_item_sk#113L], [ss_item_sk#136L], Inner, BuildLeft, false
      :                          :     :     :- Project [i_item_sk#113L, i_brand#121, i_category#125]
      :                          :     :     :  +- Filter ((isnotnull(i_item_sk#113L) AND isnotnull(i_category#125)) AND isnotnull(i_brand#121))
      :                          :     :     :     +- FileScan orc tpcds_bin_partitioned_varchar_orc_1000.item[i_item_sk#113L,i_brand#121,i_category#125] Batched: true, DataFilters: [isnotnull(i_item_sk#113L), isnotnull(i_category#125), isnotnull(i_brand#121)], Format: ORC, Location: InMemoryFileIndex[hdfs://vcloud-10-13:9000/user/hive/warehouse/tpcds_bin_partitioned_varchar_orc_..., PartitionFilters: [], PushedFilters: [IsNotNull(i_item_sk), IsNotNull(i_category), IsNotNull(i_brand)], ReadSchema: struct<i_item_sk:bigint,i_brand:string,i_category:string>
      :                          :     :     +- Project [ss_item_sk#136L, ss_store_sk#141L, ss_sales_price#147, ss_sold_date_sk#157L]
      :                          :     :        +- Filter (isnotnull(ss_item_sk#136L) AND isnotnull(ss_store_sk#141L))
      :                          :     :           +- FileScan orc tpcds_bin_partitioned_varchar_orc_1000.store_sales[ss_item_sk#136L,ss_store_sk#141L,ss_sales_price#147,ss_sold_date_sk#157L] Batched: true, DataFilters: [isnotnull(ss_item_sk#136L), isnotnull(ss_store_sk#141L)], Format: ORC, Location: InMemoryFileIndex[hdfs://vcloud-10-13:9000/user/hive/warehouse/tpcds_bin_partitioned_varchar_orc_..., PartitionFilters: [isnotnull(ss_sold_date_sk#157L), dynamicpruning#594 [ss_sold_date_sk#157L]], PushedFilters: [IsNotNull(ss_item_sk), IsNotNull(ss_store_sk)], ReadSchema: struct<ss_item_sk:bigint,ss_store_sk:bigint,ss_sales_price:decimal(7,2)>
      :                          :     :                 +- Project [d_date_sk#158L, d_year#164, d_moy#166]
      :                          :     :                    +- Filter ((((d_year#164 = 1999) OR ((d_year#164 = 1998) AND (d_moy#166 = 12))) OR ((d_year#164 = 2000) AND (d_moy#166 = 1))) AND isnotnull(d_date_sk#158L))
      :                          :     :                       +- Relation[d_date_sk#158L,d_date_id#159,d_date#160,d_month_seq#161,d_week_seq#162,d_quarter_seq#163,d_year#164,d_dow#165,d_moy#166,d_dom#167,d_qoy#168,d_fy_year#169,d_fy_quarter_seq#170,d_fy_week_seq#171,d_day_name#172,d_quarter_name#173,d_holiday#174,d_weekend#175,d_following_holiday#176,d_first_dom#177,d_last_dom#178,d_same_day_ly#179,d_same_day_lq#180,d_current_day#181,... 4 more fields] orc
      :                          :     +- Project [d_date_sk#158L, d_year#164, d_moy#166]
      :                          :        +- Filter ((((d_year#164 = 1999) OR ((d_year#164 = 1998) AND (d_moy#166 = 12))) OR ((d_year#164 = 2000) AND (d_moy#166 = 1))) AND isnotnull(d_date_sk#158L))
      :                          :           +- FileScan orc tpcds_bin_partitioned_varchar_orc_1000.date_dim[d_date_sk#158L,d_year#164,d_moy#166] Batched: true, DataFilters: [(((d_year#164 = 1999) OR ((d_year#164 = 1998) AND (d_moy#166 = 12))) OR ((d_year#164 = 2000) AND..., Format: ORC, Location: InMemoryFileIndex[hdfs://vcloud-10-13:9000/user/hive/warehouse/tpcds_bin_partitioned_varchar_orc_..., PartitionFilters: [], PushedFilters: [Or(Or(EqualTo(d_year,1999),And(EqualTo(d_year,1998),EqualTo(d_moy,12))),And(EqualTo(d_year,2000)..., ReadSchema: struct<d_date_sk:bigint,d_year:int,d_moy:int>
      :                          +- Project [s_store_sk#186L, s_store_name#191, s_company_name#203]
      :                             +- Filter ((isnotnull(s_store_sk#186L) AND isnotnull(s_store_name#191)) AND isnotnull(s_company_name#203))
      :                                +- FileScan orc tpcds_bin_partitioned_varchar_orc_1000.store[s_store_sk#186L,s_store_name#191,s_company_name#203] Batched: true, DataFilters: [isnotnull(s_store_sk#186L), isnotnull(s_store_name#191), isnotnull(s_company_name#203)], Format: ORC, Location: InMemoryFileIndex[hdfs://vcloud-10-13:9000/user/hive/warehouse/tpcds_bin_partitioned_varchar_orc_..., PartitionFilters: [], PushedFilters: [IsNotNull(s_store_sk), IsNotNull(s_store_name), IsNotNull(s_company_name)], ReadSchema: struct<s_store_sk:bigint,s_store_name:string,s_company_name:string>
      +- Project [i_category#227, i_brand#223, s_store_name#293, s_company_name#305, sum_sales#407, rn#381]
         +- Filter isnotnull(rn#381)
            +- Window [rank(d_year#266, d_moy#268) windowspecdefinition(i_category#227, i_brand#223, s_store_name#293, s_company_name#305, d_year#266 ASC NULLS FIRST, d_moy#268 ASC NULLS FIRST, specifiedwindowframe(RowFrame, unboundedpreceding$(), currentrow$())) AS rn#381], [i_category#227, i_brand#223, s_store_name#293, s_company_name#305], [d_year#266 ASC NULLS FIRST, d_moy#268 ASC NULLS FIRST]
               +- HashAggregate(keys=[i_category#227, i_brand#223, s_store_name#293, s_company_name#305, d_year#266, d_moy#268], functions=[sum(UnscaledValue(ss_sales_price#249))], output=[i_category#227, i_brand#223, s_store_name#293, s_company_name#305, d_year#266, d_moy#268, sum_sales#407])
                  +- HashAggregate(keys=[i_category#227, i_brand#223, s_store_name#293, s_company_name#305, d_year#266, d_moy#268], functions=[partial_sum(UnscaledValue(ss_sales_price#249))], output=[i_category#227, i_brand#223, s_store_name#293, s_company_name#305, d_year#266, d_moy#268, sum#601L])
                     +- Project [i_brand#223, i_category#227, ss_sales_price#249, d_year#266, d_moy#268, s_store_name#293, s_company_name#305]
                        +- BroadcastHashJoin [ss_store_sk#243L], [s_store_sk#288L], Inner, BuildRight, false
                           :- Project [i_brand#223, i_category#227, ss_store_sk#243L, ss_sales_price#249, d_year#266, d_moy#268]
                           :  +- BroadcastHashJoin [ss_sold_date_sk#259L], [d_date_sk#260L], Inner, BuildRight, false
                           :     :- Project [i_brand#223, i_category#227, ss_store_sk#243L, ss_sales_price#249, ss_sold_date_sk#259L]
                           :     :  +- BroadcastHashJoin [i_item_sk#215L], [ss_item_sk#238L], Inner, BuildLeft, false
                           :     :     :- Project [i_item_sk#215L, i_brand#223, i_category#227]
                           :     :     :  +- Filter ((isnotnull(i_item_sk#215L) AND isnotnull(i_category#227)) AND isnotnull(i_brand#223))
                           :     :     :     +- FileScan orc tpcds_bin_partitioned_varchar_orc_1000.item[i_item_sk#215L,i_brand#223,i_category#227] Batched: true, DataFilters: [isnotnull(i_item_sk#215L), isnotnull(i_category#227), isnotnull(i_brand#223)], Format: ORC, Location: InMemoryFileIndex[hdfs://vcloud-10-13:9000/user/hive/warehouse/tpcds_bin_partitioned_varchar_orc_..., PartitionFilters: [], PushedFilters: [IsNotNull(i_item_sk), IsNotNull(i_category), IsNotNull(i_brand)], ReadSchema: struct<i_item_sk:bigint,i_brand:string,i_category:string>
                           :     :     +- Project [ss_item_sk#238L, ss_store_sk#243L, ss_sales_price#249, ss_sold_date_sk#259L]
                           :     :        +- Filter (isnotnull(ss_item_sk#238L) AND isnotnull(ss_store_sk#243L))
                           :     :           +- FileScan orc tpcds_bin_partitioned_varchar_orc_1000.store_sales[ss_item_sk#238L,ss_store_sk#243L,ss_sales_price#249,ss_sold_date_sk#259L] Batched: true, DataFilters: [isnotnull(ss_item_sk#238L), isnotnull(ss_store_sk#243L)], Format: ORC, Location: InMemoryFileIndex[hdfs://vcloud-10-13:9000/user/hive/warehouse/tpcds_bin_partitioned_varchar_orc_..., PartitionFilters: [isnotnull(ss_sold_date_sk#259L), dynamicpruning#595 [ss_sold_date_sk#259L]], PushedFilters: [IsNotNull(ss_item_sk), IsNotNull(ss_store_sk)], ReadSchema: struct<ss_item_sk:bigint,ss_store_sk:bigint,ss_sales_price:decimal(7,2)>
                           :     :                 +- Project [d_date_sk#260L, d_year#266, d_moy#268]
                           :     :                    +- Filter ((((d_year#266 = 1999) OR ((d_year#266 = 1998) AND (d_moy#268 = 12))) OR ((d_year#266 = 2000) AND (d_moy#268 = 1))) AND isnotnull(d_date_sk#260L))
                           :     :                       +- Relation[d_date_sk#260L,d_date_id#261,d_date#262,d_month_seq#263,d_week_seq#264,d_quarter_seq#265,d_year#266,d_dow#267,d_moy#268,d_dom#269,d_qoy#270,d_fy_year#271,d_fy_quarter_seq#272,d_fy_week_seq#273,d_day_name#274,d_quarter_name#275,d_holiday#276,d_weekend#277,d_following_holiday#278,d_first_dom#279,d_last_dom#280,d_same_day_ly#281,d_same_day_lq#282,d_current_day#283,... 4 more fields] orc
                           :     +- Project [d_date_sk#260L, d_year#266, d_moy#268]
                           :        +- Filter ((((d_year#266 = 1999) OR ((d_year#266 = 1998) AND (d_moy#268 = 12))) OR ((d_year#266 = 2000) AND (d_moy#268 = 1))) AND isnotnull(d_date_sk#260L))
                           :           +- FileScan orc tpcds_bin_partitioned_varchar_orc_1000.date_dim[d_date_sk#260L,d_year#266,d_moy#268] Batched: true, DataFilters: [(((d_year#266 = 1999) OR ((d_year#266 = 1998) AND (d_moy#268 = 12))) OR ((d_year#266 = 2000) AND..., Format: ORC, Location: InMemoryFileIndex[hdfs://vcloud-10-13:9000/user/hive/warehouse/tpcds_bin_partitioned_varchar_orc_..., PartitionFilters: [], PushedFilters: [Or(Or(EqualTo(d_year,1999),And(EqualTo(d_year,1998),EqualTo(d_moy,12))),And(EqualTo(d_year,2000)..., ReadSchema: struct<d_date_sk:bigint,d_year:int,d_moy:int>
                           +- Project [s_store_sk#288L, s_store_name#293, s_company_name#305]
                              +- Filter ((isnotnull(s_store_sk#288L) AND isnotnull(s_store_name#293)) AND isnotnull(s_company_name#305))
                                 +- FileScan orc tpcds_bin_partitioned_varchar_orc_1000.store[s_store_sk#288L,s_store_name#293,s_company_name#305] Batched: true, DataFilters: [isnotnull(s_store_sk#288L), isnotnull(s_store_name#293), isnotnull(s_company_name#305)], Format: ORC, Location: InMemoryFileIndex[hdfs://vcloud-10-13:9000/user/hive/warehouse/tpcds_bin_partitioned_varchar_orc_..., PartitionFilters: [], PushedFilters: [IsNotNull(s_store_sk), IsNotNull(s_store_name), IsNotNull(s_company_name)], ReadSchema: struct<s_store_sk:bigint,s_store_name:string,s_company_name:string>
.
Time taken: 47.804 seconds, Fetched 100 row(s)
