24/04/26 15:50:38 WARN Utils: Your hostname, vcloud-10-13 resolves to a loopback address: 127.0.0.1; using 21.21.36.153 instead (on interface eno1)
24/04/26 15:50:38 WARN Utils: Set SPARK_LOCAL_IP if you need to bind to another address
24/04/26 15:50:38 WARN NativeCodeLoader: Unable to load native-hadoop library for your platform... using builtin-java classes where applicable
Setting default log level to "WARN".
To adjust logging level use sc.setLogLevel(newLevel). For SparkR, use setLogLevel(newLevel).
24/04/26 15:50:40 WARN Client: Neither spark.yarn.jars nor spark.yarn.archive is set, falling back to uploading libraries under SPARK_HOME.
Spark master: yarn, Application Id: application_1714105099579_0150
24/04/26 15:50:57 WARN SessionState: METASTORE_FILTER_HOOK will be ignored, since hive.security.authorization.manager is set to instance of HiveAuthorizerFactory.
24/04/26 15:51:02 WARN package: Truncated the string representation of a plan since it was too large. This behavior can be adjusted by setting 'spark.sql.debug.maxToStringFields'.
24/04/26 15:51:02 WARN InsertAdaptiveSparkPlan: spark.sql.adaptive.enabled is enabled but is not supported for query: TakeOrderedAndProject(limit=100, orderBy=[sum(ss_ext_sales_price)#74 DESC NULLS LAST,d_year#6 ASC NULLS FIRST,i_category_id#62 ASC NULLS FIRST,i_category#63 ASC NULLS FIRST], output=[d_year#6,i_category_id#62,i_category#63,sum(ss_ext_sales_price)#74])
+- HashAggregate(keys=[d_year#6, i_category_id#62, i_category#63], functions=[sum(UnscaledValue(ss_ext_sales_price#42))], output=[d_year#6, i_category_id#62, i_category#63, sum(ss_ext_sales_price)#74])
   +- HashAggregate(keys=[d_year#6, i_category_id#62, i_category#63], functions=[partial_sum(UnscaledValue(ss_ext_sales_price#42))], output=[d_year#6, i_category_id#62, i_category#63, sum#159L])
      +- Project [d_year#6, ss_ext_sales_price#42, i_category_id#62, i_category#63]
         +- BroadcastHashJoin [ss_item_sk#29L], [i_item_sk#51L], Inner, BuildRight, false
            :- Project [d_year#6, ss_item_sk#29L, ss_ext_sales_price#42]
            :  +- BroadcastHashJoin [d_date_sk#0L], [ss_sold_date_sk#50L], Inner, BuildLeft, false
            :     :- Project [d_date_sk#0L, d_year#6]
            :     :  +- Filter ((((isnotnull(d_moy#8) AND isnotnull(d_year#6)) AND (d_moy#8 = 11)) AND (d_year#6 = 2000)) AND isnotnull(d_date_sk#0L))
            :     :     +- FileScan orc tpcds_bin_partitioned_varchar_orc_1000.date_dim[d_date_sk#0L,d_year#6,d_moy#8] Batched: true, DataFilters: [isnotnull(d_moy#8), isnotnull(d_year#6), (d_moy#8 = 11), (d_year#6 = 2000), isnotnull(d_date_sk#..., Format: ORC, Location: InMemoryFileIndex[hdfs://vcloud-10-13:9000/user/hive/warehouse/tpcds_bin_partitioned_varchar_orc_..., PartitionFilters: [], PushedFilters: [IsNotNull(d_moy), IsNotNull(d_year), EqualTo(d_moy,11), EqualTo(d_year,2000), IsNotNull(d_date_sk)], ReadSchema: struct<d_date_sk:bigint,d_year:int,d_moy:int>
            :     +- Project [ss_item_sk#29L, ss_ext_sales_price#42, ss_sold_date_sk#50L]
            :        +- Filter isnotnull(ss_item_sk#29L)
            :           +- FileScan orc tpcds_bin_partitioned_varchar_orc_1000.store_sales[ss_item_sk#29L,ss_ext_sales_price#42,ss_sold_date_sk#50L] Batched: true, DataFilters: [isnotnull(ss_item_sk#29L)], Format: ORC, Location: InMemoryFileIndex[hdfs://vcloud-10-13:9000/user/hive/warehouse/tpcds_bin_partitioned_varchar_orc_..., PartitionFilters: [isnotnull(ss_sold_date_sk#50L), dynamicpruning#157 [ss_sold_date_sk#50L]], PushedFilters: [IsNotNull(ss_item_sk)], ReadSchema: struct<ss_item_sk:bigint,ss_ext_sales_price:decimal(7,2)>
            :                 +- Project [d_date_sk#0L, d_year#6]
            :                    +- Filter ((((isnotnull(d_moy#8) AND isnotnull(d_year#6)) AND (d_moy#8 = 11)) AND (d_year#6 = 2000)) AND isnotnull(d_date_sk#0L))
            :                       +- Relation[d_date_sk#0L,d_date_id#1,d_date#2,d_month_seq#3,d_week_seq#4,d_quarter_seq#5,d_year#6,d_dow#7,d_moy#8,d_dom#9,d_qoy#10,d_fy_year#11,d_fy_quarter_seq#12,d_fy_week_seq#13,d_day_name#14,d_quarter_name#15,d_holiday#16,d_weekend#17,d_following_holiday#18,d_first_dom#19,d_last_dom#20,d_same_day_ly#21,d_same_day_lq#22,d_current_day#23,... 4 more fields] orc
            +- Project [i_item_sk#51L, i_category_id#62, i_category#63]
               +- Filter ((isnotnull(i_manager_id#71) AND (i_manager_id#71 = 1)) AND isnotnull(i_item_sk#51L))
                  +- FileScan orc tpcds_bin_partitioned_varchar_orc_1000.item[i_item_sk#51L,i_category_id#62,i_category#63,i_manager_id#71] Batched: true, DataFilters: [isnotnull(i_manager_id#71), (i_manager_id#71 = 1), isnotnull(i_item_sk#51L)], Format: ORC, Location: InMemoryFileIndex[hdfs://vcloud-10-13:9000/user/hive/warehouse/tpcds_bin_partitioned_varchar_orc_..., PartitionFilters: [], PushedFilters: [IsNotNull(i_manager_id), EqualTo(i_manager_id,1), IsNotNull(i_item_sk)], ReadSchema: struct<i_item_sk:bigint,i_category_id:int,i_category:string,i_manager_id:int>
.
Time taken: 12.298 seconds, Fetched 12 row(s)
