24/04/26 16:52:56 WARN Utils: Your hostname, vcloud-10-13 resolves to a loopback address: 127.0.0.1; using 21.21.36.153 instead (on interface eno1)
24/04/26 16:52:56 WARN Utils: Set SPARK_LOCAL_IP if you need to bind to another address
24/04/26 16:52:57 WARN NativeCodeLoader: Unable to load native-hadoop library for your platform... using builtin-java classes where applicable
Setting default log level to "WARN".
To adjust logging level use sc.setLogLevel(newLevel). For SparkR, use setLogLevel(newLevel).
24/04/26 16:52:59 WARN Client: Neither spark.yarn.jars nor spark.yarn.archive is set, falling back to uploading libraries under SPARK_HOME.
Spark master: yarn, Application Id: application_1714105099579_0200
24/04/26 16:53:16 WARN SessionState: METASTORE_FILTER_HOOK will be ignored, since hive.security.authorization.manager is set to instance of HiveAuthorizerFactory.
24/04/26 16:53:21 WARN package: Truncated the string representation of a plan since it was too large. This behavior can be adjusted by setting 'spark.sql.debug.maxToStringFields'.
24/04/26 16:53:21 WARN InsertAdaptiveSparkPlan: spark.sql.adaptive.enabled is enabled but is not supported for query: Sort [Excess Discount Amount #1 ASC NULLS FIRST], true, 0
+- HashAggregate(keys=[], functions=[sum(UnscaledValue(ws_ext_discount_amt#23))], output=[Excess Discount Amount #1])
   +- HashAggregate(keys=[], functions=[partial_sum(UnscaledValue(ws_ext_discount_amt#23))], output=[sum#241L])
      +- Project [ws_ext_discount_amt#23]
         +- BroadcastHashJoin [ws_sold_date_sk#35L], [d_date_sk#58L], Inner, BuildRight, false
            :- Project [ws_ext_discount_amt#23, ws_sold_date_sk#35L]
            :  +- SortMergeJoin [i_item_sk#36L], [ws_item_sk#88L], Inner, (cast(ws_ext_discount_amt#23 as decimal(14,7)) > (CAST(1.3 AS DECIMAL(11,6)) * CAST(avg(ws_ext_discount_amt) AS DECIMAL(11,6)))#211)
            :     :- Project [ws_ext_discount_amt#23, ws_sold_date_sk#35L, i_item_sk#36L]
            :     :  +- BroadcastHashJoin [ws_item_sk#4L], [i_item_sk#36L], Inner, BuildRight, false
            :     :     :- Project [ws_item_sk#4L, ws_ext_discount_amt#23, ws_sold_date_sk#35L]
            :     :     :  +- Filter (isnotnull(ws_item_sk#4L) AND isnotnull(ws_ext_discount_amt#23))
            :     :     :     +- FileScan orc tpcds_bin_partitioned_varchar_orc_1000.web_sales[ws_item_sk#4L,ws_ext_discount_amt#23,ws_sold_date_sk#35L] Batched: true, DataFilters: [isnotnull(ws_item_sk#4L), isnotnull(ws_ext_discount_amt#23)], Format: ORC, Location: InMemoryFileIndex[hdfs://vcloud-10-13:9000/user/hive/warehouse/tpcds_bin_partitioned_varchar_orc_..., PartitionFilters: [isnotnull(ws_sold_date_sk#35L), dynamicpruning#239 [ws_sold_date_sk#35L]], PushedFilters: [IsNotNull(ws_item_sk), IsNotNull(ws_ext_discount_amt)], ReadSchema: struct<ws_item_sk:bigint,ws_ext_discount_amt:decimal(7,2)>
            :     :     :           +- Project [d_date_sk#58L]
            :     :     :              +- Filter (((isnotnull(d_date#60) AND (d_date#60 >= 10983)) AND (d_date#60 <= 11073)) AND isnotnull(d_date_sk#58L))
            :     :     :                 +- Relation[d_date_sk#58L,d_date_id#59,d_date#60,d_month_seq#61,d_week_seq#62,d_quarter_seq#63,d_year#64,d_dow#65,d_moy#66,d_dom#67,d_qoy#68,d_fy_year#69,d_fy_quarter_seq#70,d_fy_week_seq#71,d_day_name#72,d_quarter_name#73,d_holiday#74,d_weekend#75,d_following_holiday#76,d_first_dom#77,d_last_dom#78,d_same_day_ly#79,d_same_day_lq#80,d_current_day#81,... 4 more fields] orc
            :     :     +- Project [i_item_sk#36L]
            :     :        +- Filter ((isnotnull(i_manufact_id#49) AND (i_manufact_id#49 = 350)) AND isnotnull(i_item_sk#36L))
            :     :           +- FileScan orc tpcds_bin_partitioned_varchar_orc_1000.item[i_item_sk#36L,i_manufact_id#49] Batched: true, DataFilters: [isnotnull(i_manufact_id#49), (i_manufact_id#49 = 350), isnotnull(i_item_sk#36L)], Format: ORC, Location: InMemoryFileIndex[hdfs://vcloud-10-13:9000/user/hive/warehouse/tpcds_bin_partitioned_varchar_orc_..., PartitionFilters: [], PushedFilters: [IsNotNull(i_manufact_id), EqualTo(i_manufact_id,350), IsNotNull(i_item_sk)], ReadSchema: struct<i_item_sk:bigint,i_manufact_id:int>
            :     +- Filter isnotnull((CAST(1.3 AS DECIMAL(11,6)) * CAST(avg(ws_ext_discount_amt) AS DECIMAL(11,6)))#211)
            :        +- HashAggregate(keys=[ws_item_sk#88L], functions=[avg(UnscaledValue(ws_ext_discount_amt#107))], output=[(CAST(1.3 AS DECIMAL(11,6)) * CAST(avg(ws_ext_discount_amt) AS DECIMAL(11,6)))#211, ws_item_sk#88L])
            :           +- HashAggregate(keys=[ws_item_sk#88L], functions=[partial_avg(UnscaledValue(ws_ext_discount_amt#107))], output=[ws_item_sk#88L, sum#244, count#245L])
            :              +- Project [ws_item_sk#88L, ws_ext_discount_amt#107]
            :                 +- BroadcastHashJoin [ws_sold_date_sk#119L], [d_date_sk#120L], Inner, BuildRight, false
            :                    :- Project [ws_item_sk#88L, ws_ext_discount_amt#107, ws_sold_date_sk#119L]
            :                    :  +- Filter isnotnull(ws_item_sk#88L)
            :                    :     +- FileScan orc tpcds_bin_partitioned_varchar_orc_1000.web_sales[ws_item_sk#88L,ws_ext_discount_amt#107,ws_sold_date_sk#119L] Batched: true, DataFilters: [isnotnull(ws_item_sk#88L)], Format: ORC, Location: InMemoryFileIndex[hdfs://vcloud-10-13:9000/user/hive/warehouse/tpcds_bin_partitioned_varchar_orc_..., PartitionFilters: [isnotnull(ws_sold_date_sk#119L), dynamicpruning#238 [ws_sold_date_sk#119L]], PushedFilters: [IsNotNull(ws_item_sk)], ReadSchema: struct<ws_item_sk:bigint,ws_ext_discount_amt:decimal(7,2)>
            :                    :           +- Project [d_date_sk#120L]
            :                    :              +- Filter (((isnotnull(d_date#122) AND (d_date#122 >= 10983)) AND (d_date#122 <= 11073)) AND isnotnull(d_date_sk#120L))
            :                    :                 +- Relation[d_date_sk#120L,d_date_id#121,d_date#122,d_month_seq#123,d_week_seq#124,d_quarter_seq#125,d_year#126,d_dow#127,d_moy#128,d_dom#129,d_qoy#130,d_fy_year#131,d_fy_quarter_seq#132,d_fy_week_seq#133,d_day_name#134,d_quarter_name#135,d_holiday#136,d_weekend#137,d_following_holiday#138,d_first_dom#139,d_last_dom#140,d_same_day_ly#141,d_same_day_lq#142,d_current_day#143,... 4 more fields] orc
            :                    +- Project [d_date_sk#120L]
            :                       +- Filter (((isnotnull(d_date#122) AND (d_date#122 >= 10983)) AND (d_date#122 <= 11073)) AND isnotnull(d_date_sk#120L))
            :                          +- FileScan orc tpcds_bin_partitioned_varchar_orc_1000.date_dim[d_date_sk#120L,d_date#122] Batched: true, DataFilters: [isnotnull(d_date#122), (d_date#122 >= 10983), (d_date#122 <= 11073), isnotnull(d_date_sk#120L)], Format: ORC, Location: InMemoryFileIndex[hdfs://vcloud-10-13:9000/user/hive/warehouse/tpcds_bin_partitioned_varchar_orc_..., PartitionFilters: [], PushedFilters: [IsNotNull(d_date), GreaterThanOrEqual(d_date,2000-01-27), LessThanOrEqual(d_date,2000-04-26), Is..., ReadSchema: struct<d_date_sk:bigint,d_date:date>
            +- Project [d_date_sk#58L]
               +- Filter (((isnotnull(d_date#60) AND (d_date#60 >= 10983)) AND (d_date#60 <= 11073)) AND isnotnull(d_date_sk#58L))
                  +- FileScan orc tpcds_bin_partitioned_varchar_orc_1000.date_dim[d_date_sk#58L,d_date#60] Batched: true, DataFilters: [isnotnull(d_date#60), (d_date#60 >= 10983), (d_date#60 <= 11073), isnotnull(d_date_sk#58L)], Format: ORC, Location: InMemoryFileIndex[hdfs://vcloud-10-13:9000/user/hive/warehouse/tpcds_bin_partitioned_varchar_orc_..., PartitionFilters: [], PushedFilters: [IsNotNull(d_date), GreaterThanOrEqual(d_date,2000-01-27), LessThanOrEqual(d_date,2000-04-26), Is..., ReadSchema: struct<d_date_sk:bigint,d_date:date>
.
Time taken: 14.348 seconds, Fetched 1 row(s)
