24/04/26 16:45:47 WARN Utils: Your hostname, vcloud-10-13 resolves to a loopback address: 127.0.0.1; using 21.21.36.153 instead (on interface eno1)
24/04/26 16:45:47 WARN Utils: Set SPARK_LOCAL_IP if you need to bind to another address
24/04/26 16:45:47 WARN NativeCodeLoader: Unable to load native-hadoop library for your platform... using builtin-java classes where applicable
Setting default log level to "WARN".
To adjust logging level use sc.setLogLevel(newLevel). For SparkR, use setLogLevel(newLevel).
24/04/26 16:45:49 WARN Client: Neither spark.yarn.jars nor spark.yarn.archive is set, falling back to uploading libraries under SPARK_HOME.
Spark master: yarn, Application Id: application_1714105099579_0192
24/04/26 16:46:09 WARN SessionState: METASTORE_FILTER_HOOK will be ignored, since hive.security.authorization.manager is set to instance of HiveAuthorizerFactory.
24/04/26 16:46:09 ERROR AsyncEventQueue: Listener EventLoggingListener threw an exception
java.util.ConcurrentModificationException
	at java.util.Hashtable$Enumerator.next(Hashtable.java:1408)
	at scala.collection.convert.Wrappers$JPropertiesWrapper$$anon$6.next(Wrappers.scala:424)
	at scala.collection.convert.Wrappers$JPropertiesWrapper$$anon$6.next(Wrappers.scala:420)
	at scala.collection.Iterator.foreach(Iterator.scala:941)
	at scala.collection.Iterator.foreach$(Iterator.scala:941)
	at scala.collection.AbstractIterator.foreach(Iterator.scala:1429)
	at scala.collection.IterableLike.foreach(IterableLike.scala:74)
	at scala.collection.IterableLike.foreach$(IterableLike.scala:73)
	at scala.collection.AbstractIterable.foreach(Iterable.scala:56)
	at scala.collection.mutable.MapLike.toSeq(MapLike.scala:75)
	at scala.collection.mutable.MapLike.toSeq$(MapLike.scala:72)
	at scala.collection.mutable.AbstractMap.toSeq(Map.scala:82)
	at org.apache.spark.scheduler.EventLoggingListener.redactProperties(EventLoggingListener.scala:290)
	at org.apache.spark.scheduler.EventLoggingListener.onJobStart(EventLoggingListener.scala:162)
	at org.apache.spark.scheduler.SparkListenerBus.doPostEvent(SparkListenerBus.scala:37)
	at org.apache.spark.scheduler.SparkListenerBus.doPostEvent$(SparkListenerBus.scala:28)
	at org.apache.spark.scheduler.AsyncEventQueue.doPostEvent(AsyncEventQueue.scala:37)
	at org.apache.spark.scheduler.AsyncEventQueue.doPostEvent(AsyncEventQueue.scala:37)
	at org.apache.spark.util.ListenerBus.postToAll(ListenerBus.scala:117)
	at org.apache.spark.util.ListenerBus.postToAll$(ListenerBus.scala:101)
	at org.apache.spark.scheduler.AsyncEventQueue.super$postToAll(AsyncEventQueue.scala:105)
	at org.apache.spark.scheduler.AsyncEventQueue.$anonfun$dispatch$1(AsyncEventQueue.scala:105)
	at scala.runtime.java8.JFunction0$mcJ$sp.apply(JFunction0$mcJ$sp.java:23)
	at scala.util.DynamicVariable.withValue(DynamicVariable.scala:62)
	at org.apache.spark.scheduler.AsyncEventQueue.org$apache$spark$scheduler$AsyncEventQueue$$dispatch(AsyncEventQueue.scala:100)
	at org.apache.spark.scheduler.AsyncEventQueue$$anon$2.$anonfun$run$1(AsyncEventQueue.scala:96)
	at org.apache.spark.util.Utils$.tryOrStopSparkContext(Utils.scala:1381)
	at org.apache.spark.scheduler.AsyncEventQueue$$anon$2.run(AsyncEventQueue.scala:96)
Time taken: 16.811 seconds, Fetched 100 row(s)
