24/04/26 15:57:04 WARN Utils: Your hostname, vcloud-10-13 resolves to a loopback address: 127.0.0.1; using 21.21.36.153 instead (on interface eno1)
24/04/26 15:57:04 WARN Utils: Set SPARK_LOCAL_IP if you need to bind to another address
24/04/26 15:57:04 WARN NativeCodeLoader: Unable to load native-hadoop library for your platform... using builtin-java classes where applicable
Setting default log level to "WARN".
To adjust logging level use sc.setLogLevel(newLevel). For SparkR, use setLogLevel(newLevel).
24/04/26 15:57:06 WARN Client: Neither spark.yarn.jars nor spark.yarn.archive is set, falling back to uploading libraries under SPARK_HOME.
Spark master: yarn, Application Id: application_1714105099579_0158
24/04/26 15:57:24 WARN SessionState: METASTORE_FILTER_HOOK will be ignored, since hive.security.authorization.manager is set to instance of HiveAuthorizerFactory.
24/04/26 15:57:30 WARN package: Truncated the string representation of a plan since it was too large. This behavior can be adjusted by setting 'spark.sql.debug.maxToStringFields'.
24/04/26 15:57:30 WARN InsertAdaptiveSparkPlan: spark.sql.adaptive.enabled is enabled but is not supported for query: TakeOrderedAndProject(limit=100, orderBy=[s_store_name#53 ASC NULLS FIRST,s_company_id#64 ASC NULLS FIRST,s_street_number#66 ASC NULLS FIRST,s_street_name#67 ASC NULLS FIRST,s_street_type#68 ASC NULLS FIRST,s_suite_number#69 ASC NULLS FIRST,s_city#70 ASC NULLS FIRST,s_county#71 ASC NULLS FIRST,s_state#72 ASC NULLS FIRST,s_zip#73 ASC NULLS FIRST], output=[s_store_name#53,s_company_id#64,s_street_number#66,s_street_name#67,s_street_type#68,s_suite_number#69,s_city#70,s_county#71,s_state#72,s_zip#73,30 days #0L,31 - 60 days #1L,61 - 90 days #2L,91 - 120 days #3L,>120 days #4L])
+- HashAggregate(keys=[s_store_name#53, s_company_id#64, s_street_number#66, s_street_name#67, s_street_type#68, s_suite_number#69, s_city#70, s_county#71, s_state#72, s_zip#73], functions=[sum(cast(CASE WHEN ((sr_returned_date_sk#47L - ss_sold_date_sk#27L) <= 30) THEN 1 ELSE 0 END as bigint)), sum(cast(CASE WHEN (((sr_returned_date_sk#47L - ss_sold_date_sk#27L) > 30) AND ((sr_returned_date_sk#47L - ss_sold_date_sk#27L) <= 60)) THEN 1 ELSE 0 END as bigint)), sum(cast(CASE WHEN (((sr_returned_date_sk#47L - ss_sold_date_sk#27L) > 60) AND ((sr_returned_date_sk#47L - ss_sold_date_sk#27L) <= 90)) THEN 1 ELSE 0 END as bigint)), sum(cast(CASE WHEN (((sr_returned_date_sk#47L - ss_sold_date_sk#27L) > 90) AND ((sr_returned_date_sk#47L - ss_sold_date_sk#27L) <= 120)) THEN 1 ELSE 0 END as bigint)), sum(cast(CASE WHEN ((sr_returned_date_sk#47L - ss_sold_date_sk#27L) > 120) THEN 1 ELSE 0 END as bigint))], output=[s_store_name#53, s_company_id#64, s_street_number#66, s_street_name#67, s_street_type#68, s_suite_number#69, s_city#70, s_county#71, s_state#72, s_zip#73, 30 days #0L, 31 - 60 days #1L, 61 - 90 days #2L, 91 - 120 days #3L, >120 days #4L])
   +- HashAggregate(keys=[s_store_name#53, s_company_id#64, s_street_number#66, s_street_name#67, s_street_type#68, s_suite_number#69, s_city#70, s_county#71, s_state#72, s_zip#73], functions=[partial_sum(cast(CASE WHEN ((sr_returned_date_sk#47L - ss_sold_date_sk#27L) <= 30) THEN 1 ELSE 0 END as bigint)), partial_sum(cast(CASE WHEN (((sr_returned_date_sk#47L - ss_sold_date_sk#27L) > 30) AND ((sr_returned_date_sk#47L - ss_sold_date_sk#27L) <= 60)) THEN 1 ELSE 0 END as bigint)), partial_sum(cast(CASE WHEN (((sr_returned_date_sk#47L - ss_sold_date_sk#27L) > 60) AND ((sr_returned_date_sk#47L - ss_sold_date_sk#27L) <= 90)) THEN 1 ELSE 0 END as bigint)), partial_sum(cast(CASE WHEN (((sr_returned_date_sk#47L - ss_sold_date_sk#27L) > 90) AND ((sr_returned_date_sk#47L - ss_sold_date_sk#27L) <= 120)) THEN 1 ELSE 0 END as bigint)), partial_sum(cast(CASE WHEN ((sr_returned_date_sk#47L - ss_sold_date_sk#27L) > 120) THEN 1 ELSE 0 END as bigint))], output=[s_store_name#53, s_company_id#64, s_street_number#66, s_street_name#67, s_street_type#68, s_suite_number#69, s_city#70, s_county#71, s_state#72, s_zip#73, sum#269L, sum#270L, sum#271L, sum#272L, sum#273L])
      +- Project [ss_sold_date_sk#27L, sr_returned_date_sk#47L, s_store_name#53, s_company_id#64, s_street_number#66, s_street_name#67, s_street_type#68, s_suite_number#69, s_city#70, s_county#71, s_state#72, s_zip#73]
         +- BroadcastHashJoin [sr_returned_date_sk#47L], [d_date_sk#105L], Inner, BuildRight, false
            :- Project [ss_sold_date_sk#27L, sr_returned_date_sk#47L, s_store_name#53, s_company_id#64, s_street_number#66, s_street_name#67, s_street_type#68, s_suite_number#69, s_city#70, s_county#71, s_state#72, s_zip#73]
            :  +- BroadcastHashJoin [ss_sold_date_sk#27L], [d_date_sk#77L], Inner, BuildRight, false
            :     :- Project [ss_sold_date_sk#27L, sr_returned_date_sk#47L, s_store_name#53, s_company_id#64, s_street_number#66, s_street_name#67, s_street_type#68, s_suite_number#69, s_city#70, s_county#71, s_state#72, s_zip#73]
            :     :  +- BroadcastHashJoin [ss_store_sk#11L], [s_store_sk#48L], Inner, BuildRight, false
            :     :     :- Project [ss_store_sk#11L, ss_sold_date_sk#27L, sr_returned_date_sk#47L]
            :     :     :  +- SortMergeJoin [ss_ticket_number#13L, ss_item_sk#6L, ss_customer_sk#7L], [sr_ticket_number#36L, sr_item_sk#29L, sr_customer_sk#30L], Inner
            :     :     :     :- Project [ss_item_sk#6L, ss_customer_sk#7L, ss_store_sk#11L, ss_ticket_number#13L, ss_sold_date_sk#27L]
            :     :     :     :  +- Filter (((isnotnull(ss_ticket_number#13L) AND isnotnull(ss_item_sk#6L)) AND isnotnull(ss_customer_sk#7L)) AND isnotnull(ss_store_sk#11L))
            :     :     :     :     +- FileScan orc tpcds_bin_partitioned_varchar_orc_1000.store_sales[ss_item_sk#6L,ss_customer_sk#7L,ss_store_sk#11L,ss_ticket_number#13L,ss_sold_date_sk#27L] Batched: true, DataFilters: [isnotnull(ss_ticket_number#13L), isnotnull(ss_item_sk#6L), isnotnull(ss_customer_sk#7L), isnotnu..., Format: ORC, Location: InMemoryFileIndex[hdfs://vcloud-10-13:9000/user/hive/warehouse/tpcds_bin_partitioned_varchar_orc_..., PartitionFilters: [isnotnull(ss_sold_date_sk#27L)], PushedFilters: [IsNotNull(ss_ticket_number), IsNotNull(ss_item_sk), IsNotNull(ss_customer_sk), IsNotNull(ss_stor..., ReadSchema: struct<ss_item_sk:bigint,ss_customer_sk:bigint,ss_store_sk:bigint,ss_ticket_number:bigint>
            :     :     :     +- Project [sr_item_sk#29L, sr_customer_sk#30L, sr_ticket_number#36L, sr_returned_date_sk#47L]
            :     :     :        +- Filter ((isnotnull(sr_ticket_number#36L) AND isnotnull(sr_item_sk#29L)) AND isnotnull(sr_customer_sk#30L))
            :     :     :           +- FileScan orc tpcds_bin_partitioned_varchar_orc_1000.store_returns[sr_item_sk#29L,sr_customer_sk#30L,sr_ticket_number#36L,sr_returned_date_sk#47L] Batched: true, DataFilters: [isnotnull(sr_ticket_number#36L), isnotnull(sr_item_sk#29L), isnotnull(sr_customer_sk#30L)], Format: ORC, Location: InMemoryFileIndex[hdfs://vcloud-10-13:9000/user/hive/warehouse/tpcds_bin_partitioned_varchar_orc_..., PartitionFilters: [isnotnull(sr_returned_date_sk#47L), dynamicpruning#263 [sr_returned_date_sk#47L]], PushedFilters: [IsNotNull(sr_ticket_number), IsNotNull(sr_item_sk), IsNotNull(sr_customer_sk)], ReadSchema: struct<sr_item_sk:bigint,sr_customer_sk:bigint,sr_ticket_number:bigint>
            :     :     :                 +- Project [d_date_sk#105L]
            :     :     :                    +- Filter ((((isnotnull(d_year#111) AND isnotnull(d_moy#113)) AND (d_year#111 = 2001)) AND (d_moy#113 = 8)) AND isnotnull(d_date_sk#105L))
            :     :     :                       +- Relation[d_date_sk#105L,d_date_id#106,d_date#107,d_month_seq#108,d_week_seq#109,d_quarter_seq#110,d_year#111,d_dow#112,d_moy#113,d_dom#114,d_qoy#115,d_fy_year#116,d_fy_quarter_seq#117,d_fy_week_seq#118,d_day_name#119,d_quarter_name#120,d_holiday#121,d_weekend#122,d_following_holiday#123,d_first_dom#124,d_last_dom#125,d_same_day_ly#126,d_same_day_lq#127,d_current_day#128,... 4 more fields] orc
            :     :     +- Project [s_store_sk#48L, s_store_name#53, s_company_id#64, s_street_number#66, s_street_name#67, s_street_type#68, s_suite_number#69, s_city#70, s_county#71, s_state#72, s_zip#73]
            :     :        +- Filter isnotnull(s_store_sk#48L)
            :     :           +- FileScan orc tpcds_bin_partitioned_varchar_orc_1000.store[s_store_sk#48L,s_store_name#53,s_company_id#64,s_street_number#66,s_street_name#67,s_street_type#68,s_suite_number#69,s_city#70,s_county#71,s_state#72,s_zip#73] Batched: true, DataFilters: [isnotnull(s_store_sk#48L)], Format: ORC, Location: InMemoryFileIndex[hdfs://vcloud-10-13:9000/user/hive/warehouse/tpcds_bin_partitioned_varchar_orc_..., PartitionFilters: [], PushedFilters: [IsNotNull(s_store_sk)], ReadSchema: struct<s_store_sk:bigint,s_store_name:string,s_company_id:int,s_street_number:string,s_street_nam...
            :     +- Project [d_date_sk#77L]
            :        +- Filter isnotnull(d_date_sk#77L)
            :           +- FileScan orc tpcds_bin_partitioned_varchar_orc_1000.date_dim[d_date_sk#77L] Batched: true, DataFilters: [isnotnull(d_date_sk#77L)], Format: ORC, Location: InMemoryFileIndex[hdfs://vcloud-10-13:9000/user/hive/warehouse/tpcds_bin_partitioned_varchar_orc_..., PartitionFilters: [], PushedFilters: [IsNotNull(d_date_sk)], ReadSchema: struct<d_date_sk:bigint>
            +- Project [d_date_sk#105L]
               +- Filter ((((isnotnull(d_year#111) AND isnotnull(d_moy#113)) AND (d_year#111 = 2001)) AND (d_moy#113 = 8)) AND isnotnull(d_date_sk#105L))
                  +- FileScan orc tpcds_bin_partitioned_varchar_orc_1000.date_dim[d_date_sk#105L,d_year#111,d_moy#113] Batched: true, DataFilters: [isnotnull(d_year#111), isnotnull(d_moy#113), (d_year#111 = 2001), (d_moy#113 = 8), isnotnull(d_d..., Format: ORC, Location: InMemoryFileIndex[hdfs://vcloud-10-13:9000/user/hive/warehouse/tpcds_bin_partitioned_varchar_orc_..., PartitionFilters: [], PushedFilters: [IsNotNull(d_year), IsNotNull(d_moy), EqualTo(d_year,2001), EqualTo(d_moy,8), IsNotNull(d_date_sk)], ReadSchema: struct<d_date_sk:bigint,d_year:int,d_moy:int>
.
Time taken: 107.001 seconds, Fetched 100 row(s)
