24/04/26 15:36:39 WARN Utils: Your hostname, vcloud-10-13 resolves to a loopback address: 127.0.0.1; using 21.21.36.153 instead (on interface eno1)
24/04/26 15:36:39 WARN Utils: Set SPARK_LOCAL_IP if you need to bind to another address
24/04/26 15:36:40 WARN NativeCodeLoader: Unable to load native-hadoop library for your platform... using builtin-java classes where applicable
Setting default log level to "WARN".
To adjust logging level use sc.setLogLevel(newLevel). For SparkR, use setLogLevel(newLevel).
24/04/26 15:36:42 WARN Client: Neither spark.yarn.jars nor spark.yarn.archive is set, falling back to uploading libraries under SPARK_HOME.
Spark master: yarn, Application Id: application_1714105099579_0134
24/04/26 15:36:59 WARN SessionState: METASTORE_FILTER_HOOK will be ignored, since hive.security.authorization.manager is set to instance of HiveAuthorizerFactory.
24/04/26 15:37:04 WARN package: Truncated the string representation of a plan since it was too large. This behavior can be adjusted by setting 'spark.sql.debug.maxToStringFields'.
24/04/26 15:37:04 WARN InsertAdaptiveSparkPlan: spark.sql.adaptive.enabled is enabled but is not supported for query: TakeOrderedAndProject(limit=100, orderBy=[i_item_id#123 ASC NULLS FIRST,s_state#124 ASC NULLS FIRST], output=[i_item_id#123,s_state#124,g_state#0,agg1#1,agg2#2,agg3#3,agg4#4])
+- HashAggregate(keys=[i_item_id#123, s_state#124, spark_grouping_id#122L], functions=[avg(cast(ss_quantity#14 as bigint)), avg(UnscaledValue(ss_list_price#16)), avg(UnscaledValue(ss_coupon_amt#23)), avg(UnscaledValue(ss_sales_price#17))], output=[i_item_id#123, s_state#124, g_state#0, agg1#1, agg2#2, agg3#3, agg4#4])
   +- HashAggregate(keys=[i_item_id#123, s_state#124, spark_grouping_id#122L], functions=[partial_avg(cast(ss_quantity#14 as bigint)), partial_avg(UnscaledValue(ss_list_price#16)), partial_avg(UnscaledValue(ss_coupon_amt#23)), partial_avg(UnscaledValue(ss_sales_price#17))], output=[i_item_id#123, s_state#124, spark_grouping_id#122L, sum#255, count#256L, sum#257, count#258L, sum#259, count#260L, sum#261, count#262L])
      +- Expand [List(ss_quantity#14, ss_list_price#16, ss_sales_price#17, ss_coupon_amt#23, i_item_id#95, s_state#89, 0), List(ss_quantity#14, ss_list_price#16, ss_sales_price#17, ss_coupon_amt#23, i_item_id#95, null, 1), List(ss_quantity#14, ss_list_price#16, ss_sales_price#17, ss_coupon_amt#23, null, null, 3)], [ss_quantity#14, ss_list_price#16, ss_sales_price#17, ss_coupon_amt#23, i_item_id#123, s_state#124, spark_grouping_id#122L]
         +- Project [ss_quantity#14, ss_list_price#16, ss_sales_price#17, ss_coupon_amt#23, i_item_id#95, s_state#89]
            +- BroadcastHashJoin [ss_item_sk#6L], [i_item_sk#94L], Inner, BuildRight, false
               :- Project [ss_item_sk#6L, ss_quantity#14, ss_list_price#16, ss_sales_price#17, ss_coupon_amt#23, s_state#89]
               :  +- BroadcastHashJoin [ss_store_sk#11L], [s_store_sk#65L], Inner, BuildRight, false
               :     :- Project [ss_item_sk#6L, ss_store_sk#11L, ss_quantity#14, ss_list_price#16, ss_sales_price#17, ss_coupon_amt#23]
               :     :  +- BroadcastHashJoin [ss_sold_date_sk#27L], [d_date_sk#37L], Inner, BuildRight, false
               :     :     :- Project [ss_item_sk#6L, ss_store_sk#11L, ss_quantity#14, ss_list_price#16, ss_sales_price#17, ss_coupon_amt#23, ss_sold_date_sk#27L]
               :     :     :  +- BroadcastHashJoin [ss_cdemo_sk#8L], [cd_demo_sk#28L], Inner, BuildRight, false
               :     :     :     :- Project [ss_item_sk#6L, ss_cdemo_sk#8L, ss_store_sk#11L, ss_quantity#14, ss_list_price#16, ss_sales_price#17, ss_coupon_amt#23, ss_sold_date_sk#27L]
               :     :     :     :  +- Filter ((isnotnull(ss_cdemo_sk#8L) AND isnotnull(ss_store_sk#11L)) AND isnotnull(ss_item_sk#6L))
               :     :     :     :     +- FileScan orc tpcds_bin_partitioned_varchar_orc_1000.store_sales[ss_item_sk#6L,ss_cdemo_sk#8L,ss_store_sk#11L,ss_quantity#14,ss_list_price#16,ss_sales_price#17,ss_coupon_amt#23,ss_sold_date_sk#27L] Batched: true, DataFilters: [isnotnull(ss_cdemo_sk#8L), isnotnull(ss_store_sk#11L), isnotnull(ss_item_sk#6L)], Format: ORC, Location: InMemoryFileIndex[hdfs://vcloud-10-13:9000/user/hive/warehouse/tpcds_bin_partitioned_varchar_orc_..., PartitionFilters: [isnotnull(ss_sold_date_sk#27L), dynamicpruning#246 [ss_sold_date_sk#27L]], PushedFilters: [IsNotNull(ss_cdemo_sk), IsNotNull(ss_store_sk), IsNotNull(ss_item_sk)], ReadSchema: struct<ss_item_sk:bigint,ss_cdemo_sk:bigint,ss_store_sk:bigint,ss_quantity:int,ss_list_price:deci...
               :     :     :     :           +- Project [d_date_sk#37L]
               :     :     :     :              +- Filter ((isnotnull(d_year#43) AND (d_year#43 = 2002)) AND isnotnull(d_date_sk#37L))
               :     :     :     :                 +- Relation[d_date_sk#37L,d_date_id#38,d_date#39,d_month_seq#40,d_week_seq#41,d_quarter_seq#42,d_year#43,d_dow#44,d_moy#45,d_dom#46,d_qoy#47,d_fy_year#48,d_fy_quarter_seq#49,d_fy_week_seq#50,d_day_name#51,d_quarter_name#52,d_holiday#53,d_weekend#54,d_following_holiday#55,d_first_dom#56,d_last_dom#57,d_same_day_ly#58,d_same_day_lq#59,d_current_day#60,... 4 more fields] orc
               :     :     :     +- Project [cd_demo_sk#28L]
               :     :     :        +- Filter ((((((isnotnull(cd_gender#29) AND isnotnull(cd_marital_status#30)) AND isnotnull(cd_education_status#31)) AND (cd_gender#29 = M)) AND (cd_marital_status#30 = S)) AND (cd_education_status#31 = College)) AND isnotnull(cd_demo_sk#28L))
               :     :     :           +- FileScan orc tpcds_bin_partitioned_varchar_orc_1000.customer_demographics[cd_demo_sk#28L,cd_gender#29,cd_marital_status#30,cd_education_status#31] Batched: true, DataFilters: [isnotnull(cd_gender#29), isnotnull(cd_marital_status#30), isnotnull(cd_education_status#31), (cd..., Format: ORC, Location: InMemoryFileIndex[hdfs://vcloud-10-13:9000/user/hive/warehouse/tpcds_bin_partitioned_varchar_orc_..., PartitionFilters: [], PushedFilters: [IsNotNull(cd_gender), IsNotNull(cd_marital_status), IsNotNull(cd_education_status), EqualTo(cd_g..., ReadSchema: struct<cd_demo_sk:bigint,cd_gender:string,cd_marital_status:string,cd_education_status:string>
               :     :     +- Project [d_date_sk#37L]
               :     :        +- Filter ((isnotnull(d_year#43) AND (d_year#43 = 2002)) AND isnotnull(d_date_sk#37L))
               :     :           +- FileScan orc tpcds_bin_partitioned_varchar_orc_1000.date_dim[d_date_sk#37L,d_year#43] Batched: true, DataFilters: [isnotnull(d_year#43), (d_year#43 = 2002), isnotnull(d_date_sk#37L)], Format: ORC, Location: InMemoryFileIndex[hdfs://vcloud-10-13:9000/user/hive/warehouse/tpcds_bin_partitioned_varchar_orc_..., PartitionFilters: [], PushedFilters: [IsNotNull(d_year), EqualTo(d_year,2002), IsNotNull(d_date_sk)], ReadSchema: struct<d_date_sk:bigint,d_year:int>
               :     +- Project [s_store_sk#65L, s_state#89]
               :        +- Filter ((isnotnull(s_state#89) AND (s_state#89 = TN)) AND isnotnull(s_store_sk#65L))
               :           +- FileScan orc tpcds_bin_partitioned_varchar_orc_1000.store[s_store_sk#65L,s_state#89] Batched: true, DataFilters: [isnotnull(s_state#89), (s_state#89 = TN), isnotnull(s_store_sk#65L)], Format: ORC, Location: InMemoryFileIndex[hdfs://vcloud-10-13:9000/user/hive/warehouse/tpcds_bin_partitioned_varchar_orc_..., PartitionFilters: [], PushedFilters: [IsNotNull(s_state), EqualTo(s_state,TN), IsNotNull(s_store_sk)], ReadSchema: struct<s_store_sk:bigint,s_state:string>
               +- Project [i_item_sk#94L, i_item_id#95]
                  +- Filter isnotnull(i_item_sk#94L)
                     +- FileScan orc tpcds_bin_partitioned_varchar_orc_1000.item[i_item_sk#94L,i_item_id#95] Batched: true, DataFilters: [isnotnull(i_item_sk#94L)], Format: ORC, Location: InMemoryFileIndex[hdfs://vcloud-10-13:9000/user/hive/warehouse/tpcds_bin_partitioned_varchar_orc_..., PartitionFilters: [], PushedFilters: [IsNotNull(i_item_sk)], ReadSchema: struct<i_item_sk:bigint,i_item_id:string>
.
Time taken: 19.816 seconds, Fetched 100 row(s)
