24/04/26 16:34:28 WARN Utils: Your hostname, vcloud-10-13 resolves to a loopback address: 127.0.0.1; using 21.21.36.153 instead (on interface eno1)
24/04/26 16:34:28 WARN Utils: Set SPARK_LOCAL_IP if you need to bind to another address
24/04/26 16:34:28 WARN NativeCodeLoader: Unable to load native-hadoop library for your platform... using builtin-java classes where applicable
Setting default log level to "WARN".
To adjust logging level use sc.setLogLevel(newLevel). For SparkR, use setLogLevel(newLevel).
24/04/26 16:34:30 WARN Client: Neither spark.yarn.jars nor spark.yarn.archive is set, falling back to uploading libraries under SPARK_HOME.
Spark master: yarn, Application Id: application_1714105099579_0183
24/04/26 16:34:48 WARN SessionState: METASTORE_FILTER_HOOK will be ignored, since hive.security.authorization.manager is set to instance of HiveAuthorizerFactory.
24/04/26 16:34:56 WARN package: Truncated the string representation of a plan since it was too large. This behavior can be adjusted by setting 'spark.sql.debug.maxToStringFields'.
24/04/26 16:34:56 WARN InsertAdaptiveSparkPlan: spark.sql.adaptive.enabled is enabled but is not supported for query: TakeOrderedAndProject(limit=100, orderBy=[sales_cnt_diff#4L ASC NULLS FIRST], output=[prev_year#0,year#1,i_brand_id#55,i_class_id#57,i_category_id#59,i_manufact_id#61,prev_yr_cnt#2L,curr_yr_cnt#3L,sales_cnt_diff#4L,sales_amt_diff#5])
+- Project [d_year#388 AS prev_year#0, d_year#76 AS year#1, i_brand_id#55, i_class_id#57, i_category_id#59, i_manufact_id#61, sales_cnt#642L AS prev_yr_cnt#2L, sales_cnt#12L AS curr_yr_cnt#3L, (sales_cnt#12L - sales_cnt#642L) AS sales_cnt_diff#4L, CheckOverflow((promote_precision(cast(sales_amt#13 as decimal(19,2))) - promote_precision(cast(sales_amt#643 as decimal(19,2)))), DecimalType(19,2), true) AS sales_amt_diff#5]
   +- SortMergeJoin [i_brand_id#55, i_class_id#57, i_category_id#59, i_manufact_id#61], [i_brand_id#367, i_class_id#369, i_category_id#371, i_manufact_id#373], Inner, (CheckOverflow((promote_precision(cast(sales_cnt#12L as decimal(17,2))) / promote_precision(cast(sales_cnt#642L as decimal(17,2)))), DecimalType(37,20), true) < 0.90000000000000000000)
      :- HashAggregate(keys=[d_year#76, i_brand_id#55, i_class_id#57, i_category_id#59, i_manufact_id#61], functions=[sum(cast(sales_cnt#6 as bigint)), sum(UnscaledValue(sales_amt#7))], output=[d_year#76, i_brand_id#55, i_class_id#57, i_category_id#59, i_manufact_id#61, sales_cnt#12L, sales_amt#13])
      :  +- HashAggregate(keys=[d_year#76, i_brand_id#55, i_class_id#57, i_category_id#59, i_manufact_id#61], functions=[partial_sum(cast(sales_cnt#6 as bigint)), partial_sum(UnscaledValue(sales_amt#7))], output=[d_year#76, i_brand_id#55, i_class_id#57, i_category_id#59, i_manufact_id#61, sum#874L, sum#875L])
      :     +- HashAggregate(keys=[d_year#76, i_brand_id#55, i_class_id#57, i_category_id#59, i_manufact_id#61, sales_cnt#6, sales_amt#7], functions=[], output=[d_year#76, i_brand_id#55, i_class_id#57, i_category_id#59, i_manufact_id#61, sales_cnt#6, sales_amt#7])
      :        +- HashAggregate(keys=[d_year#76, i_brand_id#55, i_class_id#57, i_category_id#59, i_manufact_id#61, sales_cnt#6, sales_amt#7], functions=[], output=[d_year#76, i_brand_id#55, i_class_id#57, i_category_id#59, i_manufact_id#61, sales_cnt#6, sales_amt#7])
      :           +- Union
      :              :- Project [d_year#76, i_brand_id#55, i_class_id#57, i_category_id#59, i_manufact_id#61, (cs_quantity#31 - coalesce(cr_return_quantity#114, 0)) AS sales_cnt#6, CheckOverflow((promote_precision(cast(cs_ext_sales_price#36 as decimal(8,2))) - promote_precision(cast(coalesce(cr_return_amount#115, 0.00) as decimal(8,2)))), DecimalType(8,2), true) AS sales_amt#7]
      :              :  +- SortMergeJoin [cs_order_number#30L, cs_item_sk#28L], [cr_order_number#113L, cr_item_sk#99L], LeftOuter
      :              :     :- Project [cs_item_sk#28L, cs_order_number#30L, cs_quantity#31, cs_ext_sales_price#36, i_brand_id#55, i_class_id#57, i_category_id#59, i_manufact_id#61, d_year#76]
      :              :     :  +- BroadcastHashJoin [cs_sold_date_sk#47L], [d_date_sk#70L], Inner, BuildRight, false
      :              :     :     :- Project [cs_item_sk#28L, cs_order_number#30L, cs_quantity#31, cs_ext_sales_price#36, cs_sold_date_sk#47L, i_brand_id#55, i_class_id#57, i_category_id#59, i_manufact_id#61]
      :              :     :     :  +- BroadcastHashJoin [cs_item_sk#28L], [i_item_sk#48L], Inner, BuildRight, false
      :              :     :     :     :- Project [cs_item_sk#28L, cs_order_number#30L, cs_quantity#31, cs_ext_sales_price#36, cs_sold_date_sk#47L]
      :              :     :     :     :  +- Filter isnotnull(cs_item_sk#28L)
      :              :     :     :     :     +- FileScan orc tpcds_bin_partitioned_varchar_orc_1000.catalog_sales[cs_item_sk#28L,cs_order_number#30L,cs_quantity#31,cs_ext_sales_price#36,cs_sold_date_sk#47L] Batched: true, DataFilters: [isnotnull(cs_item_sk#28L)], Format: ORC, Location: InMemoryFileIndex[hdfs://vcloud-10-13:9000/user/hive/warehouse/tpcds_bin_partitioned_varchar_orc_..., PartitionFilters: [isnotnull(cs_sold_date_sk#47L), dynamicpruning#866 [cs_sold_date_sk#47L]], PushedFilters: [IsNotNull(cs_item_sk)], ReadSchema: struct<cs_item_sk:bigint,cs_order_number:bigint,cs_quantity:int,cs_ext_sales_price:decimal(7,2)>
      :              :     :     :     :           +- Project [d_date_sk#70L, d_year#76]
      :              :     :     :     :              +- Filter ((isnotnull(d_year#76) AND (d_year#76 = 2002)) AND isnotnull(d_date_sk#70L))
      :              :     :     :     :                 +- Relation[d_date_sk#70L,d_date_id#71,d_date#72,d_month_seq#73,d_week_seq#74,d_quarter_seq#75,d_year#76,d_dow#77,d_moy#78,d_dom#79,d_qoy#80,d_fy_year#81,d_fy_quarter_seq#82,d_fy_week_seq#83,d_day_name#84,d_quarter_name#85,d_holiday#86,d_weekend#87,d_following_holiday#88,d_first_dom#89,d_last_dom#90,d_same_day_ly#91,d_same_day_lq#92,d_current_day#93,... 4 more fields] orc
      :              :     :     :     +- Project [i_item_sk#48L, i_brand_id#55, i_class_id#57, i_category_id#59, i_manufact_id#61]
      :              :     :     :        +- Filter ((((((isnotnull(i_category#60) AND (i_category#60 = Books)) AND isnotnull(i_item_sk#48L)) AND isnotnull(i_brand_id#55)) AND isnotnull(i_class_id#57)) AND isnotnull(i_category_id#59)) AND isnotnull(i_manufact_id#61))
      :              :     :     :           +- FileScan orc tpcds_bin_partitioned_varchar_orc_1000.item[i_item_sk#48L,i_brand_id#55,i_class_id#57,i_category_id#59,i_category#60,i_manufact_id#61] Batched: true, DataFilters: [isnotnull(i_category#60), (i_category#60 = Books), isnotnull(i_item_sk#48L), isnotnull(i_brand_i..., Format: ORC, Location: InMemoryFileIndex[hdfs://vcloud-10-13:9000/user/hive/warehouse/tpcds_bin_partitioned_varchar_orc_..., PartitionFilters: [], PushedFilters: [IsNotNull(i_category), EqualTo(i_category,Books), IsNotNull(i_item_sk), IsNotNull(i_brand_id), I..., ReadSchema: struct<i_item_sk:bigint,i_brand_id:int,i_class_id:int,i_category_id:int,i_category:string,i_manuf...
      :              :     :     +- Project [d_date_sk#70L, d_year#76]
      :              :     :        +- Filter ((isnotnull(d_year#76) AND (d_year#76 = 2002)) AND isnotnull(d_date_sk#70L))
      :              :     :           +- FileScan orc tpcds_bin_partitioned_varchar_orc_1000.date_dim[d_date_sk#70L,d_year#76] Batched: true, DataFilters: [isnotnull(d_year#76), (d_year#76 = 2002), isnotnull(d_date_sk#70L)], Format: ORC, Location: InMemoryFileIndex[hdfs://vcloud-10-13:9000/user/hive/warehouse/tpcds_bin_partitioned_varchar_orc_..., PartitionFilters: [], PushedFilters: [IsNotNull(d_year), EqualTo(d_year,2002), IsNotNull(d_date_sk)], ReadSchema: struct<d_date_sk:bigint,d_year:int>
      :              :     +- Project [cr_item_sk#99L, cr_order_number#113L, cr_return_quantity#114, cr_return_amount#115]
      :              :        +- Filter (isnotnull(cr_order_number#113L) AND isnotnull(cr_item_sk#99L))
      :              :           +- FileScan orc tpcds_bin_partitioned_varchar_orc_1000.catalog_returns[cr_item_sk#99L,cr_order_number#113L,cr_return_quantity#114,cr_return_amount#115,cr_returned_date_sk#124L] Batched: true, DataFilters: [isnotnull(cr_order_number#113L), isnotnull(cr_item_sk#99L)], Format: ORC, Location: CatalogFileIndex[hdfs://vcloud-10-13:9000/user/hive/warehouse/tpcds_bin_partitioned_varchar_orc_1..., PartitionFilters: [], PushedFilters: [IsNotNull(cr_order_number), IsNotNull(cr_item_sk)], ReadSchema: struct<cr_item_sk:bigint,cr_order_number:bigint,cr_return_quantity:int,cr_return_amount:decimal(7...
      :              :- Project [d_year#176, i_brand_id#155, i_class_id#157, i_category_id#159, i_manufact_id#161, (ss_quantity#134 - coalesce(sr_return_quantity#207, 0)) AS sales_cnt#8, CheckOverflow((promote_precision(cast(ss_ext_sales_price#139 as decimal(8,2))) - promote_precision(cast(coalesce(sr_return_amt#208, 0.00) as decimal(8,2)))), DecimalType(8,2), true) AS sales_amt#9]
      :              :  +- SortMergeJoin [ss_ticket_number#133L, ss_item_sk#126L], [sr_ticket_number#206L, sr_item_sk#199L], LeftOuter
      :              :     :- Project [ss_item_sk#126L, ss_ticket_number#133L, ss_quantity#134, ss_ext_sales_price#139, i_brand_id#155, i_class_id#157, i_category_id#159, i_manufact_id#161, d_year#176]
      :              :     :  +- BroadcastHashJoin [ss_sold_date_sk#147L], [d_date_sk#170L], Inner, BuildRight, false
      :              :     :     :- Project [ss_item_sk#126L, ss_ticket_number#133L, ss_quantity#134, ss_ext_sales_price#139, ss_sold_date_sk#147L, i_brand_id#155, i_class_id#157, i_category_id#159, i_manufact_id#161]
      :              :     :     :  +- BroadcastHashJoin [ss_item_sk#126L], [i_item_sk#148L], Inner, BuildRight, false
      :              :     :     :     :- Project [ss_item_sk#126L, ss_ticket_number#133L, ss_quantity#134, ss_ext_sales_price#139, ss_sold_date_sk#147L]
      :              :     :     :     :  +- Filter isnotnull(ss_item_sk#126L)
      :              :     :     :     :     +- FileScan orc tpcds_bin_partitioned_varchar_orc_1000.store_sales[ss_item_sk#126L,ss_ticket_number#133L,ss_quantity#134,ss_ext_sales_price#139,ss_sold_date_sk#147L] Batched: true, DataFilters: [isnotnull(ss_item_sk#126L)], Format: ORC, Location: InMemoryFileIndex[hdfs://vcloud-10-13:9000/user/hive/warehouse/tpcds_bin_partitioned_varchar_orc_..., PartitionFilters: [isnotnull(ss_sold_date_sk#147L), dynamicpruning#867 [ss_sold_date_sk#147L]], PushedFilters: [IsNotNull(ss_item_sk)], ReadSchema: struct<ss_item_sk:bigint,ss_ticket_number:bigint,ss_quantity:int,ss_ext_sales_price:decimal(7,2)>
      :              :     :     :     :           +- Project [d_date_sk#170L, d_year#176]
      :              :     :     :     :              +- Filter ((isnotnull(d_year#176) AND (d_year#176 = 2002)) AND isnotnull(d_date_sk#170L))
      :              :     :     :     :                 +- Relation[d_date_sk#170L,d_date_id#171,d_date#172,d_month_seq#173,d_week_seq#174,d_quarter_seq#175,d_year#176,d_dow#177,d_moy#178,d_dom#179,d_qoy#180,d_fy_year#181,d_fy_quarter_seq#182,d_fy_week_seq#183,d_day_name#184,d_quarter_name#185,d_holiday#186,d_weekend#187,d_following_holiday#188,d_first_dom#189,d_last_dom#190,d_same_day_ly#191,d_same_day_lq#192,d_current_day#193,... 4 more fields] orc
      :              :     :     :     +- Project [i_item_sk#148L, i_brand_id#155, i_class_id#157, i_category_id#159, i_manufact_id#161]
      :              :     :     :        +- Filter ((((((isnotnull(i_category#160) AND (i_category#160 = Books)) AND isnotnull(i_item_sk#148L)) AND isnotnull(i_brand_id#155)) AND isnotnull(i_class_id#157)) AND isnotnull(i_category_id#159)) AND isnotnull(i_manufact_id#161))
      :              :     :     :           +- FileScan orc tpcds_bin_partitioned_varchar_orc_1000.item[i_item_sk#148L,i_brand_id#155,i_class_id#157,i_category_id#159,i_category#160,i_manufact_id#161] Batched: true, DataFilters: [isnotnull(i_category#160), (i_category#160 = Books), isnotnull(i_item_sk#148L), isnotnull(i_bran..., Format: ORC, Location: InMemoryFileIndex[hdfs://vcloud-10-13:9000/user/hive/warehouse/tpcds_bin_partitioned_varchar_orc_..., PartitionFilters: [], PushedFilters: [IsNotNull(i_category), EqualTo(i_category,Books), IsNotNull(i_item_sk), IsNotNull(i_brand_id), I..., ReadSchema: struct<i_item_sk:bigint,i_brand_id:int,i_class_id:int,i_category_id:int,i_category:string,i_manuf...
      :              :     :     +- Project [d_date_sk#170L, d_year#176]
      :              :     :        +- Filter ((isnotnull(d_year#176) AND (d_year#176 = 2002)) AND isnotnull(d_date_sk#170L))
      :              :     :           +- FileScan orc tpcds_bin_partitioned_varchar_orc_1000.date_dim[d_date_sk#170L,d_year#176] Batched: true, DataFilters: [isnotnull(d_year#176), (d_year#176 = 2002), isnotnull(d_date_sk#170L)], Format: ORC, Location: InMemoryFileIndex[hdfs://vcloud-10-13:9000/user/hive/warehouse/tpcds_bin_partitioned_varchar_orc_..., PartitionFilters: [], PushedFilters: [IsNotNull(d_year), EqualTo(d_year,2002), IsNotNull(d_date_sk)], ReadSchema: struct<d_date_sk:bigint,d_year:int>
      :              :     +- Project [sr_item_sk#199L, sr_ticket_number#206L, sr_return_quantity#207, sr_return_amt#208]
      :              :        +- Filter (isnotnull(sr_ticket_number#206L) AND isnotnull(sr_item_sk#199L))
      :              :           +- FileScan orc tpcds_bin_partitioned_varchar_orc_1000.store_returns[sr_item_sk#199L,sr_ticket_number#206L,sr_return_quantity#207,sr_return_amt#208,sr_returned_date_sk#217L] Batched: true, DataFilters: [isnotnull(sr_ticket_number#206L), isnotnull(sr_item_sk#199L)], Format: ORC, Location: CatalogFileIndex[hdfs://vcloud-10-13:9000/user/hive/warehouse/tpcds_bin_partitioned_varchar_orc_1..., PartitionFilters: [], PushedFilters: [IsNotNull(sr_ticket_number), IsNotNull(sr_item_sk)], ReadSchema: struct<sr_item_sk:bigint,sr_ticket_number:bigint,sr_return_quantity:int,sr_return_amt:decimal(7,2)>
      :              +- Project [d_year#280, i_brand_id#259, i_class_id#261, i_category_id#263, i_manufact_id#265, (ws_quantity#235 - coalesce(wr_return_quantity#315, 0)) AS sales_cnt#10, CheckOverflow((promote_precision(cast(ws_ext_sales_price#240 as decimal(8,2))) - promote_precision(cast(coalesce(wr_return_amt#316, 0.00) as decimal(8,2)))), DecimalType(8,2), true) AS sales_amt#11]
      :                 +- SortMergeJoin [ws_order_number#234L, ws_item_sk#220L], [wr_order_number#314L, wr_item_sk#303L], LeftOuter
      :                    :- Project [ws_item_sk#220L, ws_order_number#234L, ws_quantity#235, ws_ext_sales_price#240, i_brand_id#259, i_class_id#261, i_category_id#263, i_manufact_id#265, d_year#280]
      :                    :  +- BroadcastHashJoin [ws_sold_date_sk#251L], [d_date_sk#274L], Inner, BuildRight, false
      :                    :     :- Project [ws_item_sk#220L, ws_order_number#234L, ws_quantity#235, ws_ext_sales_price#240, ws_sold_date_sk#251L, i_brand_id#259, i_class_id#261, i_category_id#263, i_manufact_id#265]
      :                    :     :  +- BroadcastHashJoin [ws_item_sk#220L], [i_item_sk#252L], Inner, BuildRight, false
      :                    :     :     :- Project [ws_item_sk#220L, ws_order_number#234L, ws_quantity#235, ws_ext_sales_price#240, ws_sold_date_sk#251L]
      :                    :     :     :  +- Filter isnotnull(ws_item_sk#220L)
      :                    :     :     :     +- FileScan orc tpcds_bin_partitioned_varchar_orc_1000.web_sales[ws_item_sk#220L,ws_order_number#234L,ws_quantity#235,ws_ext_sales_price#240,ws_sold_date_sk#251L] Batched: true, DataFilters: [isnotnull(ws_item_sk#220L)], Format: ORC, Location: InMemoryFileIndex[hdfs://vcloud-10-13:9000/user/hive/warehouse/tpcds_bin_partitioned_varchar_orc_..., PartitionFilters: [isnotnull(ws_sold_date_sk#251L), dynamicpruning#868 [ws_sold_date_sk#251L]], PushedFilters: [IsNotNull(ws_item_sk)], ReadSchema: struct<ws_item_sk:bigint,ws_order_number:bigint,ws_quantity:int,ws_ext_sales_price:decimal(7,2)>
      :                    :     :     :           +- Project [d_date_sk#274L, d_year#280]
      :                    :     :     :              +- Filter ((isnotnull(d_year#280) AND (d_year#280 = 2002)) AND isnotnull(d_date_sk#274L))
      :                    :     :     :                 +- Relation[d_date_sk#274L,d_date_id#275,d_date#276,d_month_seq#277,d_week_seq#278,d_quarter_seq#279,d_year#280,d_dow#281,d_moy#282,d_dom#283,d_qoy#284,d_fy_year#285,d_fy_quarter_seq#286,d_fy_week_seq#287,d_day_name#288,d_quarter_name#289,d_holiday#290,d_weekend#291,d_following_holiday#292,d_first_dom#293,d_last_dom#294,d_same_day_ly#295,d_same_day_lq#296,d_current_day#297,... 4 more fields] orc
      :                    :     :     +- Project [i_item_sk#252L, i_brand_id#259, i_class_id#261, i_category_id#263, i_manufact_id#265]
      :                    :     :        +- Filter ((((((isnotnull(i_category#264) AND (i_category#264 = Books)) AND isnotnull(i_item_sk#252L)) AND isnotnull(i_brand_id#259)) AND isnotnull(i_class_id#261)) AND isnotnull(i_category_id#263)) AND isnotnull(i_manufact_id#265))
      :                    :     :           +- FileScan orc tpcds_bin_partitioned_varchar_orc_1000.item[i_item_sk#252L,i_brand_id#259,i_class_id#261,i_category_id#263,i_category#264,i_manufact_id#265] Batched: true, DataFilters: [isnotnull(i_category#264), (i_category#264 = Books), isnotnull(i_item_sk#252L), isnotnull(i_bran..., Format: ORC, Location: InMemoryFileIndex[hdfs://vcloud-10-13:9000/user/hive/warehouse/tpcds_bin_partitioned_varchar_orc_..., PartitionFilters: [], PushedFilters: [IsNotNull(i_category), EqualTo(i_category,Books), IsNotNull(i_item_sk), IsNotNull(i_brand_id), I..., ReadSchema: struct<i_item_sk:bigint,i_brand_id:int,i_class_id:int,i_category_id:int,i_category:string,i_manuf...
      :                    :     +- Project [d_date_sk#274L, d_year#280]
      :                    :        +- Filter ((isnotnull(d_year#280) AND (d_year#280 = 2002)) AND isnotnull(d_date_sk#274L))
      :                    :           +- FileScan orc tpcds_bin_partitioned_varchar_orc_1000.date_dim[d_date_sk#274L,d_year#280] Batched: true, DataFilters: [isnotnull(d_year#280), (d_year#280 = 2002), isnotnull(d_date_sk#274L)], Format: ORC, Location: InMemoryFileIndex[hdfs://vcloud-10-13:9000/user/hive/warehouse/tpcds_bin_partitioned_varchar_orc_..., PartitionFilters: [], PushedFilters: [IsNotNull(d_year), EqualTo(d_year,2002), IsNotNull(d_date_sk)], ReadSchema: struct<d_date_sk:bigint,d_year:int>
      :                    +- Project [wr_item_sk#303L, wr_order_number#314L, wr_return_quantity#315, wr_return_amt#316]
      :                       +- Filter (isnotnull(wr_order_number#314L) AND isnotnull(wr_item_sk#303L))
      :                          +- FileScan orc tpcds_bin_partitioned_varchar_orc_1000.web_returns[wr_item_sk#303L,wr_order_number#314L,wr_return_quantity#315,wr_return_amt#316,wr_returned_date_sk#325L] Batched: true, DataFilters: [isnotnull(wr_order_number#314L), isnotnull(wr_item_sk#303L)], Format: ORC, Location: CatalogFileIndex[hdfs://vcloud-10-13:9000/user/hive/warehouse/tpcds_bin_partitioned_varchar_orc_1..., PartitionFilters: [], PushedFilters: [IsNotNull(wr_order_number), IsNotNull(wr_item_sk)], ReadSchema: struct<wr_item_sk:bigint,wr_order_number:bigint,wr_return_quantity:int,wr_return_amt:decimal(7,2)>
      +- HashAggregate(keys=[d_year#388, i_brand_id#367, i_class_id#369, i_category_id#371, i_manufact_id#373], functions=[sum(cast(sales_cnt#6 as bigint)), sum(UnscaledValue(sales_amt#7))], output=[d_year#388, i_brand_id#367, i_class_id#369, i_category_id#371, i_manufact_id#373, sales_cnt#642L, sales_amt#643])
         +- HashAggregate(keys=[d_year#388, i_brand_id#367, i_class_id#369, i_category_id#371, i_manufact_id#373], functions=[partial_sum(cast(sales_cnt#6 as bigint)), partial_sum(UnscaledValue(sales_amt#7))], output=[d_year#388, i_brand_id#367, i_class_id#369, i_category_id#371, i_manufact_id#373, sum#878L, sum#879L])
            +- HashAggregate(keys=[d_year#388, i_brand_id#367, i_class_id#369, i_category_id#371, i_manufact_id#373, sales_cnt#6, sales_amt#7], functions=[], output=[d_year#388, i_brand_id#367, i_class_id#369, i_category_id#371, i_manufact_id#373, sales_cnt#6, sales_amt#7])
               +- HashAggregate(keys=[d_year#388, i_brand_id#367, i_class_id#369, i_category_id#371, i_manufact_id#373, sales_cnt#6, sales_amt#7], functions=[], output=[d_year#388, i_brand_id#367, i_class_id#369, i_category_id#371, i_manufact_id#373, sales_cnt#6, sales_amt#7])
                  +- Union
                     :- Project [d_year#388, i_brand_id#367, i_class_id#369, i_category_id#371, i_manufact_id#373, (cs_quantity#343 - coalesce(cr_return_quantity#426, 0)) AS sales_cnt#6, CheckOverflow((promote_precision(cast(cs_ext_sales_price#348 as decimal(8,2))) - promote_precision(cast(coalesce(cr_return_amount#427, 0.00) as decimal(8,2)))), DecimalType(8,2), true) AS sales_amt#7]
                     :  +- SortMergeJoin [cs_order_number#342L, cs_item_sk#340L], [cr_order_number#425L, cr_item_sk#411L], LeftOuter
                     :     :- Project [cs_item_sk#340L, cs_order_number#342L, cs_quantity#343, cs_ext_sales_price#348, i_brand_id#367, i_class_id#369, i_category_id#371, i_manufact_id#373, d_year#388]
                     :     :  +- BroadcastHashJoin [cs_sold_date_sk#359L], [d_date_sk#382L], Inner, BuildRight, false
                     :     :     :- Project [cs_item_sk#340L, cs_order_number#342L, cs_quantity#343, cs_ext_sales_price#348, cs_sold_date_sk#359L, i_brand_id#367, i_class_id#369, i_category_id#371, i_manufact_id#373]
                     :     :     :  +- BroadcastHashJoin [cs_item_sk#340L], [i_item_sk#360L], Inner, BuildRight, false
                     :     :     :     :- Project [cs_item_sk#340L, cs_order_number#342L, cs_quantity#343, cs_ext_sales_price#348, cs_sold_date_sk#359L]
                     :     :     :     :  +- Filter isnotnull(cs_item_sk#340L)
                     :     :     :     :     +- FileScan orc tpcds_bin_partitioned_varchar_orc_1000.catalog_sales[cs_item_sk#340L,cs_order_number#342L,cs_quantity#343,cs_ext_sales_price#348,cs_sold_date_sk#359L] Batched: true, DataFilters: [isnotnull(cs_item_sk#340L)], Format: ORC, Location: InMemoryFileIndex[hdfs://vcloud-10-13:9000/user/hive/warehouse/tpcds_bin_partitioned_varchar_orc_..., PartitionFilters: [isnotnull(cs_sold_date_sk#359L), dynamicpruning#869 [cs_sold_date_sk#359L]], PushedFilters: [IsNotNull(cs_item_sk)], ReadSchema: struct<cs_item_sk:bigint,cs_order_number:bigint,cs_quantity:int,cs_ext_sales_price:decimal(7,2)>
                     :     :     :     :           +- Project [d_date_sk#382L, d_year#388]
                     :     :     :     :              +- Filter ((isnotnull(d_year#388) AND (d_year#388 = 2001)) AND isnotnull(d_date_sk#382L))
                     :     :     :     :                 +- Relation[d_date_sk#382L,d_date_id#383,d_date#384,d_month_seq#385,d_week_seq#386,d_quarter_seq#387,d_year#388,d_dow#389,d_moy#390,d_dom#391,d_qoy#392,d_fy_year#393,d_fy_quarter_seq#394,d_fy_week_seq#395,d_day_name#396,d_quarter_name#397,d_holiday#398,d_weekend#399,d_following_holiday#400,d_first_dom#401,d_last_dom#402,d_same_day_ly#403,d_same_day_lq#404,d_current_day#405,... 4 more fields] orc
                     :     :     :     +- Project [i_item_sk#360L, i_brand_id#367, i_class_id#369, i_category_id#371, i_manufact_id#373]
                     :     :     :        +- Filter ((((((isnotnull(i_category#372) AND (i_category#372 = Books)) AND isnotnull(i_item_sk#360L)) AND isnotnull(i_brand_id#367)) AND isnotnull(i_class_id#369)) AND isnotnull(i_category_id#371)) AND isnotnull(i_manufact_id#373))
                     :     :     :           +- FileScan orc tpcds_bin_partitioned_varchar_orc_1000.item[i_item_sk#360L,i_brand_id#367,i_class_id#369,i_category_id#371,i_category#372,i_manufact_id#373] Batched: true, DataFilters: [isnotnull(i_category#372), (i_category#372 = Books), isnotnull(i_item_sk#360L), isnotnull(i_bran..., Format: ORC, Location: InMemoryFileIndex[hdfs://vcloud-10-13:9000/user/hive/warehouse/tpcds_bin_partitioned_varchar_orc_..., PartitionFilters: [], PushedFilters: [IsNotNull(i_category), EqualTo(i_category,Books), IsNotNull(i_item_sk), IsNotNull(i_brand_id), I..., ReadSchema: struct<i_item_sk:bigint,i_brand_id:int,i_class_id:int,i_category_id:int,i_category:string,i_manuf...
                     :     :     +- Project [d_date_sk#382L, d_year#388]
                     :     :        +- Filter ((isnotnull(d_year#388) AND (d_year#388 = 2001)) AND isnotnull(d_date_sk#382L))
                     :     :           +- FileScan orc tpcds_bin_partitioned_varchar_orc_1000.date_dim[d_date_sk#382L,d_year#388] Batched: true, DataFilters: [isnotnull(d_year#388), (d_year#388 = 2001), isnotnull(d_date_sk#382L)], Format: ORC, Location: InMemoryFileIndex[hdfs://vcloud-10-13:9000/user/hive/warehouse/tpcds_bin_partitioned_varchar_orc_..., PartitionFilters: [], PushedFilters: [IsNotNull(d_year), EqualTo(d_year,2001), IsNotNull(d_date_sk)], ReadSchema: struct<d_date_sk:bigint,d_year:int>
                     :     +- Project [cr_item_sk#411L, cr_order_number#425L, cr_return_quantity#426, cr_return_amount#427]
                     :        +- Filter (isnotnull(cr_order_number#425L) AND isnotnull(cr_item_sk#411L))
                     :           +- FileScan orc tpcds_bin_partitioned_varchar_orc_1000.catalog_returns[cr_item_sk#411L,cr_order_number#425L,cr_return_quantity#426,cr_return_amount#427,cr_returned_date_sk#436L] Batched: true, DataFilters: [isnotnull(cr_order_number#425L), isnotnull(cr_item_sk#411L)], Format: ORC, Location: CatalogFileIndex[hdfs://vcloud-10-13:9000/user/hive/warehouse/tpcds_bin_partitioned_varchar_orc_1..., PartitionFilters: [], PushedFilters: [IsNotNull(cr_order_number), IsNotNull(cr_item_sk)], ReadSchema: struct<cr_item_sk:bigint,cr_order_number:bigint,cr_return_quantity:int,cr_return_amount:decimal(7...
                     :- Project [d_year#488, i_brand_id#467, i_class_id#469, i_category_id#471, i_manufact_id#473, (ss_quantity#446 - coalesce(sr_return_quantity#519, 0)) AS sales_cnt#8, CheckOverflow((promote_precision(cast(ss_ext_sales_price#451 as decimal(8,2))) - promote_precision(cast(coalesce(sr_return_amt#520, 0.00) as decimal(8,2)))), DecimalType(8,2), true) AS sales_amt#9]
                     :  +- SortMergeJoin [ss_ticket_number#445L, ss_item_sk#438L], [sr_ticket_number#518L, sr_item_sk#511L], LeftOuter
                     :     :- Project [ss_item_sk#438L, ss_ticket_number#445L, ss_quantity#446, ss_ext_sales_price#451, i_brand_id#467, i_class_id#469, i_category_id#471, i_manufact_id#473, d_year#488]
                     :     :  +- BroadcastHashJoin [ss_sold_date_sk#459L], [d_date_sk#482L], Inner, BuildRight, false
                     :     :     :- Project [ss_item_sk#438L, ss_ticket_number#445L, ss_quantity#446, ss_ext_sales_price#451, ss_sold_date_sk#459L, i_brand_id#467, i_class_id#469, i_category_id#471, i_manufact_id#473]
                     :     :     :  +- BroadcastHashJoin [ss_item_sk#438L], [i_item_sk#460L], Inner, BuildRight, false
                     :     :     :     :- Project [ss_item_sk#438L, ss_ticket_number#445L, ss_quantity#446, ss_ext_sales_price#451, ss_sold_date_sk#459L]
                     :     :     :     :  +- Filter isnotnull(ss_item_sk#438L)
                     :     :     :     :     +- FileScan orc tpcds_bin_partitioned_varchar_orc_1000.store_sales[ss_item_sk#438L,ss_ticket_number#445L,ss_quantity#446,ss_ext_sales_price#451,ss_sold_date_sk#459L] Batched: true, DataFilters: [isnotnull(ss_item_sk#438L)], Format: ORC, Location: InMemoryFileIndex[hdfs://vcloud-10-13:9000/user/hive/warehouse/tpcds_bin_partitioned_varchar_orc_..., PartitionFilters: [isnotnull(ss_sold_date_sk#459L), dynamicpruning#870 [ss_sold_date_sk#459L]], PushedFilters: [IsNotNull(ss_item_sk)], ReadSchema: struct<ss_item_sk:bigint,ss_ticket_number:bigint,ss_quantity:int,ss_ext_sales_price:decimal(7,2)>
                     :     :     :     :           +- Project [d_date_sk#482L, d_year#488]
                     :     :     :     :              +- Filter ((isnotnull(d_year#488) AND (d_year#488 = 2001)) AND isnotnull(d_date_sk#482L))
                     :     :     :     :                 +- Relation[d_date_sk#482L,d_date_id#483,d_date#484,d_month_seq#485,d_week_seq#486,d_quarter_seq#487,d_year#488,d_dow#489,d_moy#490,d_dom#491,d_qoy#492,d_fy_year#493,d_fy_quarter_seq#494,d_fy_week_seq#495,d_day_name#496,d_quarter_name#497,d_holiday#498,d_weekend#499,d_following_holiday#500,d_first_dom#501,d_last_dom#502,d_same_day_ly#503,d_same_day_lq#504,d_current_day#505,... 4 more fields] orc
                     :     :     :     +- Project [i_item_sk#460L, i_brand_id#467, i_class_id#469, i_category_id#471, i_manufact_id#473]
                     :     :     :        +- Filter ((((((isnotnull(i_category#472) AND (i_category#472 = Books)) AND isnotnull(i_item_sk#460L)) AND isnotnull(i_brand_id#467)) AND isnotnull(i_class_id#469)) AND isnotnull(i_category_id#471)) AND isnotnull(i_manufact_id#473))
                     :     :     :           +- FileScan orc tpcds_bin_partitioned_varchar_orc_1000.item[i_item_sk#460L,i_brand_id#467,i_class_id#469,i_category_id#471,i_category#472,i_manufact_id#473] Batched: true, DataFilters: [isnotnull(i_category#472), (i_category#472 = Books), isnotnull(i_item_sk#460L), isnotnull(i_bran..., Format: ORC, Location: InMemoryFileIndex[hdfs://vcloud-10-13:9000/user/hive/warehouse/tpcds_bin_partitioned_varchar_orc_..., PartitionFilters: [], PushedFilters: [IsNotNull(i_category), EqualTo(i_category,Books), IsNotNull(i_item_sk), IsNotNull(i_brand_id), I..., ReadSchema: struct<i_item_sk:bigint,i_brand_id:int,i_class_id:int,i_category_id:int,i_category:string,i_manuf...
                     :     :     +- Project [d_date_sk#482L, d_year#488]
                     :     :        +- Filter ((isnotnull(d_year#488) AND (d_year#488 = 2001)) AND isnotnull(d_date_sk#482L))
                     :     :           +- FileScan orc tpcds_bin_partitioned_varchar_orc_1000.date_dim[d_date_sk#482L,d_year#488] Batched: true, DataFilters: [isnotnull(d_year#488), (d_year#488 = 2001), isnotnull(d_date_sk#482L)], Format: ORC, Location: InMemoryFileIndex[hdfs://vcloud-10-13:9000/user/hive/warehouse/tpcds_bin_partitioned_varchar_orc_..., PartitionFilters: [], PushedFilters: [IsNotNull(d_year), EqualTo(d_year,2001), IsNotNull(d_date_sk)], ReadSchema: struct<d_date_sk:bigint,d_year:int>
                     :     +- Project [sr_item_sk#511L, sr_ticket_number#518L, sr_return_quantity#519, sr_return_amt#520]
                     :        +- Filter (isnotnull(sr_ticket_number#518L) AND isnotnull(sr_item_sk#511L))
                     :           +- FileScan orc tpcds_bin_partitioned_varchar_orc_1000.store_returns[sr_item_sk#511L,sr_ticket_number#518L,sr_return_quantity#519,sr_return_amt#520,sr_returned_date_sk#529L] Batched: true, DataFilters: [isnotnull(sr_ticket_number#518L), isnotnull(sr_item_sk#511L)], Format: ORC, Location: CatalogFileIndex[hdfs://vcloud-10-13:9000/user/hive/warehouse/tpcds_bin_partitioned_varchar_orc_1..., PartitionFilters: [], PushedFilters: [IsNotNull(sr_ticket_number), IsNotNull(sr_item_sk)], ReadSchema: struct<sr_item_sk:bigint,sr_ticket_number:bigint,sr_return_quantity:int,sr_return_amt:decimal(7,2)>
                     +- Project [d_year#592, i_brand_id#571, i_class_id#573, i_category_id#575, i_manufact_id#577, (ws_quantity#547 - coalesce(wr_return_quantity#627, 0)) AS sales_cnt#10, CheckOverflow((promote_precision(cast(ws_ext_sales_price#552 as decimal(8,2))) - promote_precision(cast(coalesce(wr_return_amt#628, 0.00) as decimal(8,2)))), DecimalType(8,2), true) AS sales_amt#11]
                        +- SortMergeJoin [ws_order_number#546L, ws_item_sk#532L], [wr_order_number#626L, wr_item_sk#615L], LeftOuter
                           :- Project [ws_item_sk#532L, ws_order_number#546L, ws_quantity#547, ws_ext_sales_price#552, i_brand_id#571, i_class_id#573, i_category_id#575, i_manufact_id#577, d_year#592]
                           :  +- BroadcastHashJoin [ws_sold_date_sk#563L], [d_date_sk#586L], Inner, BuildRight, false
                           :     :- Project [ws_item_sk#532L, ws_order_number#546L, ws_quantity#547, ws_ext_sales_price#552, ws_sold_date_sk#563L, i_brand_id#571, i_class_id#573, i_category_id#575, i_manufact_id#577]
                           :     :  +- BroadcastHashJoin [ws_item_sk#532L], [i_item_sk#564L], Inner, BuildRight, false
                           :     :     :- Project [ws_item_sk#532L, ws_order_number#546L, ws_quantity#547, ws_ext_sales_price#552, ws_sold_date_sk#563L]
                           :     :     :  +- Filter isnotnull(ws_item_sk#532L)
                           :     :     :     +- FileScan orc tpcds_bin_partitioned_varchar_orc_1000.web_sales[ws_item_sk#532L,ws_order_number#546L,ws_quantity#547,ws_ext_sales_price#552,ws_sold_date_sk#563L] Batched: true, DataFilters: [isnotnull(ws_item_sk#532L)], Format: ORC, Location: InMemoryFileIndex[hdfs://vcloud-10-13:9000/user/hive/warehouse/tpcds_bin_partitioned_varchar_orc_..., PartitionFilters: [isnotnull(ws_sold_date_sk#563L), dynamicpruning#871 [ws_sold_date_sk#563L]], PushedFilters: [IsNotNull(ws_item_sk)], ReadSchema: struct<ws_item_sk:bigint,ws_order_number:bigint,ws_quantity:int,ws_ext_sales_price:decimal(7,2)>
                           :     :     :           +- Project [d_date_sk#586L, d_year#592]
                           :     :     :              +- Filter ((isnotnull(d_year#592) AND (d_year#592 = 2001)) AND isnotnull(d_date_sk#586L))
                           :     :     :                 +- Relation[d_date_sk#586L,d_date_id#587,d_date#588,d_month_seq#589,d_week_seq#590,d_quarter_seq#591,d_year#592,d_dow#593,d_moy#594,d_dom#595,d_qoy#596,d_fy_year#597,d_fy_quarter_seq#598,d_fy_week_seq#599,d_day_name#600,d_quarter_name#601,d_holiday#602,d_weekend#603,d_following_holiday#604,d_first_dom#605,d_last_dom#606,d_same_day_ly#607,d_same_day_lq#608,d_current_day#609,... 4 more fields] orc
                           :     :     +- Project [i_item_sk#564L, i_brand_id#571, i_class_id#573, i_category_id#575, i_manufact_id#577]
                           :     :        +- Filter ((((((isnotnull(i_category#576) AND (i_category#576 = Books)) AND isnotnull(i_item_sk#564L)) AND isnotnull(i_brand_id#571)) AND isnotnull(i_class_id#573)) AND isnotnull(i_category_id#575)) AND isnotnull(i_manufact_id#577))
                           :     :           +- FileScan orc tpcds_bin_partitioned_varchar_orc_1000.item[i_item_sk#564L,i_brand_id#571,i_class_id#573,i_category_id#575,i_category#576,i_manufact_id#577] Batched: true, DataFilters: [isnotnull(i_category#576), (i_category#576 = Books), isnotnull(i_item_sk#564L), isnotnull(i_bran..., Format: ORC, Location: InMemoryFileIndex[hdfs://vcloud-10-13:9000/user/hive/warehouse/tpcds_bin_partitioned_varchar_orc_..., PartitionFilters: [], PushedFilters: [IsNotNull(i_category), EqualTo(i_category,Books), IsNotNull(i_item_sk), IsNotNull(i_brand_id), I..., ReadSchema: struct<i_item_sk:bigint,i_brand_id:int,i_class_id:int,i_category_id:int,i_category:string,i_manuf...
                           :     +- Project [d_date_sk#586L, d_year#592]
                           :        +- Filter ((isnotnull(d_year#592) AND (d_year#592 = 2001)) AND isnotnull(d_date_sk#586L))
                           :           +- FileScan orc tpcds_bin_partitioned_varchar_orc_1000.date_dim[d_date_sk#586L,d_year#592] Batched: true, DataFilters: [isnotnull(d_year#592), (d_year#592 = 2001), isnotnull(d_date_sk#586L)], Format: ORC, Location: InMemoryFileIndex[hdfs://vcloud-10-13:9000/user/hive/warehouse/tpcds_bin_partitioned_varchar_orc_..., PartitionFilters: [], PushedFilters: [IsNotNull(d_year), EqualTo(d_year,2001), IsNotNull(d_date_sk)], ReadSchema: struct<d_date_sk:bigint,d_year:int>
                           +- Project [wr_item_sk#615L, wr_order_number#626L, wr_return_quantity#627, wr_return_amt#628]
                              +- Filter (isnotnull(wr_order_number#626L) AND isnotnull(wr_item_sk#615L))
                                 +- FileScan orc tpcds_bin_partitioned_varchar_orc_1000.web_returns[wr_item_sk#615L,wr_order_number#626L,wr_return_quantity#627,wr_return_amt#628,wr_returned_date_sk#637L] Batched: true, DataFilters: [isnotnull(wr_order_number#626L), isnotnull(wr_item_sk#615L)], Format: ORC, Location: CatalogFileIndex[hdfs://vcloud-10-13:9000/user/hive/warehouse/tpcds_bin_partitioned_varchar_orc_1..., PartitionFilters: [], PushedFilters: [IsNotNull(wr_order_number), IsNotNull(wr_item_sk)], ReadSchema: struct<wr_item_sk:bigint,wr_order_number:bigint,wr_return_quantity:int,wr_return_amt:decimal(7,2)>
.
Time taken: 86.553 seconds, Fetched 30 row(s)
