24/04/26 16:45:01 WARN Utils: Your hostname, vcloud-10-13 resolves to a loopback address: 127.0.0.1; using 21.21.36.153 instead (on interface eno1)
24/04/26 16:45:01 WARN Utils: Set SPARK_LOCAL_IP if you need to bind to another address
24/04/26 16:45:01 WARN NativeCodeLoader: Unable to load native-hadoop library for your platform... using builtin-java classes where applicable
Setting default log level to "WARN".
To adjust logging level use sc.setLogLevel(newLevel). For SparkR, use setLogLevel(newLevel).
24/04/26 16:45:03 WARN Client: Neither spark.yarn.jars nor spark.yarn.archive is set, falling back to uploading libraries under SPARK_HOME.
Spark master: yarn, Application Id: application_1714105099579_0191
24/04/26 16:45:24 WARN SessionState: METASTORE_FILTER_HOOK will be ignored, since hive.security.authorization.manager is set to instance of HiveAuthorizerFactory.
24/04/26 16:45:31 WARN package: Truncated the string representation of a plan since it was too large. This behavior can be adjusted by setting 'spark.sql.debug.maxToStringFields'.
24/04/26 16:45:31 WARN InsertAdaptiveSparkPlan: spark.sql.adaptive.enabled is enabled but is not supported for query: TakeOrderedAndProject(limit=100, orderBy=[item_id#6 ASC NULLS FIRST,sr_item_qty#7L ASC NULLS FIRST], output=[item_id#6,sr_item_qty#7L,sr_dev#0,cr_item_qty#11L,cr_dev#1,wr_item_qty#15L,wr_dev#2,average#3])
+- Project [item_id#6, sr_item_qty#7L, (((cast(sr_item_qty#7L as double) / cast(((sr_item_qty#7L + cr_item_qty#11L) + wr_item_qty#15L) as double)) / 3.0) * 100.0) AS sr_dev#0, cr_item_qty#11L, (((cast(cr_item_qty#11L as double) / cast(((sr_item_qty#7L + cr_item_qty#11L) + wr_item_qty#15L) as double)) / 3.0) * 100.0) AS cr_dev#1, wr_item_qty#15L, (((cast(wr_item_qty#15L as double) / cast(((sr_item_qty#7L + cr_item_qty#11L) + wr_item_qty#15L) as double)) / 3.0) * 100.0) AS wr_dev#2, CheckOverflow((promote_precision(cast(cast(((sr_item_qty#7L + cr_item_qty#11L) + wr_item_qty#15L) as decimal(20,0)) as decimal(21,1))) / 3.0), DecimalType(27,6), true) AS average#3]
   +- SortMergeJoin [item_id#6], [item_id#14], Inner
      :- Project [item_id#6, sr_item_qty#7L, cr_item_qty#11L]
      :  +- SortMergeJoin [item_id#6], [item_id#10], Inner
      :     :- HashAggregate(keys=[i_item_id#37], functions=[sum(cast(sr_return_quantity#25 as bigint))], output=[item_id#6, sr_item_qty#7L])
      :     :  +- HashAggregate(keys=[i_item_id#37], functions=[partial_sum(cast(sr_return_quantity#25 as bigint))], output=[i_item_id#37, sum#541L])
      :     :     +- Project [sr_return_quantity#25, i_item_id#37]
      :     :        +- BroadcastHashJoin [sr_returned_date_sk#35L], [d_date_sk#58L], Inner, BuildRight, false
      :     :           :- Project [sr_return_quantity#25, sr_returned_date_sk#35L, i_item_id#37]
      :     :           :  +- BroadcastHashJoin [sr_item_sk#17L], [i_item_sk#36L], Inner, BuildRight, false
      :     :           :     :- Project [sr_item_sk#17L, sr_return_quantity#25, sr_returned_date_sk#35L]
      :     :           :     :  +- Filter isnotnull(sr_item_sk#17L)
      :     :           :     :     +- FileScan orc tpcds_bin_partitioned_varchar_orc_1000.store_returns[sr_item_sk#17L,sr_return_quantity#25,sr_returned_date_sk#35L] Batched: true, DataFilters: [isnotnull(sr_item_sk#17L)], Format: ORC, Location: InMemoryFileIndex[hdfs://vcloud-10-13:9000/user/hive/warehouse/tpcds_bin_partitioned_varchar_orc_..., PartitionFilters: [isnotnull(sr_returned_date_sk#35L), dynamicpruning#537 [sr_returned_date_sk#35L]], PushedFilters: [IsNotNull(sr_item_sk)], ReadSchema: struct<sr_item_sk:bigint,sr_return_quantity:int>
      :     :           :     :           +- Project [d_date_sk#58L]
      :     :           :     :              +- Join LeftSemi, (d_date#60 = d_date#239)
      :     :           :     :                 :- Project [d_date_sk#58L, d_date#60]
      :     :           :     :                 :  +- Filter (isnotnull(d_date_sk#58L) AND isnotnull(d_date#60))
      :     :           :     :                 :     +- Relation[d_date_sk#58L,d_date_id#59,d_date#60,d_month_seq#61,d_week_seq#62,d_quarter_seq#63,d_year#64,d_dow#65,d_moy#66,d_dom#67,d_qoy#68,d_fy_year#69,d_fy_quarter_seq#70,d_fy_week_seq#71,d_day_name#72,d_quarter_name#73,d_holiday#74,d_weekend#75,d_following_holiday#76,d_first_dom#77,d_last_dom#78,d_same_day_ly#79,d_same_day_lq#80,d_current_day#81,... 4 more fields] orc
      :     :           :     :                 +- Project [d_date#239]
      :     :           :     :                    +- Join LeftSemi, (d_week_seq#241 = d_week_seq#269)
      :     :           :     :                       :- Project [d_date#239, d_week_seq#241]
      :     :           :     :                       :  +- Filter (isnotnull(d_week_seq#241) AND isnotnull(d_date#239))
      :     :           :     :                       :     +- Relation[d_date_sk#237L,d_date_id#238,d_date#239,d_month_seq#240,d_week_seq#241,d_quarter_seq#242,d_year#243,d_dow#244,d_moy#245,d_dom#246,d_qoy#247,d_fy_year#248,d_fy_quarter_seq#249,d_fy_week_seq#250,d_day_name#251,d_quarter_name#252,d_holiday#253,d_weekend#254,d_following_holiday#255,d_first_dom#256,d_last_dom#257,d_same_day_ly#258,d_same_day_lq#259,d_current_day#260,... 4 more fields] orc
      :     :           :     :                       +- Project [d_week_seq#269]
      :     :           :     :                          +- Filter (cast(d_date#267 as string) IN (2000-06-30,2000-09-27,2000-11-17) AND isnotnull(d_week_seq#269))
      :     :           :     :                             +- Relation[d_date_sk#265L,d_date_id#266,d_date#267,d_month_seq#268,d_week_seq#269,d_quarter_seq#270,d_year#271,d_dow#272,d_moy#273,d_dom#274,d_qoy#275,d_fy_year#276,d_fy_quarter_seq#277,d_fy_week_seq#278,d_day_name#279,d_quarter_name#280,d_holiday#281,d_weekend#282,d_following_holiday#283,d_first_dom#284,d_last_dom#285,d_same_day_ly#286,d_same_day_lq#287,d_current_day#288,... 4 more fields] orc
      :     :           :     +- Project [i_item_sk#36L, i_item_id#37]
      :     :           :        +- Filter (isnotnull(i_item_sk#36L) AND isnotnull(i_item_id#37))
      :     :           :           +- FileScan orc tpcds_bin_partitioned_varchar_orc_1000.item[i_item_sk#36L,i_item_id#37] Batched: true, DataFilters: [isnotnull(i_item_sk#36L), isnotnull(i_item_id#37)], Format: ORC, Location: InMemoryFileIndex[hdfs://vcloud-10-13:9000/user/hive/warehouse/tpcds_bin_partitioned_varchar_orc_..., PartitionFilters: [], PushedFilters: [IsNotNull(i_item_sk), IsNotNull(i_item_id)], ReadSchema: struct<i_item_sk:bigint,i_item_id:string>
      :     :           +- Project [d_date_sk#58L]
      :     :              +- BroadcastHashJoin [d_date#60], [d_date#239], LeftSemi, BuildRight, false
      :     :                 :- Project [d_date_sk#58L, d_date#60]
      :     :                 :  +- Filter isnotnull(d_date_sk#58L)
      :     :                 :     +- FileScan orc tpcds_bin_partitioned_varchar_orc_1000.date_dim[d_date_sk#58L,d_date#60] Batched: true, DataFilters: [isnotnull(d_date_sk#58L)], Format: ORC, Location: InMemoryFileIndex[hdfs://vcloud-10-13:9000/user/hive/warehouse/tpcds_bin_partitioned_varchar_orc_..., PartitionFilters: [], PushedFilters: [IsNotNull(d_date_sk)], ReadSchema: struct<d_date_sk:bigint,d_date:date>
      :     :                 +- Project [d_date#239]
      :     :                    +- BroadcastHashJoin [d_week_seq#241], [d_week_seq#269], LeftSemi, BuildRight, false
      :     :                       :- FileScan orc tpcds_bin_partitioned_varchar_orc_1000.date_dim[d_date#239,d_week_seq#241] Batched: true, DataFilters: [], Format: ORC, Location: InMemoryFileIndex[hdfs://vcloud-10-13:9000/user/hive/warehouse/tpcds_bin_partitioned_varchar_orc_..., PartitionFilters: [], PushedFilters: [], ReadSchema: struct<d_date:date,d_week_seq:int>
      :     :                       +- Project [d_week_seq#269]
      :     :                          +- Filter cast(d_date#267 as string) IN (2000-06-30,2000-09-27,2000-11-17)
      :     :                             +- FileScan orc tpcds_bin_partitioned_varchar_orc_1000.date_dim[d_date#267,d_week_seq#269] Batched: true, DataFilters: [cast(d_date#267 as string) IN (2000-06-30,2000-09-27,2000-11-17)], Format: ORC, Location: InMemoryFileIndex[hdfs://vcloud-10-13:9000/user/hive/warehouse/tpcds_bin_partitioned_varchar_orc_..., PartitionFilters: [], PushedFilters: [], ReadSchema: struct<d_date:date,d_week_seq:int>
      :     +- HashAggregate(keys=[i_item_id#114], functions=[sum(cast(cr_return_quantity#102 as bigint))], output=[item_id#10, cr_item_qty#11L])
      :        +- HashAggregate(keys=[i_item_id#114], functions=[partial_sum(cast(cr_return_quantity#102 as bigint))], output=[i_item_id#114, sum#543L])
      :           +- Project [cr_return_quantity#102, i_item_id#114]
      :              +- BroadcastHashJoin [cr_returned_date_sk#112L], [d_date_sk#135L], Inner, BuildRight, false
      :                 :- Project [cr_return_quantity#102, cr_returned_date_sk#112L, i_item_id#114]
      :                 :  +- BroadcastHashJoin [cr_item_sk#87L], [i_item_sk#113L], Inner, BuildRight, false
      :                 :     :- Project [cr_item_sk#87L, cr_return_quantity#102, cr_returned_date_sk#112L]
      :                 :     :  +- Filter isnotnull(cr_item_sk#87L)
      :                 :     :     +- FileScan orc tpcds_bin_partitioned_varchar_orc_1000.catalog_returns[cr_item_sk#87L,cr_return_quantity#102,cr_returned_date_sk#112L] Batched: true, DataFilters: [isnotnull(cr_item_sk#87L)], Format: ORC, Location: InMemoryFileIndex[hdfs://vcloud-10-13:9000/user/hive/warehouse/tpcds_bin_partitioned_varchar_orc_..., PartitionFilters: [isnotnull(cr_returned_date_sk#112L), dynamicpruning#538 [cr_returned_date_sk#112L]], PushedFilters: [IsNotNull(cr_item_sk)], ReadSchema: struct<cr_item_sk:bigint,cr_return_quantity:int>
      :                 :     :           +- Project [d_date_sk#135L]
      :                 :     :              +- Join LeftSemi, (d_date#137 = d_date#323)
      :                 :     :                 :- Project [d_date_sk#135L, d_date#137]
      :                 :     :                 :  +- Filter (isnotnull(d_date_sk#135L) AND isnotnull(d_date#137))
      :                 :     :                 :     +- Relation[d_date_sk#135L,d_date_id#136,d_date#137,d_month_seq#138,d_week_seq#139,d_quarter_seq#140,d_year#141,d_dow#142,d_moy#143,d_dom#144,d_qoy#145,d_fy_year#146,d_fy_quarter_seq#147,d_fy_week_seq#148,d_day_name#149,d_quarter_name#150,d_holiday#151,d_weekend#152,d_following_holiday#153,d_first_dom#154,d_last_dom#155,d_same_day_ly#156,d_same_day_lq#157,d_current_day#158,... 4 more fields] orc
      :                 :     :                 +- Project [d_date#323]
      :                 :     :                    +- Join LeftSemi, (d_week_seq#325 = d_week_seq#353)
      :                 :     :                       :- Project [d_date#323, d_week_seq#325]
      :                 :     :                       :  +- Filter (isnotnull(d_week_seq#325) AND isnotnull(d_date#323))
      :                 :     :                       :     +- Relation[d_date_sk#321L,d_date_id#322,d_date#323,d_month_seq#324,d_week_seq#325,d_quarter_seq#326,d_year#327,d_dow#328,d_moy#329,d_dom#330,d_qoy#331,d_fy_year#332,d_fy_quarter_seq#333,d_fy_week_seq#334,d_day_name#335,d_quarter_name#336,d_holiday#337,d_weekend#338,d_following_holiday#339,d_first_dom#340,d_last_dom#341,d_same_day_ly#342,d_same_day_lq#343,d_current_day#344,... 4 more fields] orc
      :                 :     :                       +- Project [d_week_seq#353]
      :                 :     :                          +- Filter (cast(d_date#351 as string) IN (2000-06-30,2000-09-27,2000-11-17) AND isnotnull(d_week_seq#353))
      :                 :     :                             +- Relation[d_date_sk#349L,d_date_id#350,d_date#351,d_month_seq#352,d_week_seq#353,d_quarter_seq#354,d_year#355,d_dow#356,d_moy#357,d_dom#358,d_qoy#359,d_fy_year#360,d_fy_quarter_seq#361,d_fy_week_seq#362,d_day_name#363,d_quarter_name#364,d_holiday#365,d_weekend#366,d_following_holiday#367,d_first_dom#368,d_last_dom#369,d_same_day_ly#370,d_same_day_lq#371,d_current_day#372,... 4 more fields] orc
      :                 :     +- Project [i_item_sk#113L, i_item_id#114]
      :                 :        +- Filter (isnotnull(i_item_sk#113L) AND isnotnull(i_item_id#114))
      :                 :           +- FileScan orc tpcds_bin_partitioned_varchar_orc_1000.item[i_item_sk#113L,i_item_id#114] Batched: true, DataFilters: [isnotnull(i_item_sk#113L), isnotnull(i_item_id#114)], Format: ORC, Location: InMemoryFileIndex[hdfs://vcloud-10-13:9000/user/hive/warehouse/tpcds_bin_partitioned_varchar_orc_..., PartitionFilters: [], PushedFilters: [IsNotNull(i_item_sk), IsNotNull(i_item_id)], ReadSchema: struct<i_item_sk:bigint,i_item_id:string>
      :                 +- Project [d_date_sk#135L]
      :                    +- BroadcastHashJoin [d_date#137], [d_date#323], LeftSemi, BuildRight, false
      :                       :- Project [d_date_sk#135L, d_date#137]
      :                       :  +- Filter isnotnull(d_date_sk#135L)
      :                       :     +- FileScan orc tpcds_bin_partitioned_varchar_orc_1000.date_dim[d_date_sk#135L,d_date#137] Batched: true, DataFilters: [isnotnull(d_date_sk#135L)], Format: ORC, Location: InMemoryFileIndex[hdfs://vcloud-10-13:9000/user/hive/warehouse/tpcds_bin_partitioned_varchar_orc_..., PartitionFilters: [], PushedFilters: [IsNotNull(d_date_sk)], ReadSchema: struct<d_date_sk:bigint,d_date:date>
      :                       +- Project [d_date#323]
      :                          +- BroadcastHashJoin [d_week_seq#325], [d_week_seq#353], LeftSemi, BuildRight, false
      :                             :- FileScan orc tpcds_bin_partitioned_varchar_orc_1000.date_dim[d_date#323,d_week_seq#325] Batched: true, DataFilters: [], Format: ORC, Location: InMemoryFileIndex[hdfs://vcloud-10-13:9000/user/hive/warehouse/tpcds_bin_partitioned_varchar_orc_..., PartitionFilters: [], PushedFilters: [], ReadSchema: struct<d_date:date,d_week_seq:int>
      :                             +- Project [d_week_seq#353]
      :                                +- Filter cast(d_date#351 as string) IN (2000-06-30,2000-09-27,2000-11-17)
      :                                   +- FileScan orc tpcds_bin_partitioned_varchar_orc_1000.date_dim[d_date#351,d_week_seq#353] Batched: true, DataFilters: [cast(d_date#351 as string) IN (2000-06-30,2000-09-27,2000-11-17)], Format: ORC, Location: InMemoryFileIndex[hdfs://vcloud-10-13:9000/user/hive/warehouse/tpcds_bin_partitioned_varchar_orc_..., PartitionFilters: [], PushedFilters: [], ReadSchema: struct<d_date:date,d_week_seq:int>
      +- HashAggregate(keys=[i_item_id#188], functions=[sum(cast(wr_return_quantity#176 as bigint))], output=[item_id#14, wr_item_qty#15L])
         +- HashAggregate(keys=[i_item_id#188], functions=[partial_sum(cast(wr_return_quantity#176 as bigint))], output=[i_item_id#188, sum#545L])
            +- Project [wr_return_quantity#176, i_item_id#188]
               +- BroadcastHashJoin [wr_returned_date_sk#186L], [d_date_sk#209L], Inner, BuildRight, false
                  :- Project [wr_return_quantity#176, wr_returned_date_sk#186L, i_item_id#188]
                  :  +- BroadcastHashJoin [wr_item_sk#164L], [i_item_sk#187L], Inner, BuildRight, false
                  :     :- Project [wr_item_sk#164L, wr_return_quantity#176, wr_returned_date_sk#186L]
                  :     :  +- Filter isnotnull(wr_item_sk#164L)
                  :     :     +- FileScan orc tpcds_bin_partitioned_varchar_orc_1000.web_returns[wr_item_sk#164L,wr_return_quantity#176,wr_returned_date_sk#186L] Batched: true, DataFilters: [isnotnull(wr_item_sk#164L)], Format: ORC, Location: InMemoryFileIndex[hdfs://vcloud-10-13:9000/user/hive/warehouse/tpcds_bin_partitioned_varchar_orc_..., PartitionFilters: [isnotnull(wr_returned_date_sk#186L), dynamicpruning#539 [wr_returned_date_sk#186L]], PushedFilters: [IsNotNull(wr_item_sk)], ReadSchema: struct<wr_item_sk:bigint,wr_return_quantity:int>
                  :     :           +- Project [d_date_sk#209L]
                  :     :              +- Join LeftSemi, (d_date#211 = d_date#379)
                  :     :                 :- Project [d_date_sk#209L, d_date#211]
                  :     :                 :  +- Filter (isnotnull(d_date_sk#209L) AND isnotnull(d_date#211))
                  :     :                 :     +- Relation[d_date_sk#209L,d_date_id#210,d_date#211,d_month_seq#212,d_week_seq#213,d_quarter_seq#214,d_year#215,d_dow#216,d_moy#217,d_dom#218,d_qoy#219,d_fy_year#220,d_fy_quarter_seq#221,d_fy_week_seq#222,d_day_name#223,d_quarter_name#224,d_holiday#225,d_weekend#226,d_following_holiday#227,d_first_dom#228,d_last_dom#229,d_same_day_ly#230,d_same_day_lq#231,d_current_day#232,... 4 more fields] orc
                  :     :                 +- Project [d_date#379]
                  :     :                    +- Join LeftSemi, (d_week_seq#381 = d_week_seq#409)
                  :     :                       :- Project [d_date#379, d_week_seq#381]
                  :     :                       :  +- Filter (isnotnull(d_week_seq#381) AND isnotnull(d_date#379))
                  :     :                       :     +- Relation[d_date_sk#377L,d_date_id#378,d_date#379,d_month_seq#380,d_week_seq#381,d_quarter_seq#382,d_year#383,d_dow#384,d_moy#385,d_dom#386,d_qoy#387,d_fy_year#388,d_fy_quarter_seq#389,d_fy_week_seq#390,d_day_name#391,d_quarter_name#392,d_holiday#393,d_weekend#394,d_following_holiday#395,d_first_dom#396,d_last_dom#397,d_same_day_ly#398,d_same_day_lq#399,d_current_day#400,... 4 more fields] orc
                  :     :                       +- Project [d_week_seq#409]
                  :     :                          +- Filter (cast(d_date#407 as string) IN (2000-06-30,2000-09-27,2000-11-17) AND isnotnull(d_week_seq#409))
                  :     :                             +- Relation[d_date_sk#405L,d_date_id#406,d_date#407,d_month_seq#408,d_week_seq#409,d_quarter_seq#410,d_year#411,d_dow#412,d_moy#413,d_dom#414,d_qoy#415,d_fy_year#416,d_fy_quarter_seq#417,d_fy_week_seq#418,d_day_name#419,d_quarter_name#420,d_holiday#421,d_weekend#422,d_following_holiday#423,d_first_dom#424,d_last_dom#425,d_same_day_ly#426,d_same_day_lq#427,d_current_day#428,... 4 more fields] orc
                  :     +- Project [i_item_sk#187L, i_item_id#188]
                  :        +- Filter (isnotnull(i_item_sk#187L) AND isnotnull(i_item_id#188))
                  :           +- FileScan orc tpcds_bin_partitioned_varchar_orc_1000.item[i_item_sk#187L,i_item_id#188] Batched: true, DataFilters: [isnotnull(i_item_sk#187L), isnotnull(i_item_id#188)], Format: ORC, Location: InMemoryFileIndex[hdfs://vcloud-10-13:9000/user/hive/warehouse/tpcds_bin_partitioned_varchar_orc_..., PartitionFilters: [], PushedFilters: [IsNotNull(i_item_sk), IsNotNull(i_item_id)], ReadSchema: struct<i_item_sk:bigint,i_item_id:string>
                  +- Project [d_date_sk#209L]
                     +- BroadcastHashJoin [d_date#211], [d_date#379], LeftSemi, BuildRight, false
                        :- Project [d_date_sk#209L, d_date#211]
                        :  +- Filter isnotnull(d_date_sk#209L)
                        :     +- FileScan orc tpcds_bin_partitioned_varchar_orc_1000.date_dim[d_date_sk#209L,d_date#211] Batched: true, DataFilters: [isnotnull(d_date_sk#209L)], Format: ORC, Location: InMemoryFileIndex[hdfs://vcloud-10-13:9000/user/hive/warehouse/tpcds_bin_partitioned_varchar_orc_..., PartitionFilters: [], PushedFilters: [IsNotNull(d_date_sk)], ReadSchema: struct<d_date_sk:bigint,d_date:date>
                        +- Project [d_date#379]
                           +- BroadcastHashJoin [d_week_seq#381], [d_week_seq#409], LeftSemi, BuildRight, false
                              :- FileScan orc tpcds_bin_partitioned_varchar_orc_1000.date_dim[d_date#379,d_week_seq#381] Batched: true, DataFilters: [], Format: ORC, Location: InMemoryFileIndex[hdfs://vcloud-10-13:9000/user/hive/warehouse/tpcds_bin_partitioned_varchar_orc_..., PartitionFilters: [], PushedFilters: [], ReadSchema: struct<d_date:date,d_week_seq:int>
                              +- Project [d_week_seq#409]
                                 +- Filter cast(d_date#407 as string) IN (2000-06-30,2000-09-27,2000-11-17)
                                    +- FileScan orc tpcds_bin_partitioned_varchar_orc_1000.date_dim[d_date#407,d_week_seq#409] Batched: true, DataFilters: [cast(d_date#407 as string) IN (2000-06-30,2000-09-27,2000-11-17)], Format: ORC, Location: InMemoryFileIndex[hdfs://vcloud-10-13:9000/user/hive/warehouse/tpcds_bin_partitioned_varchar_orc_..., PartitionFilters: [], PushedFilters: [], ReadSchema: struct<d_date:date,d_week_seq:int>
.
Time taken: 22.814 seconds, Fetched 100 row(s)
