24/04/26 15:41:40 WARN Utils: Your hostname, vcloud-10-13 resolves to a loopback address: 127.0.0.1; using 21.21.36.153 instead (on interface eno1)
24/04/26 15:41:40 WARN Utils: Set SPARK_LOCAL_IP if you need to bind to another address
24/04/26 15:41:40 WARN NativeCodeLoader: Unable to load native-hadoop library for your platform... using builtin-java classes where applicable
Setting default log level to "WARN".
To adjust logging level use sc.setLogLevel(newLevel). For SparkR, use setLogLevel(newLevel).
24/04/26 15:41:42 WARN Client: Neither spark.yarn.jars nor spark.yarn.archive is set, falling back to uploading libraries under SPARK_HOME.
Spark master: yarn, Application Id: application_1714105099579_0138
24/04/26 15:42:00 WARN SessionState: METASTORE_FILTER_HOOK will be ignored, since hive.security.authorization.manager is set to instance of HiveAuthorizerFactory.
24/04/26 15:42:07 WARN package: Truncated the string representation of a plan since it was too large. This behavior can be adjusted by setting 'spark.sql.debug.maxToStringFields'.
24/04/26 15:42:07 WARN InsertAdaptiveSparkPlan: spark.sql.adaptive.enabled is enabled but is not supported for query: Sort [ca_county#64 ASC NULLS FIRST], true, 0
+- Project [ca_county#64, d_year#35, CheckOverflow((promote_precision(web_sales#431) / promote_precision(web_sales#5)), DecimalType(37,20), true) AS web_q1_q2_increase#0, CheckOverflow((promote_precision(store_sales#429) / promote_precision(store_sales#4)), DecimalType(37,20), true) AS store_q1_q2_increase#1, CheckOverflow((promote_precision(web_sales#432) / promote_precision(web_sales#431)), DecimalType(37,20), true) AS web_q2_q3_increase#2, CheckOverflow((promote_precision(store_sales#430) / promote_precision(store_sales#429)), DecimalType(37,20), true) AS store_q2_q3_increase#3]
   +- SortMergeJoin [ca_county#267], [ca_county#417], Inner, (CASE WHEN (web_sales#431 > 0.00) THEN CheckOverflow((promote_precision(web_sales#432) / promote_precision(web_sales#431)), DecimalType(37,20), true) ELSE null END > CASE WHEN (store_sales#429 > 0.00) THEN CheckOverflow((promote_precision(store_sales#430) / promote_precision(store_sales#429)), DecimalType(37,20), true) ELSE null END)
      :- Project [ca_county#64, d_year#35, store_sales#4, store_sales#429, store_sales#430, ca_county#267, web_sales#5, web_sales#431]
      :  +- SortMergeJoin [ca_county#267], [ca_county#342], Inner, (CASE WHEN (web_sales#5 > 0.00) THEN CheckOverflow((promote_precision(web_sales#431) / promote_precision(web_sales#5)), DecimalType(37,20), true) ELSE null END > CASE WHEN (store_sales#4 > 0.00) THEN CheckOverflow((promote_precision(store_sales#429) / promote_precision(store_sales#4)), DecimalType(37,20), true) ELSE null END)
      :     :- SortMergeJoin [ca_county#64], [ca_county#267], Inner
      :     :  :- Project [ca_county#64, d_year#35, store_sales#4, store_sales#429, store_sales#430]
      :     :  :  +- SortMergeJoin [ca_county#128], [ca_county#192], Inner
      :     :  :     :- SortMergeJoin [ca_county#64], [ca_county#128], Inner
      :     :  :     :  :- HashAggregate(keys=[ca_county#64, d_qoy#39, d_year#35], functions=[sum(UnscaledValue(ss_ext_sales_price#20))], output=[ca_county#64, d_year#35, store_sales#4])
      :     :  :     :  :  +- HashAggregate(keys=[ca_county#64, d_qoy#39, d_year#35], functions=[partial_sum(UnscaledValue(ss_ext_sales_price#20))], output=[ca_county#64, d_qoy#39, d_year#35, sum#544L])
      :     :  :     :  :     +- Project [ss_ext_sales_price#20, d_year#35, d_qoy#39, ca_county#64]
      :     :  :     :  :        +- BroadcastHashJoin [ss_addr_sk#11L], [ca_address_sk#57L], Inner, BuildRight, false
      :     :  :     :  :           :- Project [ss_addr_sk#11L, ss_ext_sales_price#20, d_year#35, d_qoy#39]
      :     :  :     :  :           :  +- BroadcastHashJoin [ss_sold_date_sk#28L], [d_date_sk#29L], Inner, BuildRight, false
      :     :  :     :  :           :     :- Project [ss_addr_sk#11L, ss_ext_sales_price#20, ss_sold_date_sk#28L]
      :     :  :     :  :           :     :  +- Filter isnotnull(ss_addr_sk#11L)
      :     :  :     :  :           :     :     +- FileScan orc tpcds_bin_partitioned_varchar_orc_1000.store_sales[ss_addr_sk#11L,ss_ext_sales_price#20,ss_sold_date_sk#28L] Batched: true, DataFilters: [isnotnull(ss_addr_sk#11L)], Format: ORC, Location: InMemoryFileIndex[hdfs://vcloud-10-13:9000/user/hive/warehouse/tpcds_bin_partitioned_varchar_orc_..., PartitionFilters: [isnotnull(ss_sold_date_sk#28L), dynamicpruning#537 [ss_sold_date_sk#28L]], PushedFilters: [IsNotNull(ss_addr_sk)], ReadSchema: struct<ss_addr_sk:bigint,ss_ext_sales_price:decimal(7,2)>
      :     :  :     :  :           :     :           +- Project [d_date_sk#29L, d_year#35, d_qoy#39]
      :     :  :     :  :           :     :              +- Filter ((((isnotnull(d_qoy#39) AND isnotnull(d_year#35)) AND (d_qoy#39 = 1)) AND (d_year#35 = 2000)) AND isnotnull(d_date_sk#29L))
      :     :  :     :  :           :     :                 +- Relation[d_date_sk#29L,d_date_id#30,d_date#31,d_month_seq#32,d_week_seq#33,d_quarter_seq#34,d_year#35,d_dow#36,d_moy#37,d_dom#38,d_qoy#39,d_fy_year#40,d_fy_quarter_seq#41,d_fy_week_seq#42,d_day_name#43,d_quarter_name#44,d_holiday#45,d_weekend#46,d_following_holiday#47,d_first_dom#48,d_last_dom#49,d_same_day_ly#50,d_same_day_lq#51,d_current_day#52,... 4 more fields] orc
      :     :  :     :  :           :     +- Project [d_date_sk#29L, d_year#35, d_qoy#39]
      :     :  :     :  :           :        +- Filter ((((isnotnull(d_qoy#39) AND isnotnull(d_year#35)) AND (d_qoy#39 = 1)) AND (d_year#35 = 2000)) AND isnotnull(d_date_sk#29L))
      :     :  :     :  :           :           +- FileScan orc tpcds_bin_partitioned_varchar_orc_1000.date_dim[d_date_sk#29L,d_year#35,d_qoy#39] Batched: true, DataFilters: [isnotnull(d_qoy#39), isnotnull(d_year#35), (d_qoy#39 = 1), (d_year#35 = 2000), isnotnull(d_date_..., Format: ORC, Location: InMemoryFileIndex[hdfs://vcloud-10-13:9000/user/hive/warehouse/tpcds_bin_partitioned_varchar_orc_..., PartitionFilters: [], PushedFilters: [IsNotNull(d_qoy), IsNotNull(d_year), EqualTo(d_qoy,1), EqualTo(d_year,2000), IsNotNull(d_date_sk)], ReadSchema: struct<d_date_sk:bigint,d_year:int,d_qoy:int>
      :     :  :     :  :           +- Project [ca_address_sk#57L, ca_county#64]
      :     :  :     :  :              +- Filter (isnotnull(ca_address_sk#57L) AND isnotnull(ca_county#64))
      :     :  :     :  :                 +- FileScan orc tpcds_bin_partitioned_varchar_orc_1000.customer_address[ca_address_sk#57L,ca_county#64] Batched: true, DataFilters: [isnotnull(ca_address_sk#57L), isnotnull(ca_county#64)], Format: ORC, Location: InMemoryFileIndex[hdfs://vcloud-10-13:9000/user/hive/warehouse/tpcds_bin_partitioned_varchar_orc_..., PartitionFilters: [], PushedFilters: [IsNotNull(ca_address_sk), IsNotNull(ca_county)], ReadSchema: struct<ca_address_sk:bigint,ca_county:string>
      :     :  :     :  +- HashAggregate(keys=[ca_county#128, d_qoy#103, d_year#99], functions=[sum(UnscaledValue(ss_ext_sales_price#84))], output=[ca_county#128, store_sales#429])
      :     :  :     :     +- HashAggregate(keys=[ca_county#128, d_qoy#103, d_year#99], functions=[partial_sum(UnscaledValue(ss_ext_sales_price#84))], output=[ca_county#128, d_qoy#103, d_year#99, sum#546L])
      :     :  :     :        +- Project [ss_ext_sales_price#84, d_year#99, d_qoy#103, ca_county#128]
      :     :  :     :           +- BroadcastHashJoin [ss_addr_sk#75L], [ca_address_sk#121L], Inner, BuildRight, false
      :     :  :     :              :- Project [ss_addr_sk#75L, ss_ext_sales_price#84, d_year#99, d_qoy#103]
      :     :  :     :              :  +- BroadcastHashJoin [ss_sold_date_sk#92L], [d_date_sk#93L], Inner, BuildRight, false
      :     :  :     :              :     :- Project [ss_addr_sk#75L, ss_ext_sales_price#84, ss_sold_date_sk#92L]
      :     :  :     :              :     :  +- Filter isnotnull(ss_addr_sk#75L)
      :     :  :     :              :     :     +- FileScan orc tpcds_bin_partitioned_varchar_orc_1000.store_sales[ss_addr_sk#75L,ss_ext_sales_price#84,ss_sold_date_sk#92L] Batched: true, DataFilters: [isnotnull(ss_addr_sk#75L)], Format: ORC, Location: InMemoryFileIndex[hdfs://vcloud-10-13:9000/user/hive/warehouse/tpcds_bin_partitioned_varchar_orc_..., PartitionFilters: [isnotnull(ss_sold_date_sk#92L), dynamicpruning#538 [ss_sold_date_sk#92L]], PushedFilters: [IsNotNull(ss_addr_sk)], ReadSchema: struct<ss_addr_sk:bigint,ss_ext_sales_price:decimal(7,2)>
      :     :  :     :              :     :           +- Project [d_date_sk#93L, d_year#99, d_qoy#103]
      :     :  :     :              :     :              +- Filter ((((isnotnull(d_qoy#103) AND isnotnull(d_year#99)) AND (d_qoy#103 = 2)) AND (d_year#99 = 2000)) AND isnotnull(d_date_sk#93L))
      :     :  :     :              :     :                 +- Relation[d_date_sk#93L,d_date_id#94,d_date#95,d_month_seq#96,d_week_seq#97,d_quarter_seq#98,d_year#99,d_dow#100,d_moy#101,d_dom#102,d_qoy#103,d_fy_year#104,d_fy_quarter_seq#105,d_fy_week_seq#106,d_day_name#107,d_quarter_name#108,d_holiday#109,d_weekend#110,d_following_holiday#111,d_first_dom#112,d_last_dom#113,d_same_day_ly#114,d_same_day_lq#115,d_current_day#116,... 4 more fields] orc
      :     :  :     :              :     +- Project [d_date_sk#93L, d_year#99, d_qoy#103]
      :     :  :     :              :        +- Filter ((((isnotnull(d_qoy#103) AND isnotnull(d_year#99)) AND (d_qoy#103 = 2)) AND (d_year#99 = 2000)) AND isnotnull(d_date_sk#93L))
      :     :  :     :              :           +- FileScan orc tpcds_bin_partitioned_varchar_orc_1000.date_dim[d_date_sk#93L,d_year#99,d_qoy#103] Batched: true, DataFilters: [isnotnull(d_qoy#103), isnotnull(d_year#99), (d_qoy#103 = 2), (d_year#99 = 2000), isnotnull(d_dat..., Format: ORC, Location: InMemoryFileIndex[hdfs://vcloud-10-13:9000/user/hive/warehouse/tpcds_bin_partitioned_varchar_orc_..., PartitionFilters: [], PushedFilters: [IsNotNull(d_qoy), IsNotNull(d_year), EqualTo(d_qoy,2), EqualTo(d_year,2000), IsNotNull(d_date_sk)], ReadSchema: struct<d_date_sk:bigint,d_year:int,d_qoy:int>
      :     :  :     :              +- Project [ca_address_sk#121L, ca_county#128]
      :     :  :     :                 +- Filter (isnotnull(ca_address_sk#121L) AND isnotnull(ca_county#128))
      :     :  :     :                    +- FileScan orc tpcds_bin_partitioned_varchar_orc_1000.customer_address[ca_address_sk#121L,ca_county#128] Batched: true, DataFilters: [isnotnull(ca_address_sk#121L), isnotnull(ca_county#128)], Format: ORC, Location: InMemoryFileIndex[hdfs://vcloud-10-13:9000/user/hive/warehouse/tpcds_bin_partitioned_varchar_orc_..., PartitionFilters: [], PushedFilters: [IsNotNull(ca_address_sk), IsNotNull(ca_county)], ReadSchema: struct<ca_address_sk:bigint,ca_county:string>
      :     :  :     +- HashAggregate(keys=[ca_county#192, d_qoy#167, d_year#163], functions=[sum(UnscaledValue(ss_ext_sales_price#148))], output=[ca_county#192, store_sales#430])
      :     :  :        +- HashAggregate(keys=[ca_county#192, d_qoy#167, d_year#163], functions=[partial_sum(UnscaledValue(ss_ext_sales_price#148))], output=[ca_county#192, d_qoy#167, d_year#163, sum#548L])
      :     :  :           +- Project [ss_ext_sales_price#148, d_year#163, d_qoy#167, ca_county#192]
      :     :  :              +- BroadcastHashJoin [ss_addr_sk#139L], [ca_address_sk#185L], Inner, BuildRight, false
      :     :  :                 :- Project [ss_addr_sk#139L, ss_ext_sales_price#148, d_year#163, d_qoy#167]
      :     :  :                 :  +- BroadcastHashJoin [ss_sold_date_sk#156L], [d_date_sk#157L], Inner, BuildRight, false
      :     :  :                 :     :- Project [ss_addr_sk#139L, ss_ext_sales_price#148, ss_sold_date_sk#156L]
      :     :  :                 :     :  +- Filter isnotnull(ss_addr_sk#139L)
      :     :  :                 :     :     +- FileScan orc tpcds_bin_partitioned_varchar_orc_1000.store_sales[ss_addr_sk#139L,ss_ext_sales_price#148,ss_sold_date_sk#156L] Batched: true, DataFilters: [isnotnull(ss_addr_sk#139L)], Format: ORC, Location: InMemoryFileIndex[hdfs://vcloud-10-13:9000/user/hive/warehouse/tpcds_bin_partitioned_varchar_orc_..., PartitionFilters: [isnotnull(ss_sold_date_sk#156L), dynamicpruning#539 [ss_sold_date_sk#156L]], PushedFilters: [IsNotNull(ss_addr_sk)], ReadSchema: struct<ss_addr_sk:bigint,ss_ext_sales_price:decimal(7,2)>
      :     :  :                 :     :           +- Project [d_date_sk#157L, d_year#163, d_qoy#167]
      :     :  :                 :     :              +- Filter ((((isnotnull(d_qoy#167) AND isnotnull(d_year#163)) AND (d_qoy#167 = 3)) AND (d_year#163 = 2000)) AND isnotnull(d_date_sk#157L))
      :     :  :                 :     :                 +- Relation[d_date_sk#157L,d_date_id#158,d_date#159,d_month_seq#160,d_week_seq#161,d_quarter_seq#162,d_year#163,d_dow#164,d_moy#165,d_dom#166,d_qoy#167,d_fy_year#168,d_fy_quarter_seq#169,d_fy_week_seq#170,d_day_name#171,d_quarter_name#172,d_holiday#173,d_weekend#174,d_following_holiday#175,d_first_dom#176,d_last_dom#177,d_same_day_ly#178,d_same_day_lq#179,d_current_day#180,... 4 more fields] orc
      :     :  :                 :     +- Project [d_date_sk#157L, d_year#163, d_qoy#167]
      :     :  :                 :        +- Filter ((((isnotnull(d_qoy#167) AND isnotnull(d_year#163)) AND (d_qoy#167 = 3)) AND (d_year#163 = 2000)) AND isnotnull(d_date_sk#157L))
      :     :  :                 :           +- FileScan orc tpcds_bin_partitioned_varchar_orc_1000.date_dim[d_date_sk#157L,d_year#163,d_qoy#167] Batched: true, DataFilters: [isnotnull(d_qoy#167), isnotnull(d_year#163), (d_qoy#167 = 3), (d_year#163 = 2000), isnotnull(d_d..., Format: ORC, Location: InMemoryFileIndex[hdfs://vcloud-10-13:9000/user/hive/warehouse/tpcds_bin_partitioned_varchar_orc_..., PartitionFilters: [], PushedFilters: [IsNotNull(d_qoy), IsNotNull(d_year), EqualTo(d_qoy,3), EqualTo(d_year,2000), IsNotNull(d_date_sk)], ReadSchema: struct<d_date_sk:bigint,d_year:int,d_qoy:int>
      :     :  :                 +- Project [ca_address_sk#185L, ca_county#192]
      :     :  :                    +- Filter (isnotnull(ca_address_sk#185L) AND isnotnull(ca_county#192))
      :     :  :                       +- FileScan orc tpcds_bin_partitioned_varchar_orc_1000.customer_address[ca_address_sk#185L,ca_county#192] Batched: true, DataFilters: [isnotnull(ca_address_sk#185L), isnotnull(ca_county#192)], Format: ORC, Location: InMemoryFileIndex[hdfs://vcloud-10-13:9000/user/hive/warehouse/tpcds_bin_partitioned_varchar_orc_..., PartitionFilters: [], PushedFilters: [IsNotNull(ca_address_sk), IsNotNull(ca_county)], ReadSchema: struct<ca_address_sk:bigint,ca_county:string>
      :     :  +- HashAggregate(keys=[ca_county#267, d_qoy#242, d_year#238], functions=[sum(UnscaledValue(ws_ext_sales_price#220))], output=[ca_county#267, web_sales#5])
      :     :     +- HashAggregate(keys=[ca_county#267, d_qoy#242, d_year#238], functions=[partial_sum(UnscaledValue(ws_ext_sales_price#220))], output=[ca_county#267, d_qoy#242, d_year#238, sum#550L])
      :     :        +- Project [ws_ext_sales_price#220, d_year#238, d_qoy#242, ca_county#267]
      :     :           +- BroadcastHashJoin [ws_bill_addr_sk#204L], [ca_address_sk#260L], Inner, BuildRight, false
      :     :              :- Project [ws_bill_addr_sk#204L, ws_ext_sales_price#220, d_year#238, d_qoy#242]
      :     :              :  +- BroadcastHashJoin [ws_sold_date_sk#231L], [d_date_sk#232L], Inner, BuildRight, false
      :     :              :     :- Project [ws_bill_addr_sk#204L, ws_ext_sales_price#220, ws_sold_date_sk#231L]
      :     :              :     :  +- Filter isnotnull(ws_bill_addr_sk#204L)
      :     :              :     :     +- FileScan orc tpcds_bin_partitioned_varchar_orc_1000.web_sales[ws_bill_addr_sk#204L,ws_ext_sales_price#220,ws_sold_date_sk#231L] Batched: true, DataFilters: [isnotnull(ws_bill_addr_sk#204L)], Format: ORC, Location: InMemoryFileIndex[hdfs://vcloud-10-13:9000/user/hive/warehouse/tpcds_bin_partitioned_varchar_orc_..., PartitionFilters: [isnotnull(ws_sold_date_sk#231L), dynamicpruning#540 [ws_sold_date_sk#231L]], PushedFilters: [IsNotNull(ws_bill_addr_sk)], ReadSchema: struct<ws_bill_addr_sk:bigint,ws_ext_sales_price:decimal(7,2)>
      :     :              :     :           +- Project [d_date_sk#232L, d_year#238, d_qoy#242]
      :     :              :     :              +- Filter ((((isnotnull(d_qoy#242) AND isnotnull(d_year#238)) AND (d_qoy#242 = 1)) AND (d_year#238 = 2000)) AND isnotnull(d_date_sk#232L))
      :     :              :     :                 +- Relation[d_date_sk#232L,d_date_id#233,d_date#234,d_month_seq#235,d_week_seq#236,d_quarter_seq#237,d_year#238,d_dow#239,d_moy#240,d_dom#241,d_qoy#242,d_fy_year#243,d_fy_quarter_seq#244,d_fy_week_seq#245,d_day_name#246,d_quarter_name#247,d_holiday#248,d_weekend#249,d_following_holiday#250,d_first_dom#251,d_last_dom#252,d_same_day_ly#253,d_same_day_lq#254,d_current_day#255,... 4 more fields] orc
      :     :              :     +- Project [d_date_sk#232L, d_year#238, d_qoy#242]
      :     :              :        +- Filter ((((isnotnull(d_qoy#242) AND isnotnull(d_year#238)) AND (d_qoy#242 = 1)) AND (d_year#238 = 2000)) AND isnotnull(d_date_sk#232L))
      :     :              :           +- FileScan orc tpcds_bin_partitioned_varchar_orc_1000.date_dim[d_date_sk#232L,d_year#238,d_qoy#242] Batched: true, DataFilters: [isnotnull(d_qoy#242), isnotnull(d_year#238), (d_qoy#242 = 1), (d_year#238 = 2000), isnotnull(d_d..., Format: ORC, Location: InMemoryFileIndex[hdfs://vcloud-10-13:9000/user/hive/warehouse/tpcds_bin_partitioned_varchar_orc_..., PartitionFilters: [], PushedFilters: [IsNotNull(d_qoy), IsNotNull(d_year), EqualTo(d_qoy,1), EqualTo(d_year,2000), IsNotNull(d_date_sk)], ReadSchema: struct<d_date_sk:bigint,d_year:int,d_qoy:int>
      :     :              +- Project [ca_address_sk#260L, ca_county#267]
      :     :                 +- Filter (isnotnull(ca_address_sk#260L) AND isnotnull(ca_county#267))
      :     :                    +- FileScan orc tpcds_bin_partitioned_varchar_orc_1000.customer_address[ca_address_sk#260L,ca_county#267] Batched: true, DataFilters: [isnotnull(ca_address_sk#260L), isnotnull(ca_county#267)], Format: ORC, Location: InMemoryFileIndex[hdfs://vcloud-10-13:9000/user/hive/warehouse/tpcds_bin_partitioned_varchar_orc_..., PartitionFilters: [], PushedFilters: [IsNotNull(ca_address_sk), IsNotNull(ca_county)], ReadSchema: struct<ca_address_sk:bigint,ca_county:string>
      :     +- HashAggregate(keys=[ca_county#342, d_qoy#317, d_year#313], functions=[sum(UnscaledValue(ws_ext_sales_price#295))], output=[ca_county#342, web_sales#431])
      :        +- HashAggregate(keys=[ca_county#342, d_qoy#317, d_year#313], functions=[partial_sum(UnscaledValue(ws_ext_sales_price#295))], output=[ca_county#342, d_qoy#317, d_year#313, sum#552L])
      :           +- Project [ws_ext_sales_price#295, d_year#313, d_qoy#317, ca_county#342]
      :              +- BroadcastHashJoin [ws_bill_addr_sk#279L], [ca_address_sk#335L], Inner, BuildRight, false
      :                 :- Project [ws_bill_addr_sk#279L, ws_ext_sales_price#295, d_year#313, d_qoy#317]
      :                 :  +- BroadcastHashJoin [ws_sold_date_sk#306L], [d_date_sk#307L], Inner, BuildRight, false
      :                 :     :- Project [ws_bill_addr_sk#279L, ws_ext_sales_price#295, ws_sold_date_sk#306L]
      :                 :     :  +- Filter isnotnull(ws_bill_addr_sk#279L)
      :                 :     :     +- FileScan orc tpcds_bin_partitioned_varchar_orc_1000.web_sales[ws_bill_addr_sk#279L,ws_ext_sales_price#295,ws_sold_date_sk#306L] Batched: true, DataFilters: [isnotnull(ws_bill_addr_sk#279L)], Format: ORC, Location: InMemoryFileIndex[hdfs://vcloud-10-13:9000/user/hive/warehouse/tpcds_bin_partitioned_varchar_orc_..., PartitionFilters: [isnotnull(ws_sold_date_sk#306L), dynamicpruning#541 [ws_sold_date_sk#306L]], PushedFilters: [IsNotNull(ws_bill_addr_sk)], ReadSchema: struct<ws_bill_addr_sk:bigint,ws_ext_sales_price:decimal(7,2)>
      :                 :     :           +- Project [d_date_sk#307L, d_year#313, d_qoy#317]
      :                 :     :              +- Filter ((((isnotnull(d_qoy#317) AND isnotnull(d_year#313)) AND (d_qoy#317 = 2)) AND (d_year#313 = 2000)) AND isnotnull(d_date_sk#307L))
      :                 :     :                 +- Relation[d_date_sk#307L,d_date_id#308,d_date#309,d_month_seq#310,d_week_seq#311,d_quarter_seq#312,d_year#313,d_dow#314,d_moy#315,d_dom#316,d_qoy#317,d_fy_year#318,d_fy_quarter_seq#319,d_fy_week_seq#320,d_day_name#321,d_quarter_name#322,d_holiday#323,d_weekend#324,d_following_holiday#325,d_first_dom#326,d_last_dom#327,d_same_day_ly#328,d_same_day_lq#329,d_current_day#330,... 4 more fields] orc
      :                 :     +- Project [d_date_sk#307L, d_year#313, d_qoy#317]
      :                 :        +- Filter ((((isnotnull(d_qoy#317) AND isnotnull(d_year#313)) AND (d_qoy#317 = 2)) AND (d_year#313 = 2000)) AND isnotnull(d_date_sk#307L))
      :                 :           +- FileScan orc tpcds_bin_partitioned_varchar_orc_1000.date_dim[d_date_sk#307L,d_year#313,d_qoy#317] Batched: true, DataFilters: [isnotnull(d_qoy#317), isnotnull(d_year#313), (d_qoy#317 = 2), (d_year#313 = 2000), isnotnull(d_d..., Format: ORC, Location: InMemoryFileIndex[hdfs://vcloud-10-13:9000/user/hive/warehouse/tpcds_bin_partitioned_varchar_orc_..., PartitionFilters: [], PushedFilters: [IsNotNull(d_qoy), IsNotNull(d_year), EqualTo(d_qoy,2), EqualTo(d_year,2000), IsNotNull(d_date_sk)], ReadSchema: struct<d_date_sk:bigint,d_year:int,d_qoy:int>
      :                 +- Project [ca_address_sk#335L, ca_county#342]
      :                    +- Filter (isnotnull(ca_address_sk#335L) AND isnotnull(ca_county#342))
      :                       +- FileScan orc tpcds_bin_partitioned_varchar_orc_1000.customer_address[ca_address_sk#335L,ca_county#342] Batched: true, DataFilters: [isnotnull(ca_address_sk#335L), isnotnull(ca_county#342)], Format: ORC, Location: InMemoryFileIndex[hdfs://vcloud-10-13:9000/user/hive/warehouse/tpcds_bin_partitioned_varchar_orc_..., PartitionFilters: [], PushedFilters: [IsNotNull(ca_address_sk), IsNotNull(ca_county)], ReadSchema: struct<ca_address_sk:bigint,ca_county:string>
      +- HashAggregate(keys=[ca_county#417, d_qoy#392, d_year#388], functions=[sum(UnscaledValue(ws_ext_sales_price#370))], output=[ca_county#417, web_sales#432])
         +- HashAggregate(keys=[ca_county#417, d_qoy#392, d_year#388], functions=[partial_sum(UnscaledValue(ws_ext_sales_price#370))], output=[ca_county#417, d_qoy#392, d_year#388, sum#554L])
            +- Project [ws_ext_sales_price#370, d_year#388, d_qoy#392, ca_county#417]
               +- BroadcastHashJoin [ws_bill_addr_sk#354L], [ca_address_sk#410L], Inner, BuildRight, false
                  :- Project [ws_bill_addr_sk#354L, ws_ext_sales_price#370, d_year#388, d_qoy#392]
                  :  +- BroadcastHashJoin [ws_sold_date_sk#381L], [d_date_sk#382L], Inner, BuildRight, false
                  :     :- Project [ws_bill_addr_sk#354L, ws_ext_sales_price#370, ws_sold_date_sk#381L]
                  :     :  +- Filter isnotnull(ws_bill_addr_sk#354L)
                  :     :     +- FileScan orc tpcds_bin_partitioned_varchar_orc_1000.web_sales[ws_bill_addr_sk#354L,ws_ext_sales_price#370,ws_sold_date_sk#381L] Batched: true, DataFilters: [isnotnull(ws_bill_addr_sk#354L)], Format: ORC, Location: InMemoryFileIndex[hdfs://vcloud-10-13:9000/user/hive/warehouse/tpcds_bin_partitioned_varchar_orc_..., PartitionFilters: [isnotnull(ws_sold_date_sk#381L), dynamicpruning#542 [ws_sold_date_sk#381L]], PushedFilters: [IsNotNull(ws_bill_addr_sk)], ReadSchema: struct<ws_bill_addr_sk:bigint,ws_ext_sales_price:decimal(7,2)>
                  :     :           +- Project [d_date_sk#382L, d_year#388, d_qoy#392]
                  :     :              +- Filter ((((isnotnull(d_qoy#392) AND isnotnull(d_year#388)) AND (d_qoy#392 = 3)) AND (d_year#388 = 2000)) AND isnotnull(d_date_sk#382L))
                  :     :                 +- Relation[d_date_sk#382L,d_date_id#383,d_date#384,d_month_seq#385,d_week_seq#386,d_quarter_seq#387,d_year#388,d_dow#389,d_moy#390,d_dom#391,d_qoy#392,d_fy_year#393,d_fy_quarter_seq#394,d_fy_week_seq#395,d_day_name#396,d_quarter_name#397,d_holiday#398,d_weekend#399,d_following_holiday#400,d_first_dom#401,d_last_dom#402,d_same_day_ly#403,d_same_day_lq#404,d_current_day#405,... 4 more fields] orc
                  :     +- Project [d_date_sk#382L, d_year#388, d_qoy#392]
                  :        +- Filter ((((isnotnull(d_qoy#392) AND isnotnull(d_year#388)) AND (d_qoy#392 = 3)) AND (d_year#388 = 2000)) AND isnotnull(d_date_sk#382L))
                  :           +- FileScan orc tpcds_bin_partitioned_varchar_orc_1000.date_dim[d_date_sk#382L,d_year#388,d_qoy#392] Batched: true, DataFilters: [isnotnull(d_qoy#392), isnotnull(d_year#388), (d_qoy#392 = 3), (d_year#388 = 2000), isnotnull(d_d..., Format: ORC, Location: InMemoryFileIndex[hdfs://vcloud-10-13:9000/user/hive/warehouse/tpcds_bin_partitioned_varchar_orc_..., PartitionFilters: [], PushedFilters: [IsNotNull(d_qoy), IsNotNull(d_year), EqualTo(d_qoy,3), EqualTo(d_year,2000), IsNotNull(d_date_sk)], ReadSchema: struct<d_date_sk:bigint,d_year:int,d_qoy:int>
                  +- Project [ca_address_sk#410L, ca_county#417]
                     +- Filter (isnotnull(ca_address_sk#410L) AND isnotnull(ca_county#417))
                        +- FileScan orc tpcds_bin_partitioned_varchar_orc_1000.customer_address[ca_address_sk#410L,ca_county#417] Batched: true, DataFilters: [isnotnull(ca_address_sk#410L), isnotnull(ca_county#417)], Format: ORC, Location: InMemoryFileIndex[hdfs://vcloud-10-13:9000/user/hive/warehouse/tpcds_bin_partitioned_varchar_orc_..., PartitionFilters: [], PushedFilters: [IsNotNull(ca_address_sk), IsNotNull(ca_county)], ReadSchema: struct<ca_address_sk:bigint,ca_county:string>
.
Time taken: 27.668 seconds, Fetched 297 row(s)
