24/04/26 16:25:34 WARN Utils: Your hostname, vcloud-10-13 resolves to a loopback address: 127.0.0.1; using 21.21.36.153 instead (on interface eno1)
24/04/26 16:25:34 WARN Utils: Set SPARK_LOCAL_IP if you need to bind to another address
24/04/26 16:25:34 WARN NativeCodeLoader: Unable to load native-hadoop library for your platform... using builtin-java classes where applicable
Setting default log level to "WARN".
To adjust logging level use sc.setLogLevel(newLevel). For SparkR, use setLogLevel(newLevel).
24/04/26 16:25:36 WARN Client: Neither spark.yarn.jars nor spark.yarn.archive is set, falling back to uploading libraries under SPARK_HOME.
Spark master: yarn, Application Id: application_1714105099579_0177
24/04/26 16:25:54 WARN SessionState: METASTORE_FILTER_HOOK will be ignored, since hive.security.authorization.manager is set to instance of HiveAuthorizerFactory.
24/04/26 16:26:01 WARN package: Truncated the string representation of a plan since it was too large. This behavior can be adjusted by setting 'spark.sql.debug.maxToStringFields'.
24/04/26 16:26:01 WARN InsertAdaptiveSparkPlan: spark.sql.adaptive.enabled is enabled but is not supported for query: TakeOrderedAndProject(limit=100, orderBy=[cd_gender#41 ASC NULLS FIRST,cd_marital_status#42 ASC NULLS FIRST,cd_education_status#43 ASC NULLS FIRST,cd_purchase_estimate#44 ASC NULLS FIRST,cd_credit_rating#45 ASC NULLS FIRST], output=[cd_gender#41,cd_marital_status#42,cd_education_status#43,cnt1#3L,cd_purchase_estimate#44,cnt2#4L,cd_credit_rating#45,cnt3#5L])
+- HashAggregate(keys=[cd_gender#41, cd_marital_status#42, cd_education_status#43, cd_purchase_estimate#44, cd_credit_rating#45], functions=[count(1)], output=[cd_gender#41, cd_marital_status#42, cd_education_status#43, cnt1#3L, cd_purchase_estimate#44, cnt2#4L, cd_credit_rating#45, cnt3#5L])
   +- HashAggregate(keys=[cd_gender#41, cd_marital_status#42, cd_education_status#43, cd_purchase_estimate#44, cd_credit_rating#45], functions=[partial_count(1)], output=[cd_gender#41, cd_marital_status#42, cd_education_status#43, cd_purchase_estimate#44, cd_credit_rating#45, count#395L])
      +- Project [cd_gender#41, cd_marital_status#42, cd_education_status#43, cd_purchase_estimate#44, cd_credit_rating#45]
         +- BroadcastHashJoin [c_current_cdemo_sk#11L], [cd_demo_sk#40L], Inner, BuildRight, false
            :- Project [c_current_cdemo_sk#11L]
            :  +- BroadcastHashJoin [c_current_addr_sk#13L], [ca_address_sk#27L], Inner, BuildRight, false
            :     :- Project [c_current_cdemo_sk#11L, c_current_addr_sk#13L]
            :     :  +- SortMergeJoin [c_customer_sk#9L], [cs_ship_customer_sk#253L], LeftAnti
            :     :     :- SortMergeJoin [c_customer_sk#9L], [ws_bill_customer_sk#154L], LeftAnti
            :     :     :  :- SortMergeJoin [c_customer_sk#9L], [ss_customer_sk#51L], LeftSemi
            :     :     :  :  :- Project [c_customer_sk#9L, c_current_cdemo_sk#11L, c_current_addr_sk#13L]
            :     :     :  :  :  +- Filter (isnotnull(c_current_addr_sk#13L) AND isnotnull(c_current_cdemo_sk#11L))
            :     :     :  :  :     +- FileScan orc tpcds_bin_partitioned_varchar_orc_1000.customer[c_customer_sk#9L,c_current_cdemo_sk#11L,c_current_addr_sk#13L] Batched: true, DataFilters: [isnotnull(c_current_addr_sk#13L), isnotnull(c_current_cdemo_sk#11L)], Format: ORC, Location: InMemoryFileIndex[hdfs://vcloud-10-13:9000/user/hive/warehouse/tpcds_bin_partitioned_varchar_orc_..., PartitionFilters: [], PushedFilters: [IsNotNull(c_current_addr_sk), IsNotNull(c_current_cdemo_sk)], ReadSchema: struct<c_customer_sk:bigint,c_current_cdemo_sk:bigint,c_current_addr_sk:bigint>
            :     :     :  :  +- Project [ss_customer_sk#51L]
            :     :     :  :     +- BroadcastHashJoin [ss_sold_date_sk#71L], [d_date_sk#72L], Inner, BuildRight, false
            :     :     :  :        :- FileScan orc tpcds_bin_partitioned_varchar_orc_1000.store_sales[ss_customer_sk#51L,ss_sold_date_sk#71L] Batched: true, DataFilters: [], Format: ORC, Location: InMemoryFileIndex[hdfs://vcloud-10-13:9000/user/hive/warehouse/tpcds_bin_partitioned_varchar_orc_..., PartitionFilters: [isnotnull(ss_sold_date_sk#71L), dynamicpruning#391 [ss_sold_date_sk#71L]], PushedFilters: [], ReadSchema: struct<ss_customer_sk:bigint>
            :     :     :  :        :     +- Project [d_date_sk#72L]
            :     :     :  :        :        +- Filter (((((isnotnull(d_year#78) AND isnotnull(d_moy#80)) AND (d_year#78 = 2001)) AND (d_moy#80 >= 4)) AND (d_moy#80 <= 6)) AND isnotnull(d_date_sk#72L))
            :     :     :  :        :           +- Relation[d_date_sk#72L,d_date_id#73,d_date#74,d_month_seq#75,d_week_seq#76,d_quarter_seq#77,d_year#78,d_dow#79,d_moy#80,d_dom#81,d_qoy#82,d_fy_year#83,d_fy_quarter_seq#84,d_fy_week_seq#85,d_day_name#86,d_quarter_name#87,d_holiday#88,d_weekend#89,d_following_holiday#90,d_first_dom#91,d_last_dom#92,d_same_day_ly#93,d_same_day_lq#94,d_current_day#95,... 4 more fields] orc
            :     :     :  :        +- Project [d_date_sk#72L]
            :     :     :  :           +- Filter (((((isnotnull(d_year#78) AND isnotnull(d_moy#80)) AND (d_year#78 = 2001)) AND (d_moy#80 >= 4)) AND (d_moy#80 <= 6)) AND isnotnull(d_date_sk#72L))
            :     :     :  :              +- FileScan orc tpcds_bin_partitioned_varchar_orc_1000.date_dim[d_date_sk#72L,d_year#78,d_moy#80] Batched: true, DataFilters: [isnotnull(d_year#78), isnotnull(d_moy#80), (d_year#78 = 2001), (d_moy#80 >= 4), (d_moy#80 <= 6),..., Format: ORC, Location: InMemoryFileIndex[hdfs://vcloud-10-13:9000/user/hive/warehouse/tpcds_bin_partitioned_varchar_orc_..., PartitionFilters: [], PushedFilters: [IsNotNull(d_year), IsNotNull(d_moy), EqualTo(d_year,2001), GreaterThanOrEqual(d_moy,4), LessThan..., ReadSchema: struct<d_date_sk:bigint,d_year:int,d_moy:int>
            :     :     :  +- Project [ws_bill_customer_sk#154L]
            :     :     :     +- BroadcastHashJoin [ws_sold_date_sk#184L], [d_date_sk#185L], Inner, BuildRight, false
            :     :     :        :- FileScan orc tpcds_bin_partitioned_varchar_orc_1000.web_sales[ws_bill_customer_sk#154L,ws_sold_date_sk#184L] Batched: true, DataFilters: [], Format: ORC, Location: InMemoryFileIndex[hdfs://vcloud-10-13:9000/user/hive/warehouse/tpcds_bin_partitioned_varchar_orc_..., PartitionFilters: [isnotnull(ws_sold_date_sk#184L), dynamicpruning#392 [ws_sold_date_sk#184L]], PushedFilters: [], ReadSchema: struct<ws_bill_customer_sk:bigint>
            :     :     :        :     +- Project [d_date_sk#185L]
            :     :     :        :        +- Filter (((((isnotnull(d_year#191) AND isnotnull(d_moy#193)) AND (d_year#191 = 2001)) AND (d_moy#193 >= 4)) AND (d_moy#193 <= 6)) AND isnotnull(d_date_sk#185L))
            :     :     :        :           +- Relation[d_date_sk#185L,d_date_id#186,d_date#187,d_month_seq#188,d_week_seq#189,d_quarter_seq#190,d_year#191,d_dow#192,d_moy#193,d_dom#194,d_qoy#195,d_fy_year#196,d_fy_quarter_seq#197,d_fy_week_seq#198,d_day_name#199,d_quarter_name#200,d_holiday#201,d_weekend#202,d_following_holiday#203,d_first_dom#204,d_last_dom#205,d_same_day_ly#206,d_same_day_lq#207,d_current_day#208,... 4 more fields] orc
            :     :     :        +- Project [d_date_sk#185L]
            :     :     :           +- Filter (((((isnotnull(d_year#191) AND isnotnull(d_moy#193)) AND (d_year#191 = 2001)) AND (d_moy#193 >= 4)) AND (d_moy#193 <= 6)) AND isnotnull(d_date_sk#185L))
            :     :     :              +- FileScan orc tpcds_bin_partitioned_varchar_orc_1000.date_dim[d_date_sk#185L,d_year#191,d_moy#193] Batched: true, DataFilters: [isnotnull(d_year#191), isnotnull(d_moy#193), (d_year#191 = 2001), (d_moy#193 >= 4), (d_moy#193 <..., Format: ORC, Location: InMemoryFileIndex[hdfs://vcloud-10-13:9000/user/hive/warehouse/tpcds_bin_partitioned_varchar_orc_..., PartitionFilters: [], PushedFilters: [IsNotNull(d_year), IsNotNull(d_moy), EqualTo(d_year,2001), GreaterThanOrEqual(d_moy,4), LessThan..., ReadSchema: struct<d_date_sk:bigint,d_year:int,d_moy:int>
            :     :     +- Project [cs_ship_customer_sk#253L]
            :     :        +- BroadcastHashJoin [cs_sold_date_sk#280L], [d_date_sk#281L], Inner, BuildRight, false
            :     :           :- FileScan orc tpcds_bin_partitioned_varchar_orc_1000.catalog_sales[cs_ship_customer_sk#253L,cs_sold_date_sk#280L] Batched: true, DataFilters: [], Format: ORC, Location: InMemoryFileIndex[hdfs://vcloud-10-13:9000/user/hive/warehouse/tpcds_bin_partitioned_varchar_orc_..., PartitionFilters: [isnotnull(cs_sold_date_sk#280L), dynamicpruning#393 [cs_sold_date_sk#280L]], PushedFilters: [], ReadSchema: struct<cs_ship_customer_sk:bigint>
            :     :           :     +- Project [d_date_sk#281L]
            :     :           :        +- Filter (((((isnotnull(d_year#287) AND isnotnull(d_moy#289)) AND (d_year#287 = 2001)) AND (d_moy#289 >= 4)) AND (d_moy#289 <= 6)) AND isnotnull(d_date_sk#281L))
            :     :           :           +- Relation[d_date_sk#281L,d_date_id#282,d_date#283,d_month_seq#284,d_week_seq#285,d_quarter_seq#286,d_year#287,d_dow#288,d_moy#289,d_dom#290,d_qoy#291,d_fy_year#292,d_fy_quarter_seq#293,d_fy_week_seq#294,d_day_name#295,d_quarter_name#296,d_holiday#297,d_weekend#298,d_following_holiday#299,d_first_dom#300,d_last_dom#301,d_same_day_ly#302,d_same_day_lq#303,d_current_day#304,... 4 more fields] orc
            :     :           +- Project [d_date_sk#281L]
            :     :              +- Filter (((((isnotnull(d_year#287) AND isnotnull(d_moy#289)) AND (d_year#287 = 2001)) AND (d_moy#289 >= 4)) AND (d_moy#289 <= 6)) AND isnotnull(d_date_sk#281L))
            :     :                 +- FileScan orc tpcds_bin_partitioned_varchar_orc_1000.date_dim[d_date_sk#281L,d_year#287,d_moy#289] Batched: true, DataFilters: [isnotnull(d_year#287), isnotnull(d_moy#289), (d_year#287 = 2001), (d_moy#289 >= 4), (d_moy#289 <..., Format: ORC, Location: InMemoryFileIndex[hdfs://vcloud-10-13:9000/user/hive/warehouse/tpcds_bin_partitioned_varchar_orc_..., PartitionFilters: [], PushedFilters: [IsNotNull(d_year), IsNotNull(d_moy), EqualTo(d_year,2001), GreaterThanOrEqual(d_moy,4), LessThan..., ReadSchema: struct<d_date_sk:bigint,d_year:int,d_moy:int>
            :     +- Project [ca_address_sk#27L]
            :        +- Filter (ca_state#35 IN (KY,GA,NM) AND isnotnull(ca_address_sk#27L))
            :           +- FileScan orc tpcds_bin_partitioned_varchar_orc_1000.customer_address[ca_address_sk#27L,ca_state#35] Batched: true, DataFilters: [ca_state#35 IN (KY,GA,NM), isnotnull(ca_address_sk#27L)], Format: ORC, Location: InMemoryFileIndex[hdfs://vcloud-10-13:9000/user/hive/warehouse/tpcds_bin_partitioned_varchar_orc_..., PartitionFilters: [], PushedFilters: [In(ca_state, [KY,GA,NM]), IsNotNull(ca_address_sk)], ReadSchema: struct<ca_address_sk:bigint,ca_state:string>
            +- Project [cd_demo_sk#40L, cd_gender#41, cd_marital_status#42, cd_education_status#43, cd_purchase_estimate#44, cd_credit_rating#45]
               +- Filter isnotnull(cd_demo_sk#40L)
                  +- FileScan orc tpcds_bin_partitioned_varchar_orc_1000.customer_demographics[cd_demo_sk#40L,cd_gender#41,cd_marital_status#42,cd_education_status#43,cd_purchase_estimate#44,cd_credit_rating#45] Batched: true, DataFilters: [isnotnull(cd_demo_sk#40L)], Format: ORC, Location: InMemoryFileIndex[hdfs://vcloud-10-13:9000/user/hive/warehouse/tpcds_bin_partitioned_varchar_orc_..., PartitionFilters: [], PushedFilters: [IsNotNull(cd_demo_sk)], ReadSchema: struct<cd_demo_sk:bigint,cd_gender:string,cd_marital_status:string,cd_education_status:string,cd_...
.
Time taken: 23.261 seconds, Fetched 100 row(s)
