24/04/26 16:46:25 WARN Utils: Your hostname, vcloud-10-13 resolves to a loopback address: 127.0.0.1; using 21.21.36.153 instead (on interface eno1)
24/04/26 16:46:25 WARN Utils: Set SPARK_LOCAL_IP if you need to bind to another address
24/04/26 16:46:26 WARN NativeCodeLoader: Unable to load native-hadoop library for your platform... using builtin-java classes where applicable
Setting default log level to "WARN".
To adjust logging level use sc.setLogLevel(newLevel). For SparkR, use setLogLevel(newLevel).
24/04/26 16:46:28 WARN Client: Neither spark.yarn.jars nor spark.yarn.archive is set, falling back to uploading libraries under SPARK_HOME.
Spark master: yarn, Application Id: application_1714105099579_0193
24/04/26 16:46:45 WARN SessionState: METASTORE_FILTER_HOOK will be ignored, since hive.security.authorization.manager is set to instance of HiveAuthorizerFactory.
24/04/26 16:46:50 WARN package: Truncated the string representation of a plan since it was too large. This behavior can be adjusted by setting 'spark.sql.debug.maxToStringFields'.
24/04/26 16:46:50 WARN InsertAdaptiveSparkPlan: spark.sql.adaptive.enabled is enabled but is not supported for query: TakeOrderedAndProject(limit=100, orderBy=[substr(r_reason_desc, 1, 20)#137 ASC NULLS FIRST,avg(ws_quantity)#138 ASC NULLS FIRST,avg(wr_refunded_cash)#139 ASC NULLS FIRST,avg(wr_fee)#140 ASC NULLS FIRST], output=[substr(r_reason_desc, 1, 20)#137,avg(ws_quantity)#138,avg(wr_refunded_cash)#139,avg(wr_fee)#140])
+- HashAggregate(keys=[r_reason_desc#133], functions=[avg(cast(ws_quantity#17 as bigint)), avg(UnscaledValue(wr_refunded_cash#53)), avg(UnscaledValue(wr_fee#51))], output=[substr(r_reason_desc, 1, 20)#137, avg(ws_quantity)#138, avg(wr_refunded_cash)#139, avg(wr_fee)#140])
   +- HashAggregate(keys=[r_reason_desc#133], functions=[partial_avg(cast(ws_quantity#17 as bigint)), partial_avg(UnscaledValue(wr_refunded_cash#53)), partial_avg(UnscaledValue(wr_fee#51))], output=[r_reason_desc#133, sum#284, count#285L, sum#286, count#287L, sum#288, count#289L])
      +- Project [ws_quantity#17, wr_fee#51, wr_refunded_cash#53, r_reason_desc#133]
         +- BroadcastHashJoin [wr_reason_sk#45L], [r_reason_sk#131L], Inner, BuildRight, false
            :- Project [ws_quantity#17, wr_reason_sk#45L, wr_fee#51, wr_refunded_cash#53]
            :  +- BroadcastHashJoin [ws_sold_date_sk#33L], [d_date_sk#103L], Inner, BuildRight, false
            :     :- Project [ws_quantity#17, ws_sold_date_sk#33L, wr_reason_sk#45L, wr_fee#51, wr_refunded_cash#53]
            :     :  +- BroadcastHashJoin [wr_refunded_addr_sk#39L], [ca_address_sk#90L], Inner, BuildRight, ((((ca_state#98 IN (IN,OH,NJ) AND (ws_net_profit#32 >= 100.00)) AND (ws_net_profit#32 <= 200.00)) OR ((ca_state#98 IN (WI,CT,KY) AND (ws_net_profit#32 >= 150.00)) AND (ws_net_profit#32 <= 300.00))) OR ((ca_state#98 IN (LA,IA,AR) AND (ws_net_profit#32 >= 50.00)) AND (ws_net_profit#32 <= 250.00))), false
            :     :     :- Project [ws_quantity#17, ws_net_profit#32, ws_sold_date_sk#33L, wr_refunded_addr_sk#39L, wr_reason_sk#45L, wr_fee#51, wr_refunded_cash#53]
            :     :     :  +- BroadcastHashJoin [wr_returning_cdemo_sk#41L, cd_marital_status#74, cd_education_status#75], [cd_demo_sk#81L, cd_marital_status#83, cd_education_status#84], Inner, BuildRight, false
            :     :     :     :- Project [ws_quantity#17, ws_net_profit#32, ws_sold_date_sk#33L, wr_refunded_addr_sk#39L, wr_returning_cdemo_sk#41L, wr_reason_sk#45L, wr_fee#51, wr_refunded_cash#53, cd_marital_status#74, cd_education_status#75]
            :     :     :     :  +- BroadcastHashJoin [wr_refunded_cdemo_sk#37L], [cd_demo_sk#72L], Inner, BuildRight, ((((((cd_marital_status#74 = M) AND (cd_education_status#75 = Advanced Degree)) AND (ws_sales_price#20 >= 100.00)) AND (ws_sales_price#20 <= 150.00)) OR ((((cd_marital_status#74 = S) AND (cd_education_status#75 = College)) AND (ws_sales_price#20 >= 50.00)) AND (ws_sales_price#20 <= 100.00))) OR ((((cd_marital_status#74 = W) AND (cd_education_status#75 = 2 yr Degree)) AND (ws_sales_price#20 >= 150.00)) AND (ws_sales_price#20 <= 200.00))), false
            :     :     :     :     :- Project [ws_quantity#17, ws_sales_price#20, ws_net_profit#32, ws_sold_date_sk#33L, wr_refunded_cdemo_sk#37L, wr_refunded_addr_sk#39L, wr_returning_cdemo_sk#41L, wr_reason_sk#45L, wr_fee#51, wr_refunded_cash#53]
            :     :     :     :     :  +- BroadcastHashJoin [ws_web_page_sk#11L], [wp_web_page_sk#58L], Inner, BuildRight, false
            :     :     :     :     :     :- Project [ws_web_page_sk#11L, ws_quantity#17, ws_sales_price#20, ws_net_profit#32, ws_sold_date_sk#33L, wr_refunded_cdemo_sk#37L, wr_refunded_addr_sk#39L, wr_returning_cdemo_sk#41L, wr_reason_sk#45L, wr_fee#51, wr_refunded_cash#53]
            :     :     :     :     :     :  +- SortMergeJoin [ws_item_sk#2L, ws_order_number#16L], [wr_item_sk#35L, wr_order_number#46L], Inner
            :     :     :     :     :     :     :- Project [ws_item_sk#2L, ws_web_page_sk#11L, ws_order_number#16L, ws_quantity#17, ws_sales_price#20, ws_net_profit#32, ws_sold_date_sk#33L]
            :     :     :     :     :     :     :  +- Filter ((((isnotnull(ws_item_sk#2L) AND isnotnull(ws_order_number#16L)) AND isnotnull(ws_web_page_sk#11L)) AND ((((ws_sales_price#20 >= 100.00) AND (ws_sales_price#20 <= 150.00)) OR ((ws_sales_price#20 >= 50.00) AND (ws_sales_price#20 <= 100.00))) OR ((ws_sales_price#20 >= 150.00) AND (ws_sales_price#20 <= 200.00)))) AND ((((ws_net_profit#32 >= 100.00) AND (ws_net_profit#32 <= 200.00)) OR ((ws_net_profit#32 >= 150.00) AND (ws_net_profit#32 <= 300.00))) OR ((ws_net_profit#32 >= 50.00) AND (ws_net_profit#32 <= 250.00))))
            :     :     :     :     :     :     :     +- FileScan orc tpcds_bin_partitioned_varchar_orc_1000.web_sales[ws_item_sk#2L,ws_web_page_sk#11L,ws_order_number#16L,ws_quantity#17,ws_sales_price#20,ws_net_profit#32,ws_sold_date_sk#33L] Batched: true, DataFilters: [isnotnull(ws_item_sk#2L), isnotnull(ws_order_number#16L), isnotnull(ws_web_page_sk#11L), ((((ws_..., Format: ORC, Location: InMemoryFileIndex[hdfs://vcloud-10-13:9000/user/hive/warehouse/tpcds_bin_partitioned_varchar_orc_..., PartitionFilters: [isnotnull(ws_sold_date_sk#33L), dynamicpruning#277 [ws_sold_date_sk#33L]], PushedFilters: [IsNotNull(ws_item_sk), IsNotNull(ws_order_number), IsNotNull(ws_web_page_sk), Or(Or(And(GreaterT..., ReadSchema: struct<ws_item_sk:bigint,ws_web_page_sk:bigint,ws_order_number:bigint,ws_quantity:int,ws_sales_pr...
            :     :     :     :     :     :     :           +- Project [d_date_sk#103L]
            :     :     :     :     :     :     :              +- Filter ((isnotnull(d_year#109) AND (d_year#109 = 2000)) AND isnotnull(d_date_sk#103L))
            :     :     :     :     :     :     :                 +- Relation[d_date_sk#103L,d_date_id#104,d_date#105,d_month_seq#106,d_week_seq#107,d_quarter_seq#108,d_year#109,d_dow#110,d_moy#111,d_dom#112,d_qoy#113,d_fy_year#114,d_fy_quarter_seq#115,d_fy_week_seq#116,d_day_name#117,d_quarter_name#118,d_holiday#119,d_weekend#120,d_following_holiday#121,d_first_dom#122,d_last_dom#123,d_same_day_ly#124,d_same_day_lq#125,d_current_day#126,... 4 more fields] orc
            :     :     :     :     :     :     +- Project [wr_item_sk#35L, wr_refunded_cdemo_sk#37L, wr_refunded_addr_sk#39L, wr_returning_cdemo_sk#41L, wr_reason_sk#45L, wr_order_number#46L, wr_fee#51, wr_refunded_cash#53]
            :     :     :     :     :     :        +- Filter (((((isnotnull(wr_item_sk#35L) AND isnotnull(wr_order_number#46L)) AND isnotnull(wr_refunded_cdemo_sk#37L)) AND isnotnull(wr_returning_cdemo_sk#41L)) AND isnotnull(wr_refunded_addr_sk#39L)) AND isnotnull(wr_reason_sk#45L))
            :     :     :     :     :     :           +- FileScan orc tpcds_bin_partitioned_varchar_orc_1000.web_returns[wr_item_sk#35L,wr_refunded_cdemo_sk#37L,wr_refunded_addr_sk#39L,wr_returning_cdemo_sk#41L,wr_reason_sk#45L,wr_order_number#46L,wr_fee#51,wr_refunded_cash#53,wr_returned_date_sk#57L] Batched: true, DataFilters: [isnotnull(wr_item_sk#35L), isnotnull(wr_order_number#46L), isnotnull(wr_refunded_cdemo_sk#37L), ..., Format: ORC, Location: CatalogFileIndex[hdfs://vcloud-10-13:9000/user/hive/warehouse/tpcds_bin_partitioned_varchar_orc_1..., PartitionFilters: [], PushedFilters: [IsNotNull(wr_item_sk), IsNotNull(wr_order_number), IsNotNull(wr_refunded_cdemo_sk), IsNotNull(wr..., ReadSchema: struct<wr_item_sk:bigint,wr_refunded_cdemo_sk:bigint,wr_refunded_addr_sk:bigint,wr_returning_cdem...
            :     :     :     :     :     +- Project [wp_web_page_sk#58L]
            :     :     :     :     :        +- Filter isnotnull(wp_web_page_sk#58L)
            :     :     :     :     :           +- FileScan orc tpcds_bin_partitioned_varchar_orc_1000.web_page[wp_web_page_sk#58L] Batched: true, DataFilters: [isnotnull(wp_web_page_sk#58L)], Format: ORC, Location: InMemoryFileIndex[hdfs://vcloud-10-13:9000/user/hive/warehouse/tpcds_bin_partitioned_varchar_orc_..., PartitionFilters: [], PushedFilters: [IsNotNull(wp_web_page_sk)], ReadSchema: struct<wp_web_page_sk:bigint>
            :     :     :     :     +- Project [cd_demo_sk#72L, cd_marital_status#74, cd_education_status#75]
            :     :     :     :        +- Filter (((isnotnull(cd_demo_sk#72L) AND isnotnull(cd_marital_status#74)) AND isnotnull(cd_education_status#75)) AND ((((cd_marital_status#74 = M) AND (cd_education_status#75 = Advanced Degree)) OR ((cd_marital_status#74 = S) AND (cd_education_status#75 = College))) OR ((cd_marital_status#74 = W) AND (cd_education_status#75 = 2 yr Degree))))
            :     :     :     :           +- FileScan orc tpcds_bin_partitioned_varchar_orc_1000.customer_demographics[cd_demo_sk#72L,cd_marital_status#74,cd_education_status#75] Batched: true, DataFilters: [isnotnull(cd_demo_sk#72L), isnotnull(cd_marital_status#74), isnotnull(cd_education_status#75), (..., Format: ORC, Location: InMemoryFileIndex[hdfs://vcloud-10-13:9000/user/hive/warehouse/tpcds_bin_partitioned_varchar_orc_..., PartitionFilters: [], PushedFilters: [IsNotNull(cd_demo_sk), IsNotNull(cd_marital_status), IsNotNull(cd_education_status), Or(Or(And(E..., ReadSchema: struct<cd_demo_sk:bigint,cd_marital_status:string,cd_education_status:string>
            :     :     :     +- Project [cd_demo_sk#81L, cd_marital_status#83, cd_education_status#84]
            :     :     :        +- Filter ((isnotnull(cd_demo_sk#81L) AND isnotnull(cd_marital_status#83)) AND isnotnull(cd_education_status#84))
            :     :     :           +- FileScan orc tpcds_bin_partitioned_varchar_orc_1000.customer_demographics[cd_demo_sk#81L,cd_marital_status#83,cd_education_status#84] Batched: true, DataFilters: [isnotnull(cd_demo_sk#81L), isnotnull(cd_marital_status#83), isnotnull(cd_education_status#84)], Format: ORC, Location: InMemoryFileIndex[hdfs://vcloud-10-13:9000/user/hive/warehouse/tpcds_bin_partitioned_varchar_orc_..., PartitionFilters: [], PushedFilters: [IsNotNull(cd_demo_sk), IsNotNull(cd_marital_status), IsNotNull(cd_education_status)], ReadSchema: struct<cd_demo_sk:bigint,cd_marital_status:string,cd_education_status:string>
            :     :     +- Project [ca_address_sk#90L, ca_state#98]
            :     :        +- Filter (((isnotnull(ca_country#100) AND (ca_country#100 = United States)) AND isnotnull(ca_address_sk#90L)) AND ((ca_state#98 IN (IN,OH,NJ) OR ca_state#98 IN (WI,CT,KY)) OR ca_state#98 IN (LA,IA,AR)))
            :     :           +- FileScan orc tpcds_bin_partitioned_varchar_orc_1000.customer_address[ca_address_sk#90L,ca_state#98,ca_country#100] Batched: true, DataFilters: [isnotnull(ca_country#100), (ca_country#100 = United States), isnotnull(ca_address_sk#90L), ((ca_..., Format: ORC, Location: InMemoryFileIndex[hdfs://vcloud-10-13:9000/user/hive/warehouse/tpcds_bin_partitioned_varchar_orc_..., PartitionFilters: [], PushedFilters: [IsNotNull(ca_country), EqualTo(ca_country,United States), IsNotNull(ca_address_sk), Or(Or(In(ca_..., ReadSchema: struct<ca_address_sk:bigint,ca_state:string,ca_country:string>
            :     +- Project [d_date_sk#103L]
            :        +- Filter ((isnotnull(d_year#109) AND (d_year#109 = 2000)) AND isnotnull(d_date_sk#103L))
            :           +- FileScan orc tpcds_bin_partitioned_varchar_orc_1000.date_dim[d_date_sk#103L,d_year#109] Batched: true, DataFilters: [isnotnull(d_year#109), (d_year#109 = 2000), isnotnull(d_date_sk#103L)], Format: ORC, Location: InMemoryFileIndex[hdfs://vcloud-10-13:9000/user/hive/warehouse/tpcds_bin_partitioned_varchar_orc_..., PartitionFilters: [], PushedFilters: [IsNotNull(d_year), EqualTo(d_year,2000), IsNotNull(d_date_sk)], ReadSchema: struct<d_date_sk:bigint,d_year:int>
            +- Project [r_reason_sk#131L, r_reason_desc#133]
               +- Filter isnotnull(r_reason_sk#131L)
                  +- FileScan orc tpcds_bin_partitioned_varchar_orc_1000.reason[r_reason_sk#131L,r_reason_desc#133] Batched: true, DataFilters: [isnotnull(r_reason_sk#131L)], Format: ORC, Location: InMemoryFileIndex[hdfs://vcloud-10-13:9000/user/hive/warehouse/tpcds_bin_partitioned_varchar_orc_..., PartitionFilters: [], PushedFilters: [IsNotNull(r_reason_sk)], ReadSchema: struct<r_reason_sk:bigint,r_reason_desc:string>
.
Time taken: 27.892 seconds, Fetched 64 row(s)
