24/04/26 15:39:45 WARN Utils: Your hostname, vcloud-10-13 resolves to a loopback address: 127.0.0.1; using 21.21.36.153 instead (on interface eno1)
24/04/26 15:39:45 WARN Utils: Set SPARK_LOCAL_IP if you need to bind to another address
24/04/26 15:39:45 WARN NativeCodeLoader: Unable to load native-hadoop library for your platform... using builtin-java classes where applicable
Setting default log level to "WARN".
To adjust logging level use sc.setLogLevel(newLevel). For SparkR, use setLogLevel(newLevel).
24/04/26 15:39:48 WARN Client: Neither spark.yarn.jars nor spark.yarn.archive is set, falling back to uploading libraries under SPARK_HOME.
Spark master: yarn, Application Id: application_1714105099579_0136
24/04/26 15:40:05 WARN SessionState: METASTORE_FILTER_HOOK will be ignored, since hive.security.authorization.manager is set to instance of HiveAuthorizerFactory.
24/04/26 15:40:12 WARN package: Truncated the string representation of a plan since it was too large. This behavior can be adjusted by setting 'spark.sql.debug.maxToStringFields'.
24/04/26 15:40:12 WARN InsertAdaptiveSparkPlan: spark.sql.adaptive.enabled is enabled but is not supported for query: TakeOrderedAndProject(limit=100, orderBy=[i_item_id#194 ASC NULLS FIRST,i_item_desc#197 ASC NULLS FIRST,s_store_id#165 ASC NULLS FIRST,s_store_name#169 ASC NULLS FIRST], output=[i_item_id#194,i_item_desc#197,s_store_id#165,s_store_name#169,store_sales_quantity#0L,store_returns_quantity#1L,catalog_sales_quantity#2L])
+- HashAggregate(keys=[i_item_id#194, i_item_desc#197, s_store_id#165, s_store_name#169], functions=[sum(cast(ss_quantity#12 as bigint)), sum(cast(sr_return_quantity#35 as bigint)), sum(cast(cs_quantity#63 as bigint))], output=[i_item_id#194, i_item_desc#197, s_store_id#165, s_store_name#169, store_sales_quantity#0L, store_returns_quantity#1L, catalog_sales_quantity#2L])
   +- HashAggregate(keys=[i_item_id#194, i_item_desc#197, s_store_id#165, s_store_name#169], functions=[partial_sum(cast(ss_quantity#12 as bigint)), partial_sum(cast(sr_return_quantity#35 as bigint)), partial_sum(cast(cs_quantity#63 as bigint))], output=[i_item_id#194, i_item_desc#197, s_store_id#165, s_store_name#169, sum#391L, sum#392L, sum#393L])
      +- Project [ss_quantity#12, sr_return_quantity#35, cs_quantity#63, s_store_id#165, s_store_name#169, i_item_id#194, i_item_desc#197]
         +- BroadcastHashJoin [ss_item_sk#4L], [i_item_sk#193L], Inner, BuildRight, false
            :- Project [ss_item_sk#4L, ss_quantity#12, sr_return_quantity#35, cs_quantity#63, s_store_id#165, s_store_name#169]
            :  +- BroadcastHashJoin [ss_store_sk#9L], [s_store_sk#164L], Inner, BuildRight, false
            :     :- Project [ss_item_sk#4L, ss_store_sk#9L, ss_quantity#12, sr_return_quantity#35, cs_quantity#63]
            :     :  +- BroadcastHashJoin [cs_sold_date_sk#79L], [d_date_sk#136L], Inner, BuildRight, false
            :     :     :- Project [ss_item_sk#4L, ss_store_sk#9L, ss_quantity#12, sr_return_quantity#35, cs_quantity#63, cs_sold_date_sk#79L]
            :     :     :  +- BroadcastHashJoin [sr_returned_date_sk#45L], [d_date_sk#108L], Inner, BuildRight, false
            :     :     :     :- Project [ss_item_sk#4L, ss_store_sk#9L, ss_quantity#12, sr_return_quantity#35, sr_returned_date_sk#45L, cs_quantity#63, cs_sold_date_sk#79L]
            :     :     :     :  +- BroadcastHashJoin [ss_sold_date_sk#25L], [d_date_sk#80L], Inner, BuildRight, false
            :     :     :     :     :- Project [ss_item_sk#4L, ss_store_sk#9L, ss_quantity#12, ss_sold_date_sk#25L, sr_return_quantity#35, sr_returned_date_sk#45L, cs_quantity#63, cs_sold_date_sk#79L]
            :     :     :     :     :  +- SortMergeJoin [sr_customer_sk#28L, sr_item_sk#27L], [cs_bill_customer_sk#48L, cs_item_sk#60L], Inner
            :     :     :     :     :     :- Project [ss_item_sk#4L, ss_store_sk#9L, ss_quantity#12, ss_sold_date_sk#25L, sr_item_sk#27L, sr_customer_sk#28L, sr_return_quantity#35, sr_returned_date_sk#45L]
            :     :     :     :     :     :  +- SortMergeJoin [ss_customer_sk#5L, ss_item_sk#4L, ss_ticket_number#11L], [sr_customer_sk#28L, sr_item_sk#27L, sr_ticket_number#34L], Inner
            :     :     :     :     :     :     :- Project [ss_item_sk#4L, ss_customer_sk#5L, ss_store_sk#9L, ss_ticket_number#11L, ss_quantity#12, ss_sold_date_sk#25L]
            :     :     :     :     :     :     :  +- Filter (((isnotnull(ss_customer_sk#5L) AND isnotnull(ss_item_sk#4L)) AND isnotnull(ss_ticket_number#11L)) AND isnotnull(ss_store_sk#9L))
            :     :     :     :     :     :     :     +- FileScan orc tpcds_bin_partitioned_varchar_orc_1000.store_sales[ss_item_sk#4L,ss_customer_sk#5L,ss_store_sk#9L,ss_ticket_number#11L,ss_quantity#12,ss_sold_date_sk#25L] Batched: true, DataFilters: [isnotnull(ss_customer_sk#5L), isnotnull(ss_item_sk#4L), isnotnull(ss_ticket_number#11L), isnotnu..., Format: ORC, Location: InMemoryFileIndex[hdfs://vcloud-10-13:9000/user/hive/warehouse/tpcds_bin_partitioned_varchar_orc_..., PartitionFilters: [isnotnull(ss_sold_date_sk#25L), dynamicpruning#385 [ss_sold_date_sk#25L]], PushedFilters: [IsNotNull(ss_customer_sk), IsNotNull(ss_item_sk), IsNotNull(ss_ticket_number), IsNotNull(ss_stor..., ReadSchema: struct<ss_item_sk:bigint,ss_customer_sk:bigint,ss_store_sk:bigint,ss_ticket_number:bigint,ss_quan...
            :     :     :     :     :     :     :           +- Project [d_date_sk#80L]
            :     :     :     :     :     :     :              +- Filter ((((isnotnull(d_moy#88) AND isnotnull(d_year#86)) AND (d_moy#88 = 9)) AND (d_year#86 = 1999)) AND isnotnull(d_date_sk#80L))
            :     :     :     :     :     :     :                 +- Relation[d_date_sk#80L,d_date_id#81,d_date#82,d_month_seq#83,d_week_seq#84,d_quarter_seq#85,d_year#86,d_dow#87,d_moy#88,d_dom#89,d_qoy#90,d_fy_year#91,d_fy_quarter_seq#92,d_fy_week_seq#93,d_day_name#94,d_quarter_name#95,d_holiday#96,d_weekend#97,d_following_holiday#98,d_first_dom#99,d_last_dom#100,d_same_day_ly#101,d_same_day_lq#102,d_current_day#103,... 4 more fields] orc
            :     :     :     :     :     :     +- Project [sr_item_sk#27L, sr_customer_sk#28L, sr_ticket_number#34L, sr_return_quantity#35, sr_returned_date_sk#45L]
            :     :     :     :     :     :        +- Filter ((isnotnull(sr_customer_sk#28L) AND isnotnull(sr_item_sk#27L)) AND isnotnull(sr_ticket_number#34L))
            :     :     :     :     :     :           +- FileScan orc tpcds_bin_partitioned_varchar_orc_1000.store_returns[sr_item_sk#27L,sr_customer_sk#28L,sr_ticket_number#34L,sr_return_quantity#35,sr_returned_date_sk#45L] Batched: true, DataFilters: [isnotnull(sr_customer_sk#28L), isnotnull(sr_item_sk#27L), isnotnull(sr_ticket_number#34L)], Format: ORC, Location: InMemoryFileIndex[hdfs://vcloud-10-13:9000/user/hive/warehouse/tpcds_bin_partitioned_varchar_orc_..., PartitionFilters: [isnotnull(sr_returned_date_sk#45L), dynamicpruning#386 [sr_returned_date_sk#45L]], PushedFilters: [IsNotNull(sr_customer_sk), IsNotNull(sr_item_sk), IsNotNull(sr_ticket_number)], ReadSchema: struct<sr_item_sk:bigint,sr_customer_sk:bigint,sr_ticket_number:bigint,sr_return_quantity:int>
            :     :     :     :     :     :                 +- Project [d_date_sk#108L]
            :     :     :     :     :     :                    +- Filter (((((isnotnull(d_moy#116) AND isnotnull(d_year#114)) AND (d_moy#116 >= 9)) AND (d_moy#116 <= 12)) AND (d_year#114 = 1999)) AND isnotnull(d_date_sk#108L))
            :     :     :     :     :     :                       +- Relation[d_date_sk#108L,d_date_id#109,d_date#110,d_month_seq#111,d_week_seq#112,d_quarter_seq#113,d_year#114,d_dow#115,d_moy#116,d_dom#117,d_qoy#118,d_fy_year#119,d_fy_quarter_seq#120,d_fy_week_seq#121,d_day_name#122,d_quarter_name#123,d_holiday#124,d_weekend#125,d_following_holiday#126,d_first_dom#127,d_last_dom#128,d_same_day_ly#129,d_same_day_lq#130,d_current_day#131,... 4 more fields] orc
            :     :     :     :     :     +- Project [cs_bill_customer_sk#48L, cs_item_sk#60L, cs_quantity#63, cs_sold_date_sk#79L]
            :     :     :     :     :        +- Filter (isnotnull(cs_bill_customer_sk#48L) AND isnotnull(cs_item_sk#60L))
            :     :     :     :     :           +- FileScan orc tpcds_bin_partitioned_varchar_orc_1000.catalog_sales[cs_bill_customer_sk#48L,cs_item_sk#60L,cs_quantity#63,cs_sold_date_sk#79L] Batched: true, DataFilters: [isnotnull(cs_bill_customer_sk#48L), isnotnull(cs_item_sk#60L)], Format: ORC, Location: InMemoryFileIndex[hdfs://vcloud-10-13:9000/user/hive/warehouse/tpcds_bin_partitioned_varchar_orc_..., PartitionFilters: [isnotnull(cs_sold_date_sk#79L), dynamicpruning#387 [cs_sold_date_sk#79L]], PushedFilters: [IsNotNull(cs_bill_customer_sk), IsNotNull(cs_item_sk)], ReadSchema: struct<cs_bill_customer_sk:bigint,cs_item_sk:bigint,cs_quantity:int>
            :     :     :     :     :                 +- Project [d_date_sk#136L]
            :     :     :     :     :                    +- Filter (d_year#142 IN (1999,2000,2001) AND isnotnull(d_date_sk#136L))
            :     :     :     :     :                       +- Relation[d_date_sk#136L,d_date_id#137,d_date#138,d_month_seq#139,d_week_seq#140,d_quarter_seq#141,d_year#142,d_dow#143,d_moy#144,d_dom#145,d_qoy#146,d_fy_year#147,d_fy_quarter_seq#148,d_fy_week_seq#149,d_day_name#150,d_quarter_name#151,d_holiday#152,d_weekend#153,d_following_holiday#154,d_first_dom#155,d_last_dom#156,d_same_day_ly#157,d_same_day_lq#158,d_current_day#159,... 4 more fields] orc
            :     :     :     :     +- Project [d_date_sk#80L]
            :     :     :     :        +- Filter ((((isnotnull(d_moy#88) AND isnotnull(d_year#86)) AND (d_moy#88 = 9)) AND (d_year#86 = 1999)) AND isnotnull(d_date_sk#80L))
            :     :     :     :           +- FileScan orc tpcds_bin_partitioned_varchar_orc_1000.date_dim[d_date_sk#80L,d_year#86,d_moy#88] Batched: true, DataFilters: [isnotnull(d_moy#88), isnotnull(d_year#86), (d_moy#88 = 9), (d_year#86 = 1999), isnotnull(d_date_..., Format: ORC, Location: InMemoryFileIndex[hdfs://vcloud-10-13:9000/user/hive/warehouse/tpcds_bin_partitioned_varchar_orc_..., PartitionFilters: [], PushedFilters: [IsNotNull(d_moy), IsNotNull(d_year), EqualTo(d_moy,9), EqualTo(d_year,1999), IsNotNull(d_date_sk)], ReadSchema: struct<d_date_sk:bigint,d_year:int,d_moy:int>
            :     :     :     +- Project [d_date_sk#108L]
            :     :     :        +- Filter (((((isnotnull(d_moy#116) AND isnotnull(d_year#114)) AND (d_moy#116 >= 9)) AND (d_moy#116 <= 12)) AND (d_year#114 = 1999)) AND isnotnull(d_date_sk#108L))
            :     :     :           +- FileScan orc tpcds_bin_partitioned_varchar_orc_1000.date_dim[d_date_sk#108L,d_year#114,d_moy#116] Batched: true, DataFilters: [isnotnull(d_moy#116), isnotnull(d_year#114), (d_moy#116 >= 9), (d_moy#116 <= 12), (d_year#114 = ..., Format: ORC, Location: InMemoryFileIndex[hdfs://vcloud-10-13:9000/user/hive/warehouse/tpcds_bin_partitioned_varchar_orc_..., PartitionFilters: [], PushedFilters: [IsNotNull(d_moy), IsNotNull(d_year), GreaterThanOrEqual(d_moy,9), LessThanOrEqual(d_moy,12), Equ..., ReadSchema: struct<d_date_sk:bigint,d_year:int,d_moy:int>
            :     :     +- Project [d_date_sk#136L]
            :     :        +- Filter (d_year#142 IN (1999,2000,2001) AND isnotnull(d_date_sk#136L))
            :     :           +- FileScan orc tpcds_bin_partitioned_varchar_orc_1000.date_dim[d_date_sk#136L,d_year#142] Batched: true, DataFilters: [d_year#142 IN (1999,2000,2001), isnotnull(d_date_sk#136L)], Format: ORC, Location: InMemoryFileIndex[hdfs://vcloud-10-13:9000/user/hive/warehouse/tpcds_bin_partitioned_varchar_orc_..., PartitionFilters: [], PushedFilters: [In(d_year, [1999,2000,2001]), IsNotNull(d_date_sk)], ReadSchema: struct<d_date_sk:bigint,d_year:int>
            :     +- Project [s_store_sk#164L, s_store_id#165, s_store_name#169]
            :        +- Filter isnotnull(s_store_sk#164L)
            :           +- FileScan orc tpcds_bin_partitioned_varchar_orc_1000.store[s_store_sk#164L,s_store_id#165,s_store_name#169] Batched: true, DataFilters: [isnotnull(s_store_sk#164L)], Format: ORC, Location: InMemoryFileIndex[hdfs://vcloud-10-13:9000/user/hive/warehouse/tpcds_bin_partitioned_varchar_orc_..., PartitionFilters: [], PushedFilters: [IsNotNull(s_store_sk)], ReadSchema: struct<s_store_sk:bigint,s_store_id:string,s_store_name:string>
            +- Project [i_item_sk#193L, i_item_id#194, i_item_desc#197]
               +- Filter isnotnull(i_item_sk#193L)
                  +- FileScan orc tpcds_bin_partitioned_varchar_orc_1000.item[i_item_sk#193L,i_item_id#194,i_item_desc#197] Batched: true, DataFilters: [isnotnull(i_item_sk#193L)], Format: ORC, Location: InMemoryFileIndex[hdfs://vcloud-10-13:9000/user/hive/warehouse/tpcds_bin_partitioned_varchar_orc_..., PartitionFilters: [], PushedFilters: [IsNotNull(i_item_sk)], ReadSchema: struct<i_item_sk:bigint,i_item_id:string,i_item_desc:string>
.
Time taken: 49.298 seconds, Fetched 100 row(s)
