24/04/26 15:44:20 WARN Utils: Your hostname, vcloud-10-13 resolves to a loopback address: 127.0.0.1; using 21.21.36.153 instead (on interface eno1)
24/04/26 15:44:20 WARN Utils: Set SPARK_LOCAL_IP if you need to bind to another address
24/04/26 15:44:20 WARN NativeCodeLoader: Unable to load native-hadoop library for your platform... using builtin-java classes where applicable
Setting default log level to "WARN".
To adjust logging level use sc.setLogLevel(newLevel). For SparkR, use setLogLevel(newLevel).
24/04/26 15:44:22 WARN Client: Neither spark.yarn.jars nor spark.yarn.archive is set, falling back to uploading libraries under SPARK_HOME.
Spark master: yarn, Application Id: application_1714105099579_0142
24/04/26 15:44:40 WARN SessionState: METASTORE_FILTER_HOOK will be ignored, since hive.security.authorization.manager is set to instance of HiveAuthorizerFactory.
24/04/26 15:44:47 WARN package: Truncated the string representation of a plan since it was too large. This behavior can be adjusted by setting 'spark.sql.debug.maxToStringFields'.
24/04/26 15:44:47 WARN InsertAdaptiveSparkPlan: spark.sql.adaptive.enabled is enabled but is not supported for query: TakeOrderedAndProject(limit=100, orderBy=[ca_state#35 ASC NULLS FIRST,cd_gender#41 ASC NULLS FIRST,cd_marital_status#42 ASC NULLS FIRST,aggOrder#364 ASC NULLS FIRST,cd_dep_employed_count#47 ASC NULLS FIRST,cd_dep_college_count#48 ASC NULLS FIRST], output=[ca_state#35,cd_gender#41,cd_marital_status#42,cnt1#3L,min(cd_dep_count)#352,max(cd_dep_count)#353,avg(cd_dep_count)#354,cd_dep_employed_count#47,cnt2#4L,min(cd_dep_employed_count)#355,max(cd_dep_employed_count)#356,avg(cd_dep_employed_count)#357,cd_dep_college_count#48,cnt3#5L,min(cd_dep_college_count)#358,max(cd_dep_college_count)#359,avg(cd_dep_college_count)#360])
+- HashAggregate(keys=[ca_state#35, cd_gender#41, cd_marital_status#42, cd_dep_count#46, cd_dep_employed_count#47, cd_dep_college_count#48], functions=[count(1), min(cd_dep_count#46), max(cd_dep_count#46), avg(cast(cd_dep_count#46 as bigint)), min(cd_dep_employed_count#47), max(cd_dep_employed_count#47), avg(cast(cd_dep_employed_count#47 as bigint)), min(cd_dep_college_count#48), max(cd_dep_college_count#48), avg(cast(cd_dep_college_count#48 as bigint))], output=[ca_state#35, cd_gender#41, cd_marital_status#42, cnt1#3L, min(cd_dep_count)#352, max(cd_dep_count)#353, avg(cd_dep_count)#354, cd_dep_employed_count#47, cnt2#4L, min(cd_dep_employed_count)#355, max(cd_dep_employed_count)#356, avg(cd_dep_employed_count)#357, cd_dep_college_count#48, cnt3#5L, min(cd_dep_college_count)#358, max(cd_dep_college_count)#359, avg(cd_dep_college_count)#360, aggOrder#364])
   +- HashAggregate(keys=[ca_state#35, cd_gender#41, cd_marital_status#42, cd_dep_count#46, cd_dep_employed_count#47, cd_dep_college_count#48], functions=[partial_count(1), partial_min(cd_dep_count#46), partial_max(cd_dep_count#46), partial_avg(cast(cd_dep_count#46 as bigint)), partial_min(cd_dep_employed_count#47), partial_max(cd_dep_employed_count#47), partial_avg(cast(cd_dep_employed_count#47 as bigint)), partial_min(cd_dep_college_count#48), partial_max(cd_dep_college_count#48), partial_avg(cast(cd_dep_college_count#48 as bigint))], output=[ca_state#35, cd_gender#41, cd_marital_status#42, cd_dep_count#46, cd_dep_employed_count#47, cd_dep_college_count#48, count#442L, min#443, max#444, sum#445, count#446L, min#447, max#448, sum#449, count#450L, min#451, max#452, sum#453, count#454L])
      +- Project [ca_state#35, cd_gender#41, cd_marital_status#42, cd_dep_count#46, cd_dep_employed_count#47, cd_dep_college_count#48]
         +- BroadcastHashJoin [c_current_cdemo_sk#11L], [cd_demo_sk#40L], Inner, BuildRight, false
            :- Project [c_current_cdemo_sk#11L, ca_state#35]
            :  +- BroadcastHashJoin [c_current_addr_sk#13L], [ca_address_sk#27L], Inner, BuildRight, false
            :     :- Project [c_current_cdemo_sk#11L, c_current_addr_sk#13L]
            :     :  +- Filter (exists#424 OR exists#425)
            :     :     +- SortMergeJoin [c_customer_sk#9L], [cs_ship_customer_sk#253L], ExistenceJoin(exists#425)
            :     :        :- SortMergeJoin [c_customer_sk#9L], [ws_bill_customer_sk#154L], ExistenceJoin(exists#424)
            :     :        :  :- SortMergeJoin [c_customer_sk#9L], [ss_customer_sk#51L], LeftSemi
            :     :        :  :  :- Project [c_customer_sk#9L, c_current_cdemo_sk#11L, c_current_addr_sk#13L]
            :     :        :  :  :  +- Filter (isnotnull(c_current_addr_sk#13L) AND isnotnull(c_current_cdemo_sk#11L))
            :     :        :  :  :     +- FileScan orc tpcds_bin_partitioned_varchar_orc_1000.customer[c_customer_sk#9L,c_current_cdemo_sk#11L,c_current_addr_sk#13L] Batched: true, DataFilters: [isnotnull(c_current_addr_sk#13L), isnotnull(c_current_cdemo_sk#11L)], Format: ORC, Location: InMemoryFileIndex[hdfs://vcloud-10-13:9000/user/hive/warehouse/tpcds_bin_partitioned_varchar_orc_..., PartitionFilters: [], PushedFilters: [IsNotNull(c_current_addr_sk), IsNotNull(c_current_cdemo_sk)], ReadSchema: struct<c_customer_sk:bigint,c_current_cdemo_sk:bigint,c_current_addr_sk:bigint>
            :     :        :  :  +- Project [ss_customer_sk#51L]
            :     :        :  :     +- BroadcastHashJoin [ss_sold_date_sk#71L], [d_date_sk#72L], Inner, BuildRight, false
            :     :        :  :        :- FileScan orc tpcds_bin_partitioned_varchar_orc_1000.store_sales[ss_customer_sk#51L,ss_sold_date_sk#71L] Batched: true, DataFilters: [], Format: ORC, Location: InMemoryFileIndex[hdfs://vcloud-10-13:9000/user/hive/warehouse/tpcds_bin_partitioned_varchar_orc_..., PartitionFilters: [isnotnull(ss_sold_date_sk#71L), dynamicpruning#426 [ss_sold_date_sk#71L]], PushedFilters: [], ReadSchema: struct<ss_customer_sk:bigint>
            :     :        :  :        :     +- Project [d_date_sk#72L]
            :     :        :  :        :        +- Filter ((((isnotnull(d_year#78) AND isnotnull(d_qoy#82)) AND (d_year#78 = 2002)) AND (d_qoy#82 < 4)) AND isnotnull(d_date_sk#72L))
            :     :        :  :        :           +- Relation[d_date_sk#72L,d_date_id#73,d_date#74,d_month_seq#75,d_week_seq#76,d_quarter_seq#77,d_year#78,d_dow#79,d_moy#80,d_dom#81,d_qoy#82,d_fy_year#83,d_fy_quarter_seq#84,d_fy_week_seq#85,d_day_name#86,d_quarter_name#87,d_holiday#88,d_weekend#89,d_following_holiday#90,d_first_dom#91,d_last_dom#92,d_same_day_ly#93,d_same_day_lq#94,d_current_day#95,... 4 more fields] orc
            :     :        :  :        +- Project [d_date_sk#72L]
            :     :        :  :           +- Filter ((((isnotnull(d_year#78) AND isnotnull(d_qoy#82)) AND (d_year#78 = 2002)) AND (d_qoy#82 < 4)) AND isnotnull(d_date_sk#72L))
            :     :        :  :              +- FileScan orc tpcds_bin_partitioned_varchar_orc_1000.date_dim[d_date_sk#72L,d_year#78,d_qoy#82] Batched: true, DataFilters: [isnotnull(d_year#78), isnotnull(d_qoy#82), (d_year#78 = 2002), (d_qoy#82 < 4), isnotnull(d_date_..., Format: ORC, Location: InMemoryFileIndex[hdfs://vcloud-10-13:9000/user/hive/warehouse/tpcds_bin_partitioned_varchar_orc_..., PartitionFilters: [], PushedFilters: [IsNotNull(d_year), IsNotNull(d_qoy), EqualTo(d_year,2002), LessThan(d_qoy,4), IsNotNull(d_date_sk)], ReadSchema: struct<d_date_sk:bigint,d_year:int,d_qoy:int>
            :     :        :  +- Project [ws_bill_customer_sk#154L]
            :     :        :     +- BroadcastHashJoin [ws_sold_date_sk#184L], [d_date_sk#185L], Inner, BuildRight, false
            :     :        :        :- FileScan orc tpcds_bin_partitioned_varchar_orc_1000.web_sales[ws_bill_customer_sk#154L,ws_sold_date_sk#184L] Batched: true, DataFilters: [], Format: ORC, Location: InMemoryFileIndex[hdfs://vcloud-10-13:9000/user/hive/warehouse/tpcds_bin_partitioned_varchar_orc_..., PartitionFilters: [isnotnull(ws_sold_date_sk#184L), dynamicpruning#427 [ws_sold_date_sk#184L]], PushedFilters: [], ReadSchema: struct<ws_bill_customer_sk:bigint>
            :     :        :        :     +- Project [d_date_sk#185L]
            :     :        :        :        +- Filter ((((isnotnull(d_year#191) AND isnotnull(d_qoy#195)) AND (d_year#191 = 2002)) AND (d_qoy#195 < 4)) AND isnotnull(d_date_sk#185L))
            :     :        :        :           +- Relation[d_date_sk#185L,d_date_id#186,d_date#187,d_month_seq#188,d_week_seq#189,d_quarter_seq#190,d_year#191,d_dow#192,d_moy#193,d_dom#194,d_qoy#195,d_fy_year#196,d_fy_quarter_seq#197,d_fy_week_seq#198,d_day_name#199,d_quarter_name#200,d_holiday#201,d_weekend#202,d_following_holiday#203,d_first_dom#204,d_last_dom#205,d_same_day_ly#206,d_same_day_lq#207,d_current_day#208,... 4 more fields] orc
            :     :        :        +- Project [d_date_sk#185L]
            :     :        :           +- Filter ((((isnotnull(d_year#191) AND isnotnull(d_qoy#195)) AND (d_year#191 = 2002)) AND (d_qoy#195 < 4)) AND isnotnull(d_date_sk#185L))
            :     :        :              +- FileScan orc tpcds_bin_partitioned_varchar_orc_1000.date_dim[d_date_sk#185L,d_year#191,d_qoy#195] Batched: true, DataFilters: [isnotnull(d_year#191), isnotnull(d_qoy#195), (d_year#191 = 2002), (d_qoy#195 < 4), isnotnull(d_d..., Format: ORC, Location: InMemoryFileIndex[hdfs://vcloud-10-13:9000/user/hive/warehouse/tpcds_bin_partitioned_varchar_orc_..., PartitionFilters: [], PushedFilters: [IsNotNull(d_year), IsNotNull(d_qoy), EqualTo(d_year,2002), LessThan(d_qoy,4), IsNotNull(d_date_sk)], ReadSchema: struct<d_date_sk:bigint,d_year:int,d_qoy:int>
            :     :        +- Project [cs_ship_customer_sk#253L]
            :     :           +- BroadcastHashJoin [cs_sold_date_sk#280L], [d_date_sk#281L], Inner, BuildRight, false
            :     :              :- FileScan orc tpcds_bin_partitioned_varchar_orc_1000.catalog_sales[cs_ship_customer_sk#253L,cs_sold_date_sk#280L] Batched: true, DataFilters: [], Format: ORC, Location: InMemoryFileIndex[hdfs://vcloud-10-13:9000/user/hive/warehouse/tpcds_bin_partitioned_varchar_orc_..., PartitionFilters: [isnotnull(cs_sold_date_sk#280L), dynamicpruning#428 [cs_sold_date_sk#280L]], PushedFilters: [], ReadSchema: struct<cs_ship_customer_sk:bigint>
            :     :              :     +- Project [d_date_sk#281L]
            :     :              :        +- Filter ((((isnotnull(d_year#287) AND isnotnull(d_qoy#291)) AND (d_year#287 = 2002)) AND (d_qoy#291 < 4)) AND isnotnull(d_date_sk#281L))
            :     :              :           +- Relation[d_date_sk#281L,d_date_id#282,d_date#283,d_month_seq#284,d_week_seq#285,d_quarter_seq#286,d_year#287,d_dow#288,d_moy#289,d_dom#290,d_qoy#291,d_fy_year#292,d_fy_quarter_seq#293,d_fy_week_seq#294,d_day_name#295,d_quarter_name#296,d_holiday#297,d_weekend#298,d_following_holiday#299,d_first_dom#300,d_last_dom#301,d_same_day_ly#302,d_same_day_lq#303,d_current_day#304,... 4 more fields] orc
            :     :              +- Project [d_date_sk#281L]
            :     :                 +- Filter ((((isnotnull(d_year#287) AND isnotnull(d_qoy#291)) AND (d_year#287 = 2002)) AND (d_qoy#291 < 4)) AND isnotnull(d_date_sk#281L))
            :     :                    +- FileScan orc tpcds_bin_partitioned_varchar_orc_1000.date_dim[d_date_sk#281L,d_year#287,d_qoy#291] Batched: true, DataFilters: [isnotnull(d_year#287), isnotnull(d_qoy#291), (d_year#287 = 2002), (d_qoy#291 < 4), isnotnull(d_d..., Format: ORC, Location: InMemoryFileIndex[hdfs://vcloud-10-13:9000/user/hive/warehouse/tpcds_bin_partitioned_varchar_orc_..., PartitionFilters: [], PushedFilters: [IsNotNull(d_year), IsNotNull(d_qoy), EqualTo(d_year,2002), LessThan(d_qoy,4), IsNotNull(d_date_sk)], ReadSchema: struct<d_date_sk:bigint,d_year:int,d_qoy:int>
            :     +- Project [ca_address_sk#27L, ca_state#35]
            :        +- Filter isnotnull(ca_address_sk#27L)
            :           +- FileScan orc tpcds_bin_partitioned_varchar_orc_1000.customer_address[ca_address_sk#27L,ca_state#35] Batched: true, DataFilters: [isnotnull(ca_address_sk#27L)], Format: ORC, Location: InMemoryFileIndex[hdfs://vcloud-10-13:9000/user/hive/warehouse/tpcds_bin_partitioned_varchar_orc_..., PartitionFilters: [], PushedFilters: [IsNotNull(ca_address_sk)], ReadSchema: struct<ca_address_sk:bigint,ca_state:string>
            +- Project [cd_demo_sk#40L, cd_gender#41, cd_marital_status#42, cd_dep_count#46, cd_dep_employed_count#47, cd_dep_college_count#48]
               +- Filter isnotnull(cd_demo_sk#40L)
                  +- FileScan orc tpcds_bin_partitioned_varchar_orc_1000.customer_demographics[cd_demo_sk#40L,cd_gender#41,cd_marital_status#42,cd_dep_count#46,cd_dep_employed_count#47,cd_dep_college_count#48] Batched: true, DataFilters: [isnotnull(cd_demo_sk#40L)], Format: ORC, Location: InMemoryFileIndex[hdfs://vcloud-10-13:9000/user/hive/warehouse/tpcds_bin_partitioned_varchar_orc_..., PartitionFilters: [], PushedFilters: [IsNotNull(cd_demo_sk)], ReadSchema: struct<cd_demo_sk:bigint,cd_gender:string,cd_marital_status:string,cd_dep_count:int,cd_dep_employ...
.
Time taken: 31.364 seconds, Fetched 100 row(s)
