24/04/26 15:53:32 WARN Utils: Your hostname, vcloud-10-13 resolves to a loopback address: 127.0.0.1; using 21.21.36.153 instead (on interface eno1)
24/04/26 15:53:32 WARN Utils: Set SPARK_LOCAL_IP if you need to bind to another address
24/04/26 15:53:32 WARN NativeCodeLoader: Unable to load native-hadoop library for your platform... using builtin-java classes where applicable
Setting default log level to "WARN".
To adjust logging level use sc.setLogLevel(newLevel). For SparkR, use setLogLevel(newLevel).
24/04/26 15:53:34 WARN Client: Neither spark.yarn.jars nor spark.yarn.archive is set, falling back to uploading libraries under SPARK_HOME.
Spark master: yarn, Application Id: application_1714105099579_0154
24/04/26 15:53:52 WARN SessionState: METASTORE_FILTER_HOOK will be ignored, since hive.security.authorization.manager is set to instance of HiveAuthorizerFactory.
24/04/26 15:53:56 WARN package: Truncated the string representation of a plan since it was too large. This behavior can be adjusted by setting 'spark.sql.debug.maxToStringFields'.
24/04/26 15:53:56 WARN InsertAdaptiveSparkPlan: spark.sql.adaptive.enabled is enabled but is not supported for query: TakeOrderedAndProject(limit=100, orderBy=[c_last_name#110 ASC NULLS FIRST,c_first_name#109 ASC NULLS FIRST,ca_city#125 ASC NULLS FIRST,bought_city#0 ASC NULLS FIRST,ss_ticket_number#11L ASC NULLS FIRST], output=[c_last_name#110,c_first_name#109,ca_city#125,bought_city#0,ss_ticket_number#11L,amt#1,profit#2])
+- Project [c_last_name#110, c_first_name#109, ca_city#125, bought_city#0, ss_ticket_number#11L, amt#1, profit#2]
   +- BroadcastHashJoin [c_current_addr_sk#105L], [ca_address_sk#119L], Inner, BuildRight, NOT (ca_city#125 = bought_city#0), false
      :- Project [ss_ticket_number#11L, bought_city#0, amt#1, profit#2, c_current_addr_sk#105L, c_first_name#109, c_last_name#110]
      :  +- SortMergeJoin [ss_customer_sk#5L], [c_customer_sk#101L], Inner
      :     :- HashAggregate(keys=[ss_ticket_number#11L, ss_customer_sk#5L, ss_addr_sk#8L, ca_city#94], functions=[sum(UnscaledValue(ss_coupon_amt#21)), sum(UnscaledValue(ss_net_profit#24))], output=[ss_ticket_number#11L, ss_customer_sk#5L, bought_city#0, amt#1, profit#2])
      :     :  +- HashAggregate(keys=[ss_ticket_number#11L, ss_customer_sk#5L, ss_addr_sk#8L, ca_city#94], functions=[partial_sum(UnscaledValue(ss_coupon_amt#21)), partial_sum(UnscaledValue(ss_net_profit#24))], output=[ss_ticket_number#11L, ss_customer_sk#5L, ss_addr_sk#8L, ca_city#94, sum#260L, sum#261L])
      :     :     +- Project [ss_customer_sk#5L, ss_addr_sk#8L, ss_ticket_number#11L, ss_coupon_amt#21, ss_net_profit#24, ca_city#94]
      :     :        +- BroadcastHashJoin [ss_addr_sk#8L], [ca_address_sk#88L], Inner, BuildRight, false
      :     :           :- Project [ss_customer_sk#5L, ss_addr_sk#8L, ss_ticket_number#11L, ss_coupon_amt#21, ss_net_profit#24]
      :     :           :  +- BroadcastHashJoin [ss_hdemo_sk#7L], [hd_demo_sk#83L], Inner, BuildRight, false
      :     :           :     :- Project [ss_customer_sk#5L, ss_hdemo_sk#7L, ss_addr_sk#8L, ss_ticket_number#11L, ss_coupon_amt#21, ss_net_profit#24]
      :     :           :     :  +- BroadcastHashJoin [ss_store_sk#9L], [s_store_sk#54L], Inner, BuildRight, false
      :     :           :     :     :- Project [ss_customer_sk#5L, ss_hdemo_sk#7L, ss_addr_sk#8L, ss_store_sk#9L, ss_ticket_number#11L, ss_coupon_amt#21, ss_net_profit#24]
      :     :           :     :     :  +- BroadcastHashJoin [ss_sold_date_sk#25L], [d_date_sk#26L], Inner, BuildRight, false
      :     :           :     :     :     :- Project [ss_customer_sk#5L, ss_hdemo_sk#7L, ss_addr_sk#8L, ss_store_sk#9L, ss_ticket_number#11L, ss_coupon_amt#21, ss_net_profit#24, ss_sold_date_sk#25L]
      :     :           :     :     :     :  +- Filter (((isnotnull(ss_store_sk#9L) AND isnotnull(ss_hdemo_sk#7L)) AND isnotnull(ss_addr_sk#8L)) AND isnotnull(ss_customer_sk#5L))
      :     :           :     :     :     :     +- FileScan orc tpcds_bin_partitioned_varchar_orc_1000.store_sales[ss_customer_sk#5L,ss_hdemo_sk#7L,ss_addr_sk#8L,ss_store_sk#9L,ss_ticket_number#11L,ss_coupon_amt#21,ss_net_profit#24,ss_sold_date_sk#25L] Batched: true, DataFilters: [isnotnull(ss_store_sk#9L), isnotnull(ss_hdemo_sk#7L), isnotnull(ss_addr_sk#8L), isnotnull(ss_cus..., Format: ORC, Location: InMemoryFileIndex[hdfs://vcloud-10-13:9000/user/hive/warehouse/tpcds_bin_partitioned_varchar_orc_..., PartitionFilters: [isnotnull(ss_sold_date_sk#25L), dynamicpruning#257 [ss_sold_date_sk#25L]], PushedFilters: [IsNotNull(ss_store_sk), IsNotNull(ss_hdemo_sk), IsNotNull(ss_addr_sk), IsNotNull(ss_customer_sk)], ReadSchema: struct<ss_customer_sk:bigint,ss_hdemo_sk:bigint,ss_addr_sk:bigint,ss_store_sk:bigint,ss_ticket_nu...
      :     :           :     :     :     :           +- Project [d_date_sk#26L]
      :     :           :     :     :     :              +- Filter ((d_dow#33 IN (6,0) AND d_year#32 IN (1999,2000,2001)) AND isnotnull(d_date_sk#26L))
      :     :           :     :     :     :                 +- Relation[d_date_sk#26L,d_date_id#27,d_date#28,d_month_seq#29,d_week_seq#30,d_quarter_seq#31,d_year#32,d_dow#33,d_moy#34,d_dom#35,d_qoy#36,d_fy_year#37,d_fy_quarter_seq#38,d_fy_week_seq#39,d_day_name#40,d_quarter_name#41,d_holiday#42,d_weekend#43,d_following_holiday#44,d_first_dom#45,d_last_dom#46,d_same_day_ly#47,d_same_day_lq#48,d_current_day#49,... 4 more fields] orc
      :     :           :     :     :     +- Project [d_date_sk#26L]
      :     :           :     :     :        +- Filter ((d_dow#33 IN (6,0) AND d_year#32 IN (1999,2000,2001)) AND isnotnull(d_date_sk#26L))
      :     :           :     :     :           +- FileScan orc tpcds_bin_partitioned_varchar_orc_1000.date_dim[d_date_sk#26L,d_year#32,d_dow#33] Batched: true, DataFilters: [d_dow#33 IN (6,0), d_year#32 IN (1999,2000,2001), isnotnull(d_date_sk#26L)], Format: ORC, Location: InMemoryFileIndex[hdfs://vcloud-10-13:9000/user/hive/warehouse/tpcds_bin_partitioned_varchar_orc_..., PartitionFilters: [], PushedFilters: [In(d_dow, [6,0]), In(d_year, [1999,2000,2001]), IsNotNull(d_date_sk)], ReadSchema: struct<d_date_sk:bigint,d_year:int,d_dow:int>
      :     :           :     :     +- Project [s_store_sk#54L]
      :     :           :     :        +- Filter (s_city#76 IN (Fairview,Midway) AND isnotnull(s_store_sk#54L))
      :     :           :     :           +- FileScan orc tpcds_bin_partitioned_varchar_orc_1000.store[s_store_sk#54L,s_city#76] Batched: true, DataFilters: [s_city#76 IN (Fairview,Midway), isnotnull(s_store_sk#54L)], Format: ORC, Location: InMemoryFileIndex[hdfs://vcloud-10-13:9000/user/hive/warehouse/tpcds_bin_partitioned_varchar_orc_..., PartitionFilters: [], PushedFilters: [In(s_city, [Fairview,Midway]), IsNotNull(s_store_sk)], ReadSchema: struct<s_store_sk:bigint,s_city:string>
      :     :           :     +- Project [hd_demo_sk#83L]
      :     :           :        +- Filter (((hd_dep_count#86 = 4) OR (hd_vehicle_count#87 = 3)) AND isnotnull(hd_demo_sk#83L))
      :     :           :           +- FileScan orc tpcds_bin_partitioned_varchar_orc_1000.household_demographics[hd_demo_sk#83L,hd_dep_count#86,hd_vehicle_count#87] Batched: true, DataFilters: [((hd_dep_count#86 = 4) OR (hd_vehicle_count#87 = 3)), isnotnull(hd_demo_sk#83L)], Format: ORC, Location: InMemoryFileIndex[hdfs://vcloud-10-13:9000/user/hive/warehouse/tpcds_bin_partitioned_varchar_orc_..., PartitionFilters: [], PushedFilters: [Or(EqualTo(hd_dep_count,4),EqualTo(hd_vehicle_count,3)), IsNotNull(hd_demo_sk)], ReadSchema: struct<hd_demo_sk:bigint,hd_dep_count:int,hd_vehicle_count:int>
      :     :           +- Project [ca_address_sk#88L, ca_city#94]
      :     :              +- Filter (isnotnull(ca_address_sk#88L) AND isnotnull(ca_city#94))
      :     :                 +- FileScan orc tpcds_bin_partitioned_varchar_orc_1000.customer_address[ca_address_sk#88L,ca_city#94] Batched: true, DataFilters: [isnotnull(ca_address_sk#88L), isnotnull(ca_city#94)], Format: ORC, Location: InMemoryFileIndex[hdfs://vcloud-10-13:9000/user/hive/warehouse/tpcds_bin_partitioned_varchar_orc_..., PartitionFilters: [], PushedFilters: [IsNotNull(ca_address_sk), IsNotNull(ca_city)], ReadSchema: struct<ca_address_sk:bigint,ca_city:string>
      :     +- Project [c_customer_sk#101L, c_current_addr_sk#105L, c_first_name#109, c_last_name#110]
      :        +- Filter (isnotnull(c_customer_sk#101L) AND isnotnull(c_current_addr_sk#105L))
      :           +- FileScan orc tpcds_bin_partitioned_varchar_orc_1000.customer[c_customer_sk#101L,c_current_addr_sk#105L,c_first_name#109,c_last_name#110] Batched: true, DataFilters: [isnotnull(c_customer_sk#101L), isnotnull(c_current_addr_sk#105L)], Format: ORC, Location: InMemoryFileIndex[hdfs://vcloud-10-13:9000/user/hive/warehouse/tpcds_bin_partitioned_varchar_orc_..., PartitionFilters: [], PushedFilters: [IsNotNull(c_customer_sk), IsNotNull(c_current_addr_sk)], ReadSchema: struct<c_customer_sk:bigint,c_current_addr_sk:bigint,c_first_name:string,c_last_name:string>
      +- Project [ca_address_sk#119L, ca_city#125]
         +- Filter (isnotnull(ca_address_sk#119L) AND isnotnull(ca_city#125))
            +- FileScan orc tpcds_bin_partitioned_varchar_orc_1000.customer_address[ca_address_sk#119L,ca_city#125] Batched: true, DataFilters: [isnotnull(ca_address_sk#119L), isnotnull(ca_city#125)], Format: ORC, Location: InMemoryFileIndex[hdfs://vcloud-10-13:9000/user/hive/warehouse/tpcds_bin_partitioned_varchar_orc_..., PartitionFilters: [], PushedFilters: [IsNotNull(ca_address_sk), IsNotNull(ca_city)], ReadSchema: struct<ca_address_sk:bigint,ca_city:string>
.
Time taken: 23.992 seconds, Fetched 100 row(s)
