24/04/26 15:16:41 WARN Utils: Your hostname, vcloud-10-13 resolves to a loopback address: 127.0.0.1; using 21.21.36.153 instead (on interface eno1)
24/04/26 15:16:41 WARN Utils: Set SPARK_LOCAL_IP if you need to bind to another address
24/04/26 15:16:41 WARN NativeCodeLoader: Unable to load native-hadoop library for your platform... using builtin-java classes where applicable
Setting default log level to "WARN".
To adjust logging level use sc.setLogLevel(newLevel). For SparkR, use setLogLevel(newLevel).
24/04/26 15:16:43 WARN Client: Neither spark.yarn.jars nor spark.yarn.archive is set, falling back to uploading libraries under SPARK_HOME.
Spark master: yarn, Application Id: application_1714105099579_0128
24/04/26 15:17:01 WARN SessionState: METASTORE_FILTER_HOOK will be ignored, since hive.security.authorization.manager is set to instance of HiveAuthorizerFactory.
24/04/26 15:17:09 WARN package: Truncated the string representation of a plan since it was too large. This behavior can be adjusted by setting 'spark.sql.debug.maxToStringFields'.
24/04/26 15:17:09 WARN InsertAdaptiveSparkPlan: spark.sql.adaptive.enabled is enabled but is not supported for query: HashAggregate(keys=[], functions=[sum(sales#2)], output=[sum(sales)#624])
+- HashAggregate(keys=[], functions=[partial_sum(sales#2)], output=[sum#708, isEmpty#709])
   +- Union
      :- Project [CheckOverflow((promote_precision(cast(cast(cs_quantity#31 as decimal(10,0)) as decimal(12,2))) * promote_precision(cast(cs_list_price#33 as decimal(12,2)))), DecimalType(18,2), true) AS sales#2]
      :  +- BroadcastHashJoin [cs_sold_date_sk#47L], [d_date_sk#48L], Inner, BuildRight, false
      :     :- Project [cs_quantity#31, cs_list_price#33, cs_sold_date_sk#47L]
      :     :  +- SortMergeJoin [cs_bill_customer_sk#16L], [c_customer_sk#313L], LeftSemi
      :     :     :- Project [cs_bill_customer_sk#16L, cs_quantity#31, cs_list_price#33, cs_sold_date_sk#47L]
      :     :     :  +- SortMergeJoin [cs_item_sk#28L], [item_sk#7L], LeftSemi
      :     :     :     :- FileScan orc tpcds_bin_partitioned_varchar_orc_1000.catalog_sales[cs_bill_customer_sk#16L,cs_item_sk#28L,cs_quantity#31,cs_list_price#33,cs_sold_date_sk#47L] Batched: true, DataFilters: [], Format: ORC, Location: InMemoryFileIndex[hdfs://vcloud-10-13:9000/user/hive/warehouse/tpcds_bin_partitioned_varchar_orc_..., PartitionFilters: [isnotnull(cs_sold_date_sk#47L), dynamicpruning#701 [cs_sold_date_sk#47L]], PushedFilters: [], ReadSchema: struct<cs_bill_customer_sk:bigint,cs_item_sk:bigint,cs_quantity:int,cs_list_price:decimal(7,2)>
      :     :     :     :     +- Project [d_date_sk#48L]
      :     :     :     :        +- Filter ((((isnotnull(d_year#54) AND isnotnull(d_moy#56)) AND (d_year#54 = 2000)) AND (d_moy#56 = 2)) AND isnotnull(d_date_sk#48L))
      :     :     :     :           +- Relation[d_date_sk#48L,d_date_id#49,d_date#50,d_month_seq#51,d_week_seq#52,d_quarter_seq#53,d_year#54,d_dow#55,d_moy#56,d_dom#57,d_qoy#58,d_fy_year#59,d_fy_quarter_seq#60,d_fy_week_seq#61,d_day_name#62,d_quarter_name#63,d_holiday#64,d_weekend#65,d_following_holiday#66,d_first_dom#67,d_last_dom#68,d_same_day_ly#69,d_same_day_lq#70,d_current_day#71,... 4 more fields] orc
      :     :     :     +- Project [item_sk#7L]
      :     :     :        +- Filter (count(1)#287L > 4)
      :     :     :           +- HashAggregate(keys=[substr(i_item_desc#195, 1, 30)#710, i_item_sk#191L, d_date#165], functions=[count(1)], output=[item_sk#7L, count(1)#287L])
      :     :     :              +- HashAggregate(keys=[substr(i_item_desc#195, 1, 30) AS substr(i_item_desc#195, 1, 30)#710, i_item_sk#191L, d_date#165], functions=[partial_count(1)], output=[substr(i_item_desc#195, 1, 30)#710, i_item_sk#191L, d_date#165, count#712L])
      :     :     :                 +- Project [d_date#165, i_item_sk#191L, i_item_desc#195]
      :     :     :                    +- BroadcastHashJoin [ss_item_sk#141L], [i_item_sk#191L], Inner, BuildRight, false
      :     :     :                       :- Project [ss_item_sk#141L, d_date#165]
      :     :     :                       :  +- BroadcastHashJoin [ss_sold_date_sk#162L], [d_date_sk#163L], Inner, BuildRight, false
      :     :     :                       :     :- Project [ss_item_sk#141L, ss_sold_date_sk#162L]
      :     :     :                       :     :  +- Filter isnotnull(ss_item_sk#141L)
      :     :     :                       :     :     +- FileScan orc tpcds_bin_partitioned_varchar_orc_1000.store_sales[ss_item_sk#141L,ss_sold_date_sk#162L] Batched: true, DataFilters: [isnotnull(ss_item_sk#141L)], Format: ORC, Location: InMemoryFileIndex[hdfs://vcloud-10-13:9000/user/hive/warehouse/tpcds_bin_partitioned_varchar_orc_..., PartitionFilters: [isnotnull(ss_sold_date_sk#162L), dynamicpruning#694 [ss_sold_date_sk#162L]], PushedFilters: [IsNotNull(ss_item_sk)], ReadSchema: struct<ss_item_sk:bigint>
      :     :     :                       :     :           +- Project [d_date_sk#163L, d_date#165]
      :     :     :                       :     :              +- Filter (d_year#169 IN (2000,2001,2002,2003) AND isnotnull(d_date_sk#163L))
      :     :     :                       :     :                 +- Relation[d_date_sk#163L,d_date_id#164,d_date#165,d_month_seq#166,d_week_seq#167,d_quarter_seq#168,d_year#169,d_dow#170,d_moy#171,d_dom#172,d_qoy#173,d_fy_year#174,d_fy_quarter_seq#175,d_fy_week_seq#176,d_day_name#177,d_quarter_name#178,d_holiday#179,d_weekend#180,d_following_holiday#181,d_first_dom#182,d_last_dom#183,d_same_day_ly#184,d_same_day_lq#185,d_current_day#186,... 4 more fields] orc
      :     :     :                       :     +- Project [d_date_sk#163L, d_date#165]
      :     :     :                       :        +- Filter (d_year#169 IN (2000,2001,2002,2003) AND isnotnull(d_date_sk#163L))
      :     :     :                       :           +- FileScan orc tpcds_bin_partitioned_varchar_orc_1000.date_dim[d_date_sk#163L,d_date#165,d_year#169] Batched: true, DataFilters: [d_year#169 IN (2000,2001,2002,2003), isnotnull(d_date_sk#163L)], Format: ORC, Location: InMemoryFileIndex[hdfs://vcloud-10-13:9000/user/hive/warehouse/tpcds_bin_partitioned_varchar_orc_..., PartitionFilters: [], PushedFilters: [In(d_year, [2000,2001,2002,2003]), IsNotNull(d_date_sk)], ReadSchema: struct<d_date_sk:bigint,d_date:date,d_year:int>
      :     :     :                       +- Project [i_item_sk#191L, i_item_desc#195]
      :     :     :                          +- Filter isnotnull(i_item_sk#191L)
      :     :     :                             +- FileScan orc tpcds_bin_partitioned_varchar_orc_1000.item[i_item_sk#191L,i_item_desc#195] Batched: true, DataFilters: [isnotnull(i_item_sk#191L)], Format: ORC, Location: InMemoryFileIndex[hdfs://vcloud-10-13:9000/user/hive/warehouse/tpcds_bin_partitioned_varchar_orc_..., PartitionFilters: [], PushedFilters: [IsNotNull(i_item_sk)], ReadSchema: struct<i_item_sk:bigint,i_item_desc:string>
      :     :     +- Project [c_customer_sk#313L]
      :     :        +- Filter (isnotnull(sum(CheckOverflow((promote_precision(cast(cast(ss_quantity#299 as decimal(10,0)) as decimal(12,2))) * promote_precision(cast(ss_sales_price#302 as decimal(12,2)))), DecimalType(18,2), true))#423) AND (cast(sum(CheckOverflow((promote_precision(cast(cast(ss_quantity#299 as decimal(10,0)) as decimal(12,2))) * promote_precision(cast(ss_sales_price#302 as decimal(12,2)))), DecimalType(18,2), true))#423 as decimal(38,8)) > CheckOverflow((0.500000 * promote_precision(cast(scalar-subquery#13 [] as decimal(32,6)))), DecimalType(38,8), true)))
      :     :           :  +- Aggregate [max(csales#10) AS tpcds_cmax#11]
      :     :           :     +- Aggregate [c_customer_sk#355L], [sum(CheckOverflow((promote_precision(cast(cast(ss_quantity#341 as decimal(10,0)) as decimal(12,2))) * promote_precision(cast(ss_sales_price#344 as decimal(12,2)))), DecimalType(18,2), true)) AS csales#10]
      :     :           :        +- Project [ss_quantity#341, ss_sales_price#344, c_customer_sk#355L]
      :     :           :           +- Join Inner, (ss_sold_date_sk#354L = d_date_sk#373L)
      :     :           :              :- Project [ss_quantity#341, ss_sales_price#344, ss_sold_date_sk#354L, c_customer_sk#355L]
      :     :           :              :  +- Join Inner, (ss_customer_sk#334L = c_customer_sk#355L)
      :     :           :              :     :- Project [ss_customer_sk#334L, ss_quantity#341, ss_sales_price#344, ss_sold_date_sk#354L]
      :     :           :              :     :  +- Filter ((isnotnull(ss_customer_sk#334L) AND isnotnull(ss_sold_date_sk#354L)) AND dynamicpruning#695 [ss_sold_date_sk#354L])
      :     :           :              :     :     :  +- Project [d_date_sk#373L]
      :     :           :              :     :     :     +- Filter (d_year#379 IN (2000,2001,2002,2003) AND isnotnull(d_date_sk#373L))
      :     :           :              :     :     :        +- Relation[d_date_sk#373L,d_date_id#374,d_date#375,d_month_seq#376,d_week_seq#377,d_quarter_seq#378,d_year#379,d_dow#380,d_moy#381,d_dom#382,d_qoy#383,d_fy_year#384,d_fy_quarter_seq#385,d_fy_week_seq#386,d_day_name#387,d_quarter_name#388,d_holiday#389,d_weekend#390,d_following_holiday#391,d_first_dom#392,d_last_dom#393,d_same_day_ly#394,d_same_day_lq#395,d_current_day#396,... 4 more fields] orc
      :     :           :              :     :     +- Relation[ss_sold_time_sk#332L,ss_item_sk#333L,ss_customer_sk#334L,ss_cdemo_sk#335L,ss_hdemo_sk#336L,ss_addr_sk#337L,ss_store_sk#338L,ss_promo_sk#339L,ss_ticket_number#340L,ss_quantity#341,ss_wholesale_cost#342,ss_list_price#343,ss_sales_price#344,ss_ext_discount_amt#345,ss_ext_sales_price#346,ss_ext_wholesale_cost#347,ss_ext_list_price#348,ss_ext_tax#349,ss_coupon_amt#350,ss_net_paid#351,ss_net_paid_inc_tax#352,ss_net_profit#353,ss_sold_date_sk#354L] orc
      :     :           :              :     +- Project [c_customer_sk#355L]
      :     :           :              :        +- Filter isnotnull(c_customer_sk#355L)
      :     :           :              :           +- Relation[c_customer_sk#355L,c_customer_id#356,c_current_cdemo_sk#357L,c_current_hdemo_sk#358L,c_current_addr_sk#359L,c_first_shipto_date_sk#360L,c_first_sales_date_sk#361L,c_salutation#362,c_first_name#363,c_last_name#364,c_preferred_cust_flag#365,c_birth_day#366,c_birth_month#367,c_birth_year#368,c_birth_country#369,c_login#370,c_email_address#371,c_last_review_date_sk#372L] orc
      :     :           :              +- Project [d_date_sk#373L]
      :     :           :                 +- Filter (d_year#379 IN (2000,2001,2002,2003) AND isnotnull(d_date_sk#373L))
      :     :           :                    +- Relation[d_date_sk#373L,d_date_id#374,d_date#375,d_month_seq#376,d_week_seq#377,d_quarter_seq#378,d_year#379,d_dow#380,d_moy#381,d_dom#382,d_qoy#383,d_fy_year#384,d_fy_quarter_seq#385,d_fy_week_seq#386,d_day_name#387,d_quarter_name#388,d_holiday#389,d_weekend#390,d_following_holiday#391,d_first_dom#392,d_last_dom#393,d_same_day_ly#394,d_same_day_lq#395,d_current_day#396,... 4 more fields] orc
      :     :           +- HashAggregate(keys=[c_customer_sk#313L], functions=[sum(CheckOverflow((promote_precision(cast(cast(ss_quantity#299 as decimal(10,0)) as decimal(12,2))) * promote_precision(cast(ss_sales_price#302 as decimal(12,2)))), DecimalType(18,2), true))], output=[c_customer_sk#313L, sum(CheckOverflow((promote_precision(cast(cast(ss_quantity#299 as decimal(10,0)) as decimal(12,2))) * promote_precision(cast(ss_sales_price#302 as decimal(12,2)))), DecimalType(18,2), true))#423])
      :     :              +- HashAggregate(keys=[c_customer_sk#313L], functions=[partial_sum(CheckOverflow((promote_precision(cast(cast(ss_quantity#299 as decimal(10,0)) as decimal(12,2))) * promote_precision(cast(ss_sales_price#302 as decimal(12,2)))), DecimalType(18,2), true))], output=[c_customer_sk#313L, sum#715, isEmpty#716])
      :     :                 +- Project [ss_quantity#299, ss_sales_price#302, c_customer_sk#313L]
      :     :                    +- BroadcastHashJoin [ss_customer_sk#292L], [c_customer_sk#313L], Inner, BuildRight, false
      :     :                       :- Project [ss_customer_sk#292L, ss_quantity#299, ss_sales_price#302]
      :     :                       :  +- Filter isnotnull(ss_customer_sk#292L)
      :     :                       :     +- FileScan orc tpcds_bin_partitioned_varchar_orc_1000.store_sales[ss_customer_sk#292L,ss_quantity#299,ss_sales_price#302,ss_sold_date_sk#312L] Batched: true, DataFilters: [isnotnull(ss_customer_sk#292L)], Format: ORC, Location: CatalogFileIndex[hdfs://vcloud-10-13:9000/user/hive/warehouse/tpcds_bin_partitioned_varchar_orc_1..., PartitionFilters: [], PushedFilters: [IsNotNull(ss_customer_sk)], ReadSchema: struct<ss_customer_sk:bigint,ss_quantity:int,ss_sales_price:decimal(7,2)>
      :     :                       +- Project [c_customer_sk#313L]
      :     :                          +- Filter isnotnull(c_customer_sk#313L)
      :     :                             +- FileScan orc tpcds_bin_partitioned_varchar_orc_1000.customer[c_customer_sk#313L] Batched: true, DataFilters: [isnotnull(c_customer_sk#313L)], Format: ORC, Location: InMemoryFileIndex[hdfs://vcloud-10-13:9000/user/hive/warehouse/tpcds_bin_partitioned_varchar_orc_..., PartitionFilters: [], PushedFilters: [IsNotNull(c_customer_sk)], ReadSchema: struct<c_customer_sk:bigint>
      :     +- Project [d_date_sk#48L]
      :        +- Filter ((((isnotnull(d_year#54) AND isnotnull(d_moy#56)) AND (d_year#54 = 2000)) AND (d_moy#56 = 2)) AND isnotnull(d_date_sk#48L))
      :           +- FileScan orc tpcds_bin_partitioned_varchar_orc_1000.date_dim[d_date_sk#48L,d_year#54,d_moy#56] Batched: true, DataFilters: [isnotnull(d_year#54), isnotnull(d_moy#56), (d_year#54 = 2000), (d_moy#56 = 2), isnotnull(d_date_..., Format: ORC, Location: InMemoryFileIndex[hdfs://vcloud-10-13:9000/user/hive/warehouse/tpcds_bin_partitioned_varchar_orc_..., PartitionFilters: [], PushedFilters: [IsNotNull(d_year), IsNotNull(d_moy), EqualTo(d_year,2000), EqualTo(d_moy,2), IsNotNull(d_date_sk)], ReadSchema: struct<d_date_sk:bigint,d_year:int,d_moy:int>
      +- Project [CheckOverflow((promote_precision(cast(cast(ws_quantity#93 as decimal(10,0)) as decimal(12,2))) * promote_precision(cast(ws_list_price#95 as decimal(12,2)))), DecimalType(18,2), true) AS sales#5]
         +- BroadcastHashJoin [ws_sold_date_sk#109L], [d_date_sk#110L], Inner, BuildRight, false
            :- Project [ws_quantity#93, ws_list_price#95, ws_sold_date_sk#109L]
            :  +- SortMergeJoin [ws_bill_customer_sk#79L], [c_customer_sk#528L], LeftSemi
            :     :- Project [ws_bill_customer_sk#79L, ws_quantity#93, ws_list_price#95, ws_sold_date_sk#109L]
            :     :  +- SortMergeJoin [ws_item_sk#78L], [item_sk#7L], LeftSemi
            :     :     :- FileScan orc tpcds_bin_partitioned_varchar_orc_1000.web_sales[ws_item_sk#78L,ws_bill_customer_sk#79L,ws_quantity#93,ws_list_price#95,ws_sold_date_sk#109L] Batched: true, DataFilters: [], Format: ORC, Location: InMemoryFileIndex[hdfs://vcloud-10-13:9000/user/hive/warehouse/tpcds_bin_partitioned_varchar_orc_..., PartitionFilters: [isnotnull(ws_sold_date_sk#109L), dynamicpruning#703 [ws_sold_date_sk#109L]], PushedFilters: [], ReadSchema: struct<ws_item_sk:bigint,ws_bill_customer_sk:bigint,ws_quantity:int,ws_list_price:decimal(7,2)>
            :     :     :     +- Project [d_date_sk#110L]
            :     :     :        +- Filter ((((isnotnull(d_year#116) AND isnotnull(d_moy#118)) AND (d_year#116 = 2000)) AND (d_moy#118 = 2)) AND isnotnull(d_date_sk#110L))
            :     :     :           +- Relation[d_date_sk#110L,d_date_id#111,d_date#112,d_month_seq#113,d_week_seq#114,d_quarter_seq#115,d_year#116,d_dow#117,d_moy#118,d_dom#119,d_qoy#120,d_fy_year#121,d_fy_quarter_seq#122,d_fy_week_seq#123,d_day_name#124,d_quarter_name#125,d_holiday#126,d_weekend#127,d_following_holiday#128,d_first_dom#129,d_last_dom#130,d_same_day_ly#131,d_same_day_lq#132,d_current_day#133,... 4 more fields] orc
            :     :     +- Project [item_sk#7L]
            :     :        +- Filter (count(1)#502L > 4)
            :     :           +- HashAggregate(keys=[substr(i_item_desc#483, 1, 30)#717, i_item_sk#479L, d_date#453], functions=[count(1)], output=[item_sk#7L, count(1)#502L])
            :     :              +- HashAggregate(keys=[substr(i_item_desc#483, 1, 30) AS substr(i_item_desc#483, 1, 30)#717, i_item_sk#479L, d_date#453], functions=[partial_count(1)], output=[substr(i_item_desc#483, 1, 30)#717, i_item_sk#479L, d_date#453, count#719L])
            :     :                 +- Project [d_date#453, i_item_sk#479L, i_item_desc#483]
            :     :                    +- BroadcastHashJoin [ss_item_sk#429L], [i_item_sk#479L], Inner, BuildRight, false
            :     :                       :- Project [ss_item_sk#429L, d_date#453]
            :     :                       :  +- BroadcastHashJoin [ss_sold_date_sk#450L], [d_date_sk#451L], Inner, BuildRight, false
            :     :                       :     :- Project [ss_item_sk#429L, ss_sold_date_sk#450L]
            :     :                       :     :  +- Filter isnotnull(ss_item_sk#429L)
            :     :                       :     :     +- FileScan orc tpcds_bin_partitioned_varchar_orc_1000.store_sales[ss_item_sk#429L,ss_sold_date_sk#450L] Batched: true, DataFilters: [isnotnull(ss_item_sk#429L)], Format: ORC, Location: InMemoryFileIndex[hdfs://vcloud-10-13:9000/user/hive/warehouse/tpcds_bin_partitioned_varchar_orc_..., PartitionFilters: [isnotnull(ss_sold_date_sk#450L), dynamicpruning#697 [ss_sold_date_sk#450L]], PushedFilters: [IsNotNull(ss_item_sk)], ReadSchema: struct<ss_item_sk:bigint>
            :     :                       :     :           +- Project [d_date_sk#451L, d_date#453]
            :     :                       :     :              +- Filter (d_year#457 IN (2000,2001,2002,2003) AND isnotnull(d_date_sk#451L))
            :     :                       :     :                 +- Relation[d_date_sk#451L,d_date_id#452,d_date#453,d_month_seq#454,d_week_seq#455,d_quarter_seq#456,d_year#457,d_dow#458,d_moy#459,d_dom#460,d_qoy#461,d_fy_year#462,d_fy_quarter_seq#463,d_fy_week_seq#464,d_day_name#465,d_quarter_name#466,d_holiday#467,d_weekend#468,d_following_holiday#469,d_first_dom#470,d_last_dom#471,d_same_day_ly#472,d_same_day_lq#473,d_current_day#474,... 4 more fields] orc
            :     :                       :     +- Project [d_date_sk#451L, d_date#453]
            :     :                       :        +- Filter (d_year#457 IN (2000,2001,2002,2003) AND isnotnull(d_date_sk#451L))
            :     :                       :           +- FileScan orc tpcds_bin_partitioned_varchar_orc_1000.date_dim[d_date_sk#451L,d_date#453,d_year#457] Batched: true, DataFilters: [d_year#457 IN (2000,2001,2002,2003), isnotnull(d_date_sk#451L)], Format: ORC, Location: InMemoryFileIndex[hdfs://vcloud-10-13:9000/user/hive/warehouse/tpcds_bin_partitioned_varchar_orc_..., PartitionFilters: [], PushedFilters: [In(d_year, [2000,2001,2002,2003]), IsNotNull(d_date_sk)], ReadSchema: struct<d_date_sk:bigint,d_date:date,d_year:int>
            :     :                       +- Project [i_item_sk#479L, i_item_desc#483]
            :     :                          +- Filter isnotnull(i_item_sk#479L)
            :     :                             +- FileScan orc tpcds_bin_partitioned_varchar_orc_1000.item[i_item_sk#479L,i_item_desc#483] Batched: true, DataFilters: [isnotnull(i_item_sk#479L)], Format: ORC, Location: InMemoryFileIndex[hdfs://vcloud-10-13:9000/user/hive/warehouse/tpcds_bin_partitioned_varchar_orc_..., PartitionFilters: [], PushedFilters: [IsNotNull(i_item_sk)], ReadSchema: struct<i_item_sk:bigint,i_item_desc:string>
            :     +- Project [c_customer_sk#528L]
            :        +- Filter (isnotnull(sum(CheckOverflow((promote_precision(cast(cast(ss_quantity#514 as decimal(10,0)) as decimal(12,2))) * promote_precision(cast(ss_sales_price#517 as decimal(12,2)))), DecimalType(18,2), true))#620) AND (cast(sum(CheckOverflow((promote_precision(cast(cast(ss_quantity#514 as decimal(10,0)) as decimal(12,2))) * promote_precision(cast(ss_sales_price#517 as decimal(12,2)))), DecimalType(18,2), true))#620 as decimal(38,8)) > CheckOverflow((0.500000 * promote_precision(cast(scalar-subquery#13 [] as decimal(32,6)))), DecimalType(38,8), true)))
            :           :  +- Aggregate [max(csales#10) AS tpcds_cmax#11]
            :           :     +- Aggregate [c_customer_sk#570L], [sum(CheckOverflow((promote_precision(cast(cast(ss_quantity#556 as decimal(10,0)) as decimal(12,2))) * promote_precision(cast(ss_sales_price#559 as decimal(12,2)))), DecimalType(18,2), true)) AS csales#10]
            :           :        +- Project [ss_quantity#556, ss_sales_price#559, c_customer_sk#570L]
            :           :           +- Join Inner, (ss_sold_date_sk#569L = d_date_sk#588L)
            :           :              :- Project [ss_quantity#556, ss_sales_price#559, ss_sold_date_sk#569L, c_customer_sk#570L]
            :           :              :  +- Join Inner, (ss_customer_sk#549L = c_customer_sk#570L)
            :           :              :     :- Project [ss_customer_sk#549L, ss_quantity#556, ss_sales_price#559, ss_sold_date_sk#569L]
            :           :              :     :  +- Filter ((isnotnull(ss_customer_sk#549L) AND isnotnull(ss_sold_date_sk#569L)) AND dynamicpruning#698 [ss_sold_date_sk#569L])
            :           :              :     :     :  +- Project [d_date_sk#588L]
            :           :              :     :     :     +- Filter (d_year#594 IN (2000,2001,2002,2003) AND isnotnull(d_date_sk#588L))
            :           :              :     :     :        +- Relation[d_date_sk#588L,d_date_id#589,d_date#590,d_month_seq#591,d_week_seq#592,d_quarter_seq#593,d_year#594,d_dow#595,d_moy#596,d_dom#597,d_qoy#598,d_fy_year#599,d_fy_quarter_seq#600,d_fy_week_seq#601,d_day_name#602,d_quarter_name#603,d_holiday#604,d_weekend#605,d_following_holiday#606,d_first_dom#607,d_last_dom#608,d_same_day_ly#609,d_same_day_lq#610,d_current_day#611,... 4 more fields] orc
            :           :              :     :     +- Relation[ss_sold_time_sk#547L,ss_item_sk#548L,ss_customer_sk#549L,ss_cdemo_sk#550L,ss_hdemo_sk#551L,ss_addr_sk#552L,ss_store_sk#553L,ss_promo_sk#554L,ss_ticket_number#555L,ss_quantity#556,ss_wholesale_cost#557,ss_list_price#558,ss_sales_price#559,ss_ext_discount_amt#560,ss_ext_sales_price#561,ss_ext_wholesale_cost#562,ss_ext_list_price#563,ss_ext_tax#564,ss_coupon_amt#565,ss_net_paid#566,ss_net_paid_inc_tax#567,ss_net_profit#568,ss_sold_date_sk#569L] orc
            :           :              :     +- Project [c_customer_sk#570L]
            :           :              :        +- Filter isnotnull(c_customer_sk#570L)
            :           :              :           +- Relation[c_customer_sk#570L,c_customer_id#571,c_current_cdemo_sk#572L,c_current_hdemo_sk#573L,c_current_addr_sk#574L,c_first_shipto_date_sk#575L,c_first_sales_date_sk#576L,c_salutation#577,c_first_name#578,c_last_name#579,c_preferred_cust_flag#580,c_birth_day#581,c_birth_month#582,c_birth_year#583,c_birth_country#584,c_login#585,c_email_address#586,c_last_review_date_sk#587L] orc
            :           :              +- Project [d_date_sk#588L]
            :           :                 +- Filter (d_year#594 IN (2000,2001,2002,2003) AND isnotnull(d_date_sk#588L))
            :           :                    +- Relation[d_date_sk#588L,d_date_id#589,d_date#590,d_month_seq#591,d_week_seq#592,d_quarter_seq#593,d_year#594,d_dow#595,d_moy#596,d_dom#597,d_qoy#598,d_fy_year#599,d_fy_quarter_seq#600,d_fy_week_seq#601,d_day_name#602,d_quarter_name#603,d_holiday#604,d_weekend#605,d_following_holiday#606,d_first_dom#607,d_last_dom#608,d_same_day_ly#609,d_same_day_lq#610,d_current_day#611,... 4 more fields] orc
            :           +- HashAggregate(keys=[c_customer_sk#528L], functions=[sum(CheckOverflow((promote_precision(cast(cast(ss_quantity#514 as decimal(10,0)) as decimal(12,2))) * promote_precision(cast(ss_sales_price#517 as decimal(12,2)))), DecimalType(18,2), true))], output=[c_customer_sk#528L, sum(CheckOverflow((promote_precision(cast(cast(ss_quantity#514 as decimal(10,0)) as decimal(12,2))) * promote_precision(cast(ss_sales_price#517 as decimal(12,2)))), DecimalType(18,2), true))#620])
            :              +- HashAggregate(keys=[c_customer_sk#528L], functions=[partial_sum(CheckOverflow((promote_precision(cast(cast(ss_quantity#514 as decimal(10,0)) as decimal(12,2))) * promote_precision(cast(ss_sales_price#517 as decimal(12,2)))), DecimalType(18,2), true))], output=[c_customer_sk#528L, sum#722, isEmpty#723])
            :                 +- Project [ss_quantity#514, ss_sales_price#517, c_customer_sk#528L]
            :                    +- BroadcastHashJoin [ss_customer_sk#507L], [c_customer_sk#528L], Inner, BuildRight, false
            :                       :- Project [ss_customer_sk#507L, ss_quantity#514, ss_sales_price#517]
            :                       :  +- Filter isnotnull(ss_customer_sk#507L)
            :                       :     +- FileScan orc tpcds_bin_partitioned_varchar_orc_1000.store_sales[ss_customer_sk#507L,ss_quantity#514,ss_sales_price#517,ss_sold_date_sk#527L] Batched: true, DataFilters: [isnotnull(ss_customer_sk#507L)], Format: ORC, Location: CatalogFileIndex[hdfs://vcloud-10-13:9000/user/hive/warehouse/tpcds_bin_partitioned_varchar_orc_1..., PartitionFilters: [], PushedFilters: [IsNotNull(ss_customer_sk)], ReadSchema: struct<ss_customer_sk:bigint,ss_quantity:int,ss_sales_price:decimal(7,2)>
            :                       +- Project [c_customer_sk#528L]
            :                          +- Filter isnotnull(c_customer_sk#528L)
            :                             +- FileScan orc tpcds_bin_partitioned_varchar_orc_1000.customer[c_customer_sk#528L] Batched: true, DataFilters: [isnotnull(c_customer_sk#528L)], Format: ORC, Location: InMemoryFileIndex[hdfs://vcloud-10-13:9000/user/hive/warehouse/tpcds_bin_partitioned_varchar_orc_..., PartitionFilters: [], PushedFilters: [IsNotNull(c_customer_sk)], ReadSchema: struct<c_customer_sk:bigint>
            +- Project [d_date_sk#110L]
               +- Filter ((((isnotnull(d_year#116) AND isnotnull(d_moy#118)) AND (d_year#116 = 2000)) AND (d_moy#118 = 2)) AND isnotnull(d_date_sk#110L))
                  +- FileScan orc tpcds_bin_partitioned_varchar_orc_1000.date_dim[d_date_sk#110L,d_year#116,d_moy#118] Batched: true, DataFilters: [isnotnull(d_year#116), isnotnull(d_moy#118), (d_year#116 = 2000), (d_moy#118 = 2), isnotnull(d_d..., Format: ORC, Location: InMemoryFileIndex[hdfs://vcloud-10-13:9000/user/hive/warehouse/tpcds_bin_partitioned_varchar_orc_..., PartitionFilters: [], PushedFilters: [IsNotNull(d_year), IsNotNull(d_moy), EqualTo(d_year,2000), EqualTo(d_moy,2), IsNotNull(d_date_sk)], ReadSchema: struct<d_date_sk:bigint,d_year:int,d_moy:int>
.
Time taken: 284.396 seconds, Fetched 1 row(s)
