24/04/26 17:03:46 WARN Utils: Your hostname, vcloud-10-13 resolves to a loopback address: 127.0.0.1; using 21.21.36.153 instead (on interface eno1)
24/04/26 17:03:46 WARN Utils: Set SPARK_LOCAL_IP if you need to bind to another address
24/04/26 17:03:46 WARN NativeCodeLoader: Unable to load native-hadoop library for your platform... using builtin-java classes where applicable
Setting default log level to "WARN".
To adjust logging level use sc.setLogLevel(newLevel). For SparkR, use setLogLevel(newLevel).
24/04/26 17:03:48 WARN Client: Neither spark.yarn.jars nor spark.yarn.archive is set, falling back to uploading libraries under SPARK_HOME.
Spark master: yarn, Application Id: application_1714105099579_0206
24/04/26 17:04:05 WARN SessionState: METASTORE_FILTER_HOOK will be ignored, since hive.security.authorization.manager is set to instance of HiveAuthorizerFactory.
24/04/26 17:04:10 WARN package: Truncated the string representation of a plan since it was too large. This behavior can be adjusted by setting 'spark.sql.debug.maxToStringFields'.
24/04/26 17:04:10 WARN InsertAdaptiveSparkPlan: spark.sql.adaptive.enabled is enabled but is not supported for query: Project [i_item_desc#29, i_category#37, i_class#35, i_current_price#30, itemrevenue#0, revenueratio#1]
+- Sort [i_category#37 ASC NULLS FIRST, i_class#35 ASC NULLS FIRST, i_item_id#26 ASC NULLS FIRST, i_item_desc#29 ASC NULLS FIRST, revenueratio#1 ASC NULLS FIRST], true, 0
   +- Project [i_item_desc#29, i_category#37, i_class#35, i_current_price#30, itemrevenue#0, CheckOverflow((promote_precision(cast(CheckOverflow((promote_precision(_w0#79) * 100.00), DecimalType(21,2), true) as decimal(27,2))) / promote_precision(_we0#81)), DecimalType(38,17), true) AS revenueratio#1, i_item_id#26]
      +- Window [sum(_w1#80) windowspecdefinition(i_class#35, specifiedwindowframe(RowFrame, unboundedpreceding$(), unboundedfollowing$())) AS _we0#81], [i_class#35]
         +- HashAggregate(keys=[i_item_id#26, i_item_desc#29, i_category#37, i_class#35, i_current_price#30], functions=[sum(UnscaledValue(ss_ext_sales_price#16))], output=[i_item_desc#29, i_category#37, i_class#35, i_current_price#30, itemrevenue#0, _w0#79, _w1#80, i_item_id#26])
            +- HashAggregate(keys=[i_item_id#26, i_item_desc#29, i_category#37, i_class#35, i_current_price#30], functions=[partial_sum(UnscaledValue(ss_ext_sales_price#16))], output=[i_item_id#26, i_item_desc#29, i_category#37, i_class#35, i_current_price#30, sum#163L])
               +- Project [ss_ext_sales_price#16, i_item_id#26, i_item_desc#29, i_current_price#30, i_class#35, i_category#37]
                  +- BroadcastHashJoin [ss_sold_date_sk#24L], [d_date_sk#47L], Inner, BuildRight, false
                     :- Project [ss_ext_sales_price#16, ss_sold_date_sk#24L, i_item_id#26, i_item_desc#29, i_current_price#30, i_class#35, i_category#37]
                     :  +- BroadcastHashJoin [ss_item_sk#3L], [i_item_sk#25L], Inner, BuildRight, false
                     :     :- Project [ss_item_sk#3L, ss_ext_sales_price#16, ss_sold_date_sk#24L]
                     :     :  +- Filter isnotnull(ss_item_sk#3L)
                     :     :     +- FileScan orc tpcds_bin_partitioned_varchar_orc_1000.store_sales[ss_item_sk#3L,ss_ext_sales_price#16,ss_sold_date_sk#24L] Batched: true, DataFilters: [isnotnull(ss_item_sk#3L)], Format: ORC, Location: InMemoryFileIndex[hdfs://vcloud-10-13:9000/user/hive/warehouse/tpcds_bin_partitioned_varchar_orc_..., PartitionFilters: [isnotnull(ss_sold_date_sk#24L), dynamicpruning#161 [ss_sold_date_sk#24L]], PushedFilters: [IsNotNull(ss_item_sk)], ReadSchema: struct<ss_item_sk:bigint,ss_ext_sales_price:decimal(7,2)>
                     :     :           +- Project [d_date_sk#47L]
                     :     :              +- Filter (((isnotnull(d_date#49) AND (d_date#49 >= 10644)) AND (d_date#49 <= 10674)) AND isnotnull(d_date_sk#47L))
                     :     :                 +- Relation[d_date_sk#47L,d_date_id#48,d_date#49,d_month_seq#50,d_week_seq#51,d_quarter_seq#52,d_year#53,d_dow#54,d_moy#55,d_dom#56,d_qoy#57,d_fy_year#58,d_fy_quarter_seq#59,d_fy_week_seq#60,d_day_name#61,d_quarter_name#62,d_holiday#63,d_weekend#64,d_following_holiday#65,d_first_dom#66,d_last_dom#67,d_same_day_ly#68,d_same_day_lq#69,d_current_day#70,... 4 more fields] orc
                     :     +- Project [i_item_sk#25L, i_item_id#26, i_item_desc#29, i_current_price#30, i_class#35, i_category#37]
                     :        +- Filter (i_category#37 IN (Sports,Books,Home) AND isnotnull(i_item_sk#25L))
                     :           +- FileScan orc tpcds_bin_partitioned_varchar_orc_1000.item[i_item_sk#25L,i_item_id#26,i_item_desc#29,i_current_price#30,i_class#35,i_category#37] Batched: true, DataFilters: [i_category#37 IN (Sports,Books,Home), isnotnull(i_item_sk#25L)], Format: ORC, Location: InMemoryFileIndex[hdfs://vcloud-10-13:9000/user/hive/warehouse/tpcds_bin_partitioned_varchar_orc_..., PartitionFilters: [], PushedFilters: [In(i_category, [Sports,Books,Home]), IsNotNull(i_item_sk)], ReadSchema: struct<i_item_sk:bigint,i_item_id:string,i_item_desc:string,i_current_price:decimal(7,2),i_class:...
                     +- Project [d_date_sk#47L]
                        +- Filter (((isnotnull(d_date#49) AND (d_date#49 >= 10644)) AND (d_date#49 <= 10674)) AND isnotnull(d_date_sk#47L))
                           +- FileScan orc tpcds_bin_partitioned_varchar_orc_1000.date_dim[d_date_sk#47L,d_date#49] Batched: true, DataFilters: [isnotnull(d_date#49), (d_date#49 >= 10644), (d_date#49 <= 10674), isnotnull(d_date_sk#47L)], Format: ORC, Location: InMemoryFileIndex[hdfs://vcloud-10-13:9000/user/hive/warehouse/tpcds_bin_partitioned_varchar_orc_..., PartitionFilters: [], PushedFilters: [IsNotNull(d_date), GreaterThanOrEqual(d_date,1999-02-22), LessThanOrEqual(d_date,1999-03-24), Is..., ReadSchema: struct<d_date_sk:bigint,d_date:date>
.
Time taken: 14.972 seconds, Fetched 45075 row(s)
