24/04/26 16:27:48 WARN Utils: Your hostname, vcloud-10-13 resolves to a loopback address: 127.0.0.1; using 21.21.36.153 instead (on interface eno1)
24/04/26 16:27:48 WARN Utils: Set SPARK_LOCAL_IP if you need to bind to another address
24/04/26 16:27:49 WARN NativeCodeLoader: Unable to load native-hadoop library for your platform... using builtin-java classes where applicable
Setting default log level to "WARN".
To adjust logging level use sc.setLogLevel(newLevel). For SparkR, use setLogLevel(newLevel).
24/04/26 16:27:51 WARN Client: Neither spark.yarn.jars nor spark.yarn.archive is set, falling back to uploading libraries under SPARK_HOME.
Spark master: yarn, Application Id: application_1714105099579_0180
24/04/26 16:28:08 WARN SessionState: METASTORE_FILTER_HOOK will be ignored, since hive.security.authorization.manager is set to instance of HiveAuthorizerFactory.
24/04/26 16:28:13 WARN package: Truncated the string representation of a plan since it was too large. This behavior can be adjusted by setting 'spark.sql.debug.maxToStringFields'.
24/04/26 16:28:13 WARN InsertAdaptiveSparkPlan: spark.sql.adaptive.enabled is enabled but is not supported for query: TakeOrderedAndProject(limit=100, orderBy=[total_cnt#2L DESC NULLS LAST,i_item_desc#60 ASC NULLS FIRST,w_warehouse_name#44 ASC NULLS FIRST,d_week_seq#96 ASC NULLS FIRST], output=[i_item_desc#60,w_warehouse_name#44,d_week_seq#96,no_promo#0L,promo#1L,total_cnt#2L])
+- HashAggregate(keys=[i_item_desc#60, w_warehouse_name#44, d_week_seq#96], functions=[count(1)], output=[i_item_desc#60, w_warehouse_name#44, d_week_seq#96, no_promo#0L, promo#1L, total_cnt#2L])
   +- HashAggregate(keys=[i_item_desc#60, w_warehouse_name#44, d_week_seq#96], functions=[partial_count(1)], output=[i_item_desc#60, w_warehouse_name#44, d_week_seq#96, count#398L])
      +- Project [w_warehouse_name#44, i_item_desc#60, d_week_seq#96]
         +- SortMergeJoin [cs_item_sk#18L, cs_order_number#20L], [cr_item_sk#196L, cr_order_number#210L], LeftOuter
            :- Project [cs_item_sk#18L, cs_order_number#20L, w_warehouse_name#44, i_item_desc#60, d_week_seq#96]
            :  +- BroadcastHashJoin [cs_promo_sk#19L], [p_promo_sk#176L], LeftOuter, BuildRight, false
            :     :- Project [cs_item_sk#18L, cs_promo_sk#19L, cs_order_number#20L, w_warehouse_name#44, i_item_desc#60, d_week_seq#96]
            :     :  +- BroadcastHashJoin [cs_ship_date_sk#5L], [d_date_sk#148L], Inner, BuildRight, (d_date#150 > d_date#94 + 5 days), false
            :     :     :- Project [cs_ship_date_sk#5L, cs_item_sk#18L, cs_promo_sk#19L, cs_order_number#20L, w_warehouse_name#44, i_item_desc#60, d_date#94, d_week_seq#96]
            :     :     :  +- BroadcastHashJoin [d_week_seq#96, inv_date_sk#38L], [d_week_seq#124, d_date_sk#120L], Inner, BuildRight, false
            :     :     :     :- Project [cs_ship_date_sk#5L, cs_item_sk#18L, cs_promo_sk#19L, cs_order_number#20L, inv_date_sk#38L, w_warehouse_name#44, i_item_desc#60, d_date#94, d_week_seq#96]
            :     :     :     :  +- BroadcastHashJoin [cs_sold_date_sk#37L], [d_date_sk#92L], Inner, BuildRight, false
            :     :     :     :     :- Project [cs_ship_date_sk#5L, cs_item_sk#18L, cs_promo_sk#19L, cs_order_number#20L, cs_sold_date_sk#37L, inv_date_sk#38L, w_warehouse_name#44, i_item_desc#60]
            :     :     :     :     :  +- BroadcastHashJoin [cs_bill_hdemo_sk#8L], [hd_demo_sk#87L], Inner, BuildRight, false
            :     :     :     :     :     :- Project [cs_ship_date_sk#5L, cs_bill_hdemo_sk#8L, cs_item_sk#18L, cs_promo_sk#19L, cs_order_number#20L, cs_sold_date_sk#37L, inv_date_sk#38L, w_warehouse_name#44, i_item_desc#60]
            :     :     :     :     :     :  +- BroadcastHashJoin [cs_bill_cdemo_sk#7L], [cd_demo_sk#78L], Inner, BuildRight, false
            :     :     :     :     :     :     :- Project [cs_ship_date_sk#5L, cs_bill_cdemo_sk#7L, cs_bill_hdemo_sk#8L, cs_item_sk#18L, cs_promo_sk#19L, cs_order_number#20L, cs_sold_date_sk#37L, inv_date_sk#38L, w_warehouse_name#44, i_item_desc#60]
            :     :     :     :     :     :     :  +- BroadcastHashJoin [cs_item_sk#18L], [i_item_sk#56L], Inner, BuildRight, false
            :     :     :     :     :     :     :     :- Project [cs_ship_date_sk#5L, cs_bill_cdemo_sk#7L, cs_bill_hdemo_sk#8L, cs_item_sk#18L, cs_promo_sk#19L, cs_order_number#20L, cs_sold_date_sk#37L, inv_date_sk#38L, w_warehouse_name#44]
            :     :     :     :     :     :     :     :  +- BroadcastHashJoin [inv_warehouse_sk#40L], [w_warehouse_sk#42L], Inner, BuildRight, false
            :     :     :     :     :     :     :     :     :- Project [cs_ship_date_sk#5L, cs_bill_cdemo_sk#7L, cs_bill_hdemo_sk#8L, cs_item_sk#18L, cs_promo_sk#19L, cs_order_number#20L, cs_sold_date_sk#37L, inv_date_sk#38L, inv_warehouse_sk#40L]
            :     :     :     :     :     :     :     :     :  +- SortMergeJoin [cs_item_sk#18L], [inv_item_sk#39L], Inner, (inv_quantity_on_hand#41 < cs_quantity#21)
            :     :     :     :     :     :     :     :     :     :- Project [cs_ship_date_sk#5L, cs_bill_cdemo_sk#7L, cs_bill_hdemo_sk#8L, cs_item_sk#18L, cs_promo_sk#19L, cs_order_number#20L, cs_quantity#21, cs_sold_date_sk#37L]
            :     :     :     :     :     :     :     :     :     :  +- Filter ((((isnotnull(cs_quantity#21) AND isnotnull(cs_item_sk#18L)) AND isnotnull(cs_bill_cdemo_sk#7L)) AND isnotnull(cs_bill_hdemo_sk#8L)) AND isnotnull(cs_ship_date_sk#5L))
            :     :     :     :     :     :     :     :     :     :     +- FileScan orc tpcds_bin_partitioned_varchar_orc_1000.catalog_sales[cs_ship_date_sk#5L,cs_bill_cdemo_sk#7L,cs_bill_hdemo_sk#8L,cs_item_sk#18L,cs_promo_sk#19L,cs_order_number#20L,cs_quantity#21,cs_sold_date_sk#37L] Batched: true, DataFilters: [isnotnull(cs_quantity#21), isnotnull(cs_item_sk#18L), isnotnull(cs_bill_cdemo_sk#7L), isnotnull(..., Format: ORC, Location: InMemoryFileIndex[hdfs://vcloud-10-13:9000/user/hive/warehouse/tpcds_bin_partitioned_varchar_orc_..., PartitionFilters: [isnotnull(cs_sold_date_sk#37L), dynamicpruning#396 [cs_sold_date_sk#37L]], PushedFilters: [IsNotNull(cs_quantity), IsNotNull(cs_item_sk), IsNotNull(cs_bill_cdemo_sk), IsNotNull(cs_bill_hd..., ReadSchema: struct<cs_ship_date_sk:bigint,cs_bill_cdemo_sk:bigint,cs_bill_hdemo_sk:bigint,cs_item_sk:bigint,c...
            :     :     :     :     :     :     :     :     :     :           +- Project [d_date_sk#92L, d_date#94, d_week_seq#96]
            :     :     :     :     :     :     :     :     :     :              +- Filter ((((isnotnull(d_year#98) AND (d_year#98 = 1999)) AND isnotnull(d_date_sk#92L)) AND isnotnull(d_week_seq#96)) AND isnotnull(d_date#94))
            :     :     :     :     :     :     :     :     :     :                 +- Relation[d_date_sk#92L,d_date_id#93,d_date#94,d_month_seq#95,d_week_seq#96,d_quarter_seq#97,d_year#98,d_dow#99,d_moy#100,d_dom#101,d_qoy#102,d_fy_year#103,d_fy_quarter_seq#104,d_fy_week_seq#105,d_day_name#106,d_quarter_name#107,d_holiday#108,d_weekend#109,d_following_holiday#110,d_first_dom#111,d_last_dom#112,d_same_day_ly#113,d_same_day_lq#114,d_current_day#115,... 4 more fields] orc
            :     :     :     :     :     :     :     :     :     +- Project [inv_date_sk#38L, inv_item_sk#39L, inv_warehouse_sk#40L, inv_quantity_on_hand#41]
            :     :     :     :     :     :     :     :     :        +- Filter (((isnotnull(inv_quantity_on_hand#41) AND isnotnull(inv_item_sk#39L)) AND isnotnull(inv_warehouse_sk#40L)) AND isnotnull(inv_date_sk#38L))
            :     :     :     :     :     :     :     :     :           +- FileScan orc tpcds_bin_partitioned_varchar_orc_1000.inventory[inv_date_sk#38L,inv_item_sk#39L,inv_warehouse_sk#40L,inv_quantity_on_hand#41] Batched: true, DataFilters: [isnotnull(inv_quantity_on_hand#41), isnotnull(inv_item_sk#39L), isnotnull(inv_warehouse_sk#40L),..., Format: ORC, Location: InMemoryFileIndex[hdfs://vcloud-10-13:9000/user/hive/warehouse/tpcds_bin_partitioned_varchar_orc_..., PartitionFilters: [], PushedFilters: [IsNotNull(inv_quantity_on_hand), IsNotNull(inv_item_sk), IsNotNull(inv_warehouse_sk), IsNotNull(..., ReadSchema: struct<inv_date_sk:bigint,inv_item_sk:bigint,inv_warehouse_sk:bigint,inv_quantity_on_hand:int>
            :     :     :     :     :     :     :     :     +- Project [w_warehouse_sk#42L, w_warehouse_name#44]
            :     :     :     :     :     :     :     :        +- Filter isnotnull(w_warehouse_sk#42L)
            :     :     :     :     :     :     :     :           +- FileScan orc tpcds_bin_partitioned_varchar_orc_1000.warehouse[w_warehouse_sk#42L,w_warehouse_name#44] Batched: true, DataFilters: [isnotnull(w_warehouse_sk#42L)], Format: ORC, Location: InMemoryFileIndex[hdfs://vcloud-10-13:9000/user/hive/warehouse/tpcds_bin_partitioned_varchar_orc_..., PartitionFilters: [], PushedFilters: [IsNotNull(w_warehouse_sk)], ReadSchema: struct<w_warehouse_sk:bigint,w_warehouse_name:string>
            :     :     :     :     :     :     :     +- Project [i_item_sk#56L, i_item_desc#60]
            :     :     :     :     :     :     :        +- Filter isnotnull(i_item_sk#56L)
            :     :     :     :     :     :     :           +- FileScan orc tpcds_bin_partitioned_varchar_orc_1000.item[i_item_sk#56L,i_item_desc#60] Batched: true, DataFilters: [isnotnull(i_item_sk#56L)], Format: ORC, Location: InMemoryFileIndex[hdfs://vcloud-10-13:9000/user/hive/warehouse/tpcds_bin_partitioned_varchar_orc_..., PartitionFilters: [], PushedFilters: [IsNotNull(i_item_sk)], ReadSchema: struct<i_item_sk:bigint,i_item_desc:string>
            :     :     :     :     :     :     +- Project [cd_demo_sk#78L]
            :     :     :     :     :     :        +- Filter ((isnotnull(cd_marital_status#80) AND (cd_marital_status#80 = D)) AND isnotnull(cd_demo_sk#78L))
            :     :     :     :     :     :           +- FileScan orc tpcds_bin_partitioned_varchar_orc_1000.customer_demographics[cd_demo_sk#78L,cd_marital_status#80] Batched: true, DataFilters: [isnotnull(cd_marital_status#80), (cd_marital_status#80 = D), isnotnull(cd_demo_sk#78L)], Format: ORC, Location: InMemoryFileIndex[hdfs://vcloud-10-13:9000/user/hive/warehouse/tpcds_bin_partitioned_varchar_orc_..., PartitionFilters: [], PushedFilters: [IsNotNull(cd_marital_status), EqualTo(cd_marital_status,D), IsNotNull(cd_demo_sk)], ReadSchema: struct<cd_demo_sk:bigint,cd_marital_status:string>
            :     :     :     :     :     +- Project [hd_demo_sk#87L]
            :     :     :     :     :        +- Filter ((isnotnull(hd_buy_potential#89) AND (hd_buy_potential#89 = >10000)) AND isnotnull(hd_demo_sk#87L))
            :     :     :     :     :           +- FileScan orc tpcds_bin_partitioned_varchar_orc_1000.household_demographics[hd_demo_sk#87L,hd_buy_potential#89] Batched: true, DataFilters: [isnotnull(hd_buy_potential#89), (hd_buy_potential#89 = >10000), isnotnull(hd_demo_sk#87L)], Format: ORC, Location: InMemoryFileIndex[hdfs://vcloud-10-13:9000/user/hive/warehouse/tpcds_bin_partitioned_varchar_orc_..., PartitionFilters: [], PushedFilters: [IsNotNull(hd_buy_potential), EqualTo(hd_buy_potential,>10000), IsNotNull(hd_demo_sk)], ReadSchema: struct<hd_demo_sk:bigint,hd_buy_potential:string>
            :     :     :     :     +- Project [d_date_sk#92L, d_date#94, d_week_seq#96]
            :     :     :     :        +- Filter ((((isnotnull(d_year#98) AND (d_year#98 = 1999)) AND isnotnull(d_date_sk#92L)) AND isnotnull(d_week_seq#96)) AND isnotnull(d_date#94))
            :     :     :     :           +- FileScan orc tpcds_bin_partitioned_varchar_orc_1000.date_dim[d_date_sk#92L,d_date#94,d_week_seq#96,d_year#98] Batched: true, DataFilters: [isnotnull(d_year#98), (d_year#98 = 1999), isnotnull(d_date_sk#92L), isnotnull(d_week_seq#96), is..., Format: ORC, Location: InMemoryFileIndex[hdfs://vcloud-10-13:9000/user/hive/warehouse/tpcds_bin_partitioned_varchar_orc_..., PartitionFilters: [], PushedFilters: [IsNotNull(d_year), EqualTo(d_year,1999), IsNotNull(d_date_sk), IsNotNull(d_week_seq), IsNotNull(..., ReadSchema: struct<d_date_sk:bigint,d_date:date,d_week_seq:int,d_year:int>
            :     :     :     +- Project [d_date_sk#120L, d_week_seq#124]
            :     :     :        +- Filter (isnotnull(d_week_seq#124) AND isnotnull(d_date_sk#120L))
            :     :     :           +- FileScan orc tpcds_bin_partitioned_varchar_orc_1000.date_dim[d_date_sk#120L,d_week_seq#124] Batched: true, DataFilters: [isnotnull(d_week_seq#124), isnotnull(d_date_sk#120L)], Format: ORC, Location: InMemoryFileIndex[hdfs://vcloud-10-13:9000/user/hive/warehouse/tpcds_bin_partitioned_varchar_orc_..., PartitionFilters: [], PushedFilters: [IsNotNull(d_week_seq), IsNotNull(d_date_sk)], ReadSchema: struct<d_date_sk:bigint,d_week_seq:int>
            :     :     +- Project [d_date_sk#148L, d_date#150]
            :     :        +- Filter (isnotnull(d_date#150) AND isnotnull(d_date_sk#148L))
            :     :           +- FileScan orc tpcds_bin_partitioned_varchar_orc_1000.date_dim[d_date_sk#148L,d_date#150] Batched: true, DataFilters: [isnotnull(d_date#150), isnotnull(d_date_sk#148L)], Format: ORC, Location: InMemoryFileIndex[hdfs://vcloud-10-13:9000/user/hive/warehouse/tpcds_bin_partitioned_varchar_orc_..., PartitionFilters: [], PushedFilters: [IsNotNull(d_date), IsNotNull(d_date_sk)], ReadSchema: struct<d_date_sk:bigint,d_date:date>
            :     +- Project [p_promo_sk#176L]
            :        +- Filter isnotnull(p_promo_sk#176L)
            :           +- FileScan orc tpcds_bin_partitioned_varchar_orc_1000.promotion[p_promo_sk#176L] Batched: true, DataFilters: [isnotnull(p_promo_sk#176L)], Format: ORC, Location: InMemoryFileIndex[hdfs://vcloud-10-13:9000/user/hive/warehouse/tpcds_bin_partitioned_varchar_orc_..., PartitionFilters: [], PushedFilters: [IsNotNull(p_promo_sk)], ReadSchema: struct<p_promo_sk:bigint>
            +- Project [cr_item_sk#196L, cr_order_number#210L]
               +- Filter (isnotnull(cr_item_sk#196L) AND isnotnull(cr_order_number#210L))
                  +- FileScan orc tpcds_bin_partitioned_varchar_orc_1000.catalog_returns[cr_item_sk#196L,cr_order_number#210L,cr_returned_date_sk#221L] Batched: true, DataFilters: [isnotnull(cr_item_sk#196L), isnotnull(cr_order_number#210L)], Format: ORC, Location: CatalogFileIndex[hdfs://vcloud-10-13:9000/user/hive/warehouse/tpcds_bin_partitioned_varchar_orc_1..., PartitionFilters: [], PushedFilters: [IsNotNull(cr_item_sk), IsNotNull(cr_order_number)], ReadSchema: struct<cr_item_sk:bigint,cr_order_number:bigint>
.
Time taken: 256.309 seconds, Fetched 100 row(s)
