24/04/26 15:51:10 WARN Utils: Your hostname, vcloud-10-13 resolves to a loopback address: 127.0.0.1; using 21.21.36.153 instead (on interface eno1)
24/04/26 15:51:10 WARN Utils: Set SPARK_LOCAL_IP if you need to bind to another address
24/04/26 15:51:11 WARN NativeCodeLoader: Unable to load native-hadoop library for your platform... using builtin-java classes where applicable
Setting default log level to "WARN".
To adjust logging level use sc.setLogLevel(newLevel). For SparkR, use setLogLevel(newLevel).
24/04/26 15:51:13 WARN Client: Neither spark.yarn.jars nor spark.yarn.archive is set, falling back to uploading libraries under SPARK_HOME.
Spark master: yarn, Application Id: application_1714105099579_0151
24/04/26 15:51:30 WARN SessionState: METASTORE_FILTER_HOOK will be ignored, since hive.security.authorization.manager is set to instance of HiveAuthorizerFactory.
24/04/26 15:51:35 WARN package: Truncated the string representation of a plan since it was too large. This behavior can be adjusted by setting 'spark.sql.debug.maxToStringFields'.
24/04/26 15:51:35 WARN InsertAdaptiveSparkPlan: spark.sql.adaptive.enabled is enabled but is not supported for query: TakeOrderedAndProject(limit=100, orderBy=[s_store_name#63 ASC NULLS FIRST,s_store_id#59 ASC NULLS FIRST,sun_sales#0 ASC NULLS FIRST,mon_sales#1 ASC NULLS FIRST,tue_sales#2 ASC NULLS FIRST,wed_sales#3 ASC NULLS FIRST,thu_sales#4 ASC NULLS FIRST,fri_sales#5 ASC NULLS FIRST,sat_sales#6 ASC NULLS FIRST], output=[s_store_name#63,s_store_id#59,sun_sales#0,mon_sales#1,tue_sales#2,wed_sales#3,thu_sales#4,fri_sales#5,sat_sales#6])
+- HashAggregate(keys=[s_store_name#63, s_store_id#59], functions=[sum(UnscaledValue(CASE WHEN (d_day_name#21 = Sunday) THEN ss_sales_price#47 ELSE null END)), sum(UnscaledValue(CASE WHEN (d_day_name#21 = Monday) THEN ss_sales_price#47 ELSE null END)), sum(UnscaledValue(CASE WHEN (d_day_name#21 = Tuesday) THEN ss_sales_price#47 ELSE null END)), sum(UnscaledValue(CASE WHEN (d_day_name#21 = Wednesday) THEN ss_sales_price#47 ELSE null END)), sum(UnscaledValue(CASE WHEN (d_day_name#21 = Thursday) THEN ss_sales_price#47 ELSE null END)), sum(UnscaledValue(CASE WHEN (d_day_name#21 = Friday) THEN ss_sales_price#47 ELSE null END)), sum(UnscaledValue(CASE WHEN (d_day_name#21 = Saturday) THEN ss_sales_price#47 ELSE null END))], output=[s_store_name#63, s_store_id#59, sun_sales#0, mon_sales#1, tue_sales#2, wed_sales#3, thu_sales#4, fri_sales#5, sat_sales#6])
   +- HashAggregate(keys=[s_store_name#63, s_store_id#59], functions=[partial_sum(UnscaledValue(CASE WHEN (d_day_name#21 = Sunday) THEN ss_sales_price#47 ELSE null END)), partial_sum(UnscaledValue(CASE WHEN (d_day_name#21 = Monday) THEN ss_sales_price#47 ELSE null END)), partial_sum(UnscaledValue(CASE WHEN (d_day_name#21 = Tuesday) THEN ss_sales_price#47 ELSE null END)), partial_sum(UnscaledValue(CASE WHEN (d_day_name#21 = Wednesday) THEN ss_sales_price#47 ELSE null END)), partial_sum(UnscaledValue(CASE WHEN (d_day_name#21 = Thursday) THEN ss_sales_price#47 ELSE null END)), partial_sum(UnscaledValue(CASE WHEN (d_day_name#21 = Friday) THEN ss_sales_price#47 ELSE null END)), partial_sum(UnscaledValue(CASE WHEN (d_day_name#21 = Saturday) THEN ss_sales_price#47 ELSE null END))], output=[s_store_name#63, s_store_id#59, sum#200L, sum#201L, sum#202L, sum#203L, sum#204L, sum#205L, sum#206L])
      +- Project [d_day_name#21, ss_sales_price#47, s_store_id#59, s_store_name#63]
         +- BroadcastHashJoin [ss_store_sk#41L], [s_store_sk#58L], Inner, BuildRight, false
            :- Project [d_day_name#21, ss_store_sk#41L, ss_sales_price#47]
            :  +- BroadcastHashJoin [d_date_sk#7L], [ss_sold_date_sk#57L], Inner, BuildLeft, false
            :     :- Project [d_date_sk#7L, d_day_name#21]
            :     :  +- Filter ((isnotnull(d_year#13) AND (d_year#13 = 2000)) AND isnotnull(d_date_sk#7L))
            :     :     +- FileScan orc tpcds_bin_partitioned_varchar_orc_1000.date_dim[d_date_sk#7L,d_year#13,d_day_name#21] Batched: true, DataFilters: [isnotnull(d_year#13), (d_year#13 = 2000), isnotnull(d_date_sk#7L)], Format: ORC, Location: InMemoryFileIndex[hdfs://vcloud-10-13:9000/user/hive/warehouse/tpcds_bin_partitioned_varchar_orc_..., PartitionFilters: [], PushedFilters: [IsNotNull(d_year), EqualTo(d_year,2000), IsNotNull(d_date_sk)], ReadSchema: struct<d_date_sk:bigint,d_year:int,d_day_name:string>
            :     +- Project [ss_store_sk#41L, ss_sales_price#47, ss_sold_date_sk#57L]
            :        +- Filter isnotnull(ss_store_sk#41L)
            :           +- FileScan orc tpcds_bin_partitioned_varchar_orc_1000.store_sales[ss_store_sk#41L,ss_sales_price#47,ss_sold_date_sk#57L] Batched: true, DataFilters: [isnotnull(ss_store_sk#41L)], Format: ORC, Location: InMemoryFileIndex[hdfs://vcloud-10-13:9000/user/hive/warehouse/tpcds_bin_partitioned_varchar_orc_..., PartitionFilters: [isnotnull(ss_sold_date_sk#57L), dynamicpruning#192 [ss_sold_date_sk#57L]], PushedFilters: [IsNotNull(ss_store_sk)], ReadSchema: struct<ss_store_sk:bigint,ss_sales_price:decimal(7,2)>
            :                 +- Project [d_date_sk#7L, d_day_name#21]
            :                    +- Filter ((isnotnull(d_year#13) AND (d_year#13 = 2000)) AND isnotnull(d_date_sk#7L))
            :                       +- Relation[d_date_sk#7L,d_date_id#8,d_date#9,d_month_seq#10,d_week_seq#11,d_quarter_seq#12,d_year#13,d_dow#14,d_moy#15,d_dom#16,d_qoy#17,d_fy_year#18,d_fy_quarter_seq#19,d_fy_week_seq#20,d_day_name#21,d_quarter_name#22,d_holiday#23,d_weekend#24,d_following_holiday#25,d_first_dom#26,d_last_dom#27,d_same_day_ly#28,d_same_day_lq#29,d_current_day#30,... 4 more fields] orc
            +- Project [s_store_sk#58L, s_store_id#59, s_store_name#63]
               +- Filter ((isnotnull(s_gmt_offset#85) AND (s_gmt_offset#85 = -5.00)) AND isnotnull(s_store_sk#58L))
                  +- FileScan orc tpcds_bin_partitioned_varchar_orc_1000.store[s_store_sk#58L,s_store_id#59,s_store_name#63,s_gmt_offset#85] Batched: true, DataFilters: [isnotnull(s_gmt_offset#85), (s_gmt_offset#85 = -5.00), isnotnull(s_store_sk#58L)], Format: ORC, Location: InMemoryFileIndex[hdfs://vcloud-10-13:9000/user/hive/warehouse/tpcds_bin_partitioned_varchar_orc_..., PartitionFilters: [], PushedFilters: [IsNotNull(s_gmt_offset), EqualTo(s_gmt_offset,-5.00), IsNotNull(s_store_sk)], ReadSchema: struct<s_store_sk:bigint,s_store_id:string,s_store_name:string,s_gmt_offset:decimal(5,2)>
.
Time taken: 17.918 seconds, Fetched 100 row(s)
