24/04/26 16:43:16 WARN Utils: Your hostname, vcloud-10-13 resolves to a loopback address: 127.0.0.1; using 21.21.36.153 instead (on interface eno1)
24/04/26 16:43:16 WARN Utils: Set SPARK_LOCAL_IP if you need to bind to another address
24/04/26 16:43:16 WARN NativeCodeLoader: Unable to load native-hadoop library for your platform... using builtin-java classes where applicable
Setting default log level to "WARN".
To adjust logging level use sc.setLogLevel(newLevel). For SparkR, use setLogLevel(newLevel).
24/04/26 16:43:18 WARN Client: Neither spark.yarn.jars nor spark.yarn.archive is set, falling back to uploading libraries under SPARK_HOME.
Spark master: yarn, Application Id: application_1714105099579_0189
24/04/26 16:43:36 WARN SessionState: METASTORE_FILTER_HOOK will be ignored, since hive.security.authorization.manager is set to instance of HiveAuthorizerFactory.
24/04/26 16:43:41 WARN package: Truncated the string representation of a plan since it was too large. This behavior can be adjusted by setting 'spark.sql.debug.maxToStringFields'.
24/04/26 16:43:41 WARN InsertAdaptiveSparkPlan: spark.sql.adaptive.enabled is enabled but is not supported for query: TakeOrderedAndProject(limit=100, orderBy=[c_customer_id#86 ASC NULLS FIRST,c_salutation#92 ASC NULLS FIRST,c_first_name#93 ASC NULLS FIRST,c_last_name#94 ASC NULLS FIRST,ca_street_number#74 ASC NULLS FIRST,ca_street_name#75 ASC NULLS FIRST,ca_street_type#76 ASC NULLS FIRST,ca_suite_number#77 ASC NULLS FIRST,ca_city#78 ASC NULLS FIRST,ca_county#79 ASC NULLS FIRST,ca_state#80 ASC NULLS FIRST,ca_zip#81 ASC NULLS FIRST,ca_country#82 ASC NULLS FIRST,ca_gmt_offset#83 ASC NULLS FIRST,ca_location_type#84 ASC NULLS FIRST,ctr_total_return#3 ASC NULLS FIRST], output=[c_customer_id#86,c_salutation#92,c_first_name#93,c_last_name#94,ca_street_number#74,ca_street_name#75,ca_street_type#76,ca_suite_number#77,ca_city#78,ca_county#79,ca_state#80,ca_zip#81,ca_country#82,ca_gmt_offset#83,ca_location_type#84,ctr_total_return#3])
+- Project [c_customer_id#86, c_salutation#92, c_first_name#93, c_last_name#94, ca_street_number#74, ca_street_name#75, ca_street_type#76, ca_suite_number#77, ca_city#78, ca_county#79, ca_state#80, ca_zip#81, ca_country#82, ca_gmt_offset#83, ca_location_type#84, ctr_total_return#3]
   +- BroadcastHashJoin [c_current_addr_sk#89L], [ca_address_sk#72L], Inner, BuildRight, false
      :- Project [ctr_total_return#3, c_customer_id#86, c_current_addr_sk#89L, c_salutation#92, c_first_name#93, c_last_name#94]
      :  +- SortMergeJoin [ctr_customer_sk#1L], [c_customer_sk#85L], Inner
      :     :- Project [ctr_customer_sk#1L, ctr_total_return#3]
      :     :  +- SortMergeJoin [ctr_state#2], [ctr_state#2#277], Inner, (cast(ctr_total_return#3 as decimal(24,7)) > (CAST(avg(ctr_total_return) AS DECIMAL(21,6)) * CAST(1.2 AS DECIMAL(21,6)))#242)
      :     :     :- Filter isnotnull(ctr_total_return#3)
      :     :     :  +- HashAggregate(keys=[cr_returning_customer_sk#10L, ca_state#67], functions=[sum(UnscaledValue(cr_return_amt_inc_tax#23))], output=[ctr_customer_sk#1L, ctr_state#2, ctr_total_return#3])
      :     :     :     +- HashAggregate(keys=[cr_returning_customer_sk#10L, ca_state#67], functions=[partial_sum(UnscaledValue(cr_return_amt_inc_tax#23))], output=[cr_returning_customer_sk#10L, ca_state#67, sum#281L])
      :     :     :        +- Project [cr_returning_customer_sk#10L, cr_return_amt_inc_tax#23, ca_state#67]
      :     :     :           +- BroadcastHashJoin [cr_returning_addr_sk#13L], [ca_address_sk#59L], Inner, BuildRight, false
      :     :     :              :- Project [cr_returning_customer_sk#10L, cr_returning_addr_sk#13L, cr_return_amt_inc_tax#23]
      :     :     :              :  +- BroadcastHashJoin [cr_returned_date_sk#30L], [d_date_sk#31L], Inner, BuildRight, false
      :     :     :              :     :- Project [cr_returning_customer_sk#10L, cr_returning_addr_sk#13L, cr_return_amt_inc_tax#23, cr_returned_date_sk#30L]
      :     :     :              :     :  +- Filter (isnotnull(cr_returning_addr_sk#13L) AND isnotnull(cr_returning_customer_sk#10L))
      :     :     :              :     :     +- FileScan orc tpcds_bin_partitioned_varchar_orc_1000.catalog_returns[cr_returning_customer_sk#10L,cr_returning_addr_sk#13L,cr_return_amt_inc_tax#23,cr_returned_date_sk#30L] Batched: true, DataFilters: [isnotnull(cr_returning_addr_sk#13L), isnotnull(cr_returning_customer_sk#10L)], Format: ORC, Location: InMemoryFileIndex[hdfs://vcloud-10-13:9000/user/hive/warehouse/tpcds_bin_partitioned_varchar_orc_..., PartitionFilters: [isnotnull(cr_returned_date_sk#30L), dynamicpruning#278 [cr_returned_date_sk#30L]], PushedFilters: [IsNotNull(cr_returning_addr_sk), IsNotNull(cr_returning_customer_sk)], ReadSchema: struct<cr_returning_customer_sk:bigint,cr_returning_addr_sk:bigint,cr_return_amt_inc_tax:decimal(...
      :     :     :              :     :           +- Project [d_date_sk#31L]
      :     :     :              :     :              +- Filter ((isnotnull(d_year#37) AND (d_year#37 = 2000)) AND isnotnull(d_date_sk#31L))
      :     :     :              :     :                 +- Relation[d_date_sk#31L,d_date_id#32,d_date#33,d_month_seq#34,d_week_seq#35,d_quarter_seq#36,d_year#37,d_dow#38,d_moy#39,d_dom#40,d_qoy#41,d_fy_year#42,d_fy_quarter_seq#43,d_fy_week_seq#44,d_day_name#45,d_quarter_name#46,d_holiday#47,d_weekend#48,d_following_holiday#49,d_first_dom#50,d_last_dom#51,d_same_day_ly#52,d_same_day_lq#53,d_current_day#54,... 4 more fields] orc
      :     :     :              :     +- Project [d_date_sk#31L]
      :     :     :              :        +- Filter ((isnotnull(d_year#37) AND (d_year#37 = 2000)) AND isnotnull(d_date_sk#31L))
      :     :     :              :           +- FileScan orc tpcds_bin_partitioned_varchar_orc_1000.date_dim[d_date_sk#31L,d_year#37] Batched: true, DataFilters: [isnotnull(d_year#37), (d_year#37 = 2000), isnotnull(d_date_sk#31L)], Format: ORC, Location: InMemoryFileIndex[hdfs://vcloud-10-13:9000/user/hive/warehouse/tpcds_bin_partitioned_varchar_orc_..., PartitionFilters: [], PushedFilters: [IsNotNull(d_year), EqualTo(d_year,2000), IsNotNull(d_date_sk)], ReadSchema: struct<d_date_sk:bigint,d_year:int>
      :     :     :              +- Project [ca_address_sk#59L, ca_state#67]
      :     :     :                 +- Filter (isnotnull(ca_address_sk#59L) AND isnotnull(ca_state#67))
      :     :     :                    +- FileScan orc tpcds_bin_partitioned_varchar_orc_1000.customer_address[ca_address_sk#59L,ca_state#67] Batched: true, DataFilters: [isnotnull(ca_address_sk#59L), isnotnull(ca_state#67)], Format: ORC, Location: InMemoryFileIndex[hdfs://vcloud-10-13:9000/user/hive/warehouse/tpcds_bin_partitioned_varchar_orc_..., PartitionFilters: [], PushedFilters: [IsNotNull(ca_address_sk), IsNotNull(ca_state)], ReadSchema: struct<ca_address_sk:bigint,ca_state:string>
      :     :     +- Filter isnotnull((CAST(avg(ctr_total_return) AS DECIMAL(21,6)) * CAST(1.2 AS DECIMAL(21,6)))#242)
      :     :        +- HashAggregate(keys=[ctr_state#2], functions=[avg(ctr_total_return#3)], output=[(CAST(avg(ctr_total_return) AS DECIMAL(21,6)) * CAST(1.2 AS DECIMAL(21,6)))#242, ctr_state#2#277])
      :     :           +- HashAggregate(keys=[ctr_state#2], functions=[partial_avg(ctr_total_return#3)], output=[ctr_state#2, sum#284, count#285L])
      :     :              +- HashAggregate(keys=[cr_returning_customer_sk#110L, ca_state#167], functions=[sum(UnscaledValue(cr_return_amt_inc_tax#123))], output=[ctr_state#2, ctr_total_return#3])
      :     :                 +- HashAggregate(keys=[cr_returning_customer_sk#110L, ca_state#167], functions=[partial_sum(UnscaledValue(cr_return_amt_inc_tax#123))], output=[cr_returning_customer_sk#110L, ca_state#167, sum#287L])
      :     :                    +- Project [cr_returning_customer_sk#110L, cr_return_amt_inc_tax#123, ca_state#167]
      :     :                       +- BroadcastHashJoin [cr_returning_addr_sk#113L], [ca_address_sk#159L], Inner, BuildRight, false
      :     :                          :- Project [cr_returning_customer_sk#110L, cr_returning_addr_sk#113L, cr_return_amt_inc_tax#123]
      :     :                          :  +- BroadcastHashJoin [cr_returned_date_sk#130L], [d_date_sk#131L], Inner, BuildRight, false
      :     :                          :     :- Project [cr_returning_customer_sk#110L, cr_returning_addr_sk#113L, cr_return_amt_inc_tax#123, cr_returned_date_sk#130L]
      :     :                          :     :  +- Filter isnotnull(cr_returning_addr_sk#113L)
      :     :                          :     :     +- FileScan orc tpcds_bin_partitioned_varchar_orc_1000.catalog_returns[cr_returning_customer_sk#110L,cr_returning_addr_sk#113L,cr_return_amt_inc_tax#123,cr_returned_date_sk#130L] Batched: true, DataFilters: [isnotnull(cr_returning_addr_sk#113L)], Format: ORC, Location: InMemoryFileIndex[hdfs://vcloud-10-13:9000/user/hive/warehouse/tpcds_bin_partitioned_varchar_orc_..., PartitionFilters: [isnotnull(cr_returned_date_sk#130L), dynamicpruning#279 [cr_returned_date_sk#130L]], PushedFilters: [IsNotNull(cr_returning_addr_sk)], ReadSchema: struct<cr_returning_customer_sk:bigint,cr_returning_addr_sk:bigint,cr_return_amt_inc_tax:decimal(...
      :     :                          :     :           +- Project [d_date_sk#131L]
      :     :                          :     :              +- Filter ((isnotnull(d_year#137) AND (d_year#137 = 2000)) AND isnotnull(d_date_sk#131L))
      :     :                          :     :                 +- Relation[d_date_sk#131L,d_date_id#132,d_date#133,d_month_seq#134,d_week_seq#135,d_quarter_seq#136,d_year#137,d_dow#138,d_moy#139,d_dom#140,d_qoy#141,d_fy_year#142,d_fy_quarter_seq#143,d_fy_week_seq#144,d_day_name#145,d_quarter_name#146,d_holiday#147,d_weekend#148,d_following_holiday#149,d_first_dom#150,d_last_dom#151,d_same_day_ly#152,d_same_day_lq#153,d_current_day#154,... 4 more fields] orc
      :     :                          :     +- Project [d_date_sk#131L]
      :     :                          :        +- Filter ((isnotnull(d_year#137) AND (d_year#137 = 2000)) AND isnotnull(d_date_sk#131L))
      :     :                          :           +- FileScan orc tpcds_bin_partitioned_varchar_orc_1000.date_dim[d_date_sk#131L,d_year#137] Batched: true, DataFilters: [isnotnull(d_year#137), (d_year#137 = 2000), isnotnull(d_date_sk#131L)], Format: ORC, Location: InMemoryFileIndex[hdfs://vcloud-10-13:9000/user/hive/warehouse/tpcds_bin_partitioned_varchar_orc_..., PartitionFilters: [], PushedFilters: [IsNotNull(d_year), EqualTo(d_year,2000), IsNotNull(d_date_sk)], ReadSchema: struct<d_date_sk:bigint,d_year:int>
      :     :                          +- Project [ca_address_sk#159L, ca_state#167]
      :     :                             +- Filter (isnotnull(ca_address_sk#159L) AND isnotnull(ca_state#167))
      :     :                                +- FileScan orc tpcds_bin_partitioned_varchar_orc_1000.customer_address[ca_address_sk#159L,ca_state#167] Batched: true, DataFilters: [isnotnull(ca_address_sk#159L), isnotnull(ca_state#167)], Format: ORC, Location: InMemoryFileIndex[hdfs://vcloud-10-13:9000/user/hive/warehouse/tpcds_bin_partitioned_varchar_orc_..., PartitionFilters: [], PushedFilters: [IsNotNull(ca_address_sk), IsNotNull(ca_state)], ReadSchema: struct<ca_address_sk:bigint,ca_state:string>
      :     +- Project [c_customer_sk#85L, c_customer_id#86, c_current_addr_sk#89L, c_salutation#92, c_first_name#93, c_last_name#94]
      :        +- Filter (isnotnull(c_customer_sk#85L) AND isnotnull(c_current_addr_sk#89L))
      :           +- FileScan orc tpcds_bin_partitioned_varchar_orc_1000.customer[c_customer_sk#85L,c_customer_id#86,c_current_addr_sk#89L,c_salutation#92,c_first_name#93,c_last_name#94] Batched: true, DataFilters: [isnotnull(c_customer_sk#85L), isnotnull(c_current_addr_sk#89L)], Format: ORC, Location: InMemoryFileIndex[hdfs://vcloud-10-13:9000/user/hive/warehouse/tpcds_bin_partitioned_varchar_orc_..., PartitionFilters: [], PushedFilters: [IsNotNull(c_customer_sk), IsNotNull(c_current_addr_sk)], ReadSchema: struct<c_customer_sk:bigint,c_customer_id:string,c_current_addr_sk:bigint,c_salutation:string,c_f...
      +- Project [ca_address_sk#72L, ca_street_number#74, ca_street_name#75, ca_street_type#76, ca_suite_number#77, ca_city#78, ca_county#79, ca_state#80, ca_zip#81, ca_country#82, ca_gmt_offset#83, ca_location_type#84]
         +- Filter ((isnotnull(ca_state#80) AND (ca_state#80 = GA)) AND isnotnull(ca_address_sk#72L))
            +- FileScan orc tpcds_bin_partitioned_varchar_orc_1000.customer_address[ca_address_sk#72L,ca_street_number#74,ca_street_name#75,ca_street_type#76,ca_suite_number#77,ca_city#78,ca_county#79,ca_state#80,ca_zip#81,ca_country#82,ca_gmt_offset#83,ca_location_type#84] Batched: true, DataFilters: [isnotnull(ca_state#80), (ca_state#80 = GA), isnotnull(ca_address_sk#72L)], Format: ORC, Location: InMemoryFileIndex[hdfs://vcloud-10-13:9000/user/hive/warehouse/tpcds_bin_partitioned_varchar_orc_..., PartitionFilters: [], PushedFilters: [IsNotNull(ca_state), EqualTo(ca_state,GA), IsNotNull(ca_address_sk)], ReadSchema: struct<ca_address_sk:bigint,ca_street_number:string,ca_street_name:string,ca_street_type:string,c...
.
Time taken: 25.875 seconds, Fetched 100 row(s)
