24/04/26 16:03:27 WARN Utils: Your hostname, vcloud-10-13 resolves to a loopback address: 127.0.0.1; using 21.21.36.153 instead (on interface eno1)
24/04/26 16:03:27 WARN Utils: Set SPARK_LOCAL_IP if you need to bind to another address
24/04/26 16:03:27 WARN NativeCodeLoader: Unable to load native-hadoop library for your platform... using builtin-java classes where applicable
Setting default log level to "WARN".
To adjust logging level use sc.setLogLevel(newLevel). For SparkR, use setLogLevel(newLevel).
24/04/26 16:03:29 WARN Client: Neither spark.yarn.jars nor spark.yarn.archive is set, falling back to uploading libraries under SPARK_HOME.
Spark master: yarn, Application Id: application_1714105099579_0165
24/04/26 16:03:47 WARN SessionState: METASTORE_FILTER_HOOK will be ignored, since hive.security.authorization.manager is set to instance of HiveAuthorizerFactory.
24/04/26 16:03:52 WARN package: Truncated the string representation of a plan since it was too large. This behavior can be adjusted by setting 'spark.sql.debug.maxToStringFields'.
24/04/26 16:03:52 WARN InsertAdaptiveSparkPlan: spark.sql.adaptive.enabled is enabled but is not supported for query: TakeOrderedAndProject(limit=100, orderBy=[CheckOverflow((promote_precision(cast(sum_sales#0 as decimal(22,6))) - promote_precision(cast(avg_monthly_sales#1 as decimal(22,6)))), DecimalType(22,6), true) ASC NULLS FIRST,cc_name#101 ASC NULLS FIRST], output=[i_category#23,i_brand#19,cc_name#101,d_year#73,d_moy#75,avg_monthly_sales#1,sum_sales#0,psum#3,nsum#4])
+- Project [i_category#23, i_brand#19, cc_name#101, d_year#73, d_moy#75, avg_monthly_sales#1, sum_sales#0, sum_sales#418 AS psum#3, sum_sales#446 AS nsum#4]
   +- SortMergeJoin [i_category#23, i_brand#19, cc_name#101, rn#2], [i_category#253, i_brand#249, cc_name#331, (rn#420 - 1)], Inner
      :- Project [i_category#23, i_brand#19, cc_name#101, d_year#73, d_moy#75, sum_sales#0, avg_monthly_sales#1, rn#2, sum_sales#418]
      :  +- SortMergeJoin [i_category#23, i_brand#19, cc_name#101, rn#2], [i_category#138, i_brand#134, cc_name#216, (rn#392 + 1)], Inner
      :     :- Filter (((((isnotnull(d_year#73) AND isnotnull(avg_monthly_sales#1)) AND (d_year#73 = 1999)) AND (avg_monthly_sales#1 > 0.000000)) AND (CASE WHEN (avg_monthly_sales#1 > 0.000000) THEN CheckOverflow((promote_precision(abs(CheckOverflow((promote_precision(cast(sum_sales#0 as decimal(22,6))) - promote_precision(cast(avg_monthly_sales#1 as decimal(22,6)))), DecimalType(22,6), true))) / promote_precision(cast(avg_monthly_sales#1 as decimal(22,6)))), DecimalType(38,16), true) ELSE null END > 0.1000000000000000)) AND isnotnull(rn#2))
      :     :  +- Window [rank(d_year#73, d_moy#75) windowspecdefinition(i_category#23, i_brand#19, cc_name#101, d_year#73 ASC NULLS FIRST, d_moy#75 ASC NULLS FIRST, specifiedwindowframe(RowFrame, unboundedpreceding$(), currentrow$())) AS rn#2], [i_category#23, i_brand#19, cc_name#101], [d_year#73 ASC NULLS FIRST, d_moy#75 ASC NULLS FIRST]
      :     :     +- Project [i_category#23, i_brand#19, cc_name#101, d_year#73, d_moy#75, sum_sales#0, avg_monthly_sales#1]
      :     :        +- Window [avg(_w0#389) windowspecdefinition(i_category#23, i_brand#19, cc_name#101, d_year#73, specifiedwindowframe(RowFrame, unboundedpreceding$(), unboundedfollowing$())) AS avg_monthly_sales#1], [i_category#23, i_brand#19, cc_name#101, d_year#73]
      :     :           +- HashAggregate(keys=[i_category#23, i_brand#19, cc_name#101, d_year#73, d_moy#75], functions=[sum(UnscaledValue(cs_sales_price#53))], output=[i_category#23, i_brand#19, cc_name#101, d_year#73, d_moy#75, sum_sales#0, _w0#389])
      :     :              +- HashAggregate(keys=[i_category#23, i_brand#19, cc_name#101, d_year#73, d_moy#75], functions=[partial_sum(UnscaledValue(cs_sales_price#53))], output=[i_category#23, i_brand#19, cc_name#101, d_year#73, d_moy#75, sum#648L])
      :     :                 +- Project [i_brand#19, i_category#23, cs_sales_price#53, d_year#73, d_moy#75, cc_name#101]
      :     :                    +- BroadcastHashJoin [cs_call_center_sk#43L], [cc_call_center_sk#95L], Inner, BuildRight, false
      :     :                       :- Project [i_brand#19, i_category#23, cs_call_center_sk#43L, cs_sales_price#53, d_year#73, d_moy#75]
      :     :                       :  +- BroadcastHashJoin [cs_sold_date_sk#66L], [d_date_sk#67L], Inner, BuildRight, false
      :     :                       :     :- Project [i_brand#19, i_category#23, cs_call_center_sk#43L, cs_sales_price#53, cs_sold_date_sk#66L]
      :     :                       :     :  +- BroadcastHashJoin [i_item_sk#11L], [cs_item_sk#47L], Inner, BuildLeft, false
      :     :                       :     :     :- Project [i_item_sk#11L, i_brand#19, i_category#23]
      :     :                       :     :     :  +- Filter ((isnotnull(i_item_sk#11L) AND isnotnull(i_category#23)) AND isnotnull(i_brand#19))
      :     :                       :     :     :     +- FileScan orc tpcds_bin_partitioned_varchar_orc_1000.item[i_item_sk#11L,i_brand#19,i_category#23] Batched: true, DataFilters: [isnotnull(i_item_sk#11L), isnotnull(i_category#23), isnotnull(i_brand#19)], Format: ORC, Location: InMemoryFileIndex[hdfs://vcloud-10-13:9000/user/hive/warehouse/tpcds_bin_partitioned_varchar_orc_..., PartitionFilters: [], PushedFilters: [IsNotNull(i_item_sk), IsNotNull(i_category), IsNotNull(i_brand)], ReadSchema: struct<i_item_sk:bigint,i_brand:string,i_category:string>
      :     :                       :     :     +- Project [cs_call_center_sk#43L, cs_item_sk#47L, cs_sales_price#53, cs_sold_date_sk#66L]
      :     :                       :     :        +- Filter (isnotnull(cs_item_sk#47L) AND isnotnull(cs_call_center_sk#43L))
      :     :                       :     :           +- FileScan orc tpcds_bin_partitioned_varchar_orc_1000.catalog_sales[cs_call_center_sk#43L,cs_item_sk#47L,cs_sales_price#53,cs_sold_date_sk#66L] Batched: true, DataFilters: [isnotnull(cs_item_sk#47L), isnotnull(cs_call_center_sk#43L)], Format: ORC, Location: InMemoryFileIndex[hdfs://vcloud-10-13:9000/user/hive/warehouse/tpcds_bin_partitioned_varchar_orc_..., PartitionFilters: [isnotnull(cs_sold_date_sk#66L), dynamicpruning#644 [cs_sold_date_sk#66L]], PushedFilters: [IsNotNull(cs_item_sk), IsNotNull(cs_call_center_sk)], ReadSchema: struct<cs_call_center_sk:bigint,cs_item_sk:bigint,cs_sales_price:decimal(7,2)>
      :     :                       :     :                 +- Project [d_date_sk#67L, d_year#73, d_moy#75]
      :     :                       :     :                    +- Filter ((((d_year#73 = 1999) OR ((d_year#73 = 1998) AND (d_moy#75 = 12))) OR ((d_year#73 = 2000) AND (d_moy#75 = 1))) AND isnotnull(d_date_sk#67L))
      :     :                       :     :                       +- Relation[d_date_sk#67L,d_date_id#68,d_date#69,d_month_seq#70,d_week_seq#71,d_quarter_seq#72,d_year#73,d_dow#74,d_moy#75,d_dom#76,d_qoy#77,d_fy_year#78,d_fy_quarter_seq#79,d_fy_week_seq#80,d_day_name#81,d_quarter_name#82,d_holiday#83,d_weekend#84,d_following_holiday#85,d_first_dom#86,d_last_dom#87,d_same_day_ly#88,d_same_day_lq#89,d_current_day#90,... 4 more fields] orc
      :     :                       :     +- Project [d_date_sk#67L, d_year#73, d_moy#75]
      :     :                       :        +- Filter ((((d_year#73 = 1999) OR ((d_year#73 = 1998) AND (d_moy#75 = 12))) OR ((d_year#73 = 2000) AND (d_moy#75 = 1))) AND isnotnull(d_date_sk#67L))
      :     :                       :           +- FileScan orc tpcds_bin_partitioned_varchar_orc_1000.date_dim[d_date_sk#67L,d_year#73,d_moy#75] Batched: true, DataFilters: [(((d_year#73 = 1999) OR ((d_year#73 = 1998) AND (d_moy#75 = 12))) OR ((d_year#73 = 2000) AND (d_..., Format: ORC, Location: InMemoryFileIndex[hdfs://vcloud-10-13:9000/user/hive/warehouse/tpcds_bin_partitioned_varchar_orc_..., PartitionFilters: [], PushedFilters: [Or(Or(EqualTo(d_year,1999),And(EqualTo(d_year,1998),EqualTo(d_moy,12))),And(EqualTo(d_year,2000)..., ReadSchema: struct<d_date_sk:bigint,d_year:int,d_moy:int>
      :     :                       +- Project [cc_call_center_sk#95L, cc_name#101]
      :     :                          +- Filter (isnotnull(cc_call_center_sk#95L) AND isnotnull(cc_name#101))
      :     :                             +- FileScan orc tpcds_bin_partitioned_varchar_orc_1000.call_center[cc_call_center_sk#95L,cc_name#101] Batched: true, DataFilters: [isnotnull(cc_call_center_sk#95L), isnotnull(cc_name#101)], Format: ORC, Location: InMemoryFileIndex[hdfs://vcloud-10-13:9000/user/hive/warehouse/tpcds_bin_partitioned_varchar_orc_..., PartitionFilters: [], PushedFilters: [IsNotNull(cc_call_center_sk), IsNotNull(cc_name)], ReadSchema: struct<cc_call_center_sk:bigint,cc_name:string>
      :     +- Project [i_category#138, i_brand#134, cc_name#216, sum_sales#418, rn#392]
      :        +- Filter isnotnull(rn#392)
      :           +- Window [rank(d_year#188, d_moy#190) windowspecdefinition(i_category#138, i_brand#134, cc_name#216, d_year#188 ASC NULLS FIRST, d_moy#190 ASC NULLS FIRST, specifiedwindowframe(RowFrame, unboundedpreceding$(), currentrow$())) AS rn#392], [i_category#138, i_brand#134, cc_name#216], [d_year#188 ASC NULLS FIRST, d_moy#190 ASC NULLS FIRST]
      :              +- HashAggregate(keys=[i_category#138, i_brand#134, cc_name#216, d_year#188, d_moy#190], functions=[sum(UnscaledValue(cs_sales_price#168))], output=[i_category#138, i_brand#134, cc_name#216, d_year#188, d_moy#190, sum_sales#418])
      :                 +- HashAggregate(keys=[i_category#138, i_brand#134, cc_name#216, d_year#188, d_moy#190], functions=[partial_sum(UnscaledValue(cs_sales_price#168))], output=[i_category#138, i_brand#134, cc_name#216, d_year#188, d_moy#190, sum#650L])
      :                    +- Project [i_brand#134, i_category#138, cs_sales_price#168, d_year#188, d_moy#190, cc_name#216]
      :                       +- BroadcastHashJoin [cs_call_center_sk#158L], [cc_call_center_sk#210L], Inner, BuildRight, false
      :                          :- Project [i_brand#134, i_category#138, cs_call_center_sk#158L, cs_sales_price#168, d_year#188, d_moy#190]
      :                          :  +- BroadcastHashJoin [cs_sold_date_sk#181L], [d_date_sk#182L], Inner, BuildRight, false
      :                          :     :- Project [i_brand#134, i_category#138, cs_call_center_sk#158L, cs_sales_price#168, cs_sold_date_sk#181L]
      :                          :     :  +- BroadcastHashJoin [i_item_sk#126L], [cs_item_sk#162L], Inner, BuildLeft, false
      :                          :     :     :- Project [i_item_sk#126L, i_brand#134, i_category#138]
      :                          :     :     :  +- Filter ((isnotnull(i_item_sk#126L) AND isnotnull(i_category#138)) AND isnotnull(i_brand#134))
      :                          :     :     :     +- FileScan orc tpcds_bin_partitioned_varchar_orc_1000.item[i_item_sk#126L,i_brand#134,i_category#138] Batched: true, DataFilters: [isnotnull(i_item_sk#126L), isnotnull(i_category#138), isnotnull(i_brand#134)], Format: ORC, Location: InMemoryFileIndex[hdfs://vcloud-10-13:9000/user/hive/warehouse/tpcds_bin_partitioned_varchar_orc_..., PartitionFilters: [], PushedFilters: [IsNotNull(i_item_sk), IsNotNull(i_category), IsNotNull(i_brand)], ReadSchema: struct<i_item_sk:bigint,i_brand:string,i_category:string>
      :                          :     :     +- Project [cs_call_center_sk#158L, cs_item_sk#162L, cs_sales_price#168, cs_sold_date_sk#181L]
      :                          :     :        +- Filter (isnotnull(cs_item_sk#162L) AND isnotnull(cs_call_center_sk#158L))
      :                          :     :           +- FileScan orc tpcds_bin_partitioned_varchar_orc_1000.catalog_sales[cs_call_center_sk#158L,cs_item_sk#162L,cs_sales_price#168,cs_sold_date_sk#181L] Batched: true, DataFilters: [isnotnull(cs_item_sk#162L), isnotnull(cs_call_center_sk#158L)], Format: ORC, Location: InMemoryFileIndex[hdfs://vcloud-10-13:9000/user/hive/warehouse/tpcds_bin_partitioned_varchar_orc_..., PartitionFilters: [isnotnull(cs_sold_date_sk#181L), dynamicpruning#645 [cs_sold_date_sk#181L]], PushedFilters: [IsNotNull(cs_item_sk), IsNotNull(cs_call_center_sk)], ReadSchema: struct<cs_call_center_sk:bigint,cs_item_sk:bigint,cs_sales_price:decimal(7,2)>
      :                          :     :                 +- Project [d_date_sk#182L, d_year#188, d_moy#190]
      :                          :     :                    +- Filter ((((d_year#188 = 1999) OR ((d_year#188 = 1998) AND (d_moy#190 = 12))) OR ((d_year#188 = 2000) AND (d_moy#190 = 1))) AND isnotnull(d_date_sk#182L))
      :                          :     :                       +- Relation[d_date_sk#182L,d_date_id#183,d_date#184,d_month_seq#185,d_week_seq#186,d_quarter_seq#187,d_year#188,d_dow#189,d_moy#190,d_dom#191,d_qoy#192,d_fy_year#193,d_fy_quarter_seq#194,d_fy_week_seq#195,d_day_name#196,d_quarter_name#197,d_holiday#198,d_weekend#199,d_following_holiday#200,d_first_dom#201,d_last_dom#202,d_same_day_ly#203,d_same_day_lq#204,d_current_day#205,... 4 more fields] orc
      :                          :     +- Project [d_date_sk#182L, d_year#188, d_moy#190]
      :                          :        +- Filter ((((d_year#188 = 1999) OR ((d_year#188 = 1998) AND (d_moy#190 = 12))) OR ((d_year#188 = 2000) AND (d_moy#190 = 1))) AND isnotnull(d_date_sk#182L))
      :                          :           +- FileScan orc tpcds_bin_partitioned_varchar_orc_1000.date_dim[d_date_sk#182L,d_year#188,d_moy#190] Batched: true, DataFilters: [(((d_year#188 = 1999) OR ((d_year#188 = 1998) AND (d_moy#190 = 12))) OR ((d_year#188 = 2000) AND..., Format: ORC, Location: InMemoryFileIndex[hdfs://vcloud-10-13:9000/user/hive/warehouse/tpcds_bin_partitioned_varchar_orc_..., PartitionFilters: [], PushedFilters: [Or(Or(EqualTo(d_year,1999),And(EqualTo(d_year,1998),EqualTo(d_moy,12))),And(EqualTo(d_year,2000)..., ReadSchema: struct<d_date_sk:bigint,d_year:int,d_moy:int>
      :                          +- Project [cc_call_center_sk#210L, cc_name#216]
      :                             +- Filter (isnotnull(cc_call_center_sk#210L) AND isnotnull(cc_name#216))
      :                                +- FileScan orc tpcds_bin_partitioned_varchar_orc_1000.call_center[cc_call_center_sk#210L,cc_name#216] Batched: true, DataFilters: [isnotnull(cc_call_center_sk#210L), isnotnull(cc_name#216)], Format: ORC, Location: InMemoryFileIndex[hdfs://vcloud-10-13:9000/user/hive/warehouse/tpcds_bin_partitioned_varchar_orc_..., PartitionFilters: [], PushedFilters: [IsNotNull(cc_call_center_sk), IsNotNull(cc_name)], ReadSchema: struct<cc_call_center_sk:bigint,cc_name:string>
      +- Project [i_category#253, i_brand#249, cc_name#331, sum_sales#446, rn#420]
         +- Filter isnotnull(rn#420)
            +- Window [rank(d_year#303, d_moy#305) windowspecdefinition(i_category#253, i_brand#249, cc_name#331, d_year#303 ASC NULLS FIRST, d_moy#305 ASC NULLS FIRST, specifiedwindowframe(RowFrame, unboundedpreceding$(), currentrow$())) AS rn#420], [i_category#253, i_brand#249, cc_name#331], [d_year#303 ASC NULLS FIRST, d_moy#305 ASC NULLS FIRST]
               +- HashAggregate(keys=[i_category#253, i_brand#249, cc_name#331, d_year#303, d_moy#305], functions=[sum(UnscaledValue(cs_sales_price#283))], output=[i_category#253, i_brand#249, cc_name#331, d_year#303, d_moy#305, sum_sales#446])
                  +- HashAggregate(keys=[i_category#253, i_brand#249, cc_name#331, d_year#303, d_moy#305], functions=[partial_sum(UnscaledValue(cs_sales_price#283))], output=[i_category#253, i_brand#249, cc_name#331, d_year#303, d_moy#305, sum#652L])
                     +- Project [i_brand#249, i_category#253, cs_sales_price#283, d_year#303, d_moy#305, cc_name#331]
                        +- BroadcastHashJoin [cs_call_center_sk#273L], [cc_call_center_sk#325L], Inner, BuildRight, false
                           :- Project [i_brand#249, i_category#253, cs_call_center_sk#273L, cs_sales_price#283, d_year#303, d_moy#305]
                           :  +- BroadcastHashJoin [cs_sold_date_sk#296L], [d_date_sk#297L], Inner, BuildRight, false
                           :     :- Project [i_brand#249, i_category#253, cs_call_center_sk#273L, cs_sales_price#283, cs_sold_date_sk#296L]
                           :     :  +- BroadcastHashJoin [i_item_sk#241L], [cs_item_sk#277L], Inner, BuildLeft, false
                           :     :     :- Project [i_item_sk#241L, i_brand#249, i_category#253]
                           :     :     :  +- Filter ((isnotnull(i_item_sk#241L) AND isnotnull(i_category#253)) AND isnotnull(i_brand#249))
                           :     :     :     +- FileScan orc tpcds_bin_partitioned_varchar_orc_1000.item[i_item_sk#241L,i_brand#249,i_category#253] Batched: true, DataFilters: [isnotnull(i_item_sk#241L), isnotnull(i_category#253), isnotnull(i_brand#249)], Format: ORC, Location: InMemoryFileIndex[hdfs://vcloud-10-13:9000/user/hive/warehouse/tpcds_bin_partitioned_varchar_orc_..., PartitionFilters: [], PushedFilters: [IsNotNull(i_item_sk), IsNotNull(i_category), IsNotNull(i_brand)], ReadSchema: struct<i_item_sk:bigint,i_brand:string,i_category:string>
                           :     :     +- Project [cs_call_center_sk#273L, cs_item_sk#277L, cs_sales_price#283, cs_sold_date_sk#296L]
                           :     :        +- Filter (isnotnull(cs_item_sk#277L) AND isnotnull(cs_call_center_sk#273L))
                           :     :           +- FileScan orc tpcds_bin_partitioned_varchar_orc_1000.catalog_sales[cs_call_center_sk#273L,cs_item_sk#277L,cs_sales_price#283,cs_sold_date_sk#296L] Batched: true, DataFilters: [isnotnull(cs_item_sk#277L), isnotnull(cs_call_center_sk#273L)], Format: ORC, Location: InMemoryFileIndex[hdfs://vcloud-10-13:9000/user/hive/warehouse/tpcds_bin_partitioned_varchar_orc_..., PartitionFilters: [isnotnull(cs_sold_date_sk#296L), dynamicpruning#646 [cs_sold_date_sk#296L]], PushedFilters: [IsNotNull(cs_item_sk), IsNotNull(cs_call_center_sk)], ReadSchema: struct<cs_call_center_sk:bigint,cs_item_sk:bigint,cs_sales_price:decimal(7,2)>
                           :     :                 +- Project [d_date_sk#297L, d_year#303, d_moy#305]
                           :     :                    +- Filter ((((d_year#303 = 1999) OR ((d_year#303 = 1998) AND (d_moy#305 = 12))) OR ((d_year#303 = 2000) AND (d_moy#305 = 1))) AND isnotnull(d_date_sk#297L))
                           :     :                       +- Relation[d_date_sk#297L,d_date_id#298,d_date#299,d_month_seq#300,d_week_seq#301,d_quarter_seq#302,d_year#303,d_dow#304,d_moy#305,d_dom#306,d_qoy#307,d_fy_year#308,d_fy_quarter_seq#309,d_fy_week_seq#310,d_day_name#311,d_quarter_name#312,d_holiday#313,d_weekend#314,d_following_holiday#315,d_first_dom#316,d_last_dom#317,d_same_day_ly#318,d_same_day_lq#319,d_current_day#320,... 4 more fields] orc
                           :     +- Project [d_date_sk#297L, d_year#303, d_moy#305]
                           :        +- Filter ((((d_year#303 = 1999) OR ((d_year#303 = 1998) AND (d_moy#305 = 12))) OR ((d_year#303 = 2000) AND (d_moy#305 = 1))) AND isnotnull(d_date_sk#297L))
                           :           +- FileScan orc tpcds_bin_partitioned_varchar_orc_1000.date_dim[d_date_sk#297L,d_year#303,d_moy#305] Batched: true, DataFilters: [(((d_year#303 = 1999) OR ((d_year#303 = 1998) AND (d_moy#305 = 12))) OR ((d_year#303 = 2000) AND..., Format: ORC, Location: InMemoryFileIndex[hdfs://vcloud-10-13:9000/user/hive/warehouse/tpcds_bin_partitioned_varchar_orc_..., PartitionFilters: [], PushedFilters: [Or(Or(EqualTo(d_year,1999),And(EqualTo(d_year,1998),EqualTo(d_moy,12))),And(EqualTo(d_year,2000)..., ReadSchema: struct<d_date_sk:bigint,d_year:int,d_moy:int>
                           +- Project [cc_call_center_sk#325L, cc_name#331]
                              +- Filter (isnotnull(cc_call_center_sk#325L) AND isnotnull(cc_name#331))
                                 +- FileScan orc tpcds_bin_partitioned_varchar_orc_1000.call_center[cc_call_center_sk#325L,cc_name#331] Batched: true, DataFilters: [isnotnull(cc_call_center_sk#325L), isnotnull(cc_name#331)], Format: ORC, Location: InMemoryFileIndex[hdfs://vcloud-10-13:9000/user/hive/warehouse/tpcds_bin_partitioned_varchar_orc_..., PartitionFilters: [], PushedFilters: [IsNotNull(cc_call_center_sk), IsNotNull(cc_name)], ReadSchema: struct<cc_call_center_sk:bigint,cc_name:string>
.
Time taken: 36.867 seconds, Fetched 100 row(s)
