24/04/26 15:36:00 WARN Utils: Your hostname, vcloud-10-13 resolves to a loopback address: 127.0.0.1; using 21.21.36.153 instead (on interface eno1)
24/04/26 15:36:00 WARN Utils: Set SPARK_LOCAL_IP if you need to bind to another address
24/04/26 15:36:01 WARN NativeCodeLoader: Unable to load native-hadoop library for your platform... using builtin-java classes where applicable
Setting default log level to "WARN".
To adjust logging level use sc.setLogLevel(newLevel). For SparkR, use setLogLevel(newLevel).
24/04/26 15:36:03 WARN Client: Neither spark.yarn.jars nor spark.yarn.archive is set, falling back to uploading libraries under SPARK_HOME.
Spark master: yarn, Application Id: application_1714105099579_0133
24/04/26 15:36:20 WARN SessionState: METASTORE_FILTER_HOOK will be ignored, since hive.security.authorization.manager is set to instance of HiveAuthorizerFactory.
24/04/26 15:36:25 WARN package: Truncated the string representation of a plan since it was too large. This behavior can be adjusted by setting 'spark.sql.debug.maxToStringFields'.
24/04/26 15:36:25 WARN InsertAdaptiveSparkPlan: spark.sql.adaptive.enabled is enabled but is not supported for query: TakeOrderedAndProject(limit=100, orderBy=[i_item_id#76 ASC NULLS FIRST], output=[i_item_id#76,agg1#0,agg2#1,agg3#2,agg4#3])
+- HashAggregate(keys=[i_item_id#76], functions=[avg(cast(cs_quantity#21 as bigint)), avg(UnscaledValue(cs_list_price#23)), avg(UnscaledValue(cs_coupon_amt#30)), avg(UnscaledValue(cs_sales_price#24))], output=[i_item_id#76, agg1#0, agg2#1, agg3#2, agg4#3])
   +- HashAggregate(keys=[i_item_id#76], functions=[partial_avg(cast(cs_quantity#21 as bigint)), partial_avg(UnscaledValue(cs_list_price#23)), partial_avg(UnscaledValue(cs_coupon_amt#30)), partial_avg(UnscaledValue(cs_sales_price#24))], output=[i_item_id#76, sum#247, count#248L, sum#249, count#250L, sum#251, count#252L, sum#253, count#254L])
      +- Project [cs_quantity#21, cs_list_price#23, cs_sales_price#24, cs_coupon_amt#30, i_item_id#76]
         +- BroadcastHashJoin [cs_promo_sk#19L], [p_promo_sk#97L], Inner, BuildRight, false
            :- Project [cs_promo_sk#19L, cs_quantity#21, cs_list_price#23, cs_sales_price#24, cs_coupon_amt#30, i_item_id#76]
            :  +- BroadcastHashJoin [cs_item_sk#18L], [i_item_sk#75L], Inner, BuildRight, false
            :     :- Project [cs_item_sk#18L, cs_promo_sk#19L, cs_quantity#21, cs_list_price#23, cs_sales_price#24, cs_coupon_amt#30]
            :     :  +- BroadcastHashJoin [cs_sold_date_sk#37L], [d_date_sk#47L], Inner, BuildRight, false
            :     :     :- Project [cs_item_sk#18L, cs_promo_sk#19L, cs_quantity#21, cs_list_price#23, cs_sales_price#24, cs_coupon_amt#30, cs_sold_date_sk#37L]
            :     :     :  +- BroadcastHashJoin [cs_bill_cdemo_sk#7L], [cd_demo_sk#38L], Inner, BuildRight, false
            :     :     :     :- Project [cs_bill_cdemo_sk#7L, cs_item_sk#18L, cs_promo_sk#19L, cs_quantity#21, cs_list_price#23, cs_sales_price#24, cs_coupon_amt#30, cs_sold_date_sk#37L]
            :     :     :     :  +- Filter ((isnotnull(cs_bill_cdemo_sk#7L) AND isnotnull(cs_item_sk#18L)) AND isnotnull(cs_promo_sk#19L))
            :     :     :     :     +- FileScan orc tpcds_bin_partitioned_varchar_orc_1000.catalog_sales[cs_bill_cdemo_sk#7L,cs_item_sk#18L,cs_promo_sk#19L,cs_quantity#21,cs_list_price#23,cs_sales_price#24,cs_coupon_amt#30,cs_sold_date_sk#37L] Batched: true, DataFilters: [isnotnull(cs_bill_cdemo_sk#7L), isnotnull(cs_item_sk#18L), isnotnull(cs_promo_sk#19L)], Format: ORC, Location: InMemoryFileIndex[hdfs://vcloud-10-13:9000/user/hive/warehouse/tpcds_bin_partitioned_varchar_orc_..., PartitionFilters: [isnotnull(cs_sold_date_sk#37L), dynamicpruning#238 [cs_sold_date_sk#37L]], PushedFilters: [IsNotNull(cs_bill_cdemo_sk), IsNotNull(cs_item_sk), IsNotNull(cs_promo_sk)], ReadSchema: struct<cs_bill_cdemo_sk:bigint,cs_item_sk:bigint,cs_promo_sk:bigint,cs_quantity:int,cs_list_price...
            :     :     :     :           +- Project [d_date_sk#47L]
            :     :     :     :              +- Filter ((isnotnull(d_year#53) AND (d_year#53 = 2000)) AND isnotnull(d_date_sk#47L))
            :     :     :     :                 +- Relation[d_date_sk#47L,d_date_id#48,d_date#49,d_month_seq#50,d_week_seq#51,d_quarter_seq#52,d_year#53,d_dow#54,d_moy#55,d_dom#56,d_qoy#57,d_fy_year#58,d_fy_quarter_seq#59,d_fy_week_seq#60,d_day_name#61,d_quarter_name#62,d_holiday#63,d_weekend#64,d_following_holiday#65,d_first_dom#66,d_last_dom#67,d_same_day_ly#68,d_same_day_lq#69,d_current_day#70,... 4 more fields] orc
            :     :     :     +- Project [cd_demo_sk#38L]
            :     :     :        +- Filter ((((((isnotnull(cd_gender#39) AND isnotnull(cd_marital_status#40)) AND isnotnull(cd_education_status#41)) AND (cd_gender#39 = M)) AND (cd_marital_status#40 = S)) AND (cd_education_status#41 = College)) AND isnotnull(cd_demo_sk#38L))
            :     :     :           +- FileScan orc tpcds_bin_partitioned_varchar_orc_1000.customer_demographics[cd_demo_sk#38L,cd_gender#39,cd_marital_status#40,cd_education_status#41] Batched: true, DataFilters: [isnotnull(cd_gender#39), isnotnull(cd_marital_status#40), isnotnull(cd_education_status#41), (cd..., Format: ORC, Location: InMemoryFileIndex[hdfs://vcloud-10-13:9000/user/hive/warehouse/tpcds_bin_partitioned_varchar_orc_..., PartitionFilters: [], PushedFilters: [IsNotNull(cd_gender), IsNotNull(cd_marital_status), IsNotNull(cd_education_status), EqualTo(cd_g..., ReadSchema: struct<cd_demo_sk:bigint,cd_gender:string,cd_marital_status:string,cd_education_status:string>
            :     :     +- Project [d_date_sk#47L]
            :     :        +- Filter ((isnotnull(d_year#53) AND (d_year#53 = 2000)) AND isnotnull(d_date_sk#47L))
            :     :           +- FileScan orc tpcds_bin_partitioned_varchar_orc_1000.date_dim[d_date_sk#47L,d_year#53] Batched: true, DataFilters: [isnotnull(d_year#53), (d_year#53 = 2000), isnotnull(d_date_sk#47L)], Format: ORC, Location: InMemoryFileIndex[hdfs://vcloud-10-13:9000/user/hive/warehouse/tpcds_bin_partitioned_varchar_orc_..., PartitionFilters: [], PushedFilters: [IsNotNull(d_year), EqualTo(d_year,2000), IsNotNull(d_date_sk)], ReadSchema: struct<d_date_sk:bigint,d_year:int>
            :     +- Project [i_item_sk#75L, i_item_id#76]
            :        +- Filter isnotnull(i_item_sk#75L)
            :           +- FileScan orc tpcds_bin_partitioned_varchar_orc_1000.item[i_item_sk#75L,i_item_id#76] Batched: true, DataFilters: [isnotnull(i_item_sk#75L)], Format: ORC, Location: InMemoryFileIndex[hdfs://vcloud-10-13:9000/user/hive/warehouse/tpcds_bin_partitioned_varchar_orc_..., PartitionFilters: [], PushedFilters: [IsNotNull(i_item_sk)], ReadSchema: struct<i_item_sk:bigint,i_item_id:string>
            +- Project [p_promo_sk#97L]
               +- Filter (((p_channel_email#106 = N) OR (p_channel_event#111 = N)) AND isnotnull(p_promo_sk#97L))
                  +- FileScan orc tpcds_bin_partitioned_varchar_orc_1000.promotion[p_promo_sk#97L,p_channel_email#106,p_channel_event#111] Batched: true, DataFilters: [((p_channel_email#106 = N) OR (p_channel_event#111 = N)), isnotnull(p_promo_sk#97L)], Format: ORC, Location: InMemoryFileIndex[hdfs://vcloud-10-13:9000/user/hive/warehouse/tpcds_bin_partitioned_varchar_orc_..., PartitionFilters: [], PushedFilters: [Or(EqualTo(p_channel_email,N),EqualTo(p_channel_event,N)), IsNotNull(p_promo_sk)], ReadSchema: struct<p_promo_sk:bigint,p_channel_email:string,p_channel_event:string>
.
Time taken: 18.157 seconds, Fetched 100 row(s)
